Namespace(model='deit_small', dataset='dataset/imagenet/', calib_batchsize=32, val_batchsize=200, num_workers=8, device='cuda', print_freq=100, seed=0, w_bits=4, a_bits=4, log_quant_scheme='BitLog2_Single_16')
Building dataloader ...
Building model ...
Performing initial quantization ...
self.delta: 21293.0
16 tensor([-100000,       0,      10,      20,      30,      40,      50,      60,
             70,      80,      90,     100,     110,     120,     130,     140],
       device='cuda:0', dtype=torch.int32)
16 tensor([0.0000e+00, 1.0000e+00, 2.0000e+00, 4.0000e+00, 8.0000e+00, 1.6000e+01,
        3.2000e+01, 6.4000e+01, 1.2800e+02, 2.5600e+02, 5.1200e+02, 1.0240e+03,
        2.0480e+03, 4.0960e+03, 8.1920e+03, 1.6384e+04], device='cuda:0')
16 tensor([0.0000e+00, 4.6964e-05, 9.3928e-05, 1.8786e-04, 3.7571e-04, 7.5142e-04,
        1.5028e-03, 3.0057e-03, 6.0114e-03, 1.2023e-02, 2.4045e-02, 4.8091e-02,
        9.6182e-02, 1.9236e-01, 3.8473e-01, 7.6945e-01], device='cuda:0')
self.delta: 21528.0
16 tensor([-100000,       0,      10,      20,      30,      40,      50,      60,
             70,      80,      90,     100,     110,     120,     130,     140],
       device='cuda:0', dtype=torch.int32)
16 tensor([0.0000e+00, 1.0000e+00, 2.0000e+00, 4.0000e+00, 8.0000e+00, 1.6000e+01,
        3.2000e+01, 6.4000e+01, 1.2800e+02, 2.5600e+02, 5.1200e+02, 1.0240e+03,
        2.0480e+03, 4.0960e+03, 8.1920e+03, 1.6384e+04], device='cuda:0')
16 tensor([0.0000e+00, 4.6451e-05, 9.2902e-05, 1.8580e-04, 3.7161e-04, 7.4322e-04,
        1.4864e-03, 2.9729e-03, 5.9457e-03, 1.1891e-02, 2.3783e-02, 4.7566e-02,
        9.5132e-02, 1.9026e-01, 3.8053e-01, 7.6106e-01], device='cuda:0')
self.delta: 24469.0
16 tensor([-100000,       0,      10,      20,      30,      40,      50,      60,
             70,      80,      90,     100,     110,     120,     130,     140],
       device='cuda:0', dtype=torch.int32)
16 tensor([0.0000e+00, 1.0000e+00, 2.0000e+00, 4.0000e+00, 8.0000e+00, 1.6000e+01,
        3.2000e+01, 6.4000e+01, 1.2800e+02, 2.5600e+02, 5.1200e+02, 1.0240e+03,
        2.0480e+03, 4.0960e+03, 8.1920e+03, 1.6384e+04], device='cuda:0')
16 tensor([0.0000e+00, 4.0868e-05, 8.1736e-05, 1.6347e-04, 3.2694e-04, 6.5389e-04,
        1.3078e-03, 2.6156e-03, 5.2311e-03, 1.0462e-02, 2.0924e-02, 4.1849e-02,
        8.3698e-02, 1.6740e-01, 3.3479e-01, 6.6958e-01], device='cuda:0')
self.delta: 24590.0
16 tensor([-100000,       0,      10,      20,      30,      40,      50,      60,
             70,      80,      90,     100,     110,     120,     130,     140],
       device='cuda:0', dtype=torch.int32)
16 tensor([0.0000e+00, 1.0000e+00, 2.0000e+00, 4.0000e+00, 8.0000e+00, 1.6000e+01,
        3.2000e+01, 6.4000e+01, 1.2800e+02, 2.5600e+02, 5.1200e+02, 1.0240e+03,
        2.0480e+03, 4.0960e+03, 8.1920e+03, 1.6384e+04], device='cuda:0')
16 tensor([0.0000e+00, 4.0667e-05, 8.1334e-05, 1.6267e-04, 3.2534e-04, 6.5067e-04,
        1.3013e-03, 2.6027e-03, 5.2054e-03, 1.0411e-02, 2.0821e-02, 4.1643e-02,
        8.3286e-02, 1.6657e-01, 3.3314e-01, 6.6629e-01], device='cuda:0')
self.delta: 24424.0
16 tensor([-100000,       0,      10,      20,      30,      40,      50,      60,
             70,      80,      90,     100,     110,     120,     130,     140],
       device='cuda:0', dtype=torch.int32)
16 tensor([0.0000e+00, 1.0000e+00, 2.0000e+00, 4.0000e+00, 8.0000e+00, 1.6000e+01,
        3.2000e+01, 6.4000e+01, 1.2800e+02, 2.5600e+02, 5.1200e+02, 1.0240e+03,
        2.0480e+03, 4.0960e+03, 8.1920e+03, 1.6384e+04], device='cuda:0')
16 tensor([0.0000e+00, 4.0943e-05, 8.1887e-05, 1.6377e-04, 3.2755e-04, 6.5509e-04,
        1.3102e-03, 2.6204e-03, 5.2407e-03, 1.0481e-02, 2.0963e-02, 4.1926e-02,
        8.3852e-02, 1.6770e-01, 3.3541e-01, 6.7082e-01], device='cuda:0')
self.delta: 24592.0
16 tensor([-100000,       0,      10,      20,      30,      40,      50,      60,
             70,      80,      90,     100,     110,     120,     130,     140],
       device='cuda:0', dtype=torch.int32)
16 tensor([0.0000e+00, 1.0000e+00, 2.0000e+00, 4.0000e+00, 8.0000e+00, 1.6000e+01,
        3.2000e+01, 6.4000e+01, 1.2800e+02, 2.5600e+02, 5.1200e+02, 1.0240e+03,
        2.0480e+03, 4.0960e+03, 8.1920e+03, 1.6384e+04], device='cuda:0')
16 tensor([0.0000e+00, 4.0664e-05, 8.1327e-05, 1.6265e-04, 3.2531e-04, 6.5062e-04,
        1.3012e-03, 2.6025e-03, 5.2049e-03, 1.0410e-02, 2.0820e-02, 4.1640e-02,
        8.3279e-02, 1.6656e-01, 3.3312e-01, 6.6623e-01], device='cuda:0')
self.delta: 24159.0
16 tensor([-100000,       0,      10,      20,      30,      40,      50,      60,
             70,      80,      90,     100,     110,     120,     130,     140],
       device='cuda:0', dtype=torch.int32)
16 tensor([0.0000e+00, 1.0000e+00, 2.0000e+00, 4.0000e+00, 8.0000e+00, 1.6000e+01,
        3.2000e+01, 6.4000e+01, 1.2800e+02, 2.5600e+02, 5.1200e+02, 1.0240e+03,
        2.0480e+03, 4.0960e+03, 8.1920e+03, 1.6384e+04], device='cuda:0')
16 tensor([0.0000e+00, 4.1392e-05, 8.2785e-05, 1.6557e-04, 3.3114e-04, 6.6228e-04,
        1.3246e-03, 2.6491e-03, 5.2982e-03, 1.0596e-02, 2.1193e-02, 4.2386e-02,
        8.4772e-02, 1.6954e-01, 3.3909e-01, 6.7817e-01], device='cuda:0')
self.delta: 24584.0
16 tensor([-100000,       0,      10,      20,      30,      40,      50,      60,
             70,      80,      90,     100,     110,     120,     130,     140],
       device='cuda:0', dtype=torch.int32)
16 tensor([0.0000e+00, 1.0000e+00, 2.0000e+00, 4.0000e+00, 8.0000e+00, 1.6000e+01,
        3.2000e+01, 6.4000e+01, 1.2800e+02, 2.5600e+02, 5.1200e+02, 1.0240e+03,
        2.0480e+03, 4.0960e+03, 8.1920e+03, 1.6384e+04], device='cuda:0')
16 tensor([0.0000e+00, 4.0677e-05, 8.1354e-05, 1.6271e-04, 3.2541e-04, 6.5083e-04,
        1.3017e-03, 2.6033e-03, 5.2066e-03, 1.0413e-02, 2.0827e-02, 4.1653e-02,
        8.3306e-02, 1.6661e-01, 3.3322e-01, 6.6645e-01], device='cuda:0')
self.delta: 24565.0
16 tensor([-100000,       0,      10,      20,      30,      40,      50,      60,
             70,      80,      90,     100,     110,     120,     130,     140],
       device='cuda:0', dtype=torch.int32)
16 tensor([0.0000e+00, 1.0000e+00, 2.0000e+00, 4.0000e+00, 8.0000e+00, 1.6000e+01,
        3.2000e+01, 6.4000e+01, 1.2800e+02, 2.5600e+02, 5.1200e+02, 1.0240e+03,
        2.0480e+03, 4.0960e+03, 8.1920e+03, 1.6384e+04], device='cuda:0')
16 tensor([0.0000e+00, 4.0708e-05, 8.1417e-05, 1.6283e-04, 3.2567e-04, 6.5133e-04,
        1.3027e-03, 2.6053e-03, 5.2107e-03, 1.0421e-02, 2.0843e-02, 4.1685e-02,
        8.3371e-02, 1.6674e-01, 3.3348e-01, 6.6697e-01], device='cuda:0')
self.delta: 24526.0
16 tensor([-100000,       0,      10,      20,      30,      40,      50,      60,
             70,      80,      90,     100,     110,     120,     130,     140],
       device='cuda:0', dtype=torch.int32)
16 tensor([0.0000e+00, 1.0000e+00, 2.0000e+00, 4.0000e+00, 8.0000e+00, 1.6000e+01,
        3.2000e+01, 6.4000e+01, 1.2800e+02, 2.5600e+02, 5.1200e+02, 1.0240e+03,
        2.0480e+03, 4.0960e+03, 8.1920e+03, 1.6384e+04], device='cuda:0')
16 tensor([0.0000e+00, 4.0773e-05, 8.1546e-05, 1.6309e-04, 3.2618e-04, 6.5237e-04,
        1.3047e-03, 2.6095e-03, 5.2190e-03, 1.0438e-02, 2.0876e-02, 4.1752e-02,
        8.3503e-02, 1.6701e-01, 3.3401e-01, 6.6803e-01], device='cuda:0')
self.delta: 24531.0
16 tensor([-100000,       0,      10,      20,      30,      40,      50,      60,
             70,      80,      90,     100,     110,     120,     130,     140],
       device='cuda:0', dtype=torch.int32)
16 tensor([0.0000e+00, 1.0000e+00, 2.0000e+00, 4.0000e+00, 8.0000e+00, 1.6000e+01,
        3.2000e+01, 6.4000e+01, 1.2800e+02, 2.5600e+02, 5.1200e+02, 1.0240e+03,
        2.0480e+03, 4.0960e+03, 8.1920e+03, 1.6384e+04], device='cuda:0')
16 tensor([0.0000e+00, 4.0765e-05, 8.1529e-05, 1.6306e-04, 3.2612e-04, 6.5224e-04,
        1.3045e-03, 2.6089e-03, 5.2179e-03, 1.0436e-02, 2.0872e-02, 4.1743e-02,
        8.3486e-02, 1.6697e-01, 3.3394e-01, 6.6789e-01], device='cuda:0')
self.delta: 24707.0
16 tensor([-100000,       0,      10,      20,      30,      40,      50,      60,
             70,      80,      90,     100,     110,     120,     130,     140],
       device='cuda:0', dtype=torch.int32)
16 tensor([0.0000e+00, 1.0000e+00, 2.0000e+00, 4.0000e+00, 8.0000e+00, 1.6000e+01,
        3.2000e+01, 6.4000e+01, 1.2800e+02, 2.5600e+02, 5.1200e+02, 1.0240e+03,
        2.0480e+03, 4.0960e+03, 8.1920e+03, 1.6384e+04], device='cuda:0')
16 tensor([0.0000e+00, 4.0474e-05, 8.0949e-05, 1.6190e-04, 3.2379e-04, 6.4759e-04,
        1.2952e-03, 2.5904e-03, 5.1807e-03, 1.0361e-02, 2.0723e-02, 4.1446e-02,
        8.2891e-02, 1.6578e-01, 3.3157e-01, 6.6313e-01], device='cuda:0')
Performing scale reparameterization ...
Validating ...
Test: [0/250]	Time 3.370 (3.370)	Loss 0.8233 (0.8233)	Prec@1 79.500 (79.500)	Prec@5 98.500 (98.500)
Test: [100/250]	Time 0.851 (0.876)	Loss 1.8698 (1.1841)	Prec@1 58.500 (74.906)	Prec@5 86.500 (93.040)
Test: [200/250]	Time 0.850 (0.864)	Loss 0.8892 (1.4691)	Prec@1 84.500 (69.590)	Prec@5 96.500 (89.204)
 * Prec@1 68.992 Prec@5 88.844 Time 215.300
