Namespace(model='deit_tiny', dataset='dataset/imagenet/', calib_batchsize=32, val_batchsize=200, num_workers=8, device='cuda', print_freq=100, seed=0, w_bits=4, a_bits=4, log_quant_scheme='BitLog2_Single_16')
Building dataloader ...
Building model ...
Performing initial quantization ...
self.delta: 22323.0
16 tensor([-100000,       0,      10,      20,      30,      40,      50,      60,
             70,      80,      90,     100,     110,     120,     130,     140],
       device='cuda:0', dtype=torch.int32)
16 tensor([0.0000e+00, 1.0000e+00, 2.0000e+00, 4.0000e+00, 8.0000e+00, 1.6000e+01,
        3.2000e+01, 6.4000e+01, 1.2800e+02, 2.5600e+02, 5.1200e+02, 1.0240e+03,
        2.0480e+03, 4.0960e+03, 8.1920e+03, 1.6384e+04], device='cuda:0')
16 tensor([0.0000e+00, 4.4797e-05, 8.9594e-05, 1.7919e-04, 3.5837e-04, 7.1675e-04,
        1.4335e-03, 2.8670e-03, 5.7340e-03, 1.1468e-02, 2.2936e-02, 4.5872e-02,
        9.1744e-02, 1.8349e-01, 3.6698e-01, 7.3395e-01], device='cuda:0')
self.delta: 23576.0
16 tensor([-100000,       0,      10,      20,      30,      40,      50,      60,
             70,      80,      90,     100,     110,     120,     130,     140],
       device='cuda:0', dtype=torch.int32)
16 tensor([0.0000e+00, 1.0000e+00, 2.0000e+00, 4.0000e+00, 8.0000e+00, 1.6000e+01,
        3.2000e+01, 6.4000e+01, 1.2800e+02, 2.5600e+02, 5.1200e+02, 1.0240e+03,
        2.0480e+03, 4.0960e+03, 8.1920e+03, 1.6384e+04], device='cuda:0')
16 tensor([0.0000e+00, 4.2416e-05, 8.4832e-05, 1.6966e-04, 3.3933e-04, 6.7866e-04,
        1.3573e-03, 2.7146e-03, 5.4293e-03, 1.0859e-02, 2.1717e-02, 4.3434e-02,
        8.6868e-02, 1.7374e-01, 3.4747e-01, 6.9494e-01], device='cuda:0')
self.delta: 24236.0
16 tensor([-100000,       0,      10,      20,      30,      40,      50,      60,
             70,      80,      90,     100,     110,     120,     130,     140],
       device='cuda:0', dtype=torch.int32)
16 tensor([0.0000e+00, 1.0000e+00, 2.0000e+00, 4.0000e+00, 8.0000e+00, 1.6000e+01,
        3.2000e+01, 6.4000e+01, 1.2800e+02, 2.5600e+02, 5.1200e+02, 1.0240e+03,
        2.0480e+03, 4.0960e+03, 8.1920e+03, 1.6384e+04], device='cuda:0')
16 tensor([0.0000e+00, 4.1261e-05, 8.2522e-05, 1.6504e-04, 3.3009e-04, 6.6017e-04,
        1.3203e-03, 2.6407e-03, 5.2814e-03, 1.0563e-02, 2.1126e-02, 4.2251e-02,
        8.4502e-02, 1.6900e-01, 3.3801e-01, 6.7602e-01], device='cuda:0')
self.delta: 24603.0
16 tensor([-100000,       0,      10,      20,      30,      40,      50,      60,
             70,      80,      90,     100,     110,     120,     130,     140],
       device='cuda:0', dtype=torch.int32)
16 tensor([0.0000e+00, 1.0000e+00, 2.0000e+00, 4.0000e+00, 8.0000e+00, 1.6000e+01,
        3.2000e+01, 6.4000e+01, 1.2800e+02, 2.5600e+02, 5.1200e+02, 1.0240e+03,
        2.0480e+03, 4.0960e+03, 8.1920e+03, 1.6384e+04], device='cuda:0')
16 tensor([0.0000e+00, 4.0645e-05, 8.1291e-05, 1.6258e-04, 3.2516e-04, 6.5033e-04,
        1.3007e-03, 2.6013e-03, 5.2026e-03, 1.0405e-02, 2.0810e-02, 4.1621e-02,
        8.3242e-02, 1.6648e-01, 3.3297e-01, 6.6594e-01], device='cuda:0')
self.delta: 24524.0
16 tensor([-100000,       0,      10,      20,      30,      40,      50,      60,
             70,      80,      90,     100,     110,     120,     130,     140],
       device='cuda:0', dtype=torch.int32)
16 tensor([0.0000e+00, 1.0000e+00, 2.0000e+00, 4.0000e+00, 8.0000e+00, 1.6000e+01,
        3.2000e+01, 6.4000e+01, 1.2800e+02, 2.5600e+02, 5.1200e+02, 1.0240e+03,
        2.0480e+03, 4.0960e+03, 8.1920e+03, 1.6384e+04], device='cuda:0')
16 tensor([0.0000e+00, 4.0776e-05, 8.1553e-05, 1.6311e-04, 3.2621e-04, 6.5242e-04,
        1.3048e-03, 2.6097e-03, 5.2194e-03, 1.0439e-02, 2.0878e-02, 4.1755e-02,
        8.3510e-02, 1.6702e-01, 3.3404e-01, 6.6808e-01], device='cuda:0')
self.delta: 24668.0
16 tensor([-100000,       0,      10,      20,      30,      40,      50,      60,
             70,      80,      90,     100,     110,     120,     130,     140],
       device='cuda:0', dtype=torch.int32)
16 tensor([0.0000e+00, 1.0000e+00, 2.0000e+00, 4.0000e+00, 8.0000e+00, 1.6000e+01,
        3.2000e+01, 6.4000e+01, 1.2800e+02, 2.5600e+02, 5.1200e+02, 1.0240e+03,
        2.0480e+03, 4.0960e+03, 8.1920e+03, 1.6384e+04], device='cuda:0')
16 tensor([0.0000e+00, 4.0538e-05, 8.1077e-05, 1.6215e-04, 3.2431e-04, 6.4861e-04,
        1.2972e-03, 2.5945e-03, 5.1889e-03, 1.0378e-02, 2.0756e-02, 4.1511e-02,
        8.3023e-02, 1.6605e-01, 3.3209e-01, 6.6418e-01], device='cuda:0')
self.delta: 24333.0
16 tensor([-100000,       0,      10,      20,      30,      40,      50,      60,
             70,      80,      90,     100,     110,     120,     130,     140],
       device='cuda:0', dtype=torch.int32)
16 tensor([0.0000e+00, 1.0000e+00, 2.0000e+00, 4.0000e+00, 8.0000e+00, 1.6000e+01,
        3.2000e+01, 6.4000e+01, 1.2800e+02, 2.5600e+02, 5.1200e+02, 1.0240e+03,
        2.0480e+03, 4.0960e+03, 8.1920e+03, 1.6384e+04], device='cuda:0')
16 tensor([0.0000e+00, 4.1096e-05, 8.2193e-05, 1.6439e-04, 3.2877e-04, 6.5754e-04,
        1.3151e-03, 2.6302e-03, 5.2603e-03, 1.0521e-02, 2.1041e-02, 4.2083e-02,
        8.4166e-02, 1.6833e-01, 3.3666e-01, 6.7332e-01], device='cuda:0')
self.delta: 24339.0
16 tensor([-100000,       0,      10,      20,      30,      40,      50,      60,
             70,      80,      90,     100,     110,     120,     130,     140],
       device='cuda:0', dtype=torch.int32)
16 tensor([0.0000e+00, 1.0000e+00, 2.0000e+00, 4.0000e+00, 8.0000e+00, 1.6000e+01,
        3.2000e+01, 6.4000e+01, 1.2800e+02, 2.5600e+02, 5.1200e+02, 1.0240e+03,
        2.0480e+03, 4.0960e+03, 8.1920e+03, 1.6384e+04], device='cuda:0')
16 tensor([0.0000e+00, 4.1086e-05, 8.2173e-05, 1.6435e-04, 3.2869e-04, 6.5738e-04,
        1.3148e-03, 2.6295e-03, 5.2590e-03, 1.0518e-02, 2.1036e-02, 4.2072e-02,
        8.4145e-02, 1.6829e-01, 3.3658e-01, 6.7316e-01], device='cuda:0')
self.delta: 24684.0
16 tensor([-100000,       0,      10,      20,      30,      40,      50,      60,
             70,      80,      90,     100,     110,     120,     130,     140],
       device='cuda:0', dtype=torch.int32)
16 tensor([0.0000e+00, 1.0000e+00, 2.0000e+00, 4.0000e+00, 8.0000e+00, 1.6000e+01,
        3.2000e+01, 6.4000e+01, 1.2800e+02, 2.5600e+02, 5.1200e+02, 1.0240e+03,
        2.0480e+03, 4.0960e+03, 8.1920e+03, 1.6384e+04], device='cuda:0')
16 tensor([0.0000e+00, 4.0512e-05, 8.1024e-05, 1.6205e-04, 3.2410e-04, 6.4819e-04,
        1.2964e-03, 2.5928e-03, 5.1855e-03, 1.0371e-02, 2.0742e-02, 4.1484e-02,
        8.2969e-02, 1.6594e-01, 3.3187e-01, 6.6375e-01], device='cuda:0')
self.delta: 24761.0
16 tensor([-100000,       0,      10,      20,      30,      40,      50,      60,
             70,      80,      90,     100,     110,     120,     130,     140],
       device='cuda:0', dtype=torch.int32)
16 tensor([0.0000e+00, 1.0000e+00, 2.0000e+00, 4.0000e+00, 8.0000e+00, 1.6000e+01,
        3.2000e+01, 6.4000e+01, 1.2800e+02, 2.5600e+02, 5.1200e+02, 1.0240e+03,
        2.0480e+03, 4.0960e+03, 8.1920e+03, 1.6384e+04], device='cuda:0')
16 tensor([0.0000e+00, 4.0386e-05, 8.0772e-05, 1.6154e-04, 3.2309e-04, 6.4618e-04,
        1.2924e-03, 2.5847e-03, 5.1694e-03, 1.0339e-02, 2.0678e-02, 4.1355e-02,
        8.2711e-02, 1.6542e-01, 3.3084e-01, 6.6169e-01], device='cuda:0')
self.delta: 24591.0
16 tensor([-100000,       0,      10,      20,      30,      40,      50,      60,
             70,      80,      90,     100,     110,     120,     130,     140],
       device='cuda:0', dtype=torch.int32)
16 tensor([0.0000e+00, 1.0000e+00, 2.0000e+00, 4.0000e+00, 8.0000e+00, 1.6000e+01,
        3.2000e+01, 6.4000e+01, 1.2800e+02, 2.5600e+02, 5.1200e+02, 1.0240e+03,
        2.0480e+03, 4.0960e+03, 8.1920e+03, 1.6384e+04], device='cuda:0')
16 tensor([0.0000e+00, 4.0665e-05, 8.1331e-05, 1.6266e-04, 3.2532e-04, 6.5064e-04,
        1.3013e-03, 2.6026e-03, 5.2052e-03, 1.0410e-02, 2.0821e-02, 4.1641e-02,
        8.3283e-02, 1.6657e-01, 3.3313e-01, 6.6626e-01], device='cuda:0')
self.delta: 24573.0
16 tensor([-100000,       0,      10,      20,      30,      40,      50,      60,
             70,      80,      90,     100,     110,     120,     130,     140],
       device='cuda:0', dtype=torch.int32)
16 tensor([0.0000e+00, 1.0000e+00, 2.0000e+00, 4.0000e+00, 8.0000e+00, 1.6000e+01,
        3.2000e+01, 6.4000e+01, 1.2800e+02, 2.5600e+02, 5.1200e+02, 1.0240e+03,
        2.0480e+03, 4.0960e+03, 8.1920e+03, 1.6384e+04], device='cuda:0')
16 tensor([0.0000e+00, 4.0695e-05, 8.1390e-05, 1.6278e-04, 3.2556e-04, 6.5112e-04,
        1.3022e-03, 2.6045e-03, 5.2090e-03, 1.0418e-02, 2.0836e-02, 4.1672e-02,
        8.3344e-02, 1.6669e-01, 3.3337e-01, 6.6675e-01], device='cuda:0')
Performing scale reparameterization ...
Validating ...
Test: [0/250]	Time 2.693 (2.693)	Loss 1.3068 (1.3068)	Prec@1 73.000 (73.000)	Prec@5 93.000 (93.000)
Test: [100/250]	Time 0.424 (0.446)	Loss 2.8230 (1.7967)	Prec@1 41.000 (64.658)	Prec@5 69.500 (87.604)
Test: [200/250]	Time 0.424 (0.435)	Loss 1.6539 (2.1871)	Prec@1 75.000 (57.716)	Prec@5 90.000 (81.413)
 * Prec@1 57.270 Prec@5 80.986 Time 108.223
