Namespace(model='vit_base', dataset='dataset/imagenet/', calib_batchsize=32, val_batchsize=200, num_workers=8, device='cuda', print_freq=100, seed=0, w_bits=4, a_bits=4, log_quant_scheme='BitLog2_Single_16')
Building dataloader ...
Building model ...
Performing initial quantization ...
self.delta: 22214.0
16 tensor([-100000,       0,      10,      20,      30,      40,      50,      60,
             70,      80,      90,     100,     110,     120,     130,     140],
       device='cuda:0', dtype=torch.int32)
16 tensor([0.0000e+00, 1.0000e+00, 2.0000e+00, 4.0000e+00, 8.0000e+00, 1.6000e+01,
        3.2000e+01, 6.4000e+01, 1.2800e+02, 2.5600e+02, 5.1200e+02, 1.0240e+03,
        2.0480e+03, 4.0960e+03, 8.1920e+03, 1.6384e+04], device='cuda:0')
16 tensor([0.0000e+00, 4.5017e-05, 9.0033e-05, 1.8007e-04, 3.6013e-04, 7.2027e-04,
        1.4405e-03, 2.8811e-03, 5.7621e-03, 1.1524e-02, 2.3049e-02, 4.6097e-02,
        9.2194e-02, 1.8439e-01, 3.6878e-01, 7.3755e-01], device='cuda:0')
self.delta: 23139.0
16 tensor([-100000,       0,      10,      20,      30,      40,      50,      60,
             70,      80,      90,     100,     110,     120,     130,     140],
       device='cuda:0', dtype=torch.int32)
16 tensor([0.0000e+00, 1.0000e+00, 2.0000e+00, 4.0000e+00, 8.0000e+00, 1.6000e+01,
        3.2000e+01, 6.4000e+01, 1.2800e+02, 2.5600e+02, 5.1200e+02, 1.0240e+03,
        2.0480e+03, 4.0960e+03, 8.1920e+03, 1.6384e+04], device='cuda:0')
16 tensor([0.0000e+00, 4.3217e-05, 8.6434e-05, 1.7287e-04, 3.4574e-04, 6.9147e-04,
        1.3829e-03, 2.7659e-03, 5.5318e-03, 1.1064e-02, 2.2127e-02, 4.4254e-02,
        8.8509e-02, 1.7702e-01, 3.5403e-01, 7.0807e-01], device='cuda:0')
self.delta: 23229.0
16 tensor([-100000,       0,      10,      20,      30,      40,      50,      60,
             70,      80,      90,     100,     110,     120,     130,     140],
       device='cuda:0', dtype=torch.int32)
16 tensor([0.0000e+00, 1.0000e+00, 2.0000e+00, 4.0000e+00, 8.0000e+00, 1.6000e+01,
        3.2000e+01, 6.4000e+01, 1.2800e+02, 2.5600e+02, 5.1200e+02, 1.0240e+03,
        2.0480e+03, 4.0960e+03, 8.1920e+03, 1.6384e+04], device='cuda:0')
16 tensor([0.0000e+00, 4.3050e-05, 8.6099e-05, 1.7220e-04, 3.4440e-04, 6.8879e-04,
        1.3776e-03, 2.7552e-03, 5.5104e-03, 1.1021e-02, 2.2041e-02, 4.4083e-02,
        8.8166e-02, 1.7633e-01, 3.5266e-01, 7.0533e-01], device='cuda:0')
self.delta: 23549.0
16 tensor([-100000,       0,      10,      20,      30,      40,      50,      60,
             70,      80,      90,     100,     110,     120,     130,     140],
       device='cuda:0', dtype=torch.int32)
16 tensor([0.0000e+00, 1.0000e+00, 2.0000e+00, 4.0000e+00, 8.0000e+00, 1.6000e+01,
        3.2000e+01, 6.4000e+01, 1.2800e+02, 2.5600e+02, 5.1200e+02, 1.0240e+03,
        2.0480e+03, 4.0960e+03, 8.1920e+03, 1.6384e+04], device='cuda:0')
16 tensor([0.0000e+00, 4.2465e-05, 8.4929e-05, 1.6986e-04, 3.3972e-04, 6.7943e-04,
        1.3589e-03, 2.7177e-03, 5.4355e-03, 1.0871e-02, 2.1742e-02, 4.3484e-02,
        8.6968e-02, 1.7394e-01, 3.4787e-01, 6.9574e-01], device='cuda:0')
self.delta: 24729.0
16 tensor([-100000,       0,      10,      20,      30,      40,      50,      60,
             70,      80,      90,     100,     110,     120,     130,     140],
       device='cuda:0', dtype=torch.int32)
16 tensor([0.0000e+00, 1.0000e+00, 2.0000e+00, 4.0000e+00, 8.0000e+00, 1.6000e+01,
        3.2000e+01, 6.4000e+01, 1.2800e+02, 2.5600e+02, 5.1200e+02, 1.0240e+03,
        2.0480e+03, 4.0960e+03, 8.1920e+03, 1.6384e+04], device='cuda:0')
16 tensor([0.0000e+00, 4.0438e-05, 8.0877e-05, 1.6175e-04, 3.2351e-04, 6.4701e-04,
        1.2940e-03, 2.5881e-03, 5.1761e-03, 1.0352e-02, 2.0704e-02, 4.1409e-02,
        8.2818e-02, 1.6564e-01, 3.3127e-01, 6.6254e-01], device='cuda:0')
self.delta: 24419.0
16 tensor([-100000,       0,      10,      20,      30,      40,      50,      60,
             70,      80,      90,     100,     110,     120,     130,     140],
       device='cuda:0', dtype=torch.int32)
16 tensor([0.0000e+00, 1.0000e+00, 2.0000e+00, 4.0000e+00, 8.0000e+00, 1.6000e+01,
        3.2000e+01, 6.4000e+01, 1.2800e+02, 2.5600e+02, 5.1200e+02, 1.0240e+03,
        2.0480e+03, 4.0960e+03, 8.1920e+03, 1.6384e+04], device='cuda:0')
16 tensor([0.0000e+00, 4.0952e-05, 8.1903e-05, 1.6381e-04, 3.2761e-04, 6.5523e-04,
        1.3105e-03, 2.6209e-03, 5.2418e-03, 1.0484e-02, 2.0967e-02, 4.1935e-02,
        8.3869e-02, 1.6774e-01, 3.3548e-01, 6.7095e-01], device='cuda:0')
self.delta: 24199.0
16 tensor([-100000,       0,      10,      20,      30,      40,      50,      60,
             70,      80,      90,     100,     110,     120,     130,     140],
       device='cuda:0', dtype=torch.int32)
16 tensor([0.0000e+00, 1.0000e+00, 2.0000e+00, 4.0000e+00, 8.0000e+00, 1.6000e+01,
        3.2000e+01, 6.4000e+01, 1.2800e+02, 2.5600e+02, 5.1200e+02, 1.0240e+03,
        2.0480e+03, 4.0960e+03, 8.1920e+03, 1.6384e+04], device='cuda:0')
16 tensor([0.0000e+00, 4.1324e-05, 8.2648e-05, 1.6530e-04, 3.3059e-04, 6.6118e-04,
        1.3224e-03, 2.6447e-03, 5.2895e-03, 1.0579e-02, 2.1158e-02, 4.2316e-02,
        8.4632e-02, 1.6926e-01, 3.3853e-01, 6.7705e-01], device='cuda:0')
self.delta: 23922.0
16 tensor([-100000,       0,      10,      20,      30,      40,      50,      60,
             70,      80,      90,     100,     110,     120,     130,     140],
       device='cuda:0', dtype=torch.int32)
16 tensor([0.0000e+00, 1.0000e+00, 2.0000e+00, 4.0000e+00, 8.0000e+00, 1.6000e+01,
        3.2000e+01, 6.4000e+01, 1.2800e+02, 2.5600e+02, 5.1200e+02, 1.0240e+03,
        2.0480e+03, 4.0960e+03, 8.1920e+03, 1.6384e+04], device='cuda:0')
16 tensor([0.0000e+00, 4.1803e-05, 8.3605e-05, 1.6721e-04, 3.3442e-04, 6.6884e-04,
        1.3377e-03, 2.6754e-03, 5.3507e-03, 1.0701e-02, 2.1403e-02, 4.2806e-02,
        8.5612e-02, 1.7122e-01, 3.4245e-01, 6.8489e-01], device='cuda:0')
self.delta: 24577.0
16 tensor([-100000,       0,      10,      20,      30,      40,      50,      60,
             70,      80,      90,     100,     110,     120,     130,     140],
       device='cuda:0', dtype=torch.int32)
16 tensor([0.0000e+00, 1.0000e+00, 2.0000e+00, 4.0000e+00, 8.0000e+00, 1.6000e+01,
        3.2000e+01, 6.4000e+01, 1.2800e+02, 2.5600e+02, 5.1200e+02, 1.0240e+03,
        2.0480e+03, 4.0960e+03, 8.1920e+03, 1.6384e+04], device='cuda:0')
16 tensor([0.0000e+00, 4.0688e-05, 8.1377e-05, 1.6275e-04, 3.2551e-04, 6.5102e-04,
        1.3020e-03, 2.6041e-03, 5.2081e-03, 1.0416e-02, 2.0832e-02, 4.1665e-02,
        8.3330e-02, 1.6666e-01, 3.3332e-01, 6.6664e-01], device='cuda:0')
self.delta: 24536.0
16 tensor([-100000,       0,      10,      20,      30,      40,      50,      60,
             70,      80,      90,     100,     110,     120,     130,     140],
       device='cuda:0', dtype=torch.int32)
16 tensor([0.0000e+00, 1.0000e+00, 2.0000e+00, 4.0000e+00, 8.0000e+00, 1.6000e+01,
        3.2000e+01, 6.4000e+01, 1.2800e+02, 2.5600e+02, 5.1200e+02, 1.0240e+03,
        2.0480e+03, 4.0960e+03, 8.1920e+03, 1.6384e+04], device='cuda:0')
16 tensor([0.0000e+00, 4.0756e-05, 8.1513e-05, 1.6303e-04, 3.2605e-04, 6.5210e-04,
        1.3042e-03, 2.6084e-03, 5.2168e-03, 1.0434e-02, 2.0867e-02, 4.1735e-02,
        8.3469e-02, 1.6694e-01, 3.3388e-01, 6.6775e-01], device='cuda:0')
self.delta: 24576.0
16 tensor([-100000,       0,      10,      20,      30,      40,      50,      60,
             70,      80,      90,     100,     110,     120,     130,     140],
       device='cuda:0', dtype=torch.int32)
16 tensor([0.0000e+00, 1.0000e+00, 2.0000e+00, 4.0000e+00, 8.0000e+00, 1.6000e+01,
        3.2000e+01, 6.4000e+01, 1.2800e+02, 2.5600e+02, 5.1200e+02, 1.0240e+03,
        2.0480e+03, 4.0960e+03, 8.1920e+03, 1.6384e+04], device='cuda:0')
16 tensor([0.0000e+00, 4.0690e-05, 8.1380e-05, 1.6276e-04, 3.2552e-04, 6.5104e-04,
        1.3021e-03, 2.6042e-03, 5.2083e-03, 1.0417e-02, 2.0833e-02, 4.1667e-02,
        8.3333e-02, 1.6667e-01, 3.3333e-01, 6.6667e-01], device='cuda:0')
self.delta: 24307.0
16 tensor([-100000,       0,      10,      20,      30,      40,      50,      60,
             70,      80,      90,     100,     110,     120,     130,     140],
       device='cuda:0', dtype=torch.int32)
16 tensor([0.0000e+00, 1.0000e+00, 2.0000e+00, 4.0000e+00, 8.0000e+00, 1.6000e+01,
        3.2000e+01, 6.4000e+01, 1.2800e+02, 2.5600e+02, 5.1200e+02, 1.0240e+03,
        2.0480e+03, 4.0960e+03, 8.1920e+03, 1.6384e+04], device='cuda:0')
16 tensor([0.0000e+00, 4.1140e-05, 8.2281e-05, 1.6456e-04, 3.2912e-04, 6.5825e-04,
        1.3165e-03, 2.6330e-03, 5.2660e-03, 1.0532e-02, 2.1064e-02, 4.2128e-02,
        8.4256e-02, 1.6851e-01, 3.3702e-01, 6.7404e-01], device='cuda:0')
Performing scale reparameterization ...
Validating ...
Test: [0/250]	Time 4.362 (4.362)	Loss 0.8175 (0.8175)	Prec@1 79.000 (79.000)	Prec@5 97.500 (97.500)
Test: [100/250]	Time 1.841 (1.868)	Loss 1.2849 (1.1909)	Prec@1 71.500 (71.446)	Prec@5 88.500 (91.178)
Test: [200/250]	Time 1.842 (1.855)	Loss 0.9306 (1.4467)	Prec@1 80.000 (67.157)	Prec@5 95.000 (87.525)
 * Prec@1 66.768 Prec@5 87.366 Time 463.070
