Namespace(model='vit_small', dataset='dataset/imagenet/', calib_batchsize=32, val_batchsize=200, num_workers=8, device='cuda', print_freq=100, seed=0, w_bits=4, a_bits=4, log_quant_scheme='BitLog2_Single_16')
Building dataloader ...
Building model ...
Performing initial quantization ...
self.delta: 22286.0
16 tensor([-100000,       0,      10,      20,      30,      40,      50,      60,
             70,      80,      90,     100,     110,     120,     130,     140],
       device='cuda:0', dtype=torch.int32)
16 tensor([0.0000e+00, 1.0000e+00, 2.0000e+00, 4.0000e+00, 8.0000e+00, 1.6000e+01,
        3.2000e+01, 6.4000e+01, 1.2800e+02, 2.5600e+02, 5.1200e+02, 1.0240e+03,
        2.0480e+03, 4.0960e+03, 8.1920e+03, 1.6384e+04], device='cuda:0')
16 tensor([0.0000e+00, 4.4871e-05, 8.9742e-05, 1.7948e-04, 3.5897e-04, 7.1794e-04,
        1.4359e-03, 2.8718e-03, 5.7435e-03, 1.1487e-02, 2.2974e-02, 4.5948e-02,
        9.1896e-02, 1.8379e-01, 3.6759e-01, 7.3517e-01], device='cuda:0')
self.delta: 21157.0
16 tensor([-100000,       0,      10,      20,      30,      40,      50,      60,
             70,      80,      90,     100,     110,     120,     130,     140],
       device='cuda:0', dtype=torch.int32)
16 tensor([0.0000e+00, 1.0000e+00, 2.0000e+00, 4.0000e+00, 8.0000e+00, 1.6000e+01,
        3.2000e+01, 6.4000e+01, 1.2800e+02, 2.5600e+02, 5.1200e+02, 1.0240e+03,
        2.0480e+03, 4.0960e+03, 8.1920e+03, 1.6384e+04], device='cuda:0')
16 tensor([0.0000e+00, 4.7266e-05, 9.4531e-05, 1.8906e-04, 3.7813e-04, 7.5625e-04,
        1.5125e-03, 3.0250e-03, 6.0500e-03, 1.2100e-02, 2.4200e-02, 4.8400e-02,
        9.6800e-02, 1.9360e-01, 3.8720e-01, 7.7440e-01], device='cuda:0')
self.delta: 23723.0
16 tensor([-100000,       0,      10,      20,      30,      40,      50,      60,
             70,      80,      90,     100,     110,     120,     130,     140],
       device='cuda:0', dtype=torch.int32)
16 tensor([0.0000e+00, 1.0000e+00, 2.0000e+00, 4.0000e+00, 8.0000e+00, 1.6000e+01,
        3.2000e+01, 6.4000e+01, 1.2800e+02, 2.5600e+02, 5.1200e+02, 1.0240e+03,
        2.0480e+03, 4.0960e+03, 8.1920e+03, 1.6384e+04], device='cuda:0')
16 tensor([0.0000e+00, 4.2153e-05, 8.4306e-05, 1.6861e-04, 3.3723e-04, 6.7445e-04,
        1.3489e-03, 2.6978e-03, 5.3956e-03, 1.0791e-02, 2.1582e-02, 4.3165e-02,
        8.6330e-02, 1.7266e-01, 3.4532e-01, 6.9064e-01], device='cuda:0')
self.delta: 24582.0
16 tensor([-100000,       0,      10,      20,      30,      40,      50,      60,
             70,      80,      90,     100,     110,     120,     130,     140],
       device='cuda:0', dtype=torch.int32)
16 tensor([0.0000e+00, 1.0000e+00, 2.0000e+00, 4.0000e+00, 8.0000e+00, 1.6000e+01,
        3.2000e+01, 6.4000e+01, 1.2800e+02, 2.5600e+02, 5.1200e+02, 1.0240e+03,
        2.0480e+03, 4.0960e+03, 8.1920e+03, 1.6384e+04], device='cuda:0')
16 tensor([0.0000e+00, 4.0680e-05, 8.1360e-05, 1.6272e-04, 3.2544e-04, 6.5088e-04,
        1.3018e-03, 2.6035e-03, 5.2071e-03, 1.0414e-02, 2.0828e-02, 4.1656e-02,
        8.3313e-02, 1.6663e-01, 3.3325e-01, 6.6650e-01], device='cuda:0')
self.delta: 24622.0
16 tensor([-100000,       0,      10,      20,      30,      40,      50,      60,
             70,      80,      90,     100,     110,     120,     130,     140],
       device='cuda:0', dtype=torch.int32)
16 tensor([0.0000e+00, 1.0000e+00, 2.0000e+00, 4.0000e+00, 8.0000e+00, 1.6000e+01,
        3.2000e+01, 6.4000e+01, 1.2800e+02, 2.5600e+02, 5.1200e+02, 1.0240e+03,
        2.0480e+03, 4.0960e+03, 8.1920e+03, 1.6384e+04], device='cuda:0')
16 tensor([0.0000e+00, 4.0614e-05, 8.1228e-05, 1.6246e-04, 3.2491e-04, 6.4983e-04,
        1.2997e-03, 2.5993e-03, 5.1986e-03, 1.0397e-02, 2.0794e-02, 4.1589e-02,
        8.3178e-02, 1.6636e-01, 3.3271e-01, 6.6542e-01], device='cuda:0')
self.delta: 24506.0
16 tensor([-100000,       0,      10,      20,      30,      40,      50,      60,
             70,      80,      90,     100,     110,     120,     130,     140],
       device='cuda:0', dtype=torch.int32)
16 tensor([0.0000e+00, 1.0000e+00, 2.0000e+00, 4.0000e+00, 8.0000e+00, 1.6000e+01,
        3.2000e+01, 6.4000e+01, 1.2800e+02, 2.5600e+02, 5.1200e+02, 1.0240e+03,
        2.0480e+03, 4.0960e+03, 8.1920e+03, 1.6384e+04], device='cuda:0')
16 tensor([0.0000e+00, 4.0806e-05, 8.1613e-05, 1.6323e-04, 3.2645e-04, 6.5290e-04,
        1.3058e-03, 2.6116e-03, 5.2232e-03, 1.0446e-02, 2.0893e-02, 4.1786e-02,
        8.3571e-02, 1.6714e-01, 3.3429e-01, 6.6857e-01], device='cuda:0')
self.delta: 24089.0
16 tensor([-100000,       0,      10,      20,      30,      40,      50,      60,
             70,      80,      90,     100,     110,     120,     130,     140],
       device='cuda:0', dtype=torch.int32)
16 tensor([0.0000e+00, 1.0000e+00, 2.0000e+00, 4.0000e+00, 8.0000e+00, 1.6000e+01,
        3.2000e+01, 6.4000e+01, 1.2800e+02, 2.5600e+02, 5.1200e+02, 1.0240e+03,
        2.0480e+03, 4.0960e+03, 8.1920e+03, 1.6384e+04], device='cuda:0')
16 tensor([0.0000e+00, 4.1513e-05, 8.3025e-05, 1.6605e-04, 3.3210e-04, 6.6420e-04,
        1.3284e-03, 2.6568e-03, 5.3136e-03, 1.0627e-02, 2.1255e-02, 4.2509e-02,
        8.5018e-02, 1.7004e-01, 3.4007e-01, 6.8014e-01], device='cuda:0')
self.delta: 24541.0
16 tensor([-100000,       0,      10,      20,      30,      40,      50,      60,
             70,      80,      90,     100,     110,     120,     130,     140],
       device='cuda:0', dtype=torch.int32)
16 tensor([0.0000e+00, 1.0000e+00, 2.0000e+00, 4.0000e+00, 8.0000e+00, 1.6000e+01,
        3.2000e+01, 6.4000e+01, 1.2800e+02, 2.5600e+02, 5.1200e+02, 1.0240e+03,
        2.0480e+03, 4.0960e+03, 8.1920e+03, 1.6384e+04], device='cuda:0')
16 tensor([0.0000e+00, 4.0748e-05, 8.1496e-05, 1.6299e-04, 3.2599e-04, 6.5197e-04,
        1.3039e-03, 2.6079e-03, 5.2158e-03, 1.0432e-02, 2.0863e-02, 4.1726e-02,
        8.3452e-02, 1.6690e-01, 3.3381e-01, 6.6762e-01], device='cuda:0')
self.delta: 24587.0
16 tensor([-100000,       0,      10,      20,      30,      40,      50,      60,
             70,      80,      90,     100,     110,     120,     130,     140],
       device='cuda:0', dtype=torch.int32)
16 tensor([0.0000e+00, 1.0000e+00, 2.0000e+00, 4.0000e+00, 8.0000e+00, 1.6000e+01,
        3.2000e+01, 6.4000e+01, 1.2800e+02, 2.5600e+02, 5.1200e+02, 1.0240e+03,
        2.0480e+03, 4.0960e+03, 8.1920e+03, 1.6384e+04], device='cuda:0')
16 tensor([0.0000e+00, 4.0672e-05, 8.1344e-05, 1.6269e-04, 3.2538e-04, 6.5075e-04,
        1.3015e-03, 2.6030e-03, 5.2060e-03, 1.0412e-02, 2.0824e-02, 4.1648e-02,
        8.3296e-02, 1.6659e-01, 3.3318e-01, 6.6637e-01], device='cuda:0')
self.delta: 24562.0
16 tensor([-100000,       0,      10,      20,      30,      40,      50,      60,
             70,      80,      90,     100,     110,     120,     130,     140],
       device='cuda:0', dtype=torch.int32)
16 tensor([0.0000e+00, 1.0000e+00, 2.0000e+00, 4.0000e+00, 8.0000e+00, 1.6000e+01,
        3.2000e+01, 6.4000e+01, 1.2800e+02, 2.5600e+02, 5.1200e+02, 1.0240e+03,
        2.0480e+03, 4.0960e+03, 8.1920e+03, 1.6384e+04], device='cuda:0')
16 tensor([0.0000e+00, 4.0713e-05, 8.1427e-05, 1.6285e-04, 3.2571e-04, 6.5141e-04,
        1.3028e-03, 2.6057e-03, 5.2113e-03, 1.0423e-02, 2.0845e-02, 4.1690e-02,
        8.3381e-02, 1.6676e-01, 3.3352e-01, 6.6705e-01], device='cuda:0')
self.delta: 24483.0
16 tensor([-100000,       0,      10,      20,      30,      40,      50,      60,
             70,      80,      90,     100,     110,     120,     130,     140],
       device='cuda:0', dtype=torch.int32)
16 tensor([0.0000e+00, 1.0000e+00, 2.0000e+00, 4.0000e+00, 8.0000e+00, 1.6000e+01,
        3.2000e+01, 6.4000e+01, 1.2800e+02, 2.5600e+02, 5.1200e+02, 1.0240e+03,
        2.0480e+03, 4.0960e+03, 8.1920e+03, 1.6384e+04], device='cuda:0')
16 tensor([0.0000e+00, 4.0845e-05, 8.1689e-05, 1.6338e-04, 3.2676e-04, 6.5351e-04,
        1.3070e-03, 2.6141e-03, 5.2281e-03, 1.0456e-02, 2.0912e-02, 4.1825e-02,
        8.3650e-02, 1.6730e-01, 3.3460e-01, 6.6920e-01], device='cuda:0')
self.delta: 24580.0
16 tensor([-100000,       0,      10,      20,      30,      40,      50,      60,
             70,      80,      90,     100,     110,     120,     130,     140],
       device='cuda:0', dtype=torch.int32)
16 tensor([0.0000e+00, 1.0000e+00, 2.0000e+00, 4.0000e+00, 8.0000e+00, 1.6000e+01,
        3.2000e+01, 6.4000e+01, 1.2800e+02, 2.5600e+02, 5.1200e+02, 1.0240e+03,
        2.0480e+03, 4.0960e+03, 8.1920e+03, 1.6384e+04], device='cuda:0')
16 tensor([0.0000e+00, 4.0683e-05, 8.1367e-05, 1.6273e-04, 3.2547e-04, 6.5094e-04,
        1.3019e-03, 2.6037e-03, 5.2075e-03, 1.0415e-02, 2.0830e-02, 4.1660e-02,
        8.3320e-02, 1.6664e-01, 3.3328e-01, 6.6656e-01], device='cuda:0')
Performing scale reparameterization ...
Validating ...
Test: [0/250]	Time 3.232 (3.232)	Loss 0.9625 (0.9625)	Prec@1 76.000 (76.000)	Prec@5 93.500 (93.500)
Test: [100/250]	Time 0.851 (0.875)	Loss 1.4122 (1.2552)	Prec@1 64.000 (68.574)	Prec@5 88.000 (89.757)
Test: [200/250]	Time 0.851 (0.863)	Loss 0.9051 (1.5199)	Prec@1 75.000 (64.157)	Prec@5 95.000 (85.886)
 * Prec@1 63.740 Prec@5 85.726 Time 215.236
