Namespace(model='deit_tiny', dataset='dataset/imagenet/', calib_batchsize=32, val_batchsize=200, num_workers=8, device='cuda', print_freq=100, seed=0, w_bits=4, a_bits=4, log_quant_scheme='BitLog2_Half_16')
Building dataloader ...
Building model ...
Performing initial quantization ...
scale: 192.0, score: 1.958043867489323e-05
scale: 193.0, score: 1.861257442214992e-05
scale: 194.0, score: 1.7701917386148125e-05
scale: 195.0, score: 1.684688868408557e-05
scale: 196.0, score: 1.604588032932952e-05
scale: 197.0, score: 1.5297415302484296e-05
scale: 198.0, score: 1.4600034774048254e-05
scale: 199.0, score: 1.3952289918961469e-05
scale: 200.0, score: 1.3352822861634195e-05
scale: 201.0, score: 1.2800283002434298e-05
scale: 202.0, score: 1.2293367944948841e-05
scale: 203.0, score: 1.1830820767499972e-05
scale: 204.0, score: 1.141140364779858e-05
scale: 205.0, score: 1.1033918781322427e-05
scale: 206.0, score: 1.0697218385757878e-05
scale: 207.0, score: 1.0400170140201226e-05
scale: 208.0, score: 1.0141684469999745e-05
scale: 209.0, score: 9.92069089988945e-06
scale: 210.0, score: 9.736163519846741e-06
scale: 211.0, score: 9.587090062268544e-06
scale: 212.0, score: 9.472498277318664e-06
scale: 213.0, score: 9.391437743033748e-06
scale: 214.0, score: 9.342988050775602e-06
scale: 215.0, score: 9.326250619778875e-06
scale: 216.0, score: 9.34034960664576e-06
scale: 217.0, score: 9.384441000293009e-06
scale: 218.0, score: 9.457698070036713e-06
scale: 219.0, score: 9.559316822560504e-06
scale: 220.0, score: 9.688515092420857e-06
scale: 221.0, score: 9.84453254204709e-06
scale: 222.0, score: 1.0026637028204277e-05
scale: 223.0, score: 1.0234103683615103e-05
scale: 224.0, score: 1.046623492584331e-05
scale: 225.0, score: 1.0722352271841373e-05
scale: 226.0, score: 1.1001789061992895e-05
scale: 227.0, score: 1.1303903193038423e-05
scale: 228.0, score: 1.1628059837676119e-05
scale: 229.0, score: 1.1973656000918709e-05
scale: 230.0, score: 1.2340098692220636e-05
scale: 231.0, score: 1.2726799468509853e-05
scale: 232.0, score: 1.3133203538018279e-05
scale: 233.0, score: 1.3558754289988428e-05
scale: 234.0, score: 1.4002916032040957e-05
scale: 235.0, score: 1.4465191270573996e-05
scale: 236.0, score: 1.4945043403713498e-05
scale: 237.0, score: 1.5441995856235735e-05
scale: 238.0, score: 1.5955543858581223e-05
scale: 239.0, score: 1.6485264495713636e-05
scale: 240.0, score: 1.7030648450599983e-05
scale: 241.0, score: 1.7591290088603273e-05
scale: 242.0, score: 1.816676012822427e-05
scale: 243.0, score: 1.875659654615447e-05
scale: 244.0, score: 1.9360428268555552e-05
scale: 245.0, score: 1.9977829651907086e-05
scale: 246.0, score: 2.0608413251466118e-05
scale: 247.0, score: 2.12517970794579e-05
scale: 248.0, score: 2.190763916587457e-05
scale: 249.0, score: 2.2575548427994363e-05
scale: 250.0, score: 2.3255168343894184e-05
scale: 251.0, score: 2.3946176952449605e-05
scale: 252.0, score: 2.4648223188705742e-05
scale: 253.0, score: 2.536100691941101e-05
scale: 254.0, score: 2.6084186174557544e-05
scale: 255.0, score: 2.6817438993020914e-05
self.delta: 215.0
16 tensor([-99999,      0,     10,     15,     20,     25,     30,     35,     40,
            45,     50,     55,     60,     65,     70,     75],
       device='cuda:0', dtype=torch.int32)
16 tensor([  0.,   1.,   2.,   3.,   4.,   6.,   8.,  12.,  16.,  24.,  32.,  48.,
         64.,  96., 128., 192.], device='cuda:0')
16 tensor([0.0000, 0.0047, 0.0093, 0.0140, 0.0186, 0.0279, 0.0372, 0.0558, 0.0744,
        0.1116, 0.1488, 0.2233, 0.2977, 0.4465, 0.5953, 0.8930],
       device='cuda:0')
scale: 192.0, score: 3.039186049136333e-05
scale: 193.0, score: 2.8859385565738194e-05
scale: 194.0, score: 2.7411639166530222e-05
scale: 195.0, score: 2.6046292987302877e-05
scale: 196.0, score: 2.476098234183155e-05
scale: 197.0, score: 2.3553533537779003e-05
scale: 198.0, score: 2.2421796529670246e-05
scale: 199.0, score: 2.1363646737881936e-05
scale: 200.0, score: 2.0377079636091366e-05
scale: 201.0, score: 1.9460108887869865e-05
scale: 202.0, score: 1.8610817278386094e-05
scale: 203.0, score: 1.7827354895416647e-05
scale: 204.0, score: 1.7107900930568576e-05
scale: 205.0, score: 1.645068550715223e-05
scale: 206.0, score: 1.5854024240979925e-05
scale: 207.0, score: 1.531624911876861e-05
scale: 208.0, score: 1.483575670135906e-05
scale: 209.0, score: 1.441095992049668e-05
scale: 210.0, score: 1.404036083840765e-05
scale: 211.0, score: 1.3722461517318152e-05
scale: 212.0, score: 1.3455831322062295e-05
scale: 213.0, score: 1.323906963079935e-05
scale: 214.0, score: 1.307081947743427e-05
scale: 215.0, score: 1.2949755728186574e-05
scale: 216.0, score: 1.2874592357547954e-05
scale: 217.0, score: 1.2844079719798174e-05
scale: 218.0, score: 1.2856999092036858e-05
scale: 219.0, score: 1.2912169950141106e-05
scale: 220.0, score: 1.3008437235839665e-05
scale: 221.0, score: 1.3144681361154653e-05
scale: 222.0, score: 1.3319817298906855e-05
scale: 223.0, score: 1.3532778211811092e-05
scale: 224.0, score: 1.3782537280349061e-05
scale: 225.0, score: 1.4068091331864707e-05
scale: 226.0, score: 1.438845993106952e-05
scale: 227.0, score: 1.4742691746505443e-05
scale: 228.0, score: 1.512985454610316e-05
scale: 229.0, score: 1.5549056115560234e-05
scale: 230.0, score: 1.5999421520973556e-05
scale: 231.0, score: 1.6480078556924127e-05
scale: 232.0, score: 1.6990214135148562e-05
scale: 233.0, score: 1.752900607243646e-05
scale: 234.0, score: 1.8095663108397275e-05
scale: 235.0, score: 1.868944127636496e-05
scale: 236.0, score: 1.9309556591906585e-05
scale: 237.0, score: 1.995531056309119e-05
scale: 238.0, score: 2.062595376628451e-05
scale: 239.0, score: 2.1320851374184713e-05
scale: 240.0, score: 2.2039263058104552e-05
scale: 241.0, score: 2.2780584913562052e-05
scale: 242.0, score: 2.3544178475276567e-05
scale: 243.0, score: 2.432937253615819e-05
scale: 244.0, score: 2.513560320949182e-05
scale: 245.0, score: 2.5962250219890848e-05
scale: 246.0, score: 2.6808744223671965e-05
scale: 247.0, score: 2.767451951513067e-05
scale: 248.0, score: 2.8559055863297544e-05
scale: 249.0, score: 2.9461791200446896e-05
scale: 250.0, score: 3.0382190743694082e-05
scale: 251.0, score: 3.1319785193772987e-05
scale: 252.0, score: 3.2274048862745985e-05
scale: 253.0, score: 3.3244534279219806e-05
scale: 254.0, score: 3.4230746678076684e-05
scale: 255.0, score: 3.5232191294198856e-05
self.delta: 217.0
16 tensor([-99999,      0,     10,     15,     20,     25,     30,     35,     40,
            45,     50,     55,     60,     65,     70,     75],
       device='cuda:0', dtype=torch.int32)
16 tensor([  0.,   1.,   2.,   3.,   4.,   6.,   8.,  12.,  16.,  24.,  32.,  48.,
         64.,  96., 128., 192.], device='cuda:0')
16 tensor([0.0000, 0.0046, 0.0092, 0.0138, 0.0184, 0.0276, 0.0369, 0.0553, 0.0737,
        0.1106, 0.1475, 0.2212, 0.2949, 0.4424, 0.5899, 0.8848],
       device='cuda:0')
scale: 192.0, score: 3.3065018214983866e-05
scale: 193.0, score: 3.1397928978549317e-05
scale: 194.0, score: 2.982224577863235e-05
scale: 195.0, score: 2.8335452952887863e-05
scale: 196.0, score: 2.6935011192108504e-05
scale: 197.0, score: 2.5618572180974297e-05
scale: 198.0, score: 2.438382216496393e-05
scale: 199.0, score: 2.3228467398439534e-05
scale: 200.0, score: 2.215034510300029e-05
scale: 201.0, score: 2.1147319785086438e-05
scale: 202.0, score: 2.0217319615767337e-05
scale: 203.0, score: 1.9358350982656702e-05
scale: 204.0, score: 1.856845847214572e-05
scale: 205.0, score: 1.7845723050413653e-05
scale: 206.0, score: 1.7188336641993374e-05
scale: 207.0, score: 1.659450208535418e-05
scale: 208.0, score: 1.6062484064605087e-05
scale: 209.0, score: 1.5590574548696168e-05
scale: 210.0, score: 1.5177164641499985e-05
scale: 211.0, score: 1.4820630894973874e-05
scale: 212.0, score: 1.4519433534587733e-05
scale: 213.0, score: 1.4272063708631322e-05
scale: 214.0, score: 1.4077058949624188e-05
scale: 215.0, score: 1.3932990441389848e-05
scale: 216.0, score: 1.3838471204508096e-05
scale: 217.0, score: 1.37921506393468e-05
scale: 218.0, score: 1.3792722711514216e-05
scale: 219.0, score: 1.3838908671459649e-05
scale: 220.0, score: 1.3929463420936372e-05
scale: 221.0, score: 1.4063180969969835e-05
scale: 222.0, score: 1.4238890798878856e-05
scale: 223.0, score: 1.4455444215855096e-05
scale: 224.0, score: 1.4711733456351794e-05
scale: 225.0, score: 1.5006674402684439e-05
scale: 226.0, score: 1.5339212040998973e-05
scale: 227.0, score: 1.5708323189755902e-05
scale: 228.0, score: 1.611299921933096e-05
scale: 229.0, score: 1.655227788432967e-05
scale: 230.0, score: 1.7025215129251592e-05
scale: 231.0, score: 1.7530875993543305e-05
scale: 232.0, score: 1.8068376448354684e-05
scale: 233.0, score: 1.8636832464835607e-05
scale: 234.0, score: 1.9235394574934617e-05
scale: 235.0, score: 1.9863253328367136e-05
scale: 236.0, score: 2.0519573808996938e-05
scale: 237.0, score: 2.1203586584306322e-05
scale: 238.0, score: 2.1914498574915342e-05
scale: 239.0, score: 2.265161856485065e-05
scale: 240.0, score: 2.34141516557429e-05
scale: 241.0, score: 2.420144301140681e-05
scale: 242.0, score: 2.5012805053847842e-05
scale: 243.0, score: 2.5847512006293982e-05
scale: 244.0, score: 2.670495814527385e-05
scale: 245.0, score: 2.758447408268694e-05
scale: 246.0, score: 2.848545045708306e-05
scale: 247.0, score: 2.940726699307561e-05
scale: 248.0, score: 3.03493688988965e-05
scale: 249.0, score: 3.131115227006376e-05
scale: 250.0, score: 3.229203502996825e-05
scale: 251.0, score: 3.329151149955578e-05
scale: 252.0, score: 3.4309014154132456e-05
scale: 253.0, score: 3.5344059142516926e-05
scale: 254.0, score: 3.639612623373978e-05
scale: 255.0, score: 3.746466973097995e-05
self.delta: 217.0
16 tensor([-99999,      0,     10,     15,     20,     25,     30,     35,     40,
            45,     50,     55,     60,     65,     70,     75],
       device='cuda:0', dtype=torch.int32)
16 tensor([  0.,   1.,   2.,   3.,   4.,   6.,   8.,  12.,  16.,  24.,  32.,  48.,
         64.,  96., 128., 192.], device='cuda:0')
16 tensor([0.0000, 0.0046, 0.0092, 0.0138, 0.0184, 0.0276, 0.0369, 0.0553, 0.0737,
        0.1106, 0.1475, 0.2212, 0.2949, 0.4424, 0.5899, 0.8848],
       device='cuda:0')
scale: 192.0, score: 1.070165671990253e-05
scale: 193.0, score: 1.024602352117654e-05
scale: 194.0, score: 9.815041266847402e-06
scale: 195.0, score: 9.4080342023517e-06
scale: 196.0, score: 9.024320206663106e-06
scale: 197.0, score: 8.663262633490376e-06
scale: 198.0, score: 8.324242116941605e-06
scale: 199.0, score: 8.006638381630182e-06
scale: 200.0, score: 7.709870260441676e-06
scale: 201.0, score: 7.433361588482512e-06
scale: 202.0, score: 7.176554845500505e-06
scale: 203.0, score: 6.938913429621607e-06
scale: 204.0, score: 6.7199089244240895e-06
scale: 205.0, score: 6.5190261011593975e-06
scale: 206.0, score: 6.335778380162083e-06
scale: 207.0, score: 6.169678727019345e-06
scale: 208.0, score: 6.02026238993858e-06
scale: 209.0, score: 5.887068709853338e-06
scale: 210.0, score: 5.7696634030435234e-06
scale: 211.0, score: 5.667609912052285e-06
scale: 212.0, score: 5.580493962042965e-06
scale: 213.0, score: 5.507906735147117e-06
scale: 214.0, score: 5.449455784400925e-06
scale: 215.0, score: 5.404757303040242e-06
scale: 216.0, score: 5.373435215005884e-06
scale: 217.0, score: 5.355127541406546e-06
scale: 218.0, score: 5.349480488803238e-06
scale: 219.0, score: 5.356151177693391e-06
scale: 220.0, score: 5.374803549784701e-06
scale: 221.0, score: 5.405112460721284e-06
scale: 222.0, score: 5.446763225336326e-06
scale: 223.0, score: 5.499445705936523e-06
scale: 224.0, score: 5.562861133512342e-06
scale: 225.0, score: 5.636717560264515e-06
scale: 226.0, score: 5.7207303143513855e-06
scale: 227.0, score: 5.814624728373019e-06
scale: 228.0, score: 5.918127953918884e-06
scale: 229.0, score: 6.030981694493676e-06
scale: 230.0, score: 6.152930836833548e-06
scale: 231.0, score: 6.283723450906109e-06
scale: 232.0, score: 6.423120339604793e-06
scale: 233.0, score: 6.57088548905449e-06
scale: 234.0, score: 6.726787432853598e-06
scale: 235.0, score: 6.890610620757798e-06
scale: 236.0, score: 7.0621272243442945e-06
scale: 237.0, score: 7.241132152557839e-06
scale: 238.0, score: 7.427410309901461e-06
scale: 239.0, score: 7.620775704708649e-06
scale: 240.0, score: 7.821014150977135e-06
scale: 241.0, score: 8.027948751987424e-06
scale: 242.0, score: 8.241394425567705e-06
scale: 243.0, score: 8.461155630357098e-06
scale: 244.0, score: 8.687068657309283e-06
scale: 245.0, score: 8.91895433596801e-06
scale: 246.0, score: 9.156646228802856e-06
scale: 247.0, score: 9.3999797172728e-06
scale: 248.0, score: 9.648803825257346e-06
scale: 249.0, score: 9.902953024720773e-06
scale: 250.0, score: 1.0162275430047885e-05
scale: 251.0, score: 1.0426630979054607e-05
scale: 252.0, score: 1.0695868695620447e-05
scale: 253.0, score: 1.0969857612508349e-05
scale: 254.0, score: 1.1248454939050134e-05
scale: 255.0, score: 1.1531518794072326e-05
self.delta: 218.0
16 tensor([-99999,      0,     10,     15,     20,     25,     30,     35,     40,
            45,     50,     55,     60,     65,     70,     75],
       device='cuda:0', dtype=torch.int32)
16 tensor([  0.,   1.,   2.,   3.,   4.,   6.,   8.,  12.,  16.,  24.,  32.,  48.,
         64.,  96., 128., 192.], device='cuda:0')
16 tensor([0.0000, 0.0046, 0.0092, 0.0138, 0.0183, 0.0275, 0.0367, 0.0550, 0.0734,
        0.1101, 0.1468, 0.2202, 0.2936, 0.4404, 0.5872, 0.8807],
       device='cuda:0')
scale: 192.0, score: 6.117958491813624e-06
scale: 193.0, score: 5.8977652770408895e-06
scale: 194.0, score: 5.689770659955684e-06
scale: 195.0, score: 5.493638582265703e-06
scale: 196.0, score: 5.309030711941887e-06
scale: 197.0, score: 5.135632363817422e-06
scale: 198.0, score: 4.973133854946354e-06
scale: 199.0, score: 4.821229595108889e-06
scale: 200.0, score: 4.679631274484564e-06
scale: 201.0, score: 4.54805240224232e-06
scale: 202.0, score: 4.426216946740169e-06
scale: 203.0, score: 4.313857516535791e-06
scale: 204.0, score: 4.210713996144477e-06
scale: 205.0, score: 4.11653036280768e-06
scale: 206.0, score: 4.031064236187376e-06
scale: 207.0, score: 3.954075509682298e-06
scale: 208.0, score: 3.8853331716381945e-06
scale: 209.0, score: 3.82460802939022e-06
scale: 210.0, score: 3.771686124309781e-06
scale: 211.0, score: 3.7263498597894795e-06
scale: 212.0, score: 3.6883945995214162e-06
scale: 213.0, score: 3.6576177535607712e-06
scale: 214.0, score: 3.6338244626676897e-06
scale: 215.0, score: 3.616823732954799e-06
scale: 216.0, score: 3.6064302548766136e-06
scale: 217.0, score: 3.602463948482182e-06
scale: 218.0, score: 3.6047501907887636e-06
scale: 219.0, score: 3.613118224166101e-06
scale: 220.0, score: 3.6274016110837692e-06
scale: 221.0, score: 3.6474395983532304e-06
scale: 222.0, score: 3.673075525512104e-06
scale: 223.0, score: 3.704156597450492e-06
scale: 224.0, score: 3.74053433915833e-06
scale: 225.0, score: 3.7820636862306856e-06
scale: 226.0, score: 3.828604803857161e-06
scale: 227.0, score: 3.880019903590437e-06
scale: 228.0, score: 3.936174834962003e-06
scale: 229.0, score: 3.9969413592189085e-06
scale: 230.0, score: 4.062193056597607e-06
scale: 231.0, score: 4.131804871576605e-06
scale: 232.0, score: 4.205659479339374e-06
scale: 233.0, score: 4.2836381908273324e-06
scale: 234.0, score: 4.365627319202758e-06
scale: 235.0, score: 4.451519998838194e-06
scale: 236.0, score: 4.5412039071379695e-06
scale: 237.0, score: 4.634576725948136e-06
scale: 238.0, score: 4.731532044388587e-06
scale: 239.0, score: 4.83197709399974e-06
scale: 240.0, score: 4.935806828143541e-06
scale: 241.0, score: 5.042933025833918e-06
scale: 242.0, score: 5.153265647095395e-06
scale: 243.0, score: 5.26670555700548e-06
scale: 244.0, score: 5.383173174777767e-06
scale: 245.0, score: 5.502578915184131e-06
scale: 246.0, score: 5.624840468954062e-06
scale: 247.0, score: 5.7498768910591025e-06
scale: 248.0, score: 5.877612693439005e-06
scale: 249.0, score: 6.007966931065312e-06
scale: 250.0, score: 6.140863206383074e-06
scale: 251.0, score: 6.276233762037009e-06
scale: 252.0, score: 6.4140026552195195e-06
scale: 253.0, score: 6.5541048570594285e-06
scale: 254.0, score: 6.696470336464699e-06
scale: 255.0, score: 6.841028607595945e-06
self.delta: 217.0
16 tensor([-99999,      0,     10,     15,     20,     25,     30,     35,     40,
            45,     50,     55,     60,     65,     70,     75],
       device='cuda:0', dtype=torch.int32)
16 tensor([  0.,   1.,   2.,   3.,   4.,   6.,   8.,  12.,  16.,  24.,  32.,  48.,
         64.,  96., 128., 192.], device='cuda:0')
16 tensor([0.0000, 0.0046, 0.0092, 0.0138, 0.0184, 0.0276, 0.0369, 0.0553, 0.0737,
        0.1106, 0.1475, 0.2212, 0.2949, 0.4424, 0.5899, 0.8848],
       device='cuda:0')
scale: 192.0, score: 1.066545519279316e-05
scale: 193.0, score: 1.0237627975584473e-05
scale: 194.0, score: 9.833253898250405e-06
scale: 195.0, score: 9.451686310057994e-06
scale: 196.0, score: 9.092275831790175e-06
scale: 197.0, score: 8.754418558964971e-06
scale: 198.0, score: 8.437518772552721e-06
scale: 199.0, score: 8.140991667460185e-06
scale: 200.0, score: 7.864280632929876e-06
scale: 201.0, score: 7.606837698403979e-06
scale: 202.0, score: 7.368132173724007e-06
scale: 203.0, score: 7.147651103878161e-06
scale: 204.0, score: 6.944892902538413e-06
scale: 205.0, score: 6.759366897313157e-06
scale: 206.0, score: 6.590607881662436e-06
scale: 207.0, score: 6.438153832277749e-06
scale: 208.0, score: 6.301560915744631e-06
scale: 209.0, score: 6.180391665111529e-06
scale: 210.0, score: 6.074230896047084e-06
scale: 211.0, score: 5.982664788461989e-06
scale: 212.0, score: 5.905295893171569e-06
scale: 213.0, score: 5.8417385844222736e-06
scale: 214.0, score: 5.791617240902269e-06
scale: 215.0, score: 5.754565336246742e-06
scale: 216.0, score: 5.730225893785246e-06
scale: 217.0, score: 5.7182546697731595e-06
scale: 218.0, score: 5.718314241676126e-06
scale: 219.0, score: 5.730077191401506e-06
scale: 220.0, score: 5.753224741056329e-06
scale: 221.0, score: 5.78744720769464e-06
scale: 222.0, score: 5.832444912812207e-06
scale: 223.0, score: 5.887921815883601e-06
scale: 224.0, score: 5.953593245067168e-06
scale: 225.0, score: 6.0291836234682705e-06
scale: 226.0, score: 6.114420102676377e-06
scale: 227.0, score: 6.209040293470025e-06
scale: 228.0, score: 6.312785899353912e-06
scale: 229.0, score: 6.425410447263857e-06
scale: 230.0, score: 6.546671556861838e-06
scale: 231.0, score: 6.676328212051885e-06
scale: 232.0, score: 6.814154858147958e-06
scale: 233.0, score: 6.959924576221965e-06
scale: 234.0, score: 7.113418178050779e-06
scale: 235.0, score: 7.274430117831798e-06
scale: 236.0, score: 7.4427443905733526e-06
scale: 237.0, score: 7.618164545419859e-06
scale: 238.0, score: 7.800485946063418e-06
scale: 239.0, score: 7.989532605279237e-06
scale: 240.0, score: 8.185099432012066e-06
scale: 241.0, score: 8.38701907923678e-06
scale: 242.0, score: 8.595115104981232e-06
scale: 243.0, score: 8.809201972326264e-06
scale: 244.0, score: 9.029121429193765e-06
scale: 245.0, score: 9.254707038053311e-06
scale: 246.0, score: 9.485795089858584e-06
scale: 247.0, score: 9.722233698994387e-06
scale: 248.0, score: 9.963876436813734e-06
scale: 249.0, score: 1.0210568689217325e-05
scale: 250.0, score: 1.046216220856877e-05
scale: 251.0, score: 1.0718526027631015e-05
scale: 252.0, score: 1.097951735573588e-05
scale: 253.0, score: 1.1245008863625117e-05
scale: 254.0, score: 1.1514865946082864e-05
scale: 255.0, score: 1.1788953088398557e-05
self.delta: 217.0
16 tensor([-99999,      0,     10,     15,     20,     25,     30,     35,     40,
            45,     50,     55,     60,     65,     70,     75],
       device='cuda:0', dtype=torch.int32)
16 tensor([  0.,   1.,   2.,   3.,   4.,   6.,   8.,  12.,  16.,  24.,  32.,  48.,
         64.,  96., 128., 192.], device='cuda:0')
16 tensor([0.0000, 0.0046, 0.0092, 0.0138, 0.0184, 0.0276, 0.0369, 0.0553, 0.0737,
        0.1106, 0.1475, 0.2212, 0.2949, 0.4424, 0.5899, 0.8848],
       device='cuda:0')
scale: 192.0, score: 8.503557182848454e-06
scale: 193.0, score: 8.168513886630535e-06
scale: 194.0, score: 7.85191969043808e-06
scale: 195.0, score: 7.553268915216904e-06
scale: 196.0, score: 7.272046786965802e-06
scale: 197.0, score: 7.007781732681906e-06
scale: 198.0, score: 6.760002634109696e-06
scale: 199.0, score: 6.528249741677428e-06
scale: 200.0, score: 6.312084224191494e-06
scale: 201.0, score: 6.111075890657958e-06
scale: 202.0, score: 5.924806373514002e-06
scale: 203.0, score: 5.752873221354093e-06
scale: 204.0, score: 5.594880349235609e-06
scale: 205.0, score: 5.450442131404998e-06
scale: 206.0, score: 5.319191586750094e-06
scale: 207.0, score: 5.200766736379592e-06
scale: 208.0, score: 5.094816970085958e-06
scale: 209.0, score: 5.000998044124572e-06
scale: 210.0, score: 4.918984359392198e-06
scale: 211.0, score: 4.8484480430488475e-06
scale: 212.0, score: 4.789078957401216e-06
scale: 213.0, score: 4.740571966976859e-06
scale: 214.0, score: 4.702631485997699e-06
scale: 215.0, score: 4.674969204643276e-06
scale: 216.0, score: 4.657304998545442e-06
scale: 217.0, score: 4.649366928788368e-06
scale: 218.0, score: 4.6508898776664864e-06
scale: 219.0, score: 4.6616160034318455e-06
scale: 220.0, score: 4.681295649788808e-06
scale: 221.0, score: 4.709682798420545e-06
scale: 222.0, score: 4.746543254441349e-06
scale: 223.0, score: 4.791643277712865e-06
scale: 224.0, score: 4.844760496780509e-06
scale: 225.0, score: 4.905676632915856e-06
scale: 226.0, score: 4.974175681127235e-06
scale: 227.0, score: 5.050053914601449e-06
scale: 228.0, score: 5.133107151777949e-06
scale: 229.0, score: 5.223139851295855e-06
scale: 230.0, score: 5.319962838257197e-06
scale: 231.0, score: 5.423386483016657e-06
scale: 232.0, score: 5.533232069865335e-06
scale: 233.0, score: 5.6493231568310875e-06
scale: 234.0, score: 5.7714855756785255e-06
scale: 235.0, score: 5.899558345845435e-06
scale: 236.0, score: 6.033370482327882e-06
scale: 237.0, score: 6.172767825773917e-06
scale: 238.0, score: 6.3175907598633785e-06
scale: 239.0, score: 6.467699222412193e-06
scale: 240.0, score: 6.6229322328581475e-06
scale: 241.0, score: 6.783159278711537e-06
scale: 242.0, score: 6.948238933546236e-06
scale: 243.0, score: 7.118026587704662e-06
scale: 244.0, score: 7.292399459402077e-06
scale: 245.0, score: 7.471223398169968e-06
scale: 246.0, score: 7.654372893739492e-06
scale: 247.0, score: 7.841725164325908e-06
scale: 248.0, score: 8.033167432586197e-06
scale: 249.0, score: 8.228576007240918e-06
scale: 250.0, score: 8.427836291957647e-06
scale: 251.0, score: 8.630846423329785e-06
scale: 252.0, score: 8.837489076540805e-06
scale: 253.0, score: 9.047667845152318e-06
scale: 254.0, score: 9.261276318284217e-06
scale: 255.0, score: 9.478208085056394e-06
self.delta: 217.0
16 tensor([-99999,      0,     10,     15,     20,     25,     30,     35,     40,
            45,     50,     55,     60,     65,     70,     75],
       device='cuda:0', dtype=torch.int32)
16 tensor([  0.,   1.,   2.,   3.,   4.,   6.,   8.,  12.,  16.,  24.,  32.,  48.,
         64.,  96., 128., 192.], device='cuda:0')
16 tensor([0.0000, 0.0046, 0.0092, 0.0138, 0.0184, 0.0276, 0.0369, 0.0553, 0.0737,
        0.1106, 0.1475, 0.2212, 0.2949, 0.4424, 0.5899, 0.8848],
       device='cuda:0')
scale: 192.0, score: 1.2379043255350552e-05
scale: 193.0, score: 1.1834034921776038e-05
scale: 194.0, score: 1.131909175455803e-05
scale: 195.0, score: 1.0833384294528514e-05
scale: 196.0, score: 1.0376079444540665e-05
scale: 197.0, score: 9.946403224603273e-06
scale: 198.0, score: 9.54359165916685e-06
scale: 199.0, score: 9.166891686618328e-06
scale: 200.0, score: 8.815592991595622e-06
scale: 201.0, score: 8.48899162519956e-06
scale: 202.0, score: 8.18640455690911e-06
scale: 203.0, score: 7.907177860033698e-06
scale: 204.0, score: 7.650666702829767e-06
scale: 205.0, score: 7.416239441226935e-06
scale: 206.0, score: 7.203301720437594e-06
scale: 207.0, score: 7.011260549916187e-06
scale: 208.0, score: 6.839546131232055e-06
scale: 209.0, score: 6.6875982156489044e-06
scale: 210.0, score: 6.554883384524146e-06
scale: 211.0, score: 6.440870038204594e-06
scale: 212.0, score: 6.345050678646658e-06
scale: 213.0, score: 6.266929631237872e-06
scale: 214.0, score: 6.206024409038946e-06
scale: 215.0, score: 6.161865258036414e-06
scale: 216.0, score: 6.133996521384688e-06
scale: 217.0, score: 6.121973456174601e-06
scale: 218.0, score: 6.125364507170161e-06
scale: 219.0, score: 6.143750397313852e-06
scale: 220.0, score: 6.176723218231928e-06
scale: 221.0, score: 6.223882792255608e-06
scale: 222.0, score: 6.284846222115448e-06
scale: 223.0, score: 6.359234703268157e-06
scale: 224.0, score: 6.446683983085677e-06
scale: 225.0, score: 6.546837539644912e-06
scale: 226.0, score: 6.659347491222434e-06
scale: 227.0, score: 6.783877324778587e-06
scale: 228.0, score: 6.920095074747223e-06
scale: 229.0, score: 7.067684236972127e-06
scale: 230.0, score: 7.226335583254695e-06
scale: 231.0, score: 7.395740340143675e-06
scale: 232.0, score: 7.575606559839798e-06
scale: 233.0, score: 7.765646842017304e-06
scale: 234.0, score: 7.96557742432924e-06
scale: 235.0, score: 8.175135008059442e-06
scale: 236.0, score: 8.39404219732387e-06
scale: 237.0, score: 8.622048881079536e-06
scale: 238.0, score: 8.85889312485233e-06
scale: 239.0, score: 9.104345735977404e-06
scale: 240.0, score: 9.358147508464754e-06
scale: 241.0, score: 9.620080163585953e-06
scale: 242.0, score: 9.88992178463377e-06
scale: 243.0, score: 1.0167431355512235e-05
scale: 244.0, score: 1.0452406968397554e-05
scale: 245.0, score: 1.0744633073045406e-05
scale: 246.0, score: 1.1043906852137297e-05
scale: 247.0, score: 1.1350023669365328e-05
scale: 248.0, score: 1.1662804354273248e-05
scale: 249.0, score: 1.198204427055316e-05
scale: 250.0, score: 1.23075569717912e-05
scale: 251.0, score: 1.2639175110962242e-05
scale: 252.0, score: 1.297671133215772e-05
scale: 253.0, score: 1.3320006473804824e-05
scale: 254.0, score: 1.3668887731910218e-05
scale: 255.0, score: 1.402318048349116e-05
self.delta: 217.0
16 tensor([-99999,      0,     10,     15,     20,     25,     30,     35,     40,
            45,     50,     55,     60,     65,     70,     75],
       device='cuda:0', dtype=torch.int32)
16 tensor([  0.,   1.,   2.,   3.,   4.,   6.,   8.,  12.,  16.,  24.,  32.,  48.,
         64.,  96., 128., 192.], device='cuda:0')
16 tensor([0.0000, 0.0046, 0.0092, 0.0138, 0.0184, 0.0276, 0.0369, 0.0553, 0.0737,
        0.1106, 0.1475, 0.2212, 0.2949, 0.4424, 0.5899, 0.8848],
       device='cuda:0')
scale: 192.0, score: 1.7919095625984482e-05
scale: 193.0, score: 1.7129257685155608e-05
scale: 194.0, score: 1.6383297406719066e-05
scale: 195.0, score: 1.5680006981710903e-05
scale: 196.0, score: 1.501816586824134e-05
scale: 197.0, score: 1.4396645383385476e-05
scale: 198.0, score: 1.381433230562834e-05
scale: 199.0, score: 1.3270124327391386e-05
scale: 200.0, score: 1.2762983715219889e-05
scale: 201.0, score: 1.2291882740100846e-05
scale: 202.0, score: 1.1855824595841113e-05
scale: 203.0, score: 1.1453853403509129e-05
scale: 204.0, score: 1.1085026926593855e-05
scale: 205.0, score: 1.0748424756457098e-05
scale: 206.0, score: 1.0443177416163962e-05
scale: 207.0, score: 1.0168418157263659e-05
scale: 208.0, score: 9.923319339577574e-06
scale: 209.0, score: 9.707056960905902e-06
scale: 210.0, score: 9.518854312773328e-06
scale: 211.0, score: 9.35793559619924e-06
scale: 212.0, score: 9.223559573001694e-06
scale: 213.0, score: 9.115002285398077e-06
scale: 214.0, score: 9.031558874994516e-06
scale: 215.0, score: 8.972544492280576e-06
scale: 216.0, score: 8.937290658650454e-06
scale: 217.0, score: 8.925151632865891e-06
scale: 218.0, score: 8.935494406614453e-06
scale: 219.0, score: 8.967710527940653e-06
scale: 220.0, score: 9.021198820846621e-06
scale: 221.0, score: 9.095379937207326e-06
scale: 222.0, score: 9.189693628286477e-06
scale: 223.0, score: 9.303586011810694e-06
scale: 224.0, score: 9.436522304895334e-06
scale: 225.0, score: 9.587986824044492e-06
scale: 226.0, score: 9.757470252225175e-06
scale: 227.0, score: 9.944479643309023e-06
scale: 228.0, score: 1.0148532055609394e-05
scale: 229.0, score: 1.0369166375312489e-05
scale: 230.0, score: 1.060592785506742e-05
scale: 231.0, score: 1.0858365385502111e-05
scale: 232.0, score: 1.1126056051580235e-05
scale: 233.0, score: 1.1408578757254872e-05
scale: 234.0, score: 1.1705518772942014e-05
scale: 235.0, score: 1.201649138238281e-05
scale: 236.0, score: 1.2341094588919077e-05
scale: 237.0, score: 1.2678961866186e-05
scale: 238.0, score: 1.3029705769440625e-05
scale: 239.0, score: 1.3392999790085014e-05
scale: 240.0, score: 1.376846012135502e-05
scale: 241.0, score: 1.4155772078083828e-05
scale: 242.0, score: 1.4554604604199994e-05
scale: 243.0, score: 1.4964613001211546e-05
scale: 244.0, score: 1.5385501683340408e-05
scale: 245.0, score: 1.581695323693566e-05
scale: 246.0, score: 1.6258671166724525e-05
scale: 247.0, score: 1.6710358977434225e-05
scale: 248.0, score: 1.7171752915601246e-05
scale: 249.0, score: 1.7642558304942213e-05
scale: 250.0, score: 1.8122498659067787e-05
scale: 251.0, score: 1.8611332052387297e-05
scale: 252.0, score: 1.9108789274469018e-05
scale: 253.0, score: 1.9614626580732875e-05
scale: 254.0, score: 2.0128600226598792e-05
scale: 255.0, score: 2.0650457372539677e-05
self.delta: 217.0
16 tensor([-99999,      0,     10,     15,     20,     25,     30,     35,     40,
            45,     50,     55,     60,     65,     70,     75],
       device='cuda:0', dtype=torch.int32)
16 tensor([  0.,   1.,   2.,   3.,   4.,   6.,   8.,  12.,  16.,  24.,  32.,  48.,
         64.,  96., 128., 192.], device='cuda:0')
16 tensor([0.0000, 0.0046, 0.0092, 0.0138, 0.0184, 0.0276, 0.0369, 0.0553, 0.0737,
        0.1106, 0.1475, 0.2212, 0.2949, 0.4424, 0.5899, 0.8848],
       device='cuda:0')
scale: 192.0, score: 1.4129665032669436e-05
scale: 193.0, score: 1.3543317436415236e-05
scale: 194.0, score: 1.2989302376809064e-05
scale: 195.0, score: 1.2466730368032586e-05
scale: 196.0, score: 1.197469828184694e-05
scale: 197.0, score: 1.1512380297062919e-05
scale: 198.0, score: 1.1078953320975415e-05
scale: 199.0, score: 1.067360608431045e-05
scale: 200.0, score: 1.0295576430507936e-05
scale: 201.0, score: 9.944104931491893e-06
scale: 202.0, score: 9.6184621725115e-06
scale: 203.0, score: 9.317938747699372e-06
scale: 204.0, score: 9.041845260071568e-06
scale: 205.0, score: 8.78950140759116e-06
scale: 206.0, score: 8.560265996493399e-06
scale: 207.0, score: 8.353505108971149e-06
scale: 208.0, score: 8.16860392660601e-06
scale: 209.0, score: 8.00495945441071e-06
scale: 210.0, score: 7.86199962021783e-06
scale: 211.0, score: 7.739151442365255e-06
scale: 212.0, score: 7.635871043021325e-06
scale: 213.0, score: 7.551622275059344e-06
scale: 214.0, score: 7.485888545488706e-06
scale: 215.0, score: 7.438164175255224e-06
scale: 216.0, score: 7.4079584919672925e-06
scale: 217.0, score: 7.394794465653831e-06
scale: 218.0, score: 7.398208254016936e-06
scale: 219.0, score: 7.417746928695124e-06
scale: 220.0, score: 7.452973932231544e-06
scale: 221.0, score: 7.503457709390204e-06
scale: 222.0, score: 7.568786259071203e-06
scale: 223.0, score: 7.648553946637549e-06
scale: 224.0, score: 7.742367415630724e-06
scale: 225.0, score: 7.849843314033933e-06
scale: 226.0, score: 7.970608749019448e-06
scale: 227.0, score: 8.104300832201261e-06
scale: 228.0, score: 8.250563041656278e-06
scale: 229.0, score: 8.409055226366036e-06
scale: 230.0, score: 8.579443601774983e-06
scale: 231.0, score: 8.761397111811675e-06
scale: 232.0, score: 8.954602890298702e-06
scale: 233.0, score: 9.158747161563952e-06
scale: 234.0, score: 9.373531611345243e-06
scale: 235.0, score: 9.598668839316815e-06
scale: 236.0, score: 9.833860531216487e-06
scale: 237.0, score: 1.007884020509664e-05
scale: 238.0, score: 1.0333322279620916e-05
scale: 239.0, score: 1.0597064829198644e-05
scale: 240.0, score: 1.0869785910472274e-05
scale: 241.0, score: 1.1151253602292854e-05
scale: 242.0, score: 1.1441225069575012e-05
scale: 243.0, score: 1.1739443834812846e-05
scale: 244.0, score: 1.2045693438267335e-05
scale: 245.0, score: 1.2359741049294826e-05
scale: 246.0, score: 1.2681366570177488e-05
scale: 247.0, score: 1.3010354450671002e-05
scale: 248.0, score: 1.3346506420930382e-05
scale: 249.0, score: 1.3689607840206008e-05
scale: 250.0, score: 1.4039454981684685e-05
scale: 251.0, score: 1.4395869584404863e-05
scale: 252.0, score: 1.475864974054275e-05
scale: 253.0, score: 1.512762264610501e-05
scale: 254.0, score: 1.5502604583161883e-05
scale: 255.0, score: 1.5883404557825997e-05
self.delta: 217.0
16 tensor([-99999,      0,     10,     15,     20,     25,     30,     35,     40,
            45,     50,     55,     60,     65,     70,     75],
       device='cuda:0', dtype=torch.int32)
16 tensor([  0.,   1.,   2.,   3.,   4.,   6.,   8.,  12.,  16.,  24.,  32.,  48.,
         64.,  96., 128., 192.], device='cuda:0')
16 tensor([0.0000, 0.0046, 0.0092, 0.0138, 0.0184, 0.0276, 0.0369, 0.0553, 0.0737,
        0.1106, 0.1475, 0.2212, 0.2949, 0.4424, 0.5899, 0.8848],
       device='cuda:0')
scale: 128.0, score: 0.00012640464410651475
scale: 129.0, score: 0.0001219061523443088
scale: 130.0, score: 0.00011756068852264434
scale: 131.0, score: 0.00011336283205309883
scale: 132.0, score: 0.00010930743155768141
scale: 133.0, score: 0.00010538945934968069
scale: 134.0, score: 0.00010160415695281699
scale: 135.0, score: 9.794695506570861e-05
scale: 136.0, score: 9.44134735618718e-05
scale: 137.0, score: 9.099942690227181e-05
scale: 138.0, score: 8.770080603426322e-05
scale: 139.0, score: 8.451366738881916e-05
scale: 140.0, score: 8.14342638477683e-05
scale: 141.0, score: 7.845898653613403e-05
scale: 142.0, score: 7.558439392596483e-05
scale: 143.0, score: 7.28071536286734e-05
scale: 144.0, score: 7.012402784312144e-05
scale: 145.0, score: 6.753192428732291e-05
scale: 146.0, score: 6.502789619844407e-05
scale: 147.0, score: 6.260905502131209e-05
scale: 148.0, score: 6.027268318575807e-05
scale: 149.0, score: 5.801608131150715e-05
scale: 150.0, score: 5.5836706451373175e-05
scale: 151.0, score: 5.373211024561897e-05
scale: 152.0, score: 5.169988071429543e-05
scale: 153.0, score: 4.9737776862457395e-05
scale: 154.0, score: 4.784354314324446e-05
scale: 155.0, score: 4.6015084080863744e-05
scale: 156.0, score: 4.425034421728924e-05
scale: 157.0, score: 4.2547311750240624e-05
scale: 158.0, score: 4.090410948265344e-05
scale: 159.0, score: 3.931885294150561e-05
scale: 160.0, score: 3.778980317292735e-05
scale: 161.0, score: 3.631520667113364e-05
scale: 162.0, score: 3.489341906970367e-05
scale: 163.0, score: 3.3522825106047094e-05
scale: 164.0, score: 3.22018786391709e-05
scale: 165.0, score: 3.0929091735742986e-05
scale: 166.0, score: 2.9703003747272305e-05
scale: 167.0, score: 2.8522237698780373e-05
scale: 168.0, score: 2.7385407520341687e-05
scale: 169.0, score: 2.629122172947973e-05
scale: 170.0, score: 2.5238419766537845e-05
scale: 171.0, score: 2.4225766537711024e-05
scale: 172.0, score: 2.325209425180219e-05
scale: 173.0, score: 2.2316244212561287e-05
scale: 174.0, score: 2.141711775038857e-05
scale: 175.0, score: 2.0553639842546545e-05
scale: 176.0, score: 1.97247791220434e-05
scale: 177.0, score: 1.8929518773802556e-05
scale: 178.0, score: 1.8166891095461324e-05
scale: 179.0, score: 1.7435953850508668e-05
scale: 180.0, score: 1.673581027716864e-05
scale: 181.0, score: 1.6065550880739465e-05
scale: 182.0, score: 1.5424333469127305e-05
scale: 183.0, score: 1.481131766922772e-05
scale: 184.0, score: 1.4225722225091886e-05
scale: 185.0, score: 1.3666751328855753e-05
scale: 186.0, score: 1.3133646461938042e-05
scale: 187.0, score: 1.2625688214029651e-05
scale: 188.0, score: 1.2142158993810881e-05
scale: 189.0, score: 1.1682371223287191e-05
scale: 190.0, score: 1.1245670066273306e-05
scale: 191.0, score: 1.0831386134668719e-05
scale: 192.0, score: 1.0438900062581524e-05
scale: 193.0, score: 1.0067605217045639e-05
scale: 194.0, score: 9.716912245494314e-06
scale: 195.0, score: 9.386251804244239e-06
scale: 196.0, score: 9.075051821128e-06
scale: 197.0, score: 8.782783879723866e-06
scale: 198.0, score: 8.50892138259951e-06
scale: 199.0, score: 8.252951374743134e-06
scale: 200.0, score: 8.01438363851048e-06
scale: 201.0, score: 7.792737051204313e-06
scale: 202.0, score: 7.587543223053217e-06
scale: 203.0, score: 7.3983537731692195e-06
scale: 204.0, score: 7.224726232379908e-06
scale: 205.0, score: 7.0662285907019395e-06
scale: 206.0, score: 6.92245293976157e-06
scale: 207.0, score: 6.792992280679755e-06
scale: 208.0, score: 6.677455985482084e-06
scale: 209.0, score: 6.575460247404408e-06
scale: 210.0, score: 6.486639904323965e-06
scale: 211.0, score: 6.410629794117995e-06
scale: 212.0, score: 6.3470820350630675e-06
scale: 213.0, score: 6.295656930888072e-06
scale: 214.0, score: 6.256023880268913e-06
scale: 215.0, score: 6.227861831575865e-06
scale: 216.0, score: 6.210855190147413e-06
scale: 217.0, score: 6.204702003742568e-06
scale: 218.0, score: 6.209107141330605e-06
scale: 219.0, score: 6.223780474101659e-06
scale: 220.0, score: 6.2484427871822845e-06
scale: 221.0, score: 6.282822596404003e-06
scale: 222.0, score: 6.326654329313897e-06
scale: 223.0, score: 6.37967877992196e-06
scale: 224.0, score: 6.441648565669311e-06
scale: 225.0, score: 6.512315849249717e-06
scale: 226.0, score: 6.591444616788067e-06
scale: 227.0, score: 6.678803856630111e-06
scale: 228.0, score: 6.774166195100406e-06
scale: 229.0, score: 6.8773138082178775e-06
scale: 230.0, score: 6.988034783717012e-06
scale: 231.0, score: 7.1061176640796475e-06
scale: 232.0, score: 7.2313641794607975e-06
scale: 233.0, score: 7.36357333153137e-06
scale: 234.0, score: 7.502553216909291e-06
scale: 235.0, score: 7.648124665138312e-06
scale: 236.0, score: 7.800094863341656e-06
scale: 237.0, score: 7.958295100252144e-06
scale: 238.0, score: 8.122541657940019e-06
scale: 239.0, score: 8.292682650790084e-06
scale: 240.0, score: 8.468536179861985e-06
scale: 241.0, score: 8.649956726003438e-06
scale: 242.0, score: 8.836786946631037e-06
scale: 243.0, score: 9.028865861182567e-06
scale: 244.0, score: 9.226054316968657e-06
scale: 245.0, score: 9.428203156858217e-06
scale: 246.0, score: 9.635173228161875e-06
scale: 247.0, score: 9.846828106674366e-06
scale: 248.0, score: 1.0063038644148037e-05
scale: 249.0, score: 1.0283670235367026e-05
scale: 250.0, score: 1.0508593732083682e-05
scale: 251.0, score: 1.0737691809481476e-05
scale: 252.0, score: 1.0970839866786264e-05
scale: 253.0, score: 1.1207926036149729e-05
scale: 254.0, score: 1.1448832992755342e-05
scale: 255.0, score: 1.1693441592797171e-05
self.delta: 217.0
15 tensor([-99999,      0,     10,     15,     20,     25,     30,     35,     40,
            45,     50,     55,     60,     65,     70], device='cuda:0',
       dtype=torch.int32)
15 tensor([  0.,   1.,   2.,   3.,   4.,   6.,   8.,  12.,  16.,  24.,  32.,  48.,
         64.,  96., 128.], device='cuda:0')
15 tensor([0.0000, 0.0046, 0.0092, 0.0138, 0.0184, 0.0276, 0.0369, 0.0553, 0.0737,
        0.1106, 0.1475, 0.2212, 0.2949, 0.4424, 0.5899], device='cuda:0')
scale: 128.0, score: 0.00012184651859570295
scale: 129.0, score: 0.00011748758697649464
scale: 130.0, score: 0.00011327679385431111
scale: 131.0, score: 0.00010920885688392445
scale: 132.0, score: 0.00010527878475841135
scale: 133.0, score: 0.00010148174624191597
scale: 134.0, score: 9.781314292922616e-05
scale: 135.0, score: 9.42685073823668e-05
scale: 136.0, score: 9.08436268218793e-05
scale: 137.0, score: 8.753436122788116e-05
scale: 138.0, score: 8.433681796304882e-05
scale: 139.0, score: 8.124718442559242e-05
scale: 140.0, score: 7.826184446457773e-05
scale: 141.0, score: 7.537731289630756e-05
scale: 142.0, score: 7.259025005623698e-05
scale: 143.0, score: 6.989739631535485e-05
scale: 144.0, score: 6.729568121954799e-05
scale: 145.0, score: 6.478207069449127e-05
scale: 146.0, score: 6.235371984075755e-05
scale: 147.0, score: 6.00078419665806e-05
scale: 148.0, score: 5.774180681328289e-05
scale: 149.0, score: 5.555299139814451e-05
scale: 150.0, score: 5.343893644749187e-05
scale: 151.0, score: 5.139729182701558e-05
scale: 152.0, score: 4.942570740240626e-05
scale: 153.0, score: 4.752201493829489e-05
scale: 154.0, score: 4.568403892335482e-05
scale: 155.0, score: 4.390973845147528e-05
scale: 156.0, score: 4.2197134462185204e-05
scale: 157.0, score: 4.054428791278042e-05
scale: 158.0, score: 3.894935434800573e-05
scale: 159.0, score: 3.7410536606330425e-05
scale: 160.0, score: 3.592615030356683e-05
scale: 161.0, score: 3.4494485589675605e-05
scale: 162.0, score: 3.311394902993925e-05
scale: 163.0, score: 3.178299812134355e-05
scale: 164.0, score: 3.0500117645715363e-05
scale: 165.0, score: 2.9263874239404686e-05
scale: 166.0, score: 2.8072854547644965e-05
scale: 167.0, score: 2.6925723432214e-05
scale: 168.0, score: 2.5821142116910778e-05
scale: 169.0, score: 2.4757857318036258e-05
scale: 170.0, score: 2.3734652131679468e-05
scale: 171.0, score: 2.2750335119781084e-05
scale: 172.0, score: 2.1803765775985084e-05
scale: 173.0, score: 2.0893825421808288e-05
scale: 174.0, score: 2.0019457224407233e-05
scale: 175.0, score: 1.9179615264874883e-05
scale: 176.0, score: 1.83733063749969e-05
scale: 177.0, score: 1.759953738655895e-05
scale: 178.0, score: 1.6857380614965223e-05
scale: 179.0, score: 1.614591747056693e-05
scale: 180.0, score: 1.5464283933397382e-05
scale: 181.0, score: 1.4811598703090567e-05
scale: 182.0, score: 1.4187046872393694e-05
scale: 183.0, score: 1.3589813534053974e-05
scale: 184.0, score: 1.3019144716963638e-05
scale: 185.0, score: 1.247426826012088e-05
scale: 186.0, score: 1.1954451110796072e-05
scale: 187.0, score: 1.145899386756355e-05
scale: 188.0, score: 1.098720713343937e-05
scale: 189.0, score: 1.0538420610828325e-05
scale: 190.0, score: 1.0112003110407386e-05
scale: 191.0, score: 9.707304343464784e-06
scale: 192.0, score: 9.323727681476157e-06
scale: 193.0, score: 8.960684681369457e-06
scale: 194.0, score: 8.61760327097727e-06
scale: 195.0, score: 8.293934115499724e-06
scale: 196.0, score: 7.989122423168737e-06
scale: 197.0, score: 7.702657057961915e-06
scale: 198.0, score: 7.4340291575936135e-06
scale: 199.0, score: 7.18273895472521e-06
scale: 200.0, score: 6.948315785848536e-06
scale: 201.0, score: 6.730291261192178e-06
scale: 202.0, score: 6.528213816636708e-06
scale: 203.0, score: 6.341647349472623e-06
scale: 204.0, score: 6.170163942442741e-06
scale: 205.0, score: 6.013347046973649e-06
scale: 206.0, score: 5.870798759133322e-06
scale: 207.0, score: 5.742127996199997e-06
scale: 208.0, score: 5.626955953630386e-06
scale: 209.0, score: 5.524907919607358e-06
scale: 210.0, score: 5.435634193418082e-06
scale: 211.0, score: 5.358779617381515e-06
scale: 212.0, score: 5.2940067689633e-06
scale: 213.0, score: 5.240988230070798e-06
scale: 214.0, score: 5.199402949074283e-06
scale: 215.0, score: 5.168938969291048e-06
scale: 216.0, score: 5.149293428985402e-06
scale: 217.0, score: 5.140172106621321e-06
scale: 218.0, score: 5.1412885113677476e-06
scale: 219.0, score: 5.1523634283512365e-06
scale: 220.0, score: 5.1731267376453616e-06
scale: 221.0, score: 5.203311957302503e-06
scale: 222.0, score: 5.242665793048218e-06
scale: 223.0, score: 5.290936769597465e-06
scale: 224.0, score: 5.347882506612223e-06
scale: 225.0, score: 5.413266535470029e-06
scale: 226.0, score: 5.486858299263986e-06
scale: 227.0, score: 5.568434971792158e-06
scale: 228.0, score: 5.6577746363473125e-06
scale: 229.0, score: 5.754668563895393e-06
scale: 230.0, score: 5.858910299139097e-06
scale: 231.0, score: 5.970294751023175e-06
scale: 232.0, score: 6.088630016165553e-06
scale: 233.0, score: 6.213722826942103e-06
scale: 234.0, score: 6.345385827444261e-06
scale: 235.0, score: 6.483445758931339e-06
scale: 236.0, score: 6.627716629736824e-06
scale: 237.0, score: 6.778032911824994e-06
scale: 238.0, score: 6.934219527465757e-06
scale: 239.0, score: 7.096127774275374e-06
scale: 240.0, score: 7.263582119776402e-06
scale: 241.0, score: 7.436438863805961e-06
scale: 242.0, score: 7.614550213475013e-06
scale: 243.0, score: 7.797756552463397e-06
scale: 244.0, score: 7.985925549292006e-06
scale: 245.0, score: 8.178910320566501e-06
scale: 246.0, score: 8.376578989555128e-06
scale: 247.0, score: 8.578795132052619e-06
scale: 248.0, score: 8.78543869475834e-06
scale: 249.0, score: 8.996375981951132e-06
scale: 250.0, score: 9.211482392856851e-06
scale: 251.0, score: 9.430645150132477e-06
scale: 252.0, score: 9.653742381487973e-06
scale: 253.0, score: 9.88066676654853e-06
scale: 254.0, score: 1.0111303708981723e-05
scale: 255.0, score: 1.0345537702960428e-05
self.delta: 217.0
15 tensor([-99999,      0,     10,     15,     20,     25,     30,     35,     40,
            45,     50,     55,     60,     65,     70], device='cuda:0',
       dtype=torch.int32)
15 tensor([  0.,   1.,   2.,   3.,   4.,   6.,   8.,  12.,  16.,  24.,  32.,  48.,
         64.,  96., 128.], device='cuda:0')
15 tensor([0.0000, 0.0046, 0.0092, 0.0138, 0.0184, 0.0276, 0.0369, 0.0553, 0.0737,
        0.1106, 0.1475, 0.2212, 0.2949, 0.4424, 0.5899], device='cuda:0')
Performing scale reparameterization ...
Validating ...
Test: [0/250]	Time 2.966 (2.966)	Loss 1.1909 (1.1909)	Prec@1 74.000 (74.000)	Prec@5 94.500 (94.500)
Test: [100/250]	Time 0.418 (0.444)	Loss 2.6884 (1.6558)	Prec@1 41.500 (65.228)	Prec@5 72.500 (87.827)
Test: [200/250]	Time 0.418 (0.431)	Loss 1.3788 (2.0576)	Prec@1 80.000 (58.249)	Prec@5 91.000 (81.843)
 * Prec@1 57.664 Prec@5 81.360 Time 107.238
