Namespace(model='deit_base', dataset='dataset/imagenet/', calib_batchsize=32, val_batchsize=200, num_workers=8, device='cuda', print_freq=100, seed=0, w_bits=4, a_bits=4, log_quant_scheme='BitLog2_Half_16')
Building dataloader ...
Building model ...
Performing initial quantization ...
scale: 192.0, score: 2.7728123313863762e-05
scale: 193.0, score: 2.6322326448280364e-05
scale: 194.0, score: 2.500958726159297e-05
scale: 195.0, score: 2.3787293685018085e-05
scale: 196.0, score: 2.2652831830782816e-05
scale: 197.0, score: 2.1603755158139393e-05
scale: 198.0, score: 2.063766442006454e-05
scale: 199.0, score: 1.9752196749323048e-05
scale: 200.0, score: 1.8945107512990944e-05
scale: 201.0, score: 1.821418663894292e-05
scale: 202.0, score: 1.7557293176651e-05
scale: 203.0, score: 1.697236075415276e-05
scale: 204.0, score: 1.6457363017252646e-05
scale: 205.0, score: 1.6010337276384234e-05
scale: 206.0, score: 1.5629391782567836e-05
scale: 207.0, score: 1.5312674804590642e-05
scale: 208.0, score: 1.5058391909406055e-05
scale: 209.0, score: 1.486479231971316e-05
scale: 210.0, score: 1.4730190741829574e-05
scale: 211.0, score: 1.4652930985903367e-05
scale: 212.0, score: 1.4631416888732929e-05
scale: 213.0, score: 1.4664091395388823e-05
scale: 214.0, score: 1.4749442016182002e-05
scale: 215.0, score: 1.4885996279190294e-05
scale: 216.0, score: 1.5072323549247812e-05
scale: 217.0, score: 1.530703593743965e-05
scale: 218.0, score: 1.558878102514427e-05
scale: 219.0, score: 1.591624277352821e-05
scale: 220.0, score: 1.6288138795061968e-05
scale: 221.0, score: 1.670322490099352e-05
scale: 222.0, score: 1.716030419629533e-05
scale: 223.0, score: 1.765818160492927e-05
scale: 224.0, score: 1.819572389649693e-05
scale: 225.0, score: 1.8771819668472745e-05
scale: 226.0, score: 1.938537934620399e-05
scale: 227.0, score: 2.0035346096847206e-05
scale: 228.0, score: 2.0720679458463565e-05
scale: 229.0, score: 2.1440404452732764e-05
scale: 230.0, score: 2.21935442823451e-05
scale: 231.0, score: 2.2979134882916696e-05
scale: 232.0, score: 2.3796275854692794e-05
scale: 233.0, score: 2.4644050427014008e-05
scale: 234.0, score: 2.5521583665977232e-05
scale: 235.0, score: 2.64280715782661e-05
scale: 236.0, score: 2.736262649705168e-05
scale: 237.0, score: 2.832447353284806e-05
scale: 238.0, score: 2.9312788683455437e-05
scale: 239.0, score: 3.0326891646836884e-05
scale: 240.0, score: 3.136592567898333e-05
scale: 241.0, score: 3.242925231461413e-05
scale: 242.0, score: 3.351617124280892e-05
scale: 243.0, score: 3.46259112120606e-05
scale: 244.0, score: 3.575786831788719e-05
scale: 245.0, score: 3.6911365896230564e-05
scale: 246.0, score: 3.8085760024841875e-05
scale: 247.0, score: 3.9280432247323915e-05
scale: 248.0, score: 4.0494818676961586e-05
scale: 249.0, score: 4.172828994342126e-05
scale: 250.0, score: 4.298025305615738e-05
scale: 251.0, score: 4.425019506015815e-05
scale: 252.0, score: 4.5537537516793236e-05
scale: 253.0, score: 4.68417965748813e-05
scale: 254.0, score: 4.816241926164366e-05
scale: 255.0, score: 4.949886351823807e-05
self.delta: 212.0
16 tensor([-99999,      0,     10,     15,     20,     25,     30,     35,     40,
            45,     50,     55,     60,     65,     70,     75],
       device='cuda:0', dtype=torch.int32)
16 tensor([  0.,   1.,   2.,   3.,   4.,   6.,   8.,  12.,  16.,  24.,  32.,  48.,
         64.,  96., 128., 192.], device='cuda:0')
16 tensor([0.0000, 0.0047, 0.0094, 0.0142, 0.0189, 0.0283, 0.0377, 0.0566, 0.0755,
        0.1132, 0.1509, 0.2264, 0.3019, 0.4528, 0.6038, 0.9057],
       device='cuda:0')
scale: 192.0, score: 8.64024696056731e-06
scale: 193.0, score: 8.317103493027389e-06
scale: 194.0, score: 8.011973477550782e-06
scale: 195.0, score: 7.724362149019726e-06
scale: 196.0, score: 7.4537674663588405e-06
scale: 197.0, score: 7.199725587270223e-06
scale: 198.0, score: 6.961779945413582e-06
scale: 199.0, score: 6.739477157680085e-06
scale: 200.0, score: 6.532391580549302e-06
scale: 201.0, score: 6.3401007537322585e-06
scale: 202.0, score: 6.162195859360509e-06
scale: 203.0, score: 5.998283995722886e-06
scale: 204.0, score: 5.847977263329085e-06
scale: 205.0, score: 5.710900040867273e-06
scale: 206.0, score: 5.586693077930249e-06
scale: 207.0, score: 5.475001671584323e-06
scale: 208.0, score: 5.375484306568978e-06
scale: 209.0, score: 5.287804015097208e-06
scale: 210.0, score: 5.211641564528691e-06
scale: 211.0, score: 5.146679541212507e-06
scale: 212.0, score: 5.092610990686808e-06
scale: 213.0, score: 5.049140327173518e-06
scale: 214.0, score: 5.015977421862772e-06
scale: 215.0, score: 4.992841240891721e-06
scale: 216.0, score: 4.9794575716077816e-06
scale: 217.0, score: 4.9755608415580355e-06
scale: 218.0, score: 4.980892299499828e-06
scale: 219.0, score: 4.995200015400769e-06
scale: 220.0, score: 5.018238425691379e-06
scale: 221.0, score: 5.049769697507145e-06
scale: 222.0, score: 5.089562364446465e-06
scale: 223.0, score: 5.137390417075949e-06
scale: 224.0, score: 5.19303512191982e-06
scale: 225.0, score: 5.256282292975811e-06
scale: 226.0, score: 5.326924110704567e-06
scale: 227.0, score: 5.4047586672822945e-06
scale: 228.0, score: 5.489586328621954e-06
scale: 229.0, score: 5.581218374572927e-06
scale: 230.0, score: 5.679468358721351e-06
scale: 231.0, score: 5.784151198895415e-06
scale: 232.0, score: 5.895092272112379e-06
scale: 233.0, score: 6.012119229126256e-06
scale: 234.0, score: 6.135061539680464e-06
scale: 235.0, score: 6.2637632254336495e-06
scale: 236.0, score: 6.398056029865984e-06
scale: 237.0, score: 6.537790341099026e-06
scale: 238.0, score: 6.682808361802017e-06
scale: 239.0, score: 6.832975941506447e-06
scale: 240.0, score: 6.9881330091448035e-06
scale: 241.0, score: 7.14815314495354e-06
scale: 242.0, score: 7.312900834222091e-06
scale: 243.0, score: 7.482231922040228e-06
scale: 244.0, score: 7.656026355107315e-06
scale: 245.0, score: 7.834153620933648e-06
scale: 246.0, score: 8.016492756723892e-06
scale: 247.0, score: 8.202920980693307e-06
scale: 248.0, score: 8.393330972467083e-06
scale: 249.0, score: 8.587599950260483e-06
scale: 250.0, score: 8.785616955719888e-06
scale: 251.0, score: 8.987280125438701e-06
scale: 252.0, score: 9.192479410558008e-06
scale: 253.0, score: 9.40111840463942e-06
scale: 254.0, score: 9.613092515792232e-06
scale: 255.0, score: 9.828298061620444e-06
self.delta: 217.0
16 tensor([-99999,      0,     10,     15,     20,     25,     30,     35,     40,
            45,     50,     55,     60,     65,     70,     75],
       device='cuda:0', dtype=torch.int32)
16 tensor([  0.,   1.,   2.,   3.,   4.,   6.,   8.,  12.,  16.,  24.,  32.,  48.,
         64.,  96., 128., 192.], device='cuda:0')
16 tensor([0.0000, 0.0046, 0.0092, 0.0138, 0.0184, 0.0276, 0.0369, 0.0553, 0.0737,
        0.1106, 0.1475, 0.2212, 0.2949, 0.4424, 0.5899, 0.8848],
       device='cuda:0')
scale: 192.0, score: 8.216591595555656e-06
scale: 193.0, score: 7.902687684691045e-06
scale: 194.0, score: 7.606136477988912e-06
scale: 195.0, score: 7.326461400225526e-06
scale: 196.0, score: 7.0631804192089476e-06
scale: 197.0, score: 6.815846973040607e-06
scale: 198.0, score: 6.5840204115374945e-06
scale: 199.0, score: 6.367266450979514e-06
scale: 200.0, score: 6.165173090266762e-06
scale: 201.0, score: 5.977334240014898e-06
scale: 202.0, score: 5.803357908007456e-06
scale: 203.0, score: 5.642863925459096e-06
scale: 204.0, score: 5.495480763784144e-06
scale: 205.0, score: 5.36084462510189e-06
scale: 206.0, score: 5.238612175162416e-06
scale: 207.0, score: 5.1284396249684505e-06
scale: 208.0, score: 5.030000011174707e-06
scale: 209.0, score: 4.94296773467795e-06
scale: 210.0, score: 4.8670367505110335e-06
scale: 211.0, score: 4.801899194717407e-06
scale: 212.0, score: 4.747262664750451e-06
scale: 213.0, score: 4.702839760284405e-06
scale: 214.0, score: 4.668353540182579e-06
scale: 215.0, score: 4.6435316107817926e-06
scale: 216.0, score: 4.6281111281132326e-06
scale: 217.0, score: 4.621835614670999e-06
scale: 218.0, score: 4.624456323654158e-06
scale: 219.0, score: 4.635730874724686e-06
scale: 220.0, score: 4.655422799260123e-06
scale: 221.0, score: 4.68330244984827e-06
scale: 222.0, score: 4.719147909781896e-06
scale: 223.0, score: 4.762741355079925e-06
scale: 224.0, score: 4.813871782971546e-06
scale: 225.0, score: 4.872332738159457e-06
scale: 226.0, score: 4.937924586556619e-06
scale: 227.0, score: 5.010452696296852e-06
scale: 228.0, score: 5.089726073492784e-06
scale: 229.0, score: 5.175561000214657e-06
scale: 230.0, score: 5.267779215500923e-06
scale: 231.0, score: 5.366202003642684e-06
scale: 232.0, score: 5.470662472362164e-06
scale: 233.0, score: 5.580991910392186e-06
scale: 234.0, score: 5.697029337170534e-06
scale: 235.0, score: 5.818621048092609e-06
scale: 236.0, score: 5.945607881585602e-06
scale: 237.0, score: 6.077845227991929e-06
scale: 238.0, score: 6.215181201696396e-06
scale: 239.0, score: 6.357484835461946e-06
scale: 240.0, score: 6.504604698420735e-06
scale: 241.0, score: 6.656417099293321e-06
scale: 242.0, score: 6.812790616095299e-06
scale: 243.0, score: 6.973589279368753e-06
scale: 244.0, score: 7.138695309549803e-06
scale: 245.0, score: 7.307984105864307e-06
scale: 246.0, score: 7.481338343495736e-06
scale: 247.0, score: 7.658641152374912e-06
scale: 248.0, score: 7.83978703111643e-06
scale: 249.0, score: 8.024660019145813e-06
scale: 250.0, score: 8.21315188659355e-06
scale: 251.0, score: 8.405165317526553e-06
scale: 252.0, score: 8.600592082075309e-06
scale: 253.0, score: 8.799342140264343e-06
scale: 254.0, score: 9.001312719192356e-06
scale: 255.0, score: 9.206405593431555e-06
self.delta: 217.0
16 tensor([-99999,      0,     10,     15,     20,     25,     30,     35,     40,
            45,     50,     55,     60,     65,     70,     75],
       device='cuda:0', dtype=torch.int32)
16 tensor([  0.,   1.,   2.,   3.,   4.,   6.,   8.,  12.,  16.,  24.,  32.,  48.,
         64.,  96., 128., 192.], device='cuda:0')
16 tensor([0.0000, 0.0046, 0.0092, 0.0138, 0.0184, 0.0276, 0.0369, 0.0553, 0.0737,
        0.1106, 0.1475, 0.2212, 0.2949, 0.4424, 0.5899, 0.8848],
       device='cuda:0')
scale: 192.0, score: 1.880901982076466e-05
scale: 193.0, score: 1.7873882825369947e-05
scale: 194.0, score: 1.6992360542644747e-05
scale: 195.0, score: 1.616297595319338e-05
scale: 196.0, score: 1.538423020974733e-05
scale: 197.0, score: 1.4654740880359896e-05
scale: 198.0, score: 1.3973142813483719e-05
scale: 199.0, score: 1.3338085409486666e-05
scale: 200.0, score: 1.2748299923259765e-05
scale: 201.0, score: 1.2202519428683445e-05
scale: 202.0, score: 1.1699530659825541e-05
scale: 203.0, score: 1.1238158549531363e-05
scale: 204.0, score: 1.0817247130034957e-05
scale: 205.0, score: 1.0435670446895529e-05
scale: 206.0, score: 1.0092361662827898e-05
scale: 207.0, score: 9.786263035493903e-06
scale: 208.0, score: 9.516350473859347e-06
scale: 209.0, score: 9.281625352741685e-06
scale: 210.0, score: 9.081129974219948e-06
scale: 211.0, score: 8.91391664481489e-06
scale: 212.0, score: 8.779077688814141e-06
scale: 213.0, score: 8.675723620399367e-06
scale: 214.0, score: 8.60299314808799e-06
scale: 215.0, score: 8.56004589877557e-06
scale: 216.0, score: 8.546065146219917e-06
scale: 217.0, score: 8.560257811041083e-06
scale: 218.0, score: 8.601851732237265e-06
scale: 219.0, score: 8.6700974861742e-06
scale: 220.0, score: 8.76426202012226e-06
scale: 221.0, score: 8.883635928214062e-06
scale: 222.0, score: 9.02752890397096e-06
scale: 223.0, score: 9.195267921313643e-06
scale: 224.0, score: 9.386198144056834e-06
scale: 225.0, score: 9.599685654393397e-06
scale: 226.0, score: 9.835107448452618e-06
scale: 227.0, score: 1.0091860531247221e-05
scale: 228.0, score: 1.036935191223165e-05
scale: 229.0, score: 1.066701952368021e-05
scale: 230.0, score: 1.0984306754835416e-05
scale: 231.0, score: 1.132066154241329e-05
scale: 232.0, score: 1.1675566383928526e-05
scale: 233.0, score: 1.2048501048411708e-05
scale: 234.0, score: 1.2438961675798055e-05
scale: 235.0, score: 1.2846485333284363e-05
scale: 236.0, score: 1.3270569070300553e-05
scale: 237.0, score: 1.3710763596463948e-05
scale: 238.0, score: 1.416660234099254e-05
scale: 239.0, score: 1.4637685126217548e-05
scale: 240.0, score: 1.5123533557925839e-05
scale: 241.0, score: 1.5623772924300283e-05
scale: 242.0, score: 1.6137999409693293e-05
scale: 243.0, score: 1.6665779185132124e-05
scale: 244.0, score: 1.720676118566189e-05
scale: 245.0, score: 1.7760556147550233e-05
scale: 246.0, score: 1.832679299695883e-05
scale: 247.0, score: 1.8905120668932796e-05
scale: 248.0, score: 1.9495213564368896e-05
scale: 249.0, score: 2.0096704247407615e-05
scale: 250.0, score: 2.0709265299956314e-05
scale: 251.0, score: 2.1332589312805794e-05
scale: 252.0, score: 2.1966348867863417e-05
scale: 253.0, score: 2.2610262021771632e-05
scale: 254.0, score: 2.3264019546331838e-05
scale: 255.0, score: 2.3927297661430202e-05
self.delta: 216.0
16 tensor([-99999,      0,     10,     15,     20,     25,     30,     35,     40,
            45,     50,     55,     60,     65,     70,     75],
       device='cuda:0', dtype=torch.int32)
16 tensor([  0.,   1.,   2.,   3.,   4.,   6.,   8.,  12.,  16.,  24.,  32.,  48.,
         64.,  96., 128., 192.], device='cuda:0')
16 tensor([0.0000, 0.0046, 0.0093, 0.0139, 0.0185, 0.0278, 0.0370, 0.0556, 0.0741,
        0.1111, 0.1481, 0.2222, 0.2963, 0.4444, 0.5926, 0.8889],
       device='cuda:0')
scale: 192.0, score: 1.6724487068131566e-05
scale: 193.0, score: 1.5940089724608697e-05
scale: 194.0, score: 1.5199706467683427e-05
scale: 195.0, score: 1.450212312192889e-05
scale: 196.0, score: 1.38461164169712e-05
scale: 197.0, score: 1.3230547665443737e-05
scale: 198.0, score: 1.2654303645831533e-05
scale: 199.0, score: 1.2116275684093125e-05
scale: 200.0, score: 1.1615423318289686e-05
scale: 201.0, score: 1.1150713362440001e-05
scale: 202.0, score: 1.0721146281866822e-05
scale: 203.0, score: 1.0325760740670376e-05
scale: 204.0, score: 9.963610864360817e-06
scale: 205.0, score: 9.633774425310548e-06
scale: 206.0, score: 9.335377399111167e-06
scale: 207.0, score: 9.067551218322478e-06
scale: 208.0, score: 8.829459147818852e-06
scale: 209.0, score: 8.62028082337929e-06
scale: 210.0, score: 8.439232260570861e-06
scale: 211.0, score: 8.285537660412956e-06
scale: 212.0, score: 8.158452146744821e-06
scale: 213.0, score: 8.057246304815635e-06
scale: 214.0, score: 7.981217095220927e-06
scale: 215.0, score: 7.929672392492648e-06
scale: 216.0, score: 7.901943718024995e-06
scale: 217.0, score: 7.897381692600902e-06
scale: 218.0, score: 7.915354217402637e-06
scale: 219.0, score: 7.9552455645171e-06
scale: 220.0, score: 8.016456376935821e-06
scale: 221.0, score: 8.098401849565562e-06
scale: 222.0, score: 8.200520824175328e-06
scale: 223.0, score: 8.322257599502336e-06
scale: 224.0, score: 8.463079211651348e-06
scale: 225.0, score: 8.622460882179439e-06
scale: 226.0, score: 8.799896022537723e-06
scale: 227.0, score: 8.994888958113734e-06
scale: 228.0, score: 9.206954018736724e-06
scale: 229.0, score: 9.435629181098193e-06
scale: 230.0, score: 9.680459697847255e-06
scale: 231.0, score: 9.940990821633022e-06
scale: 232.0, score: 1.0216797818429768e-05
scale: 233.0, score: 1.0507457773201168e-05
scale: 234.0, score: 1.0812556865857914e-05
scale: 235.0, score: 1.1131709470646456e-05
scale: 236.0, score: 1.1464508133940399e-05
scale: 237.0, score: 1.1810586329374928e-05
scale: 238.0, score: 1.216955752170179e-05
scale: 239.0, score: 1.2541093383333646e-05
scale: 240.0, score: 1.2924806469527539e-05
scale: 241.0, score: 1.3320383004611358e-05
scale: 242.0, score: 1.3727493751503062e-05
scale: 243.0, score: 1.4145786735753063e-05
scale: 244.0, score: 1.457496819057269e-05
scale: 245.0, score: 1.5014719792816322e-05
scale: 246.0, score: 1.546474413771648e-05
scale: 247.0, score: 1.5924744730000384e-05
scale: 248.0, score: 1.639445690670982e-05
scale: 249.0, score: 1.6873580534593202e-05
scale: 250.0, score: 1.7361846403218806e-05
scale: 251.0, score: 1.7859001673059538e-05
scale: 252.0, score: 1.8364782590651885e-05
scale: 253.0, score: 1.8878947230405174e-05
scale: 254.0, score: 1.9401244571781717e-05
scale: 255.0, score: 1.9931418137275614e-05
self.delta: 217.0
16 tensor([-99999,      0,     10,     15,     20,     25,     30,     35,     40,
            45,     50,     55,     60,     65,     70,     75],
       device='cuda:0', dtype=torch.int32)
16 tensor([  0.,   1.,   2.,   3.,   4.,   6.,   8.,  12.,  16.,  24.,  32.,  48.,
         64.,  96., 128., 192.], device='cuda:0')
16 tensor([0.0000, 0.0046, 0.0092, 0.0138, 0.0184, 0.0276, 0.0369, 0.0553, 0.0737,
        0.1106, 0.1475, 0.2212, 0.2949, 0.4424, 0.5899, 0.8848],
       device='cuda:0')
scale: 192.0, score: 1.2262328709766734e-05
scale: 193.0, score: 1.1732876373571344e-05
scale: 194.0, score: 1.1232700671826024e-05
scale: 195.0, score: 1.07609939732356e-05
scale: 196.0, score: 1.0316941370547283e-05
scale: 197.0, score: 9.899792530632112e-06
scale: 198.0, score: 9.508803486824036e-06
scale: 199.0, score: 9.14323845790932e-06
scale: 200.0, score: 8.802406227914616e-06
scale: 201.0, score: 8.485621947329491e-06
scale: 202.0, score: 8.19222168502165e-06
scale: 203.0, score: 7.921565156721044e-06
scale: 204.0, score: 7.673024811083451e-06
scale: 205.0, score: 7.445989922416629e-06
scale: 206.0, score: 7.239876595122041e-06
scale: 207.0, score: 7.054109119053464e-06
scale: 208.0, score: 6.888133157190168e-06
scale: 209.0, score: 6.741402103216387e-06
scale: 210.0, score: 6.61339709040476e-06
scale: 211.0, score: 6.503599706775276e-06
scale: 212.0, score: 6.411517006199574e-06
scale: 213.0, score: 6.3366642280016094e-06
scale: 214.0, score: 6.278572527662618e-06
scale: 215.0, score: 6.23678533884231e-06
scale: 216.0, score: 6.210856554389466e-06
scale: 217.0, score: 6.200355528562795e-06
scale: 218.0, score: 6.2048607105680276e-06
scale: 219.0, score: 6.223964646778768e-06
scale: 220.0, score: 6.257268069020938e-06
scale: 221.0, score: 6.304383532551583e-06
scale: 222.0, score: 6.364936780300923e-06
scale: 223.0, score: 6.4385594669147395e-06
scale: 224.0, score: 6.524896434711991e-06
scale: 225.0, score: 6.623599347221898e-06
scale: 226.0, score: 6.734332600899506e-06
scale: 227.0, score: 6.856766049168073e-06
scale: 228.0, score: 6.990577276155818e-06
scale: 229.0, score: 7.135457508411491e-06
scale: 230.0, score: 7.291105703188805e-06
scale: 231.0, score: 7.457220817741472e-06
scale: 232.0, score: 7.633519999217242e-06
scale: 233.0, score: 7.819720849511214e-06
scale: 234.0, score: 8.015549610718153e-06
scale: 235.0, score: 8.22074889583746e-06
scale: 236.0, score: 8.435048584942706e-06
scale: 237.0, score: 8.658204933453817e-06
scale: 238.0, score: 8.889960554370191e-06
scale: 239.0, score: 9.130098987952806e-06
scale: 240.0, score: 9.378360118716955e-06
scale: 241.0, score: 9.634536581870634e-06
scale: 242.0, score: 9.898408279696014e-06
scale: 243.0, score: 1.0169744200538844e-05
scale: 244.0, score: 1.0448346074554138e-05
scale: 245.0, score: 1.0734004717960488e-05
scale: 246.0, score: 1.1026520041923504e-05
scale: 247.0, score: 1.1325697414577007e-05
scale: 248.0, score: 1.1631355846475344e-05
scale: 249.0, score: 1.1943301615247037e-05
scale: 250.0, score: 1.2261352821951732e-05
scale: 251.0, score: 1.2585343938553706e-05
scale: 252.0, score: 1.2915093975607306e-05
scale: 253.0, score: 1.3250447409518529e-05
scale: 254.0, score: 1.3591235983767547e-05
scale: 255.0, score: 1.393729053233983e-05
self.delta: 217.0
16 tensor([-99999,      0,     10,     15,     20,     25,     30,     35,     40,
            45,     50,     55,     60,     65,     70,     75],
       device='cuda:0', dtype=torch.int32)
16 tensor([  0.,   1.,   2.,   3.,   4.,   6.,   8.,  12.,  16.,  24.,  32.,  48.,
         64.,  96., 128., 192.], device='cuda:0')
16 tensor([0.0000, 0.0046, 0.0092, 0.0138, 0.0184, 0.0276, 0.0369, 0.0553, 0.0737,
        0.1106, 0.1475, 0.2212, 0.2949, 0.4424, 0.5899, 0.8848],
       device='cuda:0')
scale: 192.0, score: 1.1729604011634365e-05
scale: 193.0, score: 1.1206111594219692e-05
scale: 194.0, score: 1.0711790309869684e-05
scale: 195.0, score: 1.0245835255773272e-05
scale: 196.0, score: 9.807431524677668e-06
scale: 197.0, score: 9.39583514991682e-06
scale: 198.0, score: 9.010299436340574e-06
scale: 199.0, score: 8.65009587869281e-06
scale: 200.0, score: 8.314531442010775e-06
scale: 201.0, score: 8.00292309577344e-06
scale: 202.0, score: 7.714610546827316e-06
scale: 203.0, score: 7.448955784639111e-06
scale: 204.0, score: 7.205333076854004e-06
scale: 205.0, score: 6.9831303335377015e-06
scale: 206.0, score: 6.781769570807228e-06
scale: 207.0, score: 6.60067507851636e-06
scale: 208.0, score: 6.439292974391719e-06
scale: 209.0, score: 6.297078471106943e-06
scale: 210.0, score: 6.173516339913476e-06
scale: 211.0, score: 6.068087714083958e-06
scale: 212.0, score: 5.980301921226783e-06
scale: 213.0, score: 5.909675110160606e-06
scale: 214.0, score: 5.8557416195981205e-06
scale: 215.0, score: 5.8180435189569835e-06
scale: 216.0, score: 5.7961383390647825e-06
scale: 217.0, score: 5.789594524685526e-06
scale: 218.0, score: 5.797993708256399e-06
scale: 219.0, score: 5.820928890898358e-06
scale: 220.0, score: 5.858002168679377e-06
scale: 221.0, score: 5.908827461098554e-06
scale: 222.0, score: 5.97303142058081e-06
scale: 223.0, score: 6.050247066013981e-06
scale: 224.0, score: 6.140119694464374e-06
scale: 225.0, score: 6.242304152692668e-06
scale: 226.0, score: 6.3564625634171534e-06
scale: 227.0, score: 6.482268418039894e-06
scale: 228.0, score: 6.61939884594176e-06
scale: 229.0, score: 6.767547802155605e-06
scale: 230.0, score: 6.92641333444044e-06
scale: 231.0, score: 7.095696673786733e-06
scale: 232.0, score: 7.275114512594882e-06
scale: 233.0, score: 7.464386726496741e-06
scale: 234.0, score: 7.663238648092374e-06
scale: 235.0, score: 7.871416528359987e-06
scale: 236.0, score: 8.08864933787845e-06
scale: 237.0, score: 8.314694241562393e-06
scale: 238.0, score: 8.549294761905912e-06
scale: 239.0, score: 8.792234439169988e-06
scale: 240.0, score: 9.043255886354018e-06
scale: 241.0, score: 9.302149919676594e-06
scale: 242.0, score: 9.568700988893397e-06
scale: 243.0, score: 9.842673534876667e-06
scale: 244.0, score: 1.012387565424433e-05
scale: 245.0, score: 1.041209452523617e-05
scale: 246.0, score: 1.0707132787501905e-05
scale: 247.0, score: 1.1008794899680652e-05
scale: 248.0, score: 1.1316903510305565e-05
scale: 249.0, score: 1.1631263078015763e-05
scale: 250.0, score: 1.1951691703870893e-05
scale: 251.0, score: 1.2278025678824633e-05
scale: 252.0, score: 1.2610085832420737e-05
scale: 253.0, score: 1.2947716641065199e-05
scale: 254.0, score: 1.3290748029248789e-05
scale: 255.0, score: 1.363901264994638e-05
self.delta: 217.0
16 tensor([-99999,      0,     10,     15,     20,     25,     30,     35,     40,
            45,     50,     55,     60,     65,     70,     75],
       device='cuda:0', dtype=torch.int32)
16 tensor([  0.,   1.,   2.,   3.,   4.,   6.,   8.,  12.,  16.,  24.,  32.,  48.,
         64.,  96., 128., 192.], device='cuda:0')
16 tensor([0.0000, 0.0046, 0.0092, 0.0138, 0.0184, 0.0276, 0.0369, 0.0553, 0.0737,
        0.1106, 0.1475, 0.2212, 0.2949, 0.4424, 0.5899, 0.8848],
       device='cuda:0')
scale: 192.0, score: 8.49302887218073e-06
scale: 193.0, score: 8.152795999194495e-06
scale: 194.0, score: 7.831342372810468e-06
scale: 195.0, score: 7.528151854785392e-06
scale: 196.0, score: 7.242701485665748e-06
scale: 197.0, score: 6.974510142754298e-06
scale: 198.0, score: 6.723100341332611e-06
scale: 199.0, score: 6.488001417892519e-06
scale: 200.0, score: 6.268768174777506e-06
scale: 201.0, score: 6.064962690288667e-06
scale: 202.0, score: 5.876157956663519e-06
scale: 203.0, score: 5.701944246538915e-06
scale: 204.0, score: 5.541920018004021e-06
scale: 205.0, score: 5.3956905503582675e-06
scale: 206.0, score: 5.262884315015981e-06
scale: 207.0, score: 5.143130692886189e-06
scale: 208.0, score: 5.036074526287848e-06
scale: 209.0, score: 4.941364295518724e-06
scale: 210.0, score: 4.85866803501267e-06
scale: 211.0, score: 4.787653324456187e-06
scale: 212.0, score: 4.728003659693059e-06
scale: 213.0, score: 4.679408448282629e-06
scale: 214.0, score: 4.641566647478612e-06
scale: 215.0, score: 4.614185854734387e-06
scale: 216.0, score: 4.596978669724194e-06
scale: 217.0, score: 4.589669970300747e-06
scale: 218.0, score: 4.59199009128497e-06
scale: 219.0, score: 4.603675733960699e-06
scale: 220.0, score: 4.624471785064088e-06
scale: 221.0, score: 4.6541299525415525e-06
scale: 222.0, score: 4.692409675044473e-06
scale: 223.0, score: 4.739075393445091e-06
scale: 224.0, score: 4.7938997340679634e-06
scale: 225.0, score: 4.85665714222705e-06
scale: 226.0, score: 4.927134341414785e-06
scale: 227.0, score: 5.005118964618305e-06
scale: 228.0, score: 5.090403192298254e-06
scale: 229.0, score: 5.182791028346401e-06
scale: 230.0, score: 5.2820878408965655e-06
scale: 231.0, score: 5.388100817071972e-06
scale: 232.0, score: 5.500648967426969e-06
scale: 233.0, score: 5.619549938273849e-06
scale: 234.0, score: 5.744629106629873e-06
scale: 235.0, score: 5.875721853954019e-06
scale: 236.0, score: 6.0126540120108984e-06
scale: 237.0, score: 6.155269602459157e-06
scale: 238.0, score: 6.3034035520104226e-06
scale: 239.0, score: 6.456916253227973e-06
scale: 240.0, score: 6.6156421780760866e-06
scale: 241.0, score: 6.7794480855809525e-06
scale: 242.0, score: 6.948192549316445e-06
scale: 243.0, score: 7.121725502656773e-06
scale: 244.0, score: 7.2999232543224934e-06
scale: 245.0, score: 7.48264847061364e-06
scale: 246.0, score: 7.669774277019314e-06
scale: 247.0, score: 7.861175618018024e-06
scale: 248.0, score: 8.056737897277344e-06
scale: 249.0, score: 8.256334695033729e-06
scale: 250.0, score: 8.459849595965352e-06
scale: 251.0, score: 8.667176189192105e-06
scale: 252.0, score: 8.878200787876267e-06
scale: 253.0, score: 9.092820619116537e-06
scale: 254.0, score: 9.310929272032809e-06
scale: 255.0, score: 9.532417607260868e-06
self.delta: 217.0
16 tensor([-99999,      0,     10,     15,     20,     25,     30,     35,     40,
            45,     50,     55,     60,     65,     70,     75],
       device='cuda:0', dtype=torch.int32)
16 tensor([  0.,   1.,   2.,   3.,   4.,   6.,   8.,  12.,  16.,  24.,  32.,  48.,
         64.,  96., 128., 192.], device='cuda:0')
16 tensor([0.0000, 0.0046, 0.0092, 0.0138, 0.0184, 0.0276, 0.0369, 0.0553, 0.0737,
        0.1106, 0.1475, 0.2212, 0.2949, 0.4424, 0.5899, 0.8848],
       device='cuda:0')
scale: 192.0, score: 8.336645805684384e-06
scale: 193.0, score: 7.987957360455766e-06
scale: 194.0, score: 7.65840923122596e-06
scale: 195.0, score: 7.347475275309989e-06
scale: 196.0, score: 7.054622983559966e-06
scale: 197.0, score: 6.779360319342231e-06
scale: 198.0, score: 6.521202976728091e-06
scale: 199.0, score: 6.279670742515009e-06
scale: 200.0, score: 6.054311597836204e-06
scale: 201.0, score: 5.844676252309e-06
scale: 202.0, score: 5.650332241202705e-06
scale: 203.0, score: 5.470861651701853e-06
scale: 204.0, score: 5.3058552111906465e-06
scale: 205.0, score: 5.154911377758253e-06
scale: 206.0, score: 5.017650892114034e-06
scale: 207.0, score: 4.893696768704103e-06
scale: 208.0, score: 4.782687028637156e-06
scale: 209.0, score: 4.684263785748044e-06
scale: 210.0, score: 4.598087798513006e-06
scale: 211.0, score: 4.523822553892387e-06
scale: 212.0, score: 4.461143362277653e-06
scale: 213.0, score: 4.409735538501991e-06
scale: 214.0, score: 4.369291218608851e-06
scale: 215.0, score: 4.3395120883360505e-06
scale: 216.0, score: 4.320107564126374e-06
scale: 217.0, score: 4.310795702622272e-06
scale: 218.0, score: 4.311301381676458e-06
scale: 219.0, score: 4.321357664593961e-06
scale: 220.0, score: 4.340703981142724e-06
scale: 221.0, score: 4.3690874917956535e-06
scale: 222.0, score: 4.406263542477973e-06
scale: 223.0, score: 4.451990662346361e-06
scale: 224.0, score: 4.506037839746568e-06
scale: 225.0, score: 4.5681772462558e-06
scale: 226.0, score: 4.6381887841562275e-06
scale: 227.0, score: 4.71585690320353e-06
scale: 228.0, score: 4.800971510121599e-06
scale: 229.0, score: 4.89333069708664e-06
scale: 230.0, score: 4.992737558495719e-06
scale: 231.0, score: 5.098994733998552e-06
scale: 232.0, score: 5.21191805091803e-06
scale: 233.0, score: 5.331322427082341e-06
scale: 234.0, score: 5.457029601529939e-06
scale: 235.0, score: 5.5888708629936446e-06
scale: 236.0, score: 5.726669314753963e-06
scale: 237.0, score: 5.870267614227487e-06
scale: 238.0, score: 6.019495685904985e-06
scale: 239.0, score: 6.174211193865631e-06
scale: 240.0, score: 6.334246336336946e-06
scale: 241.0, score: 6.4994642343663145e-06
scale: 242.0, score: 6.6697220972855575e-06
scale: 243.0, score: 6.8448666752374265e-06
scale: 244.0, score: 7.024771548458375e-06
scale: 245.0, score: 7.209298019006383e-06
scale: 246.0, score: 7.398314664897043e-06
scale: 247.0, score: 7.59169506636681e-06
scale: 248.0, score: 7.789322808093857e-06
scale: 249.0, score: 7.99106783233583e-06
scale: 250.0, score: 8.196813723770902e-06
scale: 251.0, score: 8.40645134303486e-06
scale: 252.0, score: 8.619863365311176e-06
scale: 253.0, score: 8.836944289214443e-06
scale: 254.0, score: 9.05758952285396e-06
scale: 255.0, score: 9.2816844698973e-06
self.delta: 217.0
16 tensor([-99999,      0,     10,     15,     20,     25,     30,     35,     40,
            45,     50,     55,     60,     65,     70,     75],
       device='cuda:0', dtype=torch.int32)
16 tensor([  0.,   1.,   2.,   3.,   4.,   6.,   8.,  12.,  16.,  24.,  32.,  48.,
         64.,  96., 128., 192.], device='cuda:0')
16 tensor([0.0000, 0.0046, 0.0092, 0.0138, 0.0184, 0.0276, 0.0369, 0.0553, 0.0737,
        0.1106, 0.1475, 0.2212, 0.2949, 0.4424, 0.5899, 0.8848],
       device='cuda:0')
scale: 192.0, score: 8.616455488663632e-06
scale: 193.0, score: 8.257780791609548e-06
scale: 194.0, score: 7.918744813650846e-06
scale: 195.0, score: 7.598807314934675e-06
scale: 196.0, score: 7.297421689145267e-06
scale: 197.0, score: 7.014084076217841e-06
scale: 198.0, score: 6.748297437297879e-06
scale: 199.0, score: 6.499567462014966e-06
scale: 200.0, score: 6.267432581807952e-06
scale: 201.0, score: 6.05143168286304e-06
scale: 202.0, score: 5.851121841260465e-06
scale: 203.0, score: 5.666072411258938e-06
scale: 204.0, score: 5.4958636610535905e-06
scale: 205.0, score: 5.340085408533923e-06
scale: 206.0, score: 5.198347025725525e-06
scale: 207.0, score: 5.070263796369545e-06
scale: 208.0, score: 4.9554619181435555e-06
scale: 209.0, score: 4.853575319430092e-06
scale: 210.0, score: 4.764258392242482e-06
scale: 211.0, score: 4.687161435867893e-06
scale: 212.0, score: 4.621954758476932e-06
scale: 213.0, score: 4.568314125208417e-06
scale: 214.0, score: 4.5259239414008334e-06
scale: 215.0, score: 4.494479071581736e-06
scale: 216.0, score: 4.473680746741593e-06
scale: 217.0, score: 4.463239292817889e-06
scale: 218.0, score: 4.462872766453074e-06
scale: 219.0, score: 4.472307864489267e-06
scale: 220.0, score: 4.491276285989443e-06
scale: 221.0, score: 4.519520643953001e-06
scale: 222.0, score: 4.556787644105498e-06
scale: 223.0, score: 4.602830813382752e-06
scale: 224.0, score: 4.6574118641729e-06
scale: 225.0, score: 4.720299784821691e-06
scale: 226.0, score: 4.79126629215898e-06
scale: 227.0, score: 4.870090833719587e-06
scale: 228.0, score: 4.956558314006543e-06
scale: 229.0, score: 5.050461822975194e-06
scale: 230.0, score: 5.151598088559695e-06
scale: 231.0, score: 5.259766567178303e-06
scale: 232.0, score: 5.37477717443835e-06
scale: 233.0, score: 5.496439371199813e-06
scale: 234.0, score: 5.624571713269688e-06
scale: 235.0, score: 5.759000032412587e-06
scale: 236.0, score: 5.899544248677557e-06
scale: 237.0, score: 6.046040653018281e-06
scale: 238.0, score: 6.198316896188771e-06
scale: 239.0, score: 6.356225640047342e-06
scale: 240.0, score: 6.519595444842707e-06
scale: 241.0, score: 6.6882867031381465e-06
scale: 242.0, score: 6.86215116729727e-06
scale: 243.0, score: 7.041032858978724e-06
scale: 244.0, score: 7.224800810945453e-06
scale: 245.0, score: 7.41331268727663e-06
scale: 246.0, score: 7.606436611240497e-06
scale: 247.0, score: 7.804039341863245e-06
scale: 248.0, score: 8.006002644833643e-06
scale: 249.0, score: 8.212194188672584e-06
scale: 250.0, score: 8.422492101090029e-06
scale: 251.0, score: 8.636787242721766e-06
scale: 252.0, score: 8.854956831783056e-06
scale: 253.0, score: 9.076897185877897e-06
scale: 254.0, score: 9.302494618168566e-06
scale: 255.0, score: 9.531634532322641e-06
self.delta: 218.0
16 tensor([-99999,      0,     10,     15,     20,     25,     30,     35,     40,
            45,     50,     55,     60,     65,     70,     75],
       device='cuda:0', dtype=torch.int32)
16 tensor([  0.,   1.,   2.,   3.,   4.,   6.,   8.,  12.,  16.,  24.,  32.,  48.,
         64.,  96., 128., 192.], device='cuda:0')
16 tensor([0.0000, 0.0046, 0.0092, 0.0138, 0.0183, 0.0275, 0.0367, 0.0550, 0.0734,
        0.1101, 0.1468, 0.2202, 0.2936, 0.4404, 0.5872, 0.8807],
       device='cuda:0')
scale: 192.0, score: 1.3111739463056438e-05
scale: 193.0, score: 1.2510223314166069e-05
scale: 194.0, score: 1.1941698176087812e-05
scale: 195.0, score: 1.1405255463614594e-05
scale: 196.0, score: 1.0899980225076433e-05
scale: 197.0, score: 1.0425024811411276e-05
scale: 198.0, score: 9.979551577998791e-06
scale: 199.0, score: 9.562733794155065e-06
scale: 200.0, score: 9.173794751404785e-06
scale: 201.0, score: 8.811955922283232e-06
scale: 202.0, score: 8.476476978103165e-06
scale: 203.0, score: 8.166634870576672e-06
scale: 204.0, score: 7.881722012825776e-06
scale: 205.0, score: 7.621050372108584e-06
scale: 206.0, score: 7.38396465749247e-06
scale: 207.0, score: 7.1698145802656654e-06
scale: 208.0, score: 6.977976681810105e-06
scale: 209.0, score: 6.8078338699706364e-06
scale: 210.0, score: 6.6588036133907735e-06
scale: 211.0, score: 6.530302471219329e-06
scale: 212.0, score: 6.421773377951467e-06
scale: 213.0, score: 6.332672001008177e-06
scale: 214.0, score: 6.2624694692203775e-06
scale: 215.0, score: 6.210651463334216e-06
scale: 216.0, score: 6.176716397021664e-06
scale: 217.0, score: 6.160178145364625e-06
scale: 218.0, score: 6.160562861623475e-06
scale: 219.0, score: 6.17741170572117e-06
scale: 220.0, score: 6.21027402303298e-06
scale: 221.0, score: 6.258714165596757e-06
scale: 222.0, score: 6.322310582618229e-06
scale: 223.0, score: 6.400648544513388e-06
scale: 224.0, score: 6.493326964118751e-06
scale: 225.0, score: 6.599955668207258e-06
scale: 226.0, score: 6.720153578498866e-06
scale: 227.0, score: 6.853551440144656e-06
scale: 228.0, score: 6.999785000516567e-06
scale: 229.0, score: 7.158507742133224e-06
scale: 230.0, score: 7.3293781497341115e-06
scale: 231.0, score: 7.51205834603752e-06
scale: 232.0, score: 7.70623046264518e-06
scale: 233.0, score: 7.911574357422069e-06
scale: 234.0, score: 8.127783075906336e-06
scale: 235.0, score: 8.354568308277521e-06
scale: 236.0, score: 8.591622645326424e-06
scale: 237.0, score: 8.838673238642514e-06
scale: 238.0, score: 9.095430868910626e-06
scale: 239.0, score: 9.361647244077176e-06
scale: 240.0, score: 9.637036782805808e-06
scale: 241.0, score: 9.921358469000552e-06
scale: 242.0, score: 1.0214369467576034e-05
scale: 243.0, score: 1.0515806025068741e-05
scale: 244.0, score: 1.0825448953255545e-05
scale: 245.0, score: 1.1143058145535178e-05
scale: 246.0, score: 1.1468409866211005e-05
scale: 247.0, score: 1.1801284927059896e-05
scale: 248.0, score: 1.214148142025806e-05
scale: 249.0, score: 1.2488776519603562e-05
scale: 250.0, score: 1.2842968317272607e-05
scale: 251.0, score: 1.320386854786193e-05
scale: 252.0, score: 1.3571278941526543e-05
scale: 253.0, score: 1.3945016689831391e-05
scale: 254.0, score: 1.4324896255857311e-05
scale: 255.0, score: 1.4710723917232826e-05
self.delta: 217.0
16 tensor([-99999,      0,     10,     15,     20,     25,     30,     35,     40,
            45,     50,     55,     60,     65,     70,     75],
       device='cuda:0', dtype=torch.int32)
16 tensor([  0.,   1.,   2.,   3.,   4.,   6.,   8.,  12.,  16.,  24.,  32.,  48.,
         64.,  96., 128., 192.], device='cuda:0')
16 tensor([0.0000, 0.0046, 0.0092, 0.0138, 0.0184, 0.0276, 0.0369, 0.0553, 0.0737,
        0.1106, 0.1475, 0.2212, 0.2949, 0.4424, 0.5899, 0.8848],
       device='cuda:0')
scale: 128.0, score: 0.0001116885687224567
scale: 129.0, score: 0.00010768382344394922
scale: 130.0, score: 0.0001038151458487846
scale: 131.0, score: 0.00010007772652897984
scale: 132.0, score: 9.646695252740756e-05
scale: 133.0, score: 9.297839278588071e-05
scale: 134.0, score: 8.960782724898309e-05
scale: 135.0, score: 8.635115955257788e-05
scale: 136.0, score: 8.320450433529913e-05
scale: 137.0, score: 8.016404899535701e-05
scale: 138.0, score: 7.722625741735101e-05
scale: 139.0, score: 7.438760076183826e-05
scale: 140.0, score: 7.164474664023146e-05
scale: 141.0, score: 6.899449363118038e-05
scale: 142.0, score: 6.643379310844466e-05
scale: 143.0, score: 6.39596619294025e-05
scale: 144.0, score: 6.15692333667539e-05
scale: 145.0, score: 5.9259760746499524e-05
scale: 146.0, score: 5.702860653400421e-05
scale: 147.0, score: 5.487323142006062e-05
scale: 148.0, score: 5.2791201596846804e-05
scale: 149.0, score: 5.0780115998350084e-05
scale: 150.0, score: 4.8837715439731255e-05
scale: 151.0, score: 4.6961828047642484e-05
scale: 152.0, score: 4.515031832852401e-05
scale: 153.0, score: 4.3401174480095506e-05
scale: 154.0, score: 4.17124065279495e-05
scale: 155.0, score: 4.008214091300033e-05
scale: 156.0, score: 3.850854773190804e-05
scale: 157.0, score: 3.698985528899357e-05
scale: 158.0, score: 3.552437556209043e-05
scale: 159.0, score: 3.4110445994883776e-05
scale: 160.0, score: 3.27465204463806e-05
scale: 161.0, score: 3.143103822367266e-05
scale: 162.0, score: 3.0162525945343077e-05
scale: 163.0, score: 2.893956479965709e-05
scale: 164.0, score: 2.7760770535678603e-05
scale: 165.0, score: 2.6624820748111233e-05
scale: 166.0, score: 2.5530418497510254e-05
scale: 167.0, score: 2.447633960400708e-05
scale: 168.0, score: 2.3461350792786106e-05
scale: 169.0, score: 2.2484298824565485e-05
scale: 170.0, score: 2.1544074115809053e-05
scale: 171.0, score: 2.063956890197005e-05
scale: 172.0, score: 1.9769749997067265e-05
scale: 173.0, score: 1.8933582396130078e-05
scale: 174.0, score: 1.8130096577806398e-05
scale: 175.0, score: 1.7358328477712348e-05
scale: 176.0, score: 1.6617368601146154e-05
scale: 177.0, score: 1.5906303815427236e-05
scale: 178.0, score: 1.5224281924020033e-05
scale: 179.0, score: 1.4570460734830704e-05
scale: 180.0, score: 1.3944042621005792e-05
scale: 181.0, score: 1.334422267973423e-05
scale: 182.0, score: 1.277024784940295e-05
scale: 183.0, score: 1.2221373253851198e-05
scale: 184.0, score: 1.1696904039126821e-05
scale: 185.0, score: 1.1196130799362436e-05
scale: 186.0, score: 1.0718379598984029e-05
scale: 187.0, score: 1.0263010153721552e-05
scale: 188.0, score: 9.829386726778466e-06
scale: 189.0, score: 9.416896318725776e-06
scale: 190.0, score: 9.024955943459645e-06
scale: 191.0, score: 8.652970791445114e-06
scale: 192.0, score: 8.30039061838761e-06
scale: 193.0, score: 7.96667518443428e-06
scale: 194.0, score: 7.6512988016475e-06
scale: 195.0, score: 7.353759428951889e-06
scale: 196.0, score: 7.073544566083001e-06
scale: 197.0, score: 6.8101849137747195e-06
scale: 198.0, score: 6.563213446497684e-06
scale: 199.0, score: 6.332172233669553e-06
scale: 200.0, score: 6.116626991570229e-06
scale: 201.0, score: 5.916147983953124e-06
scale: 202.0, score: 5.730320935981581e-06
scale: 203.0, score: 5.558744305744767e-06
scale: 204.0, score: 5.4010256462788675e-06
scale: 205.0, score: 5.2567820603144355e-06
scale: 206.0, score: 5.125648385728709e-06
scale: 207.0, score: 5.007264462619787e-06
scale: 208.0, score: 4.9012819545168895e-06
scale: 209.0, score: 4.807359800906852e-06
scale: 210.0, score: 4.7251719479390886e-06
scale: 211.0, score: 4.65439552499447e-06
scale: 212.0, score: 4.594720394379692e-06
scale: 213.0, score: 4.545844149106415e-06
scale: 214.0, score: 4.507471658143913e-06
scale: 215.0, score: 4.479318249650532e-06
scale: 216.0, score: 4.461104254005477e-06
scale: 217.0, score: 4.452560006029671e-06
scale: 218.0, score: 4.453420842764899e-06
scale: 219.0, score: 4.463433469936717e-06
scale: 220.0, score: 4.4823459575127345e-06
scale: 221.0, score: 4.50991683464963e-06
scale: 222.0, score: 4.545911451714346e-06
scale: 223.0, score: 4.590098797052633e-06
scale: 224.0, score: 4.642256499209907e-06
scale: 225.0, score: 4.702167643699795e-06
scale: 226.0, score: 4.769619863509433e-06
scale: 227.0, score: 4.844407612836221e-06
scale: 228.0, score: 4.926329438603716e-06
scale: 229.0, score: 5.01519161844044e-06
scale: 230.0, score: 5.110805886943126e-06
scale: 231.0, score: 5.212982614466455e-06
scale: 232.0, score: 5.321545813785633e-06
scale: 233.0, score: 5.436317678686464e-06
scale: 234.0, score: 5.557126769417664e-06
scale: 235.0, score: 5.683813469659071e-06
scale: 236.0, score: 5.816206794406753e-06
scale: 237.0, score: 5.954155312792864e-06
scale: 238.0, score: 6.09749804425519e-06
scale: 239.0, score: 6.246096745599061e-06
scale: 240.0, score: 6.3997918005043175e-06
scale: 241.0, score: 6.558451786986552e-06
scale: 242.0, score: 6.7219393713457976e-06
scale: 243.0, score: 6.890108124935068e-06
scale: 244.0, score: 7.062837084959028e-06
scale: 245.0, score: 7.239992555696517e-06
scale: 246.0, score: 7.421449936373392e-06
scale: 247.0, score: 7.607087354699615e-06
scale: 248.0, score: 7.796792488079518e-06
scale: 249.0, score: 7.99044209998101e-06
scale: 250.0, score: 8.18792250356637e-06
scale: 251.0, score: 8.389130925934296e-06
scale: 252.0, score: 8.593955499236472e-06
scale: 253.0, score: 8.802296179055702e-06
scale: 254.0, score: 9.01404746400658e-06
scale: 255.0, score: 9.229104762198403e-06
self.delta: 217.0
15 tensor([-99999,      0,     10,     15,     20,     25,     30,     35,     40,
            45,     50,     55,     60,     65,     70], device='cuda:0',
       dtype=torch.int32)
15 tensor([  0.,   1.,   2.,   3.,   4.,   6.,   8.,  12.,  16.,  24.,  32.,  48.,
         64.,  96., 128.], device='cuda:0')
15 tensor([0.0000, 0.0046, 0.0092, 0.0138, 0.0184, 0.0276, 0.0369, 0.0553, 0.0737,
        0.1106, 0.1475, 0.2212, 0.2949, 0.4424, 0.5899], device='cuda:0')
Performing scale reparameterization ...
Validating ...
Test: [0/250]	Time 4.215 (4.215)	Loss 0.6282 (0.6282)	Prec@1 89.000 (89.000)	Prec@5 98.000 (98.000)
Test: [100/250]	Time 1.821 (1.844)	Loss 1.5258 (0.9715)	Prec@1 66.500 (81.386)	Prec@5 88.500 (95.342)
Test: [200/250]	Time 1.819 (1.832)	Loss 0.6791 (1.1897)	Prec@1 90.000 (76.403)	Prec@5 98.500 (92.368)
 * Prec@1 75.594 Prec@5 92.026 Time 457.408
