Namespace(model='deit_small', dataset='dataset/imagenet/', calib_batchsize=32, val_batchsize=200, num_workers=8, device='cuda', print_freq=100, seed=0, w_bits=4, a_bits=4, log_quant_scheme='BitLog2_Half_16')
Building dataloader ...
Building model ...
Performing initial quantization ...
scale: 192.0, score: 2.5533430743962526e-05
scale: 193.0, score: 2.4157770894817077e-05
scale: 194.0, score: 2.28785393119324e-05
scale: 195.0, score: 2.169302933907602e-05
scale: 196.0, score: 2.0598507035174407e-05
scale: 197.0, score: 1.959243309102021e-05
scale: 198.0, score: 1.867231185315177e-05
scale: 199.0, score: 1.7835674952948466e-05
scale: 200.0, score: 1.708019590296317e-05
scale: 201.0, score: 1.6403566405642778e-05
scale: 202.0, score: 1.580356365593616e-05
scale: 203.0, score: 1.5278033970389515e-05
scale: 204.0, score: 1.4824871868768241e-05
scale: 205.0, score: 1.4442030987993348e-05
scale: 206.0, score: 1.4127545910014305e-05
scale: 207.0, score: 1.3879487596568651e-05
scale: 208.0, score: 1.369599067402305e-05
scale: 209.0, score: 1.3575237062468659e-05
scale: 210.0, score: 1.3515465980162844e-05
scale: 211.0, score: 1.3514963939087465e-05
scale: 212.0, score: 1.3572062925959472e-05
scale: 213.0, score: 1.3685147678188514e-05
scale: 214.0, score: 1.385264204145642e-05
scale: 215.0, score: 1.4073016245674808e-05
scale: 216.0, score: 1.4344783267006278e-05
scale: 217.0, score: 1.4666499737359118e-05
scale: 218.0, score: 1.503676139691379e-05
scale: 219.0, score: 1.5454193999175914e-05
scale: 220.0, score: 1.5917470591375604e-05
scale: 221.0, score: 1.6425294234068133e-05
scale: 222.0, score: 1.6976422557490878e-05
scale: 223.0, score: 1.756961501087062e-05
scale: 224.0, score: 1.8203689251095057e-05
scale: 225.0, score: 1.887749385787174e-05
scale: 226.0, score: 1.958989378181286e-05
scale: 227.0, score: 2.0339793991297483e-05
scale: 228.0, score: 2.1126112187630497e-05
scale: 229.0, score: 2.1947833374724723e-05
scale: 230.0, score: 2.280394619447179e-05
scale: 231.0, score: 2.369344474573154e-05
scale: 232.0, score: 2.461540134390816e-05
scale: 233.0, score: 2.556885374360718e-05
scale: 234.0, score: 2.6552899726084433e-05
scale: 235.0, score: 2.7566708013182506e-05
scale: 236.0, score: 2.8609350920305587e-05
scale: 237.0, score: 2.9680020816158503e-05
scale: 238.0, score: 3.0777860956732184e-05
scale: 239.0, score: 3.1902181945042685e-05
scale: 240.0, score: 3.305207428638823e-05
scale: 241.0, score: 3.422689042054117e-05
scale: 242.0, score: 3.542589911376126e-05
scale: 243.0, score: 3.6648289096774533e-05
scale: 244.0, score: 3.789345646509901e-05
scale: 245.0, score: 3.9160669984994456e-05
scale: 246.0, score: 4.044927845825441e-05
scale: 247.0, score: 4.175863796263002e-05
scale: 248.0, score: 4.308817005949095e-05
scale: 249.0, score: 4.4437208998715505e-05
scale: 250.0, score: 4.5805158151779324e-05
scale: 251.0, score: 4.719146090792492e-05
scale: 252.0, score: 4.859553519054316e-05
scale: 253.0, score: 5.001687532057986e-05
scale: 254.0, score: 5.14549101353623e-05
scale: 255.0, score: 5.2909072110196576e-05
self.delta: 211.0
16 tensor([-99999,      0,     10,     15,     20,     25,     30,     35,     40,
            45,     50,     55,     60,     65,     70,     75],
       device='cuda:0', dtype=torch.int32)
16 tensor([  0.,   1.,   2.,   3.,   4.,   6.,   8.,  12.,  16.,  24.,  32.,  48.,
         64.,  96., 128., 192.], device='cuda:0')
16 tensor([0.0000, 0.0047, 0.0095, 0.0142, 0.0190, 0.0284, 0.0379, 0.0569, 0.0758,
        0.1137, 0.1517, 0.2275, 0.3033, 0.4550, 0.6066, 0.9100],
       device='cuda:0')
scale: 192.0, score: 3.1536743335891515e-05
scale: 193.0, score: 2.9776965675409883e-05
scale: 194.0, score: 2.81230932159815e-05
scale: 195.0, score: 2.6572199203656055e-05
scale: 196.0, score: 2.5121309590758756e-05
scale: 197.0, score: 2.3767672246322036e-05
scale: 198.0, score: 2.2508589609060436e-05
scale: 199.0, score: 2.1341373212635517e-05
scale: 200.0, score: 2.0263507394702174e-05
scale: 201.0, score: 1.9272487406851724e-05
scale: 202.0, score: 1.8365892174188048e-05
scale: 203.0, score: 1.754140066623222e-05
scale: 204.0, score: 1.679671368037816e-05
scale: 205.0, score: 1.6129606592585333e-05
scale: 206.0, score: 1.5537956642219797e-05
scale: 207.0, score: 1.5019668353488669e-05
scale: 208.0, score: 1.4572711734217592e-05
scale: 209.0, score: 1.4195102266967297e-05
scale: 210.0, score: 1.3884948202758096e-05
scale: 211.0, score: 1.3640365978062619e-05
scale: 212.0, score: 1.3459553883876652e-05
scale: 213.0, score: 1.3340753866941668e-05
scale: 214.0, score: 1.328225334873423e-05
scale: 215.0, score: 1.328238704445539e-05
scale: 216.0, score: 1.33395387820201e-05
scale: 217.0, score: 1.3452139683067799e-05
scale: 218.0, score: 1.3618653611047193e-05
scale: 219.0, score: 1.3837595361110289e-05
scale: 220.0, score: 1.4107517927186564e-05
scale: 221.0, score: 1.442700613552006e-05
scale: 222.0, score: 1.4794704839005135e-05
scale: 223.0, score: 1.520926980447257e-05
scale: 224.0, score: 1.5669409549445845e-05
scale: 225.0, score: 1.6173868061741814e-05
scale: 226.0, score: 1.6721409338060766e-05
scale: 227.0, score: 1.731084194034338e-05
scale: 228.0, score: 1.7940987163456157e-05
scale: 229.0, score: 1.8610731785884127e-05
scale: 230.0, score: 1.9318978957016952e-05
scale: 231.0, score: 2.0064631826244295e-05
scale: 232.0, score: 2.084666812152136e-05
scale: 233.0, score: 2.1664049199898727e-05
scale: 234.0, score: 2.2515792807098478e-05
scale: 235.0, score: 2.340097307751421e-05
scale: 236.0, score: 2.431858956697397e-05
scale: 237.0, score: 2.5267767341574654e-05
scale: 238.0, score: 2.6247564164805226e-05
scale: 239.0, score: 2.725721242313739e-05
scale: 240.0, score: 2.8295742595219053e-05
scale: 241.0, score: 2.93624270852888e-05
scale: 242.0, score: 3.045646553800907e-05
scale: 243.0, score: 3.157699029543437e-05
scale: 244.0, score: 3.2723321055527776e-05
scale: 245.0, score: 3.389467019587755e-05
scale: 246.0, score: 3.509032467263751e-05
scale: 247.0, score: 3.630957507994026e-05
scale: 248.0, score: 3.755177749553695e-05
scale: 249.0, score: 3.8816222513560206e-05
scale: 250.0, score: 4.010224074590951e-05
scale: 251.0, score: 4.140923556406051e-05
scale: 252.0, score: 4.273655576980673e-05
scale: 253.0, score: 4.40836520283483e-05
scale: 254.0, score: 4.5449902245309204e-05
scale: 255.0, score: 4.683468068833463e-05
self.delta: 214.0
16 tensor([-99999,      0,     10,     15,     20,     25,     30,     35,     40,
            45,     50,     55,     60,     65,     70,     75],
       device='cuda:0', dtype=torch.int32)
16 tensor([  0.,   1.,   2.,   3.,   4.,   6.,   8.,  12.,  16.,  24.,  32.,  48.,
         64.,  96., 128., 192.], device='cuda:0')
16 tensor([0.0000, 0.0047, 0.0093, 0.0140, 0.0187, 0.0280, 0.0374, 0.0561, 0.0748,
        0.1121, 0.1495, 0.2243, 0.2991, 0.4486, 0.5981, 0.8972],
       device='cuda:0')
scale: 192.0, score: 2.0131443307036534e-05
scale: 193.0, score: 1.9166585843777284e-05
scale: 194.0, score: 1.8254118913318962e-05
scale: 195.0, score: 1.7392603695043363e-05
scale: 196.0, score: 1.6580583178438246e-05
scale: 197.0, score: 1.5816713130334392e-05
scale: 198.0, score: 1.5099667507456616e-05
scale: 199.0, score: 1.442813481844496e-05
scale: 200.0, score: 1.3800877241010312e-05
scale: 201.0, score: 1.3216669685789384e-05
scale: 202.0, score: 1.2674327081185766e-05
scale: 203.0, score: 1.2172708920843434e-05
scale: 204.0, score: 1.1710691978805698e-05
scale: 205.0, score: 1.1287182132946327e-05
scale: 206.0, score: 1.0901140740315896e-05
scale: 207.0, score: 1.0551537343417294e-05
scale: 208.0, score: 1.0237381502520293e-05
scale: 209.0, score: 9.957694601325784e-06
scale: 210.0, score: 9.711552593216766e-06
scale: 211.0, score: 9.498028703092132e-06
scale: 212.0, score: 9.316240721091162e-06
scale: 213.0, score: 9.16532280825777e-06
scale: 214.0, score: 9.044437319971621e-06
scale: 215.0, score: 8.952768439485226e-06
scale: 216.0, score: 8.889520358934533e-06
scale: 217.0, score: 8.853920917317737e-06
scale: 218.0, score: 8.845217962516472e-06
scale: 219.0, score: 8.862682079779916e-06
scale: 220.0, score: 8.905602044251282e-06
scale: 221.0, score: 8.973283911473118e-06
scale: 222.0, score: 9.065056474355515e-06
scale: 223.0, score: 9.180267625197303e-06
scale: 224.0, score: 9.318275260739028e-06
scale: 225.0, score: 9.478463653067593e-06
scale: 226.0, score: 9.660226169216912e-06
scale: 227.0, score: 9.862978004093748e-06
scale: 228.0, score: 1.008613980957307e-05
scale: 229.0, score: 1.0329161341360305e-05
scale: 230.0, score: 1.0591503269097302e-05
scale: 231.0, score: 1.087262626242591e-05
scale: 232.0, score: 1.1172026461281348e-05
scale: 233.0, score: 1.148919909610413e-05
scale: 234.0, score: 1.18236530397553e-05
scale: 235.0, score: 1.2174930816399865e-05
scale: 236.0, score: 1.2542545846372377e-05
scale: 237.0, score: 1.2926065210194793e-05
scale: 238.0, score: 1.3325029613042716e-05
scale: 239.0, score: 1.3739043424720876e-05
scale: 240.0, score: 1.4167654626362491e-05
scale: 241.0, score: 1.4610483049182221e-05
scale: 242.0, score: 1.5067138519953005e-05
scale: 243.0, score: 1.5537205399596132e-05
scale: 244.0, score: 1.6020334442146122e-05
scale: 245.0, score: 1.651614365982823e-05
scale: 246.0, score: 1.702428016869817e-05
scale: 247.0, score: 1.7544394722790457e-05
scale: 248.0, score: 1.8076165360980667e-05
scale: 249.0, score: 1.861924465629272e-05
scale: 250.0, score: 1.917330337164458e-05
scale: 251.0, score: 1.973805046873167e-05
scale: 252.0, score: 2.0313160348450765e-05
scale: 253.0, score: 2.0898354705423117e-05
scale: 254.0, score: 2.1493331587407738e-05
scale: 255.0, score: 2.2097787223174237e-05
self.delta: 218.0
16 tensor([-99999,      0,     10,     15,     20,     25,     30,     35,     40,
            45,     50,     55,     60,     65,     70,     75],
       device='cuda:0', dtype=torch.int32)
16 tensor([  0.,   1.,   2.,   3.,   4.,   6.,   8.,  12.,  16.,  24.,  32.,  48.,
         64.,  96., 128., 192.], device='cuda:0')
16 tensor([0.0000, 0.0046, 0.0092, 0.0138, 0.0183, 0.0275, 0.0367, 0.0550, 0.0734,
        0.1101, 0.1468, 0.2202, 0.2936, 0.4404, 0.5872, 0.8807],
       device='cuda:0')
scale: 192.0, score: 7.095641649357276e-06
scale: 193.0, score: 6.8358426688064355e-06
scale: 194.0, score: 6.590533757844241e-06
scale: 195.0, score: 6.359314738801913e-06
scale: 196.0, score: 6.141782705526566e-06
scale: 197.0, score: 5.937565219937824e-06
scale: 198.0, score: 5.746293936681468e-06
scale: 199.0, score: 5.567605512624141e-06
scale: 200.0, score: 5.401156613515923e-06
scale: 201.0, score: 5.246606633591e-06
scale: 202.0, score: 5.103628609504085e-06
scale: 203.0, score: 4.971905127604259e-06
scale: 204.0, score: 4.851124685956165e-06
scale: 205.0, score: 4.740984422824113e-06
scale: 206.0, score: 4.6411969378823414e-06
scale: 207.0, score: 4.551476195047144e-06
scale: 208.0, score: 4.471546617423883e-06
scale: 209.0, score: 4.401137630338781e-06
scale: 210.0, score: 4.339993665780639e-06
scale: 211.0, score: 4.287856882001506e-06
scale: 212.0, score: 4.244483534421306e-06
scale: 213.0, score: 4.209633516438771e-06
scale: 214.0, score: 4.183073997410247e-06
scale: 215.0, score: 4.164579422649695e-06
scale: 216.0, score: 4.153929239691934e-06
scale: 217.0, score: 4.150908807787346e-06
scale: 218.0, score: 4.155310762143927e-06
scale: 219.0, score: 4.166932285443181e-06
scale: 220.0, score: 4.185576472082175e-06
scale: 221.0, score: 4.211050963931484e-06
scale: 222.0, score: 4.243170678819297e-06
scale: 223.0, score: 4.281752808310557e-06
scale: 224.0, score: 4.326621365180472e-06
scale: 225.0, score: 4.377605364425108e-06
scale: 226.0, score: 4.434536094777286e-06
scale: 227.0, score: 4.497253030422144e-06
scale: 228.0, score: 4.565592917060712e-06
scale: 229.0, score: 4.6394065975619014e-06
scale: 230.0, score: 4.718542641057866e-06
scale: 231.0, score: 4.802852345164865e-06
scale: 232.0, score: 4.892196102446178e-06
scale: 233.0, score: 4.986434305465082e-06
scale: 234.0, score: 5.08543007526896e-06
scale: 235.0, score: 5.189057446841616e-06
scale: 236.0, score: 5.297181814967189e-06
scale: 237.0, score: 5.409683581092395e-06
scale: 238.0, score: 5.526433596969582e-06
scale: 239.0, score: 5.647325906465994e-06
scale: 240.0, score: 5.772231361333979e-06
scale: 241.0, score: 5.901047643419588e-06
scale: 242.0, score: 6.0336656133586075e-06
scale: 243.0, score: 6.1699706748186145e-06
scale: 244.0, score: 6.3098641476244666e-06
scale: 245.0, score: 6.453243258874863e-06
scale: 246.0, score: 6.600008873647312e-06
scale: 247.0, score: 6.750064585503424e-06
scale: 248.0, score: 6.903321718709776e-06
scale: 249.0, score: 7.059682502585929e-06
scale: 250.0, score: 7.219057806651108e-06
scale: 251.0, score: 7.381365776382154e-06
scale: 252.0, score: 7.546516826550942e-06
scale: 253.0, score: 7.714434104855172e-06
scale: 254.0, score: 7.885034392529633e-06
scale: 255.0, score: 8.058232197072357e-06
self.delta: 217.0
16 tensor([-99999,      0,     10,     15,     20,     25,     30,     35,     40,
            45,     50,     55,     60,     65,     70,     75],
       device='cuda:0', dtype=torch.int32)
16 tensor([  0.,   1.,   2.,   3.,   4.,   6.,   8.,  12.,  16.,  24.,  32.,  48.,
         64.,  96., 128., 192.], device='cuda:0')
16 tensor([0.0000, 0.0046, 0.0092, 0.0138, 0.0184, 0.0276, 0.0369, 0.0553, 0.0737,
        0.1106, 0.1475, 0.2212, 0.2949, 0.4424, 0.5899, 0.8848],
       device='cuda:0')
scale: 192.0, score: 8.607838935859036e-06
scale: 193.0, score: 8.2586793723749e-06
scale: 194.0, score: 7.92878108768491e-06
scale: 195.0, score: 7.61761612011469e-06
scale: 196.0, score: 7.324646048800787e-06
scale: 197.0, score: 7.049377472867491e-06
scale: 198.0, score: 6.791321538912598e-06
scale: 199.0, score: 6.5499953052494675e-06
scale: 200.0, score: 6.32494266028516e-06
scale: 201.0, score: 6.115712039900245e-06
scale: 202.0, score: 5.921868705627276e-06
scale: 203.0, score: 5.7429920161666814e-06
scale: 204.0, score: 5.578667696681805e-06
scale: 205.0, score: 5.428492841019761e-06
scale: 206.0, score: 5.292085916153155e-06
scale: 207.0, score: 5.169067662791349e-06
scale: 208.0, score: 5.059072009316878e-06
scale: 209.0, score: 4.961740614817245e-06
scale: 210.0, score: 4.876731054537231e-06
scale: 211.0, score: 4.8037045417004265e-06
scale: 212.0, score: 4.742333203466842e-06
scale: 213.0, score: 4.692301445174962e-06
scale: 214.0, score: 4.653300038626185e-06
scale: 215.0, score: 4.6250270315795206e-06
scale: 216.0, score: 4.607190930983052e-06
scale: 217.0, score: 4.599506610247772e-06
scale: 218.0, score: 4.601698492479045e-06
scale: 219.0, score: 4.613498276739847e-06
scale: 220.0, score: 4.634641754819313e-06
scale: 221.0, score: 4.664875177695649e-06
scale: 222.0, score: 4.703953436546726e-06
scale: 223.0, score: 4.751631877297768e-06
scale: 224.0, score: 4.807678124052472e-06
scale: 225.0, score: 4.871863438893342e-06
scale: 226.0, score: 4.943965905113146e-06
scale: 227.0, score: 5.023769517720211e-06
scale: 228.0, score: 5.111061000206973e-06
scale: 229.0, score: 5.2056384447496384e-06
scale: 230.0, score: 5.307303126755869e-06
scale: 231.0, score: 5.415856321633328e-06
scale: 232.0, score: 5.531112947210204e-06
scale: 233.0, score: 5.652887011819985e-06
scale: 234.0, score: 5.7809979807643685e-06
scale: 235.0, score: 5.915277142776176e-06
scale: 236.0, score: 6.055546236893861e-06
scale: 237.0, score: 6.20164564679726e-06
scale: 238.0, score: 6.353405751724495e-06
scale: 239.0, score: 6.510682396765333e-06
scale: 240.0, score: 6.673308234894648e-06
scale: 241.0, score: 6.841143203928368e-06
scale: 242.0, score: 7.014044967945665e-06
scale: 243.0, score: 7.191858912847238e-06
scale: 244.0, score: 7.374457254627487e-06
scale: 245.0, score: 7.561700840597041e-06
scale: 246.0, score: 7.753458703518845e-06
scale: 247.0, score: 7.949601240397897e-06
scale: 248.0, score: 8.15001294540707e-06
scale: 249.0, score: 8.35456285130931e-06
scale: 250.0, score: 8.563131814298686e-06
scale: 251.0, score: 8.775612514000386e-06
scale: 252.0, score: 8.991884897113778e-06
scale: 253.0, score: 9.21184619073756e-06
scale: 254.0, score: 9.435387255507521e-06
scale: 255.0, score: 9.662394404585939e-06
self.delta: 217.0
16 tensor([-99999,      0,     10,     15,     20,     25,     30,     35,     40,
            45,     50,     55,     60,     65,     70,     75],
       device='cuda:0', dtype=torch.int32)
16 tensor([  0.,   1.,   2.,   3.,   4.,   6.,   8.,  12.,  16.,  24.,  32.,  48.,
         64.,  96., 128., 192.], device='cuda:0')
16 tensor([0.0000, 0.0046, 0.0092, 0.0138, 0.0184, 0.0276, 0.0369, 0.0553, 0.0737,
        0.1106, 0.1475, 0.2212, 0.2949, 0.4424, 0.5899, 0.8848],
       device='cuda:0')
scale: 192.0, score: 1.1747456483135466e-05
scale: 193.0, score: 1.1243686458328739e-05
scale: 194.0, score: 1.0767720596049912e-05
scale: 195.0, score: 1.03187967397389e-05
scale: 196.0, score: 9.896135452436283e-06
scale: 197.0, score: 9.499029147264082e-06
scale: 198.0, score: 9.126769327849615e-06
scale: 199.0, score: 8.778655683272518e-06
scale: 200.0, score: 8.454037015326321e-06
scale: 201.0, score: 8.152255759341642e-06
scale: 202.0, score: 7.872687092458364e-06
scale: 203.0, score: 7.6147207437315956e-06
scale: 204.0, score: 7.377761903626379e-06
scale: 205.0, score: 7.161228495533578e-06
scale: 206.0, score: 6.964568001421867e-06
scale: 207.0, score: 6.7872342697228305e-06
scale: 208.0, score: 6.628697974520037e-06
scale: 209.0, score: 6.488442068075528e-06
scale: 210.0, score: 6.365974059008295e-06
scale: 211.0, score: 6.260800546442624e-06
scale: 212.0, score: 6.172454504849156e-06
scale: 213.0, score: 6.1004743656667415e-06
scale: 214.0, score: 6.044416295480914e-06
scale: 215.0, score: 6.003845101076877e-06
scale: 216.0, score: 5.978338776913006e-06
scale: 217.0, score: 5.967487595626153e-06
scale: 218.0, score: 5.9708904700528365e-06
scale: 219.0, score: 5.988161774439504e-06
scale: 220.0, score: 6.018920885253465e-06
scale: 221.0, score: 6.062801730877254e-06
scale: 222.0, score: 6.1194477893877774e-06
scale: 223.0, score: 6.188509360072203e-06
scale: 224.0, score: 6.269648565648822e-06
scale: 225.0, score: 6.362536623782944e-06
scale: 226.0, score: 6.466851573350141e-06
scale: 227.0, score: 6.582282821909757e-06
scale: 228.0, score: 6.708522505505243e-06
scale: 229.0, score: 6.845278221589979e-06
scale: 230.0, score: 6.992264388827607e-06
scale: 231.0, score: 7.149194061639719e-06
scale: 232.0, score: 7.31579848434194e-06
scale: 233.0, score: 7.4918107202393e-06
scale: 234.0, score: 7.67696928960504e-06
scale: 235.0, score: 7.871031812101137e-06
scale: 236.0, score: 8.073739991232287e-06
scale: 237.0, score: 8.28486281534424e-06
scale: 238.0, score: 8.504156539856922e-06
scale: 239.0, score: 8.731413799978327e-06
scale: 240.0, score: 8.966389032138977e-06
scale: 241.0, score: 9.20888578548329e-06
scale: 242.0, score: 9.458693966735154e-06
scale: 243.0, score: 9.715592568682041e-06
scale: 244.0, score: 9.97939696389949e-06
scale: 245.0, score: 1.0249906154058408e-05
scale: 246.0, score: 1.0526930054766126e-05
scale: 247.0, score: 1.0810285857587587e-05
scale: 248.0, score: 1.1099799849034753e-05
scale: 249.0, score: 1.1395288311177865e-05
scale: 250.0, score: 1.1696577530528884e-05
scale: 251.0, score: 1.2003511073999107e-05
scale: 252.0, score: 1.2315919775574002e-05
scale: 253.0, score: 1.2633649930648971e-05
scale: 254.0, score: 1.2956548744114116e-05
scale: 255.0, score: 1.3284449778439011e-05
self.delta: 217.0
16 tensor([-99999,      0,     10,     15,     20,     25,     30,     35,     40,
            45,     50,     55,     60,     65,     70,     75],
       device='cuda:0', dtype=torch.int32)
16 tensor([  0.,   1.,   2.,   3.,   4.,   6.,   8.,  12.,  16.,  24.,  32.,  48.,
         64.,  96., 128., 192.], device='cuda:0')
16 tensor([0.0000, 0.0046, 0.0092, 0.0138, 0.0184, 0.0276, 0.0369, 0.0553, 0.0737,
        0.1106, 0.1475, 0.2212, 0.2949, 0.4424, 0.5899, 0.8848],
       device='cuda:0')
scale: 192.0, score: 9.152069651463535e-06
scale: 193.0, score: 8.77340335136978e-06
scale: 194.0, score: 8.415711818088312e-06
scale: 195.0, score: 8.078417522483505e-06
scale: 196.0, score: 7.76093565946212e-06
scale: 197.0, score: 7.462728717655409e-06
scale: 198.0, score: 7.183263278420782e-06
scale: 199.0, score: 6.922013653820613e-06
scale: 200.0, score: 6.678484169242438e-06
scale: 201.0, score: 6.452181878557894e-06
scale: 202.0, score: 6.242632480280008e-06
scale: 203.0, score: 6.049377589079086e-06
scale: 204.0, score: 5.8719670050777495e-06
scale: 205.0, score: 5.709963261324447e-06
scale: 206.0, score: 5.562947990256362e-06
scale: 207.0, score: 5.430509190773591e-06
scale: 208.0, score: 5.312248504196759e-06
scale: 209.0, score: 5.207774393056752e-06
scale: 210.0, score: 5.116715783515247e-06
scale: 211.0, score: 5.038701146986568e-06
scale: 212.0, score: 4.973376690031728e-06
scale: 213.0, score: 4.920394985674648e-06
scale: 214.0, score: 4.8794213398650754e-06
scale: 215.0, score: 4.85012697026832e-06
scale: 216.0, score: 4.832193553738762e-06
scale: 217.0, score: 4.825310497835744e-06
scale: 218.0, score: 4.829179033549735e-06
scale: 219.0, score: 4.84350402985001e-06
scale: 220.0, score: 4.868001269642264e-06
scale: 221.0, score: 4.9023915380530525e-06
scale: 222.0, score: 4.946408353134757e-06
scale: 223.0, score: 4.999787506676512e-06
scale: 224.0, score: 5.062273430667119e-06
scale: 225.0, score: 5.1336182878003456e-06
scale: 226.0, score: 5.213579697738169e-06
scale: 227.0, score: 5.301921646605479e-06
scale: 228.0, score: 5.398413577495376e-06
scale: 229.0, score: 5.502834483195329e-06
scale: 230.0, score: 5.614967903966317e-06
scale: 231.0, score: 5.734598289564019e-06
scale: 232.0, score: 5.861523277417291e-06
scale: 233.0, score: 5.995540504954988e-06
scale: 234.0, score: 6.136453066574177e-06
scale: 235.0, score: 6.28407769909245e-06
scale: 236.0, score: 6.438220680138329e-06
scale: 237.0, score: 6.598706931981724e-06
scale: 238.0, score: 6.765352281945525e-06
scale: 239.0, score: 6.938000296941027e-06
scale: 240.0, score: 7.116466804291122e-06
scale: 241.0, score: 7.300601737370016e-06
scale: 242.0, score: 7.490249117836356e-06
scale: 243.0, score: 7.685241143917665e-06
scale: 244.0, score: 7.885437298682518e-06
scale: 245.0, score: 8.090686606010422e-06
scale: 246.0, score: 8.300846275233198e-06
scale: 247.0, score: 8.515776244166773e-06
scale: 248.0, score: 8.735349183552898e-06
scale: 249.0, score: 8.959423212218098e-06
scale: 250.0, score: 9.187870091409422e-06
scale: 251.0, score: 9.420569767826237e-06
scale: 252.0, score: 9.65739309322089e-06
scale: 253.0, score: 9.898230928229168e-06
scale: 254.0, score: 1.014295867207693e-05
scale: 255.0, score: 1.039145627146354e-05
self.delta: 217.0
16 tensor([-99999,      0,     10,     15,     20,     25,     30,     35,     40,
            45,     50,     55,     60,     65,     70,     75],
       device='cuda:0', dtype=torch.int32)
16 tensor([  0.,   1.,   2.,   3.,   4.,   6.,   8.,  12.,  16.,  24.,  32.,  48.,
         64.,  96., 128., 192.], device='cuda:0')
16 tensor([0.0000, 0.0046, 0.0092, 0.0138, 0.0184, 0.0276, 0.0369, 0.0553, 0.0737,
        0.1106, 0.1475, 0.2212, 0.2949, 0.4424, 0.5899, 0.8848],
       device='cuda:0')
scale: 192.0, score: 7.282126716745552e-06
scale: 193.0, score: 7.0322116698662285e-06
scale: 194.0, score: 6.7960941123601515e-06
scale: 195.0, score: 6.573395239684032e-06
scale: 196.0, score: 6.363730790326372e-06
scale: 197.0, score: 6.166746061353479e-06
scale: 198.0, score: 5.982091352052521e-06
scale: 199.0, score: 5.809420599689474e-06
scale: 200.0, score: 5.648406840919051e-06
scale: 201.0, score: 5.498728114616824e-06
scale: 202.0, score: 5.360070645110682e-06
scale: 203.0, score: 5.2321333896543365e-06
scale: 204.0, score: 5.114620762469713e-06
scale: 205.0, score: 5.007243998988997e-06
scale: 206.0, score: 4.9097293413069565e-06
scale: 207.0, score: 4.82180485050776e-06
scale: 208.0, score: 4.743209501612e-06
scale: 209.0, score: 4.6736840886296704e-06
scale: 210.0, score: 4.612986231222749e-06
scale: 211.0, score: 4.560870820569107e-06
scale: 212.0, score: 4.517105480772443e-06
scale: 213.0, score: 4.48146147391526e-06
scale: 214.0, score: 4.453718247532379e-06
scale: 215.0, score: 4.43366070612683e-06
scale: 216.0, score: 4.421079211169854e-06
scale: 217.0, score: 4.415768216858851e-06
scale: 218.0, score: 4.417532181832939e-06
scale: 219.0, score: 4.426176928973291e-06
scale: 220.0, score: 4.441516011866042e-06
scale: 221.0, score: 4.463366167328786e-06
scale: 222.0, score: 4.4915500438946765e-06
scale: 223.0, score: 4.525895292317728e-06
scale: 224.0, score: 4.566234110825462e-06
scale: 225.0, score: 4.6124023356242105e-06
scale: 226.0, score: 4.664241259888513e-06
scale: 227.0, score: 4.721596269519068e-06
scale: 228.0, score: 4.7843150241533294e-06
scale: 229.0, score: 4.852251549891662e-06
scale: 230.0, score: 4.92526442030794e-06
scale: 231.0, score: 5.003212208976038e-06
scale: 232.0, score: 5.085961220174795e-06
scale: 233.0, score: 5.1733773034357e-06
scale: 234.0, score: 5.265332674753154e-06
scale: 235.0, score: 5.361705916584469e-06
scale: 236.0, score: 5.462369244924048e-06
scale: 237.0, score: 5.567208972934168e-06
scale: 238.0, score: 5.67610231883009e-06
scale: 239.0, score: 5.788947419205215e-06
scale: 240.0, score: 5.905622856516857e-06
scale: 241.0, score: 6.026029495842522e-06
scale: 242.0, score: 6.150065019028261e-06
scale: 243.0, score: 6.277618922467809e-06
scale: 244.0, score: 6.408598892448936e-06
scale: 245.0, score: 6.542906703543849e-06
scale: 246.0, score: 6.680446858808864e-06
scale: 247.0, score: 6.821127954026451e-06
scale: 248.0, score: 6.964865406189347e-06
scale: 249.0, score: 7.111567811080022e-06
scale: 250.0, score: 7.261148311954457e-06
scale: 251.0, score: 7.4135296017630026e-06
scale: 252.0, score: 7.568626642751042e-06
scale: 253.0, score: 7.726365765847731e-06
scale: 254.0, score: 7.886668754508719e-06
scale: 255.0, score: 8.049453754210845e-06
self.delta: 217.0
16 tensor([-99999,      0,     10,     15,     20,     25,     30,     35,     40,
            45,     50,     55,     60,     65,     70,     75],
       device='cuda:0', dtype=torch.int32)
16 tensor([  0.,   1.,   2.,   3.,   4.,   6.,   8.,  12.,  16.,  24.,  32.,  48.,
         64.,  96., 128., 192.], device='cuda:0')
16 tensor([0.0000, 0.0046, 0.0092, 0.0138, 0.0184, 0.0276, 0.0369, 0.0553, 0.0737,
        0.1106, 0.1475, 0.2212, 0.2949, 0.4424, 0.5899, 0.8848],
       device='cuda:0')
scale: 192.0, score: 7.611967248521978e-06
scale: 193.0, score: 7.3485275606799405e-06
scale: 194.0, score: 7.099760750861606e-06
scale: 195.0, score: 6.865263003419386e-06
scale: 196.0, score: 6.644624590990134e-06
scale: 197.0, score: 6.4374698922620155e-06
scale: 198.0, score: 6.243425104912603e-06
scale: 199.0, score: 6.062121428840328e-06
scale: 200.0, score: 5.893213256058516e-06
scale: 201.0, score: 5.736354069085792e-06
scale: 202.0, score: 5.591213721345412e-06
scale: 203.0, score: 5.45747116120765e-06
scale: 204.0, score: 5.3348098845162895e-06
scale: 205.0, score: 5.222923846304184e-06
scale: 206.0, score: 5.121522008266766e-06
scale: 207.0, score: 5.030314241594169e-06
scale: 208.0, score: 4.949022695655003e-06
scale: 209.0, score: 4.877372703049332e-06
scale: 210.0, score: 4.815104603039799e-06
scale: 211.0, score: 4.761959644383751e-06
scale: 212.0, score: 4.717687716038199e-06
scale: 213.0, score: 4.682049166149227e-06
scale: 214.0, score: 4.654806161852321e-06
scale: 215.0, score: 4.635730419977335e-06
scale: 216.0, score: 4.624599114322336e-06
scale: 217.0, score: 4.621195785148302e-06
scale: 218.0, score: 4.625308520189719e-06
scale: 219.0, score: 4.636733592633391e-06
scale: 220.0, score: 4.655270004150225e-06
scale: 221.0, score: 4.680724487116095e-06
scale: 222.0, score: 4.712909230875084e-06
scale: 223.0, score: 4.751638698508032e-06
scale: 224.0, score: 4.796735993295442e-06
scale: 225.0, score: 4.848026037507225e-06
scale: 226.0, score: 4.9053392103814986e-06
scale: 227.0, score: 4.968511802871944e-06
scale: 228.0, score: 5.037381924921647e-06
scale: 229.0, score: 5.1117935981892515e-06
scale: 230.0, score: 5.191596756048966e-06
scale: 231.0, score: 5.2766404223802965e-06
scale: 232.0, score: 5.366782261262415e-06
scale: 233.0, score: 5.461880846269196e-06
scale: 234.0, score: 5.561799753195373e-06
scale: 235.0, score: 5.666408924298594e-06
scale: 236.0, score: 5.775573299615644e-06
scale: 237.0, score: 5.889171916351188e-06
scale: 238.0, score: 6.007072897773469e-06
scale: 239.0, score: 6.129169378255028e-06
scale: 240.0, score: 6.2553317548008636e-06
scale: 241.0, score: 6.38545498077292e-06
scale: 242.0, score: 6.519429916806985e-06
scale: 243.0, score: 6.657137873844476e-06
scale: 244.0, score: 6.798482900194358e-06
scale: 245.0, score: 6.9433576754818205e-06
scale: 246.0, score: 7.0916626100370195e-06
scale: 247.0, score: 7.243300387926865e-06
scale: 248.0, score: 7.3981814239232335e-06
scale: 249.0, score: 7.556207037850982e-06
scale: 250.0, score: 7.71728537074523e-06
scale: 251.0, score: 7.88133456808282e-06
scale: 252.0, score: 8.04826595413033e-06
scale: 253.0, score: 8.217997674364597e-06
scale: 254.0, score: 8.390447874262463e-06
scale: 255.0, score: 8.565530151827261e-06
self.delta: 217.0
16 tensor([-99999,      0,     10,     15,     20,     25,     30,     35,     40,
            45,     50,     55,     60,     65,     70,     75],
       device='cuda:0', dtype=torch.int32)
16 tensor([  0.,   1.,   2.,   3.,   4.,   6.,   8.,  12.,  16.,  24.,  32.,  48.,
         64.,  96., 128., 192.], device='cuda:0')
16 tensor([0.0000, 0.0046, 0.0092, 0.0138, 0.0184, 0.0276, 0.0369, 0.0553, 0.0737,
        0.1106, 0.1475, 0.2212, 0.2949, 0.4424, 0.5899, 0.8848],
       device='cuda:0')
scale: 192.0, score: 9.126993973040953e-06
scale: 193.0, score: 8.783305020187981e-06
scale: 194.0, score: 8.458636330033187e-06
scale: 195.0, score: 8.152465852617752e-06
scale: 196.0, score: 7.864264262025245e-06
scale: 197.0, score: 7.593544069095515e-06
scale: 198.0, score: 7.339820513152517e-06
scale: 199.0, score: 7.102617473719874e-06
scale: 200.0, score: 6.881484750920208e-06
scale: 201.0, score: 6.675976237602299e-06
scale: 202.0, score: 6.485662197519559e-06
scale: 203.0, score: 6.310125172603875e-06
scale: 204.0, score: 6.148959073470905e-06
scale: 205.0, score: 6.001765086693922e-06
scale: 206.0, score: 5.868165317224339e-06
scale: 207.0, score: 5.747785507992376e-06
scale: 208.0, score: 5.640264589601429e-06
scale: 209.0, score: 5.545247404370457e-06
scale: 210.0, score: 5.462396984512452e-06
scale: 211.0, score: 5.391377271735109e-06
scale: 212.0, score: 5.331866304914001e-06
scale: 213.0, score: 5.283551672619069e-06
scale: 214.0, score: 5.246126420388464e-06
scale: 215.0, score: 5.219294052949408e-06
scale: 216.0, score: 5.202765350986738e-06
scale: 217.0, score: 5.196260644879658e-06
scale: 218.0, score: 5.199505721975584e-06
scale: 219.0, score: 5.212235464568948e-06
scale: 220.0, score: 5.234190211922396e-06
scale: 221.0, score: 5.265119852992939e-06
scale: 222.0, score: 5.304779278958449e-06
scale: 223.0, score: 5.352930202207062e-06
scale: 224.0, score: 5.4093407015898265e-06
scale: 225.0, score: 5.473787041410105e-06
scale: 226.0, score: 5.546047304960666e-06
scale: 227.0, score: 5.625910489470698e-06
scale: 228.0, score: 5.713164682674687e-06
scale: 229.0, score: 5.807611159980297e-06
scale: 230.0, score: 5.909052561037242e-06
scale: 231.0, score: 6.017294708726695e-06
scale: 232.0, score: 6.132152975624194e-06
scale: 233.0, score: 6.253443643799983e-06
scale: 234.0, score: 6.380988452292513e-06
scale: 235.0, score: 6.514622327813413e-06
scale: 236.0, score: 6.654167918895837e-06
scale: 237.0, score: 6.7994665187143255e-06
scale: 238.0, score: 6.950353508727858e-06
scale: 239.0, score: 7.106683824531501e-06
scale: 240.0, score: 7.2682928475842346e-06
scale: 241.0, score: 7.43504324418609e-06
scale: 242.0, score: 7.606793133163592e-06
scale: 243.0, score: 7.783391083648894e-06
scale: 244.0, score: 7.964709766383749e-06
scale: 245.0, score: 8.150612302415539e-06
scale: 246.0, score: 8.340969543496612e-06
scale: 247.0, score: 8.53565325087402e-06
scale: 248.0, score: 8.734548828215338e-06
scale: 249.0, score: 8.937528036767617e-06
scale: 250.0, score: 9.144471732724924e-06
scale: 251.0, score: 9.355276233691256e-06
scale: 252.0, score: 9.569819667376578e-06
scale: 253.0, score: 9.788003808353096e-06
scale: 254.0, score: 1.0009718607761897e-05
scale: 255.0, score: 1.0234853107249364e-05
self.delta: 217.0
16 tensor([-99999,      0,     10,     15,     20,     25,     30,     35,     40,
            45,     50,     55,     60,     65,     70,     75],
       device='cuda:0', dtype=torch.int32)
16 tensor([  0.,   1.,   2.,   3.,   4.,   6.,   8.,  12.,  16.,  24.,  32.,  48.,
         64.,  96., 128., 192.], device='cuda:0')
16 tensor([0.0000, 0.0046, 0.0092, 0.0138, 0.0184, 0.0276, 0.0369, 0.0553, 0.0737,
        0.1106, 0.1475, 0.2212, 0.2949, 0.4424, 0.5899, 0.8848],
       device='cuda:0')
scale: 192.0, score: 8.158652235579211e-06
scale: 193.0, score: 7.883726539148483e-06
scale: 194.0, score: 7.6241053648118395e-06
scale: 195.0, score: 7.379366252280306e-06
scale: 196.0, score: 7.149083558033453e-06
scale: 197.0, score: 6.9328639256127644e-06
scale: 198.0, score: 6.730318091285881e-06
scale: 199.0, score: 6.541062703036005e-06
scale: 200.0, score: 6.36473532722448e-06
scale: 201.0, score: 6.200976258696755e-06
scale: 202.0, score: 6.049439434718806e-06
scale: 203.0, score: 5.90979016124038e-06
scale: 204.0, score: 5.781701020168839e-06
scale: 205.0, score: 5.664849595632404e-06
scale: 206.0, score: 5.558933480642736e-06
scale: 207.0, score: 5.463650722958846e-06
scale: 208.0, score: 5.378710739023518e-06
scale: 209.0, score: 5.303827492753044e-06
scale: 210.0, score: 5.238730864220997e-06
scale: 211.0, score: 5.1831484597641975e-06
scale: 212.0, score: 5.1368228923820425e-06
scale: 213.0, score: 5.099499958305387e-06
scale: 214.0, score: 5.070935912954155e-06
scale: 215.0, score: 5.05089064972708e-06
scale: 216.0, score: 5.039132247475209e-06
scale: 217.0, score: 5.035433787270449e-06
scale: 218.0, score: 5.039575626142323e-06
scale: 219.0, score: 5.051344032835914e-06
scale: 220.0, score: 5.070531187811866e-06
scale: 221.0, score: 5.0969338190043345e-06
scale: 222.0, score: 5.130356385052437e-06
scale: 223.0, score: 5.170605618332047e-06
scale: 224.0, score: 5.217497346166056e-06
scale: 225.0, score: 5.270848305372056e-06
scale: 226.0, score: 5.330483418219956e-06
scale: 227.0, score: 5.396228516474366e-06
scale: 228.0, score: 5.467916707857512e-06
scale: 229.0, score: 5.545387011807179e-06
scale: 230.0, score: 5.6284798120032065e-06
scale: 231.0, score: 5.71703913010424e-06
scale: 232.0, score: 5.810916718473891e-06
scale: 233.0, score: 5.9099652389704715e-06
scale: 234.0, score: 6.014040536683751e-06
scale: 235.0, score: 6.12300937063992e-06
scale: 236.0, score: 6.236729404918151e-06
scale: 237.0, score: 6.355074674502248e-06
scale: 238.0, score: 6.477908755186945e-06
scale: 239.0, score: 6.605118869629223e-06
scale: 240.0, score: 6.736569503118517e-06
scale: 241.0, score: 6.872153335280018e-06
scale: 242.0, score: 7.011753041297197e-06
scale: 243.0, score: 7.155248567869421e-06
scale: 244.0, score: 7.302537142095389e-06
scale: 245.0, score: 7.453508715116186e-06
scale: 246.0, score: 7.608057785546407e-06
scale: 247.0, score: 7.766084308968857e-06
scale: 248.0, score: 7.9274932431872e-06
scale: 249.0, score: 8.092182724794839e-06
scale: 250.0, score: 8.260058166342787e-06
scale: 251.0, score: 8.431031346844975e-06
scale: 252.0, score: 8.60500949784182e-06
scale: 253.0, score: 8.781911674304865e-06
scale: 254.0, score: 8.961648745753337e-06
scale: 255.0, score: 9.144132491201162e-06
self.delta: 217.0
16 tensor([-99999,      0,     10,     15,     20,     25,     30,     35,     40,
            45,     50,     55,     60,     65,     70,     75],
       device='cuda:0', dtype=torch.int32)
16 tensor([  0.,   1.,   2.,   3.,   4.,   6.,   8.,  12.,  16.,  24.,  32.,  48.,
         64.,  96., 128., 192.], device='cuda:0')
16 tensor([0.0000, 0.0046, 0.0092, 0.0138, 0.0184, 0.0276, 0.0369, 0.0553, 0.0737,
        0.1106, 0.1475, 0.2212, 0.2949, 0.4424, 0.5899, 0.8848],
       device='cuda:0')
scale: 192.0, score: 1.4216230738384183e-05
scale: 193.0, score: 1.3606110769615043e-05
scale: 194.0, score: 1.303039607591927e-05
scale: 195.0, score: 1.2488133506849408e-05
scale: 196.0, score: 1.1978368092968594e-05
scale: 197.0, score: 1.15002130769426e-05
scale: 198.0, score: 1.105279352486832e-05
scale: 199.0, score: 1.063524450728437e-05
scale: 200.0, score: 1.0246750207443256e-05
scale: 201.0, score: 9.886502994049806e-06
scale: 202.0, score: 9.5537234301446e-06
scale: 203.0, score: 9.247658454114571e-06
scale: 204.0, score: 8.967569556261878e-06
scale: 205.0, score: 8.712733688298613e-06
scale: 206.0, score: 8.482466910209041e-06
scale: 207.0, score: 8.27609073894564e-06
scale: 208.0, score: 8.092953976301942e-06
scale: 209.0, score: 7.932409971544985e-06
scale: 210.0, score: 7.793851182213984e-06
scale: 211.0, score: 7.67666642786935e-06
scale: 212.0, score: 7.580274086649297e-06
scale: 213.0, score: 7.504105724365218e-06
scale: 214.0, score: 7.447607458743732e-06
scale: 215.0, score: 7.410243142658146e-06
scale: 216.0, score: 7.391487997665536e-06
scale: 217.0, score: 7.390834525722312e-06
scale: 218.0, score: 7.407787506963359e-06
scale: 219.0, score: 7.44186581869144e-06
scale: 220.0, score: 7.49260061638779e-06
scale: 221.0, score: 7.559536243206821e-06
scale: 222.0, score: 7.642232048965525e-06
scale: 223.0, score: 7.740254659438506e-06
scale: 224.0, score: 7.853185707062948e-06
scale: 225.0, score: 7.980617738212459e-06
scale: 226.0, score: 8.12215239420766e-06
scale: 227.0, score: 8.277402230305597e-06
scale: 228.0, score: 8.445988896710332e-06
scale: 229.0, score: 8.627549505035859e-06
scale: 230.0, score: 8.821728442853782e-06
scale: 231.0, score: 9.028173735714518e-06
scale: 232.0, score: 9.246548870578408e-06
scale: 233.0, score: 9.476523700868711e-06
scale: 234.0, score: 9.717778084450401e-06
scale: 235.0, score: 9.970006431103684e-06
scale: 236.0, score: 1.0232893146167044e-05
scale: 237.0, score: 1.050615082931472e-05
scale: 238.0, score: 1.0789476618811022e-05
scale: 239.0, score: 1.1082614946644753e-05
scale: 240.0, score: 1.1385261132090818e-05
scale: 241.0, score: 1.1697171430569142e-05
scale: 242.0, score: 1.201808663608972e-05
scale: 243.0, score: 1.2347734809736721e-05
scale: 244.0, score: 1.2685884030361194e-05
scale: 245.0, score: 1.3032286005909555e-05
scale: 246.0, score: 1.3386706996243447e-05
scale: 247.0, score: 1.3748917808698025e-05
scale: 248.0, score: 1.4118707440502476e-05
scale: 249.0, score: 1.4495846698991954e-05
scale: 250.0, score: 1.4880118214932736e-05
scale: 251.0, score: 1.5271334632416256e-05
scale: 252.0, score: 1.566927858220879e-05
scale: 253.0, score: 1.6073767255875282e-05
scale: 254.0, score: 1.648460420256015e-05
scale: 255.0, score: 1.6901587514439598e-05
self.delta: 217.0
16 tensor([-99999,      0,     10,     15,     20,     25,     30,     35,     40,
            45,     50,     55,     60,     65,     70,     75],
       device='cuda:0', dtype=torch.int32)
16 tensor([  0.,   1.,   2.,   3.,   4.,   6.,   8.,  12.,  16.,  24.,  32.,  48.,
         64.,  96., 128., 192.], device='cuda:0')
16 tensor([0.0000, 0.0046, 0.0092, 0.0138, 0.0184, 0.0276, 0.0369, 0.0553, 0.0737,
        0.1106, 0.1475, 0.2212, 0.2949, 0.4424, 0.5899, 0.8848],
       device='cuda:0')
Performing scale reparameterization ...
Validating ...
Test: [0/250]	Time 3.300 (3.300)	Loss 0.7690 (0.7690)	Prec@1 81.500 (81.500)	Prec@5 98.000 (98.000)
Test: [100/250]	Time 0.840 (0.864)	Loss 1.8733 (1.0682)	Prec@1 55.500 (75.767)	Prec@5 86.500 (93.307)
Test: [200/250]	Time 0.840 (0.852)	Loss 0.9113 (1.3726)	Prec@1 84.000 (70.229)	Prec@5 95.500 (89.423)
