Namespace(model='vit_base', dataset='dataset/imagenet/', calib_batchsize=32, val_batchsize=200, num_workers=8, device='cuda', print_freq=100, seed=0, w_bits=4, a_bits=4, log_quant_scheme='BitLog2_Half_16')
Building dataloader ...
Building model ...
Performing initial quantization ...
scale: 192.0, score: 2.5154822651529685e-05
scale: 193.0, score: 2.3866046831244603e-05
scale: 194.0, score: 2.266551564389374e-05
scale: 195.0, score: 2.1550749806920066e-05
scale: 196.0, score: 2.0519255485851318e-05
scale: 197.0, score: 1.956871710717678e-05
scale: 198.0, score: 1.86968482012162e-05
scale: 199.0, score: 1.7901405954035e-05
scale: 200.0, score: 1.718024941510521e-05
scale: 201.0, score: 1.6531279470655136e-05
scale: 202.0, score: 1.5952466128510423e-05
scale: 203.0, score: 1.5441835785168223e-05
scale: 204.0, score: 1.4997468497313093e-05
scale: 205.0, score: 1.461749525333289e-05
scale: 206.0, score: 1.4300120710686315e-05
scale: 207.0, score: 1.404358226864133e-05
scale: 208.0, score: 1.3846174624632113e-05
scale: 209.0, score: 1.3706236131838523e-05
scale: 210.0, score: 1.362216062261723e-05
scale: 211.0, score: 1.3592378309112974e-05
scale: 212.0, score: 1.3615370335173793e-05
scale: 213.0, score: 1.36896551339305e-05
scale: 214.0, score: 1.3813797522743698e-05
scale: 215.0, score: 1.398639415128855e-05
scale: 216.0, score: 1.4206093510438222e-05
scale: 217.0, score: 1.4471570466412231e-05
scale: 218.0, score: 1.4781542631681077e-05
scale: 219.0, score: 1.5134755813051015e-05
scale: 220.0, score: 1.5529998563579284e-05
scale: 221.0, score: 1.596607944520656e-05
scale: 222.0, score: 1.6441870684502646e-05
scale: 223.0, score: 1.6956233594100922e-05
scale: 224.0, score: 1.750808587530628e-05
scale: 225.0, score: 1.8096381609211676e-05
scale: 226.0, score: 1.8720074876910076e-05
scale: 227.0, score: 1.9378174329176545e-05
scale: 228.0, score: 2.0069681340828538e-05
scale: 229.0, score: 2.079367550322786e-05
scale: 230.0, score: 2.1549225493799895e-05
scale: 231.0, score: 2.2335419998853467e-05
scale: 232.0, score: 2.3151402274379507e-05
scale: 233.0, score: 2.399629920546431e-05
scale: 234.0, score: 2.4869281332939863e-05
scale: 235.0, score: 2.5769586500246078e-05
scale: 236.0, score: 2.6696374334278516e-05
scale: 237.0, score: 2.764890632533934e-05
scale: 238.0, score: 2.862639303202741e-05
scale: 239.0, score: 2.962820144603029e-05
scale: 240.0, score: 3.065351120312698e-05
scale: 241.0, score: 3.170171839883551e-05
scale: 242.0, score: 3.277216092101298e-05
scale: 243.0, score: 3.3864092984003946e-05
scale: 244.0, score: 3.497696525300853e-05
scale: 245.0, score: 3.6110111977905035e-05
scale: 246.0, score: 3.726293289219029e-05
scale: 247.0, score: 3.8434835005318746e-05
scale: 248.0, score: 3.962529808632098e-05
scale: 249.0, score: 4.083371095475741e-05
scale: 250.0, score: 4.205951699987054e-05
scale: 251.0, score: 4.3302228732500225e-05
scale: 252.0, score: 4.456129317986779e-05
scale: 253.0, score: 4.583625923260115e-05
scale: 254.0, score: 4.7126595745794475e-05
scale: 255.0, score: 4.8431786126457155e-05
self.delta: 211.0
16 tensor([-99999,      0,     10,     15,     20,     25,     30,     35,     40,
            45,     50,     55,     60,     65,     70,     75],
       device='cuda:0', dtype=torch.int32)
16 tensor([  0.,   1.,   2.,   3.,   4.,   6.,   8.,  12.,  16.,  24.,  32.,  48.,
         64.,  96., 128., 192.], device='cuda:0')
16 tensor([0.0000, 0.0047, 0.0095, 0.0142, 0.0190, 0.0284, 0.0379, 0.0569, 0.0758,
        0.1137, 0.1517, 0.2275, 0.3033, 0.4550, 0.6066, 0.9100],
       device='cuda:0')
scale: 192.0, score: 1.731063639454078e-05
scale: 193.0, score: 1.6471352864755318e-05
scale: 194.0, score: 1.5680105207138695e-05
scale: 195.0, score: 1.493557465437334e-05
scale: 196.0, score: 1.4236416063795332e-05
scale: 197.0, score: 1.3581389794126153e-05
scale: 198.0, score: 1.2969275303476024e-05
scale: 199.0, score: 1.2398861144902185e-05
scale: 200.0, score: 1.1869009540532716e-05
scale: 201.0, score: 1.1378589078958612e-05
scale: 202.0, score: 1.092651018552715e-05
scale: 203.0, score: 1.0511718755878974e-05
scale: 204.0, score: 1.013318160403287e-05
scale: 205.0, score: 9.789891009859275e-06
scale: 206.0, score: 9.480891094426624e-06
scale: 207.0, score: 9.205230526276864e-06
scale: 208.0, score: 8.961995263234712e-06
scale: 209.0, score: 8.750289453018922e-06
scale: 210.0, score: 8.569256351620425e-06
scale: 211.0, score: 8.418046490987763e-06
scale: 212.0, score: 8.295844963868149e-06
scale: 213.0, score: 8.20185596239753e-06
scale: 214.0, score: 8.135309144563507e-06
scale: 215.0, score: 8.095450539258309e-06
scale: 216.0, score: 8.081548003247008e-06
scale: 217.0, score: 8.09289122116752e-06
scale: 218.0, score: 8.128791705530602e-06
scale: 219.0, score: 8.188571882783435e-06
scale: 220.0, score: 8.27158146421425e-06
scale: 221.0, score: 8.377179256058298e-06
scale: 222.0, score: 8.504751349391881e-06
scale: 223.0, score: 8.653690201754216e-06
scale: 224.0, score: 8.82341464603087e-06
scale: 225.0, score: 9.013350791065022e-06
scale: 226.0, score: 9.222945664077997e-06
scale: 227.0, score: 9.451658115722239e-06
scale: 228.0, score: 9.698953363113105e-06
scale: 229.0, score: 9.964331184164621e-06
scale: 230.0, score: 1.024729135679081e-05
scale: 231.0, score: 1.0547340025368612e-05
scale: 232.0, score: 1.0864015166589525e-05
scale: 233.0, score: 1.1196847481187433e-05
scale: 234.0, score: 1.1545388588274363e-05
scale: 235.0, score: 1.1909219210792799e-05
scale: 236.0, score: 1.2287891877349466e-05
scale: 237.0, score: 1.2681006410275586e-05
scale: 238.0, score: 1.3088139894534834e-05
scale: 239.0, score: 1.3508936717698816e-05
scale: 240.0, score: 1.3942971236247104e-05
scale: 241.0, score: 1.438990148017183e-05
scale: 242.0, score: 1.4849368199065793e-05
scale: 243.0, score: 1.5320982129196636e-05
scale: 244.0, score: 1.580443131388165e-05
scale: 245.0, score: 1.6299361959681846e-05
scale: 246.0, score: 1.680544846749399e-05
scale: 247.0, score: 1.7322372514172457e-05
scale: 248.0, score: 1.7849839423433878e-05
scale: 249.0, score: 1.8387529053143226e-05
scale: 250.0, score: 1.8935135813080706e-05
scale: 251.0, score: 1.94923941307934e-05
scale: 252.0, score: 2.0059009329997934e-05
scale: 253.0, score: 2.06347212952096e-05
scale: 254.0, score: 2.121925717801787e-05
scale: 255.0, score: 2.181233503506519e-05
self.delta: 216.0
16 tensor([-99999,      0,     10,     15,     20,     25,     30,     35,     40,
            45,     50,     55,     60,     65,     70,     75],
       device='cuda:0', dtype=torch.int32)
16 tensor([  0.,   1.,   2.,   3.,   4.,   6.,   8.,  12.,  16.,  24.,  32.,  48.,
         64.,  96., 128., 192.], device='cuda:0')
16 tensor([0.0000, 0.0046, 0.0093, 0.0139, 0.0185, 0.0278, 0.0370, 0.0556, 0.0741,
        0.1111, 0.1481, 0.2222, 0.2963, 0.4444, 0.5926, 0.8889],
       device='cuda:0')
scale: 192.0, score: 1.8783746781991795e-05
scale: 193.0, score: 1.788419103831984e-05
scale: 194.0, score: 1.7035517885233276e-05
scale: 195.0, score: 1.6236326700891368e-05
scale: 196.0, score: 1.548519139760174e-05
scale: 197.0, score: 1.4780806850467343e-05
scale: 198.0, score: 1.4121877939032856e-05
scale: 199.0, score: 1.3507121366274077e-05
scale: 200.0, score: 1.2935337508679368e-05
scale: 201.0, score: 1.240532765223179e-05
scale: 202.0, score: 1.1915937648154795e-05
scale: 203.0, score: 1.1466054274933413e-05
scale: 204.0, score: 1.105458341044141e-05
scale: 205.0, score: 1.0680459126888309e-05
scale: 206.0, score: 1.0342667337681632e-05
scale: 207.0, score: 1.0040205779660027e-05
scale: 208.0, score: 9.772106750460807e-06
scale: 209.0, score: 9.53742073761532e-06
scale: 210.0, score: 9.3352409749059e-06
scale: 211.0, score: 9.164668881567195e-06
scale: 212.0, score: 9.024843166116625e-06
scale: 213.0, score: 8.914920726965647e-06
scale: 214.0, score: 8.834086656861473e-06
scale: 215.0, score: 8.781542419455945e-06
scale: 216.0, score: 8.756514944252558e-06
scale: 217.0, score: 8.758252079132944e-06
scale: 218.0, score: 8.78602349985158e-06
scale: 219.0, score: 8.839114343572874e-06
scale: 220.0, score: 8.916833394323476e-06
scale: 221.0, score: 9.018505807034671e-06
scale: 222.0, score: 9.143478564510588e-06
scale: 223.0, score: 9.291112291975878e-06
scale: 224.0, score: 9.46078944252804e-06
scale: 225.0, score: 9.651903383200988e-06
scale: 226.0, score: 9.863867489912082e-06
scale: 227.0, score: 1.0096108780999202e-05
scale: 228.0, score: 1.0348065188736655e-05
scale: 229.0, score: 1.06192037492292e-05
scale: 230.0, score: 1.0908995136560407e-05
scale: 231.0, score: 1.1216918210266158e-05
scale: 232.0, score: 1.1542480933712795e-05
scale: 233.0, score: 1.1885189451277256e-05
scale: 234.0, score: 1.2244567187735811e-05
scale: 235.0, score: 1.2620172128663398e-05
scale: 236.0, score: 1.3011529517825693e-05
scale: 237.0, score: 1.341821644018637e-05
scale: 238.0, score: 1.3839785424352158e-05
scale: 239.0, score: 1.4275858120527118e-05
scale: 240.0, score: 1.4725983419339173e-05
scale: 241.0, score: 1.5189801160886418e-05
scale: 242.0, score: 1.5666932085878216e-05
scale: 243.0, score: 1.6156964193214662e-05
scale: 244.0, score: 1.6659563698340207e-05
scale: 245.0, score: 1.7174357708427124e-05
scale: 246.0, score: 1.7701004253467545e-05
scale: 247.0, score: 1.8239157725474797e-05
scale: 248.0, score: 1.87885198101867e-05
scale: 249.0, score: 1.934873580466956e-05
scale: 250.0, score: 1.991949466173537e-05
scale: 251.0, score: 2.050051261903718e-05
scale: 252.0, score: 2.109147135342937e-05
scale: 253.0, score: 2.169210529245902e-05
scale: 254.0, score: 2.2302114302874543e-05
scale: 255.0, score: 2.292120552738197e-05
self.delta: 216.0
16 tensor([-99999,      0,     10,     15,     20,     25,     30,     35,     40,
            45,     50,     55,     60,     65,     70,     75],
       device='cuda:0', dtype=torch.int32)
16 tensor([  0.,   1.,   2.,   3.,   4.,   6.,   8.,  12.,  16.,  24.,  32.,  48.,
         64.,  96., 128., 192.], device='cuda:0')
16 tensor([0.0000, 0.0046, 0.0093, 0.0139, 0.0185, 0.0278, 0.0370, 0.0556, 0.0741,
        0.1111, 0.1481, 0.2222, 0.2963, 0.4444, 0.5926, 0.8889],
       device='cuda:0')
scale: 192.0, score: 1.6443105778307654e-05
scale: 193.0, score: 1.5679888747399673e-05
scale: 194.0, score: 1.4959482541598845e-05
scale: 195.0, score: 1.4280709365266375e-05
scale: 196.0, score: 1.3642375051858835e-05
scale: 197.0, score: 1.3043378203292377e-05
scale: 198.0, score: 1.2482629244914278e-05
scale: 199.0, score: 1.1959054972976446e-05
scale: 200.0, score: 1.1471639481897e-05
scale: 201.0, score: 1.1019380508514587e-05
scale: 202.0, score: 1.060130580299301e-05
scale: 203.0, score: 1.0216478585789446e-05
scale: 204.0, score: 9.8639793577604e-06
scale: 205.0, score: 9.542912266624626e-06
scale: 206.0, score: 9.252426025341265e-06
scale: 207.0, score: 8.99167571333237e-06
scale: 208.0, score: 8.759849151829258e-06
scale: 209.0, score: 8.556145075999666e-06
scale: 210.0, score: 8.379805876757018e-06
scale: 211.0, score: 8.230072126025334e-06
scale: 212.0, score: 8.106222594506107e-06
scale: 213.0, score: 8.007546057342552e-06
scale: 214.0, score: 7.93335675552953e-06
scale: 215.0, score: 7.88298621046124e-06
scale: 216.0, score: 7.85578231443651e-06
scale: 217.0, score: 7.851112968637608e-06
scale: 218.0, score: 7.868363354646135e-06
scale: 219.0, score: 7.906933205958921e-06
scale: 220.0, score: 7.966241355461534e-06
scale: 221.0, score: 8.045719368965365e-06
scale: 222.0, score: 8.144820640154649e-06
scale: 223.0, score: 8.26300401968183e-06
scale: 224.0, score: 8.399751095566899e-06
scale: 225.0, score: 8.554553460271563e-06
scale: 226.0, score: 8.726915439183358e-06
scale: 227.0, score: 8.916357728594448e-06
scale: 228.0, score: 9.122407391259912e-06
scale: 229.0, score: 9.344612408312969e-06
scale: 230.0, score: 9.58253258431796e-06
scale: 231.0, score: 9.835724995355122e-06
scale: 232.0, score: 1.0103777640324552e-05
scale: 233.0, score: 1.0386279427621048e-05
scale: 234.0, score: 1.068282472260762e-05
scale: 235.0, score: 1.0993041541951243e-05
scale: 236.0, score: 1.1316533345961943e-05
scale: 237.0, score: 1.1652940884232521e-05
scale: 238.0, score: 1.200189126393525e-05
scale: 239.0, score: 1.2363063433440402e-05
scale: 240.0, score: 1.2736081771436147e-05
scale: 241.0, score: 1.3120639778207988e-05
scale: 242.0, score: 1.35164182211156e-05
scale: 243.0, score: 1.3923073311161716e-05
scale: 244.0, score: 1.4340322195494082e-05
scale: 245.0, score: 1.4767853826924693e-05
scale: 246.0, score: 1.5205375348159578e-05
scale: 247.0, score: 1.5652603906346485e-05
scale: 248.0, score: 1.6109277567011304e-05
scale: 249.0, score: 1.6575108020333573e-05
scale: 250.0, score: 1.7049829693860374e-05
scale: 251.0, score: 1.7533200662001036e-05
scale: 252.0, score: 1.802496080927085e-05
scale: 253.0, score: 1.852487912401557e-05
scale: 254.0, score: 1.903270822367631e-05
scale: 255.0, score: 1.9548198906704783e-05
self.delta: 217.0
16 tensor([-99999,      0,     10,     15,     20,     25,     30,     35,     40,
            45,     50,     55,     60,     65,     70,     75],
       device='cuda:0', dtype=torch.int32)
16 tensor([  0.,   1.,   2.,   3.,   4.,   6.,   8.,  12.,  16.,  24.,  32.,  48.,
         64.,  96., 128., 192.], device='cuda:0')
16 tensor([0.0000, 0.0046, 0.0092, 0.0138, 0.0184, 0.0276, 0.0369, 0.0553, 0.0737,
        0.1106, 0.1475, 0.2212, 0.2949, 0.4424, 0.5899, 0.8848],
       device='cuda:0')
scale: 192.0, score: 1.2565617907966953e-05
scale: 193.0, score: 1.201403938466683e-05
scale: 194.0, score: 1.1492849807837047e-05
scale: 195.0, score: 1.1001214261341374e-05
scale: 196.0, score: 1.0538286005612463e-05
scale: 197.0, score: 1.0103286513185594e-05
scale: 198.0, score: 9.695443623058964e-06
scale: 199.0, score: 9.313994269177783e-06
scale: 200.0, score: 8.958220860222355e-06
scale: 201.0, score: 8.627412171335891e-06
scale: 202.0, score: 8.320880624523852e-06
scale: 203.0, score: 8.03796046966454e-06
scale: 204.0, score: 7.77800232754089e-06
scale: 205.0, score: 7.540368642366957e-06
scale: 206.0, score: 7.32445778339752e-06
scale: 207.0, score: 7.12967039362411e-06
scale: 208.0, score: 6.955430762900505e-06
scale: 209.0, score: 6.801171366532799e-06
scale: 210.0, score: 6.666355602646945e-06
scale: 211.0, score: 6.550444595632143e-06
scale: 212.0, score: 6.452925845223945e-06
scale: 213.0, score: 6.373298219841672e-06
scale: 214.0, score: 6.311072866083123e-06
scale: 215.0, score: 6.265777301450726e-06
scale: 216.0, score: 6.236948593141278e-06
scale: 217.0, score: 6.224139269761508e-06
scale: 218.0, score: 6.226912319107214e-06
scale: 219.0, score: 6.244844826142071e-06
scale: 220.0, score: 6.277522516029421e-06
scale: 221.0, score: 6.324542937363731e-06
scale: 222.0, score: 6.385517281159991e-06
scale: 223.0, score: 6.4600640143908095e-06
scale: 224.0, score: 6.547814791701967e-06
scale: 225.0, score: 6.648408088949509e-06
scale: 226.0, score: 6.761494205420604e-06
scale: 227.0, score: 6.886732535349438e-06
scale: 228.0, score: 7.023786110949004e-06
scale: 229.0, score: 7.1723375185683835e-06
scale: 230.0, score: 7.33207070879871e-06
scale: 231.0, score: 7.5026764534413815e-06
scale: 232.0, score: 7.68385871197097e-06
scale: 233.0, score: 7.875326446082909e-06
scale: 234.0, score: 8.07679407444084e-06
scale: 235.0, score: 8.287995115097146e-06
scale: 236.0, score: 8.508648534188978e-06
scale: 237.0, score: 8.738503311178647e-06
scale: 238.0, score: 8.977290235634428e-06
scale: 239.0, score: 9.224782843375579e-06
scale: 240.0, score: 9.480715561949182e-06
scale: 241.0, score: 9.744871931616217e-06
scale: 242.0, score: 1.0017022759711836e-05
scale: 243.0, score: 1.029692793963477e-05
scale: 244.0, score: 1.058438192558242e-05
scale: 245.0, score: 1.087916643882636e-05
scale: 246.0, score: 1.1181075933563989e-05
scale: 247.0, score: 1.1489905773487408e-05
scale: 248.0, score: 1.180547315016156e-05
scale: 249.0, score: 1.2127572517783847e-05
scale: 250.0, score: 1.2456013791961595e-05
scale: 251.0, score: 1.279062962566968e-05
scale: 252.0, score: 1.3131229934515432e-05
scale: 253.0, score: 1.3477652828441933e-05
scale: 254.0, score: 1.3829725503455848e-05
scale: 255.0, score: 1.4187268789100926e-05
self.delta: 217.0
16 tensor([-99999,      0,     10,     15,     20,     25,     30,     35,     40,
            45,     50,     55,     60,     65,     70,     75],
       device='cuda:0', dtype=torch.int32)
16 tensor([  0.,   1.,   2.,   3.,   4.,   6.,   8.,  12.,  16.,  24.,  32.,  48.,
         64.,  96., 128., 192.], device='cuda:0')
16 tensor([0.0000, 0.0046, 0.0092, 0.0138, 0.0184, 0.0276, 0.0369, 0.0553, 0.0737,
        0.1106, 0.1475, 0.2212, 0.2949, 0.4424, 0.5899, 0.8848],
       device='cuda:0')
scale: 192.0, score: 8.302536116389092e-06
scale: 193.0, score: 7.967695637489669e-06
scale: 194.0, score: 7.651425221411046e-06
scale: 195.0, score: 7.353212822636124e-06
scale: 196.0, score: 7.072542302921647e-06
scale: 197.0, score: 6.808935722801834e-06
scale: 198.0, score: 6.561921964021167e-06
scale: 199.0, score: 6.331034455797635e-06
scale: 200.0, score: 6.1158348216849845e-06
scale: 201.0, score: 5.915887868468417e-06
scale: 202.0, score: 5.7307715906063095e-06
scale: 203.0, score: 5.560081262956373e-06
scale: 204.0, score: 5.403418981586583e-06
scale: 205.0, score: 5.260395482764579e-06
scale: 206.0, score: 5.130641511641443e-06
scale: 207.0, score: 5.013791906094411e-06
scale: 208.0, score: 4.909493327431846e-06
scale: 209.0, score: 4.817401531909127e-06
scale: 210.0, score: 4.737185918202158e-06
scale: 211.0, score: 4.6685172492288984e-06
scale: 212.0, score: 4.611082658811938e-06
scale: 213.0, score: 4.564575647236779e-06
scale: 214.0, score: 4.528698354988592e-06
scale: 215.0, score: 4.50316065325751e-06
scale: 216.0, score: 4.487680143938633e-06
scale: 217.0, score: 4.481982614379376e-06
scale: 218.0, score: 4.485801582632121e-06
scale: 219.0, score: 4.498878752201563e-06
scale: 220.0, score: 4.520959464571206e-06
scale: 221.0, score: 4.551799065666273e-06
scale: 222.0, score: 4.591159722622251e-06
scale: 223.0, score: 4.638807695300784e-06
scale: 224.0, score: 4.694517883763183e-06
scale: 225.0, score: 4.758069735544268e-06
scale: 226.0, score: 4.829249064641772e-06
scale: 227.0, score: 4.907847142021637e-06
scale: 228.0, score: 4.993659786123317e-06
scale: 229.0, score: 5.086490546091227e-06
scale: 230.0, score: 5.1861484280379955e-06
scale: 231.0, score: 5.292443347570952e-06
scale: 232.0, score: 5.405194315244444e-06
scale: 233.0, score: 5.524223524844274e-06
scale: 234.0, score: 5.6493554438930005e-06
scale: 235.0, score: 5.780430456070462e-06
scale: 236.0, score: 5.917273483646568e-06
scale: 237.0, score: 6.05973173151142e-06
scale: 238.0, score: 6.207641945366049e-06
scale: 239.0, score: 6.360864517773734e-06
scale: 240.0, score: 6.519237103930209e-06
scale: 241.0, score: 6.682628281851066e-06
scale: 242.0, score: 6.850897079857532e-06
scale: 243.0, score: 7.0238966145552695e-06
scale: 244.0, score: 7.201503194664838e-06
scale: 245.0, score: 7.383581305475673e-06
scale: 246.0, score: 7.5700058914662804e-06
scale: 247.0, score: 7.760651897115167e-06
scale: 248.0, score: 7.955407454574015e-06
scale: 249.0, score: 8.154148417816032e-06
scale: 250.0, score: 8.356756552529987e-06
scale: 251.0, score: 8.563129995309282e-06
scale: 252.0, score: 8.773155968810897e-06
scale: 253.0, score: 8.986728062154725e-06
scale: 254.0, score: 9.203747140418272e-06
scale: 255.0, score: 9.424103154742625e-06
self.delta: 217.0
16 tensor([-99999,      0,     10,     15,     20,     25,     30,     35,     40,
            45,     50,     55,     60,     65,     70,     75],
       device='cuda:0', dtype=torch.int32)
16 tensor([  0.,   1.,   2.,   3.,   4.,   6.,   8.,  12.,  16.,  24.,  32.,  48.,
         64.,  96., 128., 192.], device='cuda:0')
16 tensor([0.0000, 0.0046, 0.0092, 0.0138, 0.0184, 0.0276, 0.0369, 0.0553, 0.0737,
        0.1106, 0.1475, 0.2212, 0.2949, 0.4424, 0.5899, 0.8848],
       device='cuda:0')
scale: 192.0, score: 7.4279287218814716e-06
scale: 193.0, score: 7.151729278120911e-06
scale: 194.0, score: 6.89106309437193e-06
scale: 195.0, score: 6.645500889135292e-06
scale: 196.0, score: 6.414610197680304e-06
scale: 197.0, score: 6.197991297085537e-06
scale: 198.0, score: 5.995249466650421e-06
scale: 199.0, score: 5.8059954426425975e-06
scale: 200.0, score: 5.629859515465796e-06
scale: 201.0, score: 5.466477432491956e-06
scale: 202.0, score: 5.315498128766194e-06
scale: 203.0, score: 5.176580089027993e-06
scale: 204.0, score: 5.0493904382165056e-06
scale: 205.0, score: 4.933604031975847e-06
scale: 206.0, score: 4.828911642107414e-06
scale: 207.0, score: 4.735007223644061e-06
scale: 208.0, score: 4.651595190807711e-06
scale: 209.0, score: 4.5783854147884995e-06
scale: 210.0, score: 4.51510322818649e-06
scale: 211.0, score: 4.461471689864993e-06
scale: 212.0, score: 4.417230229591951e-06
scale: 213.0, score: 4.3821210056194104e-06
scale: 214.0, score: 4.355894361651735e-06
scale: 215.0, score: 4.338307917350903e-06
scale: 216.0, score: 4.329124749347102e-06
scale: 217.0, score: 4.328115664975485e-06
scale: 218.0, score: 4.3350582927814685e-06
scale: 219.0, score: 4.3497338992892765e-06
scale: 220.0, score: 4.371932391222799e-06
scale: 221.0, score: 4.401446858537383e-06
scale: 222.0, score: 4.4380790313880425e-06
scale: 223.0, score: 4.4816329136665445e-06
scale: 224.0, score: 4.5319197852222715e-06
scale: 225.0, score: 4.5887550186307635e-06
scale: 226.0, score: 4.651959898183122e-06
scale: 227.0, score: 4.721360255643958e-06
scale: 228.0, score: 4.796782832272584e-06
scale: 229.0, score: 4.878065283264732e-06
scale: 230.0, score: 4.96504708280554e-06
scale: 231.0, score: 5.057569069322199e-06
scale: 232.0, score: 5.1554798119468614e-06
scale: 233.0, score: 5.258629698801087e-06
scale: 234.0, score: 5.366874120227294e-06
scale: 235.0, score: 5.480075742525514e-06
scale: 236.0, score: 5.59809222977492e-06
scale: 237.0, score: 5.720792159991106e-06
scale: 238.0, score: 5.848040927958209e-06
scale: 239.0, score: 5.979721663607052e-06
scale: 240.0, score: 6.115697942732368e-06
scale: 241.0, score: 6.255859261727892e-06
scale: 242.0, score: 6.4000882957770955e-06
scale: 243.0, score: 6.54826271784259e-06
scale: 244.0, score: 6.70027702653897e-06
scale: 245.0, score: 6.85602071825997e-06
scale: 246.0, score: 7.01538647263078e-06
scale: 247.0, score: 7.178271516750101e-06
scale: 248.0, score: 7.344580808421597e-06
scale: 249.0, score: 7.514211119996617e-06
scale: 250.0, score: 7.68706468079472e-06
scale: 251.0, score: 7.863054634071887e-06
scale: 252.0, score: 8.042084118642379e-06
scale: 253.0, score: 8.224072189477738e-06
scale: 254.0, score: 8.408927897107787e-06
scale: 255.0, score: 8.596563020546455e-06
self.delta: 217.0
16 tensor([-99999,      0,     10,     15,     20,     25,     30,     35,     40,
            45,     50,     55,     60,     65,     70,     75],
       device='cuda:0', dtype=torch.int32)
16 tensor([  0.,   1.,   2.,   3.,   4.,   6.,   8.,  12.,  16.,  24.,  32.,  48.,
         64.,  96., 128., 192.], device='cuda:0')
16 tensor([0.0000, 0.0046, 0.0092, 0.0138, 0.0184, 0.0276, 0.0369, 0.0553, 0.0737,
        0.1106, 0.1475, 0.2212, 0.2949, 0.4424, 0.5899, 0.8848],
       device='cuda:0')
scale: 192.0, score: 7.5157136052439455e-06
scale: 193.0, score: 7.228293270600261e-06
scale: 194.0, score: 6.957142886676593e-06
scale: 195.0, score: 6.701814982079668e-06
scale: 196.0, score: 6.4618548094586e-06
scale: 197.0, score: 6.236844910745276e-06
scale: 198.0, score: 6.026369192113634e-06
scale: 199.0, score: 5.830020654684631e-06
scale: 200.0, score: 5.6474127632100135e-06
scale: 201.0, score: 5.478162620420335e-06
scale: 202.0, score: 5.321901880961377e-06
scale: 203.0, score: 5.1782740229100455e-06
scale: 204.0, score: 5.04693025504821e-06
scale: 205.0, score: 4.927527243125951e-06
scale: 206.0, score: 4.819743480766192e-06
scale: 207.0, score: 4.723257006844506e-06
scale: 208.0, score: 4.637757683667587e-06
scale: 209.0, score: 4.562943104247097e-06
scale: 210.0, score: 4.4985231397731695e-06
scale: 211.0, score: 4.444209935172694e-06
scale: 212.0, score: 4.3997283682983834e-06
scale: 213.0, score: 4.364808773971163e-06
scale: 214.0, score: 4.339189672464272e-06
scale: 215.0, score: 4.3226177695032675e-06
scale: 216.0, score: 4.314844318287214e-06
scale: 217.0, score: 4.315628757467493e-06
scale: 218.0, score: 4.324737346905749e-06
scale: 219.0, score: 4.341942258179188e-06
scale: 220.0, score: 4.367022484075278e-06
scale: 221.0, score: 4.399761564854998e-06
scale: 222.0, score: 4.439951680978993e-06
scale: 223.0, score: 4.487386831897311e-06
scale: 224.0, score: 4.541869657259667e-06
scale: 225.0, score: 4.603207798936637e-06
scale: 226.0, score: 4.671212082030252e-06
scale: 227.0, score: 4.745700607600156e-06
scale: 228.0, score: 4.8264932956954e-06
scale: 229.0, score: 4.9134182518173475e-06
scale: 230.0, score: 5.006308128940873e-06
scale: 231.0, score: 5.104994215798797e-06
scale: 232.0, score: 5.209321443544468e-06
scale: 233.0, score: 5.319130650605075e-06
scale: 234.0, score: 5.4342694966180716e-06
scale: 235.0, score: 5.554597009904683e-06
scale: 236.0, score: 5.679960850102361e-06
scale: 237.0, score: 5.810226411995245e-06
scale: 238.0, score: 5.945249085925752e-06
scale: 239.0, score: 6.0849092733406e-06
scale: 240.0, score: 6.229063728824258e-06
scale: 241.0, score: 6.377594672812847e-06
scale: 242.0, score: 6.530382052005734e-06
scale: 243.0, score: 6.687294444418512e-06
scale: 244.0, score: 6.848224984423723e-06
scale: 245.0, score: 7.013054528215434e-06
scale: 246.0, score: 7.1816739364294335e-06
scale: 247.0, score: 7.353972250712104e-06
scale: 248.0, score: 7.5298526098777074e-06
scale: 249.0, score: 7.709204510319978e-06
scale: 250.0, score: 7.891926543379668e-06
scale: 251.0, score: 8.07792730483925e-06
scale: 252.0, score: 8.26710765977623e-06
scale: 253.0, score: 8.459379387204535e-06
scale: 254.0, score: 8.654649718664587e-06
scale: 255.0, score: 8.852824066707399e-06
self.delta: 216.0
16 tensor([-99999,      0,     10,     15,     20,     25,     30,     35,     40,
            45,     50,     55,     60,     65,     70,     75],
       device='cuda:0', dtype=torch.int32)
16 tensor([  0.,   1.,   2.,   3.,   4.,   6.,   8.,  12.,  16.,  24.,  32.,  48.,
         64.,  96., 128., 192.], device='cuda:0')
16 tensor([0.0000, 0.0046, 0.0093, 0.0139, 0.0185, 0.0278, 0.0370, 0.0556, 0.0741,
        0.1111, 0.1481, 0.2222, 0.2963, 0.4444, 0.5926, 0.8889],
       device='cuda:0')
scale: 192.0, score: 6.873398888274096e-06
scale: 193.0, score: 6.628778919548495e-06
scale: 194.0, score: 6.397816832759418e-06
scale: 195.0, score: 6.18013564235298e-06
scale: 196.0, score: 5.9753560890385415e-06
scale: 197.0, score: 5.783126198366517e-06
scale: 198.0, score: 5.60309899810818e-06
scale: 199.0, score: 5.434932063508313e-06
scale: 200.0, score: 5.278300250211032e-06
scale: 201.0, score: 5.132885235070717e-06
scale: 202.0, score: 4.998376880394062e-06
scale: 203.0, score: 4.874477326666238e-06
scale: 204.0, score: 4.760890988109168e-06
scale: 205.0, score: 4.6573350118706e-06
scale: 206.0, score: 4.563535640045302e-06
scale: 207.0, score: 4.47922457169625e-06
scale: 208.0, score: 4.4041416913387366e-06
scale: 209.0, score: 4.338033704698319e-06
scale: 210.0, score: 4.280657321942272e-06
scale: 211.0, score: 4.231770617479924e-06
scale: 212.0, score: 4.1911430344043765e-06
scale: 213.0, score: 4.15854947277694e-06
scale: 214.0, score: 4.133769380132435e-06
scale: 215.0, score: 4.116590844205348e-06
scale: 216.0, score: 4.106805135961622e-06
scale: 217.0, score: 4.104211257072166e-06
scale: 218.0, score: 4.108612301934045e-06
scale: 219.0, score: 4.119818186154589e-06
scale: 220.0, score: 4.137642463319935e-06
scale: 221.0, score: 4.1619041439844295e-06
scale: 222.0, score: 4.1924290599126834e-06
scale: 223.0, score: 4.229043952364009e-06
scale: 224.0, score: 4.271585112292087e-06
scale: 225.0, score: 4.319888375903247e-06
scale: 226.0, score: 4.373796855361434e-06
scale: 227.0, score: 4.4331582103041e-06
scale: 228.0, score: 4.497819190873997e-06
scale: 229.0, score: 4.567638370645e-06
scale: 230.0, score: 4.642473868443631e-06
scale: 231.0, score: 4.722185622085817e-06
scale: 232.0, score: 4.8066408453451e-06
scale: 233.0, score: 4.895708570984425e-06
scale: 234.0, score: 4.98926010550349e-06
scale: 235.0, score: 5.087177214591065e-06
scale: 236.0, score: 5.189331659494201e-06
scale: 237.0, score: 5.295611117617227e-06
scale: 238.0, score: 5.40589508091216e-06
scale: 239.0, score: 5.520081231225049e-06
scale: 240.0, score: 5.638050879497314e-06
scale: 241.0, score: 5.75970443605911e-06
scale: 242.0, score: 5.88494094699854e-06
scale: 243.0, score: 6.013652182446094e-06
scale: 244.0, score: 6.145745373942191e-06
scale: 245.0, score: 6.281122750806389e-06
scale: 246.0, score: 6.41969199932646e-06
scale: 247.0, score: 6.561360351042822e-06
scale: 248.0, score: 6.7060464061796665e-06
scale: 249.0, score: 6.853656941530062e-06
scale: 250.0, score: 7.004107374086743e-06
scale: 251.0, score: 7.1573217610421125e-06
scale: 252.0, score: 7.313215519388905e-06
scale: 253.0, score: 7.471714525308926e-06
scale: 254.0, score: 7.632743290741928e-06
scale: 255.0, score: 7.7962185969227e-06
self.delta: 217.0
16 tensor([-99999,      0,     10,     15,     20,     25,     30,     35,     40,
            45,     50,     55,     60,     65,     70,     75],
       device='cuda:0', dtype=torch.int32)
16 tensor([  0.,   1.,   2.,   3.,   4.,   6.,   8.,  12.,  16.,  24.,  32.,  48.,
         64.,  96., 128., 192.], device='cuda:0')
16 tensor([0.0000, 0.0046, 0.0092, 0.0138, 0.0184, 0.0276, 0.0369, 0.0553, 0.0737,
        0.1106, 0.1475, 0.2212, 0.2949, 0.4424, 0.5899, 0.8848],
       device='cuda:0')
scale: 192.0, score: 6.382791980286129e-06
scale: 193.0, score: 6.208691047504544e-06
scale: 194.0, score: 6.0443799156928435e-06
scale: 195.0, score: 5.889587555429898e-06
scale: 196.0, score: 5.744041573052527e-06
scale: 197.0, score: 5.60749003852834e-06
scale: 198.0, score: 5.479684205056401e-06
scale: 199.0, score: 5.360378054319881e-06
scale: 200.0, score: 5.249339210422477e-06
scale: 201.0, score: 5.146338480699342e-06
scale: 202.0, score: 5.051153948443243e-06
scale: 203.0, score: 4.963570518157212e-06
scale: 204.0, score: 4.883379915554542e-06
scale: 205.0, score: 4.810374775843229e-06
scale: 206.0, score: 4.744361376651796e-06
scale: 207.0, score: 4.6851469051034655e-06
scale: 208.0, score: 4.632544460037025e-06
scale: 209.0, score: 4.58637305200682e-06
scale: 210.0, score: 4.546457603282761e-06
scale: 211.0, score: 4.512624400376808e-06
scale: 212.0, score: 4.48470837000059e-06
scale: 213.0, score: 4.462548076844541e-06
scale: 214.0, score: 4.445986633072607e-06
scale: 215.0, score: 4.434868969838135e-06
scale: 216.0, score: 4.429048203746788e-06
scale: 217.0, score: 4.428378815646283e-06
scale: 218.0, score: 4.432721198099898e-06
scale: 219.0, score: 4.441937107912963e-06
scale: 220.0, score: 4.45589375885902e-06
scale: 221.0, score: 4.474461093195714e-06
scale: 222.0, score: 4.4975140554015525e-06
scale: 223.0, score: 4.524929863691796e-06
scale: 224.0, score: 4.55658891951316e-06
scale: 225.0, score: 4.592375262291171e-06
scale: 226.0, score: 4.632175659935456e-06
scale: 227.0, score: 4.67587960883975e-06
scale: 228.0, score: 4.723380698123947e-06
scale: 229.0, score: 4.77457342640264e-06
scale: 230.0, score: 4.829359113500686e-06
scale: 231.0, score: 4.887636350758839e-06
scale: 232.0, score: 4.949308731738711e-06
scale: 233.0, score: 5.0142843974754214e-06
scale: 234.0, score: 5.082469670014689e-06
scale: 235.0, score: 5.153780421096599e-06
scale: 236.0, score: 5.228124791756272e-06
scale: 237.0, score: 5.305421382217901e-06
scale: 238.0, score: 5.385584245232167e-06
scale: 239.0, score: 5.468540621222928e-06
scale: 240.0, score: 5.554204108193517e-06
scale: 241.0, score: 5.642505584546598e-06
scale: 242.0, score: 5.733370471716626e-06
scale: 243.0, score: 5.826721917401301e-06
scale: 244.0, score: 5.922493528487394e-06
scale: 245.0, score: 6.020615273882868e-06
scale: 246.0, score: 6.121019850979792e-06
scale: 247.0, score: 6.22364268565434e-06
scale: 248.0, score: 6.328423751256196e-06
scale: 249.0, score: 6.435298018914182e-06
scale: 250.0, score: 6.544202733493876e-06
scale: 251.0, score: 6.655085599049926e-06
scale: 252.0, score: 6.767883405700559e-06
scale: 253.0, score: 6.882546131237177e-06
scale: 254.0, score: 6.999016022746218e-06
scale: 255.0, score: 7.117237146303523e-06
self.delta: 217.0
16 tensor([-99999,      0,     10,     15,     20,     25,     30,     35,     40,
            45,     50,     55,     60,     65,     70,     75],
       device='cuda:0', dtype=torch.int32)
16 tensor([  0.,   1.,   2.,   3.,   4.,   6.,   8.,  12.,  16.,  24.,  32.,  48.,
         64.,  96., 128., 192.], device='cuda:0')
16 tensor([0.0000, 0.0046, 0.0092, 0.0138, 0.0184, 0.0276, 0.0369, 0.0553, 0.0737,
        0.1106, 0.1475, 0.2212, 0.2949, 0.4424, 0.5899, 0.8848],
       device='cuda:0')
scale: 128.0, score: 5.198443977860734e-05
scale: 129.0, score: 5.0187711167382076e-05
scale: 130.0, score: 4.845236617256887e-05
scale: 131.0, score: 4.6776218368904665e-05
scale: 132.0, score: 4.515719774644822e-05
scale: 133.0, score: 4.359328158898279e-05
scale: 134.0, score: 4.2082563595613465e-05
scale: 135.0, score: 4.062321750097908e-05
scale: 136.0, score: 3.921347524737939e-05
scale: 137.0, score: 3.785160879488103e-05
scale: 138.0, score: 3.653602470876649e-05
scale: 139.0, score: 3.5265129554318264e-05
scale: 140.0, score: 3.403742812224664e-05
scale: 141.0, score: 3.285146158304997e-05
scale: 142.0, score: 3.170586205669679e-05
scale: 143.0, score: 3.059927257709205e-05
scale: 144.0, score: 2.9530407118727453e-05
scale: 145.0, score: 2.8498019673861563e-05
scale: 146.0, score: 2.7500927899382077e-05
scale: 147.0, score: 2.653797491802834e-05
scale: 148.0, score: 2.5608069336158223e-05
scale: 149.0, score: 2.4710123398108408e-05
scale: 150.0, score: 2.384312028880231e-05
scale: 151.0, score: 2.3006075934972614e-05
scale: 152.0, score: 2.2198028091224842e-05
scale: 153.0, score: 2.1418069081846625e-05
scale: 154.0, score: 2.0665302145062014e-05
scale: 155.0, score: 1.9938877812819555e-05
scale: 156.0, score: 1.923797208291944e-05
scale: 157.0, score: 1.856178460002411e-05
scale: 158.0, score: 1.7909556845552288e-05
scale: 159.0, score: 1.72805339389015e-05
scale: 160.0, score: 1.667402102611959e-05
scale: 161.0, score: 1.608931052032858e-05
scale: 162.0, score: 1.5525742128374986e-05
scale: 163.0, score: 1.4982671018515248e-05
scale: 164.0, score: 1.4459476005868055e-05
scale: 165.0, score: 1.3955558642919641e-05
scale: 166.0, score: 1.3470336853060871e-05
scale: 167.0, score: 1.3003254025534261e-05
scale: 168.0, score: 1.2553755368571728e-05
scale: 169.0, score: 1.2121323379687965e-05
scale: 170.0, score: 1.1705452379828785e-05
scale: 171.0, score: 1.1305646694381721e-05
scale: 172.0, score: 1.0921439752564766e-05
scale: 173.0, score: 1.05523613456171e-05
scale: 174.0, score: 1.0197980373050086e-05
scale: 175.0, score: 9.857856639428064e-06
scale: 176.0, score: 9.531579962640535e-06
scale: 177.0, score: 9.218741070071701e-06
scale: 178.0, score: 8.918957064452115e-06
scale: 179.0, score: 8.631843229522929e-06
scale: 180.0, score: 8.357044862350449e-06
scale: 181.0, score: 8.094196346064564e-06
scale: 182.0, score: 7.842958439141512e-06
scale: 183.0, score: 7.602995538036339e-06
scale: 184.0, score: 7.3739934123295825e-06
scale: 185.0, score: 7.155634648370324e-06
scale: 186.0, score: 6.947613201191416e-06
scale: 187.0, score: 6.749641670467099e-06
scale: 188.0, score: 6.561433565366315e-06
scale: 189.0, score: 6.38271058051032e-06
scale: 190.0, score: 6.213212600414408e-06
scale: 191.0, score: 6.052670414646855e-06
scale: 192.0, score: 5.900836185901426e-06
scale: 193.0, score: 5.757466169598047e-06
scale: 194.0, score: 5.6223234423669055e-06
scale: 195.0, score: 5.4951824495219626e-06
scale: 196.0, score: 5.375811269914266e-06
scale: 197.0, score: 5.263999355520355e-06
scale: 198.0, score: 5.15953661306412e-06
scale: 199.0, score: 5.062214768258855e-06
scale: 200.0, score: 4.9718396439857315e-06
scale: 201.0, score: 4.888218427367974e-06
scale: 202.0, score: 4.811163307749666e-06
scale: 203.0, score: 4.740493750432506e-06
scale: 204.0, score: 4.676032403949648e-06
scale: 205.0, score: 4.617607828549808e-06
scale: 206.0, score: 4.5650554056919646e-06
scale: 207.0, score: 4.5182132453192025e-06
scale: 208.0, score: 4.4769226406060625e-06
scale: 209.0, score: 4.441032160684699e-06
scale: 210.0, score: 4.410393557918724e-06
scale: 211.0, score: 4.384862677397905e-06
scale: 212.0, score: 4.364299002190819e-06
scale: 213.0, score: 4.348566562839551e-06
scale: 214.0, score: 4.3375334826123435e-06
scale: 215.0, score: 4.331070158514194e-06
scale: 216.0, score: 4.329051535023609e-06
scale: 217.0, score: 4.331356649345253e-06
scale: 218.0, score: 4.3378659029258415e-06
scale: 219.0, score: 4.3484642446856014e-06
scale: 220.0, score: 4.3630393520288635e-06
scale: 221.0, score: 4.381482995086117e-06
scale: 222.0, score: 4.4036892177246045e-06
scale: 223.0, score: 4.429553882800974e-06
scale: 224.0, score: 4.45897694589803e-06
scale: 225.0, score: 4.491861545830034e-06
scale: 226.0, score: 4.528111730905948e-06
scale: 227.0, score: 4.5676347326661926e-06
scale: 228.0, score: 4.610339146893239e-06
scale: 229.0, score: 4.656139935832471e-06
scale: 230.0, score: 4.70495069748722e-06
scale: 231.0, score: 4.756687758344924e-06
scale: 232.0, score: 4.811270173377125e-06
scale: 233.0, score: 4.868619726039469e-06
scale: 234.0, score: 4.928657745040255e-06
scale: 235.0, score: 4.9913137445400935e-06
scale: 236.0, score: 5.056510417489335e-06
scale: 237.0, score: 5.124179097037995e-06
scale: 238.0, score: 5.194248387851985e-06
scale: 239.0, score: 5.266655989544233e-06
scale: 240.0, score: 5.3413305067806505e-06
scale: 241.0, score: 5.418210548668867e-06
scale: 242.0, score: 5.497237907547969e-06
scale: 243.0, score: 5.5783452808100265e-06
scale: 244.0, score: 5.661477644025581e-06
scale: 245.0, score: 5.746574515796965e-06
scale: 246.0, score: 5.833581781189423e-06
scale: 247.0, score: 5.922443506278796e-06
scale: 248.0, score: 6.0131101236038376e-06
scale: 249.0, score: 6.1055252444930375e-06
scale: 250.0, score: 6.199638846737798e-06
scale: 251.0, score: 6.295404091360979e-06
scale: 252.0, score: 6.3927705014066305e-06
scale: 253.0, score: 6.491693511634367e-06
scale: 254.0, score: 6.592126283067046e-06
scale: 255.0, score: 6.694021521980176e-06
self.delta: 216.0
15 tensor([-99999,      0,     10,     15,     20,     25,     30,     35,     40,
            45,     50,     55,     60,     65,     70], device='cuda:0',
       dtype=torch.int32)
15 tensor([  0.,   1.,   2.,   3.,   4.,   6.,   8.,  12.,  16.,  24.,  32.,  48.,
         64.,  96., 128.], device='cuda:0')
15 tensor([0.0000, 0.0046, 0.0093, 0.0139, 0.0185, 0.0278, 0.0370, 0.0556, 0.0741,
        0.1111, 0.1481, 0.2222, 0.2963, 0.4444, 0.5926], device='cuda:0')
scale: 192.0, score: 1.1970741070399527e-05
scale: 193.0, score: 1.1454335435701068e-05
scale: 194.0, score: 1.0966498848574702e-05
scale: 195.0, score: 1.0506441867619287e-05
scale: 196.0, score: 1.0073372322949581e-05
scale: 197.0, score: 9.666554433351848e-06
scale: 198.0, score: 9.285264241043478e-06
scale: 199.0, score: 8.92878324521007e-06
scale: 200.0, score: 8.59643751027761e-06
scale: 201.0, score: 8.287556738650892e-06
scale: 202.0, score: 8.001495189091656e-06
scale: 203.0, score: 7.737627129245084e-06
scale: 204.0, score: 7.495340923924232e-06
scale: 205.0, score: 7.274039489857387e-06
scale: 206.0, score: 7.073153483361239e-06
scale: 207.0, score: 6.892122200952144e-06
scale: 208.0, score: 6.7304026742931455e-06
scale: 209.0, score: 6.587461484741652e-06
scale: 210.0, score: 6.462794772232883e-06
scale: 211.0, score: 6.355895038723247e-06
scale: 212.0, score: 6.266279797273455e-06
scale: 213.0, score: 6.19347883912269e-06
scale: 214.0, score: 6.137032869446557e-06
scale: 215.0, score: 6.096496235841187e-06
scale: 216.0, score: 6.071434654586483e-06
scale: 217.0, score: 6.061427029635524e-06
scale: 218.0, score: 6.06606226938311e-06
scale: 219.0, score: 6.0849420151498634e-06
scale: 220.0, score: 6.117677912698127e-06
scale: 221.0, score: 6.163892066979315e-06
scale: 222.0, score: 6.223218406375963e-06
scale: 223.0, score: 6.29529677098617e-06
scale: 224.0, score: 6.3797815528232604e-06
scale: 225.0, score: 6.476333055616124e-06
scale: 226.0, score: 6.58462340652477e-06
scale: 227.0, score: 6.704330189677421e-06
scale: 228.0, score: 6.835138265159912e-06
scale: 229.0, score: 6.976748863962712e-06
scale: 230.0, score: 7.128865490813041e-06
scale: 231.0, score: 7.291194833669579e-06
scale: 232.0, score: 7.463462225132389e-06
scale: 233.0, score: 7.64538981457008e-06
scale: 234.0, score: 7.836712029529735e-06
scale: 235.0, score: 8.037178304221015e-06
scale: 236.0, score: 8.246523975685704e-06
scale: 237.0, score: 8.464512575301342e-06
scale: 238.0, score: 8.690890354046132e-06
scale: 239.0, score: 8.925447218643967e-06
scale: 240.0, score: 9.167930329567753e-06
scale: 241.0, score: 9.418137778993696e-06
scale: 242.0, score: 9.675852197688073e-06
scale: 243.0, score: 9.940848940459546e-06
scale: 244.0, score: 1.0212937922915444e-05
scale: 245.0, score: 1.049190996127436e-05
scale: 246.0, score: 1.0777573152154218e-05
scale: 247.0, score: 1.1069734682678245e-05
scale: 248.0, score: 1.1368222658347804e-05
scale: 249.0, score: 1.167284426628612e-05
scale: 250.0, score: 1.1983422155026346e-05
scale: 251.0, score: 1.229979534400627e-05
scale: 252.0, score: 1.2621787391253747e-05
scale: 253.0, score: 1.2949248230142985e-05
scale: 254.0, score: 1.3282010513648856e-05
scale: 255.0, score: 1.361990871373564e-05
self.delta: 217.0
16 tensor([-99999,      0,     10,     15,     20,     25,     30,     35,     40,
            45,     50,     55,     60,     65,     70,     75],
       device='cuda:0', dtype=torch.int32)
16 tensor([  0.,   1.,   2.,   3.,   4.,   6.,   8.,  12.,  16.,  24.,  32.,  48.,
         64.,  96., 128., 192.], device='cuda:0')
16 tensor([0.0000, 0.0046, 0.0092, 0.0138, 0.0184, 0.0276, 0.0369, 0.0553, 0.0737,
        0.1106, 0.1475, 0.2212, 0.2949, 0.4424, 0.5899, 0.8848],
       device='cuda:0')
Performing scale reparameterization ...
Validating ...
Test: [0/250]	Time 4.270 (4.270)	Loss 0.7381 (0.7381)	Prec@1 79.500 (79.500)	Prec@5 98.500 (98.500)
Test: [100/250]	Time 1.819 (1.844)	Loss 1.2946 (1.1717)	Prec@1 71.500 (71.847)	Prec@5 89.500 (91.450)
Test: [200/250]	Time 1.820 (1.832)	Loss 0.8806 (1.4349)	Prec@1 80.000 (67.816)	Prec@5 96.000 (88.045)
 * Prec@1 67.482 Prec@5 87.864 Time 457.387
