Namespace(model='vit_small', dataset='dataset/imagenet/', calib_batchsize=32, val_batchsize=200, num_workers=8, device='cuda', print_freq=100, seed=0, w_bits=4, a_bits=4, log_quant_scheme='BitLog2_Half_16')
Building dataloader ...
Building model ...
Performing initial quantization ...
scale: 192.0, score: 2.8701806513709016e-05
scale: 193.0, score: 2.7172258342034183e-05
scale: 194.0, score: 2.5738348995218985e-05
scale: 195.0, score: 2.439741001580842e-05
scale: 196.0, score: 2.314675111847464e-05
scale: 197.0, score: 2.1983891201671213e-05
scale: 198.0, score: 2.0906365534756333e-05
scale: 199.0, score: 1.9911756680812687e-05
scale: 200.0, score: 1.8997776351170614e-05
scale: 201.0, score: 1.8162152628065087e-05
scale: 202.0, score: 1.7402704543201253e-05
scale: 203.0, score: 1.671731297392398e-05
scale: 204.0, score: 1.6103907910292037e-05
scale: 205.0, score: 1.5560475731035694e-05
scale: 206.0, score: 1.5085083759913687e-05
scale: 207.0, score: 1.467583751946222e-05
scale: 208.0, score: 1.433090255886782e-05
scale: 209.0, score: 1.4048481716599781e-05
scale: 210.0, score: 1.3826856047671754e-05
scale: 211.0, score: 1.3664325706486125e-05
scale: 212.0, score: 1.3559257240558509e-05
scale: 213.0, score: 1.35100572151714e-05
scale: 214.0, score: 1.3515178579837084e-05
scale: 215.0, score: 1.3573110663855914e-05
scale: 216.0, score: 1.3682392818736844e-05
scale: 217.0, score: 1.3841599866282195e-05
scale: 218.0, score: 1.4049350284039974e-05
scale: 219.0, score: 1.4304289834399242e-05
scale: 220.0, score: 1.4605113392462954e-05
scale: 221.0, score: 1.4950541299185716e-05
scale: 222.0, score: 1.533934846520424e-05
scale: 223.0, score: 1.577031252963934e-05
scale: 224.0, score: 1.624226752028335e-05
scale: 225.0, score: 1.675407838774845e-05
scale: 226.0, score: 1.7304626453551464e-05
scale: 227.0, score: 1.7892831237986684e-05
scale: 228.0, score: 1.851763045124244e-05
scale: 229.0, score: 1.9178014554199763e-05
scale: 230.0, score: 1.9872988559654914e-05
scale: 231.0, score: 2.0601562937372364e-05
scale: 232.0, score: 2.1362815459724516e-05
scale: 233.0, score: 2.215580752817914e-05
scale: 234.0, score: 2.297963874298148e-05
scale: 235.0, score: 2.383348510193173e-05
scale: 236.0, score: 2.471643892931752e-05
scale: 237.0, score: 2.5627707145758905e-05
scale: 238.0, score: 2.6566436645225622e-05
scale: 239.0, score: 2.7531936211744323e-05
scale: 240.0, score: 2.852332363545429e-05
scale: 241.0, score: 2.9539945899159648e-05
scale: 242.0, score: 3.058108268305659e-05
scale: 243.0, score: 3.164594454574399e-05
scale: 244.0, score: 3.273391484981403e-05
scale: 245.0, score: 3.384429510333575e-05
scale: 246.0, score: 3.4976419556187466e-05
scale: 247.0, score: 3.612965883803554e-05
scale: 248.0, score: 3.730343087227084e-05
scale: 249.0, score: 3.849709901260212e-05
scale: 250.0, score: 3.971004844061099e-05
scale: 251.0, score: 4.094174801139161e-05
scale: 252.0, score: 4.2191604734398425e-05
scale: 253.0, score: 4.3459131120471284e-05
scale: 254.0, score: 4.474374873097986e-05
scale: 255.0, score: 4.604490095516667e-05
self.delta: 213.0
16 tensor([-99999,      0,     10,     15,     20,     25,     30,     35,     40,
            45,     50,     55,     60,     65,     70,     75],
       device='cuda:0', dtype=torch.int32)
16 tensor([  0.,   1.,   2.,   3.,   4.,   6.,   8.,  12.,  16.,  24.,  32.,  48.,
         64.,  96., 128., 192.], device='cuda:0')
16 tensor([0.0000, 0.0047, 0.0094, 0.0141, 0.0188, 0.0282, 0.0376, 0.0563, 0.0751,
        0.1127, 0.1502, 0.2254, 0.3005, 0.4507, 0.6009, 0.9014],
       device='cuda:0')
scale: 192.0, score: 2.950362249976024e-05
scale: 193.0, score: 2.782529736577999e-05
scale: 194.0, score: 2.6253053874825127e-05
scale: 195.0, score: 2.47839379881043e-05
scale: 196.0, score: 2.3414961106027476e-05
scale: 197.0, score: 2.2143360183690675e-05
scale: 198.0, score: 2.0966415831935592e-05
scale: 199.0, score: 1.9881428670487367e-05
scale: 200.0, score: 1.888586484710686e-05
scale: 201.0, score: 1.797720506147016e-05
scale: 202.0, score: 1.7153013686765917e-05
scale: 203.0, score: 1.641095514059998e-05
scale: 204.0, score: 1.5748722944408655e-05
scale: 205.0, score: 1.5164078831730876e-05
scale: 206.0, score: 1.4654884580522776e-05
scale: 207.0, score: 1.4219032891560346e-05
scale: 208.0, score: 1.3854486496711615e-05
scale: 209.0, score: 1.3559253602579702e-05
scale: 210.0, score: 1.3331419722817373e-05
scale: 211.0, score: 1.3169104931876063e-05
scale: 212.0, score: 1.3070492968836334e-05
scale: 213.0, score: 1.3033813047513831e-05
scale: 214.0, score: 1.3057349860901013e-05
scale: 215.0, score: 1.3139429029251914e-05
scale: 216.0, score: 1.3278422557050362e-05
scale: 217.0, score: 1.3472754289978184e-05
scale: 218.0, score: 1.3720888091484085e-05
scale: 219.0, score: 1.4021321476320736e-05
scale: 220.0, score: 1.4372606528922915e-05
scale: 221.0, score: 1.477332079957705e-05
scale: 222.0, score: 1.522210550319869e-05
scale: 223.0, score: 1.5717605492682196e-05
scale: 224.0, score: 1.6258523828582838e-05
scale: 225.0, score: 1.684360540821217e-05
scale: 226.0, score: 1.7471600585849956e-05
scale: 227.0, score: 1.8141317923436873e-05
scale: 228.0, score: 1.8851573258871213e-05
scale: 229.0, score: 1.96012497326592e-05
scale: 230.0, score: 2.038923958025407e-05
scale: 231.0, score: 2.1214453227003105e-05
scale: 232.0, score: 2.207585384894628e-05
scale: 233.0, score: 2.297240644111298e-05
scale: 234.0, score: 2.3903112378320657e-05
scale: 235.0, score: 2.4867062165867537e-05
scale: 236.0, score: 2.586323898867704e-05
scale: 237.0, score: 2.6890762455877848e-05
scale: 238.0, score: 2.7948693968937732e-05
scale: 239.0, score: 2.9036265914328396e-05
scale: 240.0, score: 3.0152494218782522e-05
scale: 241.0, score: 3.1296658562496305e-05
scale: 242.0, score: 3.246795677114278e-05
scale: 243.0, score: 3.366551027284004e-05
scale: 244.0, score: 3.488864240352996e-05
scale: 245.0, score: 3.613657099776901e-05
scale: 246.0, score: 3.740856482181698e-05
scale: 247.0, score: 3.870391446980648e-05
scale: 248.0, score: 4.002198329544626e-05
scale: 249.0, score: 4.136206189286895e-05
scale: 250.0, score: 4.272346632205881e-05
scale: 251.0, score: 4.410561450640671e-05
scale: 252.0, score: 4.5507844333769754e-05
scale: 253.0, score: 4.692960646934807e-05
scale: 254.0, score: 4.8370278818765655e-05
scale: 255.0, score: 4.982922473573126e-05
self.delta: 213.0
16 tensor([-99999,      0,     10,     15,     20,     25,     30,     35,     40,
            45,     50,     55,     60,     65,     70,     75],
       device='cuda:0', dtype=torch.int32)
16 tensor([  0.,   1.,   2.,   3.,   4.,   6.,   8.,  12.,  16.,  24.,  32.,  48.,
         64.,  96., 128., 192.], device='cuda:0')
16 tensor([0.0000, 0.0047, 0.0094, 0.0141, 0.0188, 0.0282, 0.0376, 0.0563, 0.0751,
        0.1127, 0.1502, 0.2254, 0.3005, 0.4507, 0.6009, 0.9014],
       device='cuda:0')
scale: 192.0, score: 2.633749863889534e-05
scale: 193.0, score: 2.5044197172974236e-05
scale: 194.0, score: 2.382195452810265e-05
scale: 195.0, score: 2.2668820747639984e-05
scale: 196.0, score: 2.158281313313637e-05
scale: 197.0, score: 2.0562110876198858e-05
scale: 198.0, score: 1.960491317731794e-05
scale: 199.0, score: 1.870943196990993e-05
scale: 200.0, score: 1.7873995602712967e-05
scale: 201.0, score: 1.7096937881433405e-05
scale: 202.0, score: 1.63766453624703e-05
scale: 203.0, score: 1.571157554280944e-05
scale: 204.0, score: 1.5100198652362451e-05
scale: 205.0, score: 1.454102857678663e-05
scale: 206.0, score: 1.4032658327778336e-05
scale: 207.0, score: 1.357368819299154e-05
scale: 208.0, score: 1.3162769391783513e-05
scale: 209.0, score: 1.2798578609363176e-05
scale: 210.0, score: 1.2479858014557976e-05
scale: 211.0, score: 1.2205349776195362e-05
scale: 212.0, score: 1.1973856089753099e-05
scale: 213.0, score: 1.1784201888076495e-05
scale: 214.0, score: 1.163525212177774e-05
scale: 215.0, score: 1.152589356934186e-05
scale: 216.0, score: 1.1455051208031364e-05
scale: 217.0, score: 1.1421672752476297e-05
scale: 218.0, score: 1.1424740478105377e-05
scale: 219.0, score: 1.1463263035693672e-05
scale: 220.0, score: 1.1536272722878493e-05
scale: 221.0, score: 1.1642830941127613e-05
scale: 222.0, score: 1.1782026376749855e-05
scale: 223.0, score: 1.1952968634432182e-05
scale: 224.0, score: 1.215479369420791e-05
scale: 225.0, score: 1.2386659363983199e-05
scale: 226.0, score: 1.2647747098526452e-05
scale: 227.0, score: 1.2937258361489512e-05
scale: 228.0, score: 1.3254410077934153e-05
scale: 229.0, score: 1.3598456462204922e-05
scale: 230.0, score: 1.3968660823593382e-05
scale: 231.0, score: 1.4364297385327518e-05
scale: 232.0, score: 1.4784676750423387e-05
scale: 233.0, score: 1.5229115888359956e-05
scale: 234.0, score: 1.569694904901553e-05
scale: 235.0, score: 1.6187554138014093e-05
scale: 236.0, score: 1.670027086220216e-05
scale: 237.0, score: 1.723451350699179e-05
scale: 238.0, score: 1.778965634002816e-05
scale: 239.0, score: 1.8365166397416033e-05
scale: 240.0, score: 1.89604234037688e-05
scale: 241.0, score: 1.9574919861042872e-05
scale: 242.0, score: 2.0208120986353606e-05
scale: 243.0, score: 2.0859462892985903e-05
scale: 244.0, score: 2.1528469005716033e-05
scale: 245.0, score: 2.2214630007511005e-05
scale: 246.0, score: 2.2917462047189474e-05
scale: 247.0, score: 2.3636490368517116e-05
scale: 248.0, score: 2.4371276595047675e-05
scale: 249.0, score: 2.512135324650444e-05
scale: 250.0, score: 2.588627285149414e-05
scale: 251.0, score: 2.66656370513374e-05
scale: 252.0, score: 2.7459009288577363e-05
scale: 253.0, score: 2.8266009394428693e-05
scale: 254.0, score: 2.9086226277286187e-05
scale: 255.0, score: 2.9919250664534047e-05
self.delta: 217.0
16 tensor([-99999,      0,     10,     15,     20,     25,     30,     35,     40,
            45,     50,     55,     60,     65,     70,     75],
       device='cuda:0', dtype=torch.int32)
16 tensor([  0.,   1.,   2.,   3.,   4.,   6.,   8.,  12.,  16.,  24.,  32.,  48.,
         64.,  96., 128., 192.], device='cuda:0')
16 tensor([0.0000, 0.0046, 0.0092, 0.0138, 0.0184, 0.0276, 0.0369, 0.0553, 0.0737,
        0.1106, 0.1475, 0.2212, 0.2949, 0.4424, 0.5899, 0.8848],
       device='cuda:0')
scale: 192.0, score: 7.793727490934543e-06
scale: 193.0, score: 7.512270258303033e-06
scale: 194.0, score: 7.246428594953613e-06
scale: 195.0, score: 6.995771855144994e-06
scale: 196.0, score: 6.759865300409729e-06
scale: 197.0, score: 6.538309207826387e-06
scale: 198.0, score: 6.330704763968242e-06
scale: 199.0, score: 6.1366622503555845e-06
scale: 200.0, score: 5.955811047897441e-06
scale: 201.0, score: 5.7877855397237e-06
scale: 202.0, score: 5.632231932395371e-06
scale: 203.0, score: 5.488808255904587e-06
scale: 204.0, score: 5.357180270948447e-06
scale: 205.0, score: 5.237022378423717e-06
scale: 206.0, score: 5.1280230763950385e-06
scale: 207.0, score: 5.02987359141116e-06
scale: 208.0, score: 4.942279701936059e-06
scale: 209.0, score: 4.864948550675763e-06
scale: 210.0, score: 4.7976041059882846e-06
scale: 211.0, score: 4.739970336231636e-06
scale: 212.0, score: 4.691783033194952e-06
scale: 213.0, score: 4.65278480987763e-06
scale: 214.0, score: 4.622724645741982e-06
scale: 215.0, score: 4.601358796207933e-06
scale: 216.0, score: 4.588449883158319e-06
scale: 217.0, score: 4.583767804433592e-06
scale: 218.0, score: 4.587087460095063e-06
scale: 219.0, score: 4.598191935656359e-06
scale: 220.0, score: 4.616867954609916e-06
scale: 221.0, score: 4.642908606911078e-06
scale: 222.0, score: 4.676113348978106e-06
scale: 223.0, score: 4.7162884584395215e-06
scale: 224.0, score: 4.763242031913251e-06
scale: 225.0, score: 4.8167898967221845e-06
scale: 226.0, score: 4.876750608673319e-06
scale: 227.0, score: 4.942950454278616e-06
scale: 228.0, score: 5.015216174797388e-06
scale: 229.0, score: 5.093383606435964e-06
scale: 230.0, score: 5.177291768632131e-06
scale: 231.0, score: 5.2667792260763235e-06
scale: 232.0, score: 5.361696821637452e-06
scale: 233.0, score: 5.461892669700319e-06
scale: 234.0, score: 5.567221251112642e-06
scale: 235.0, score: 5.6775447774271015e-06
scale: 236.0, score: 5.79272045797552e-06
scale: 237.0, score: 5.9126168707734905e-06
scale: 238.0, score: 6.037097136868397e-06
scale: 239.0, score: 6.1660452956857625e-06
scale: 240.0, score: 6.299323558778269e-06
scale: 241.0, score: 6.4368209677923005e-06
scale: 242.0, score: 6.578420652658679e-06
scale: 243.0, score: 6.723997103108559e-06
scale: 244.0, score: 6.873447546240641e-06
scale: 245.0, score: 7.026658295217203e-06
scale: 246.0, score: 7.183522484410787e-06
scale: 247.0, score: 7.3439377956674434e-06
scale: 248.0, score: 7.5078073678014334e-06
scale: 249.0, score: 7.675027518416755e-06
scale: 250.0, score: 7.845500476832967e-06
scale: 251.0, score: 8.019139386306051e-06
scale: 252.0, score: 8.195846930902917e-06
scale: 253.0, score: 8.375540346605703e-06
scale: 254.0, score: 8.558128683944233e-06
scale: 255.0, score: 8.743523721932434e-06
self.delta: 217.0
16 tensor([-99999,      0,     10,     15,     20,     25,     30,     35,     40,
            45,     50,     55,     60,     65,     70,     75],
       device='cuda:0', dtype=torch.int32)
16 tensor([  0.,   1.,   2.,   3.,   4.,   6.,   8.,  12.,  16.,  24.,  32.,  48.,
         64.,  96., 128., 192.], device='cuda:0')
16 tensor([0.0000, 0.0046, 0.0092, 0.0138, 0.0184, 0.0276, 0.0369, 0.0553, 0.0737,
        0.1106, 0.1475, 0.2212, 0.2949, 0.4424, 0.5899, 0.8848],
       device='cuda:0')
scale: 192.0, score: 1.0871295671677217e-05
scale: 193.0, score: 1.0399286111351103e-05
scale: 194.0, score: 9.953095286618918e-06
scale: 195.0, score: 9.532015610602684e-06
scale: 196.0, score: 9.135328582488e-06
scale: 197.0, score: 8.762372090131976e-06
scale: 198.0, score: 8.412491297349334e-06
scale: 199.0, score: 8.085038643912412e-06
scale: 200.0, score: 7.779403858876321e-06
scale: 201.0, score: 7.494983947253786e-06
scale: 202.0, score: 7.231193649204215e-06
scale: 203.0, score: 6.987469078012509e-06
scale: 204.0, score: 6.7632586251420435e-06
scale: 205.0, score: 6.558021595992614e-06
scale: 206.0, score: 6.371245490299771e-06
scale: 207.0, score: 6.202422355272574e-06
scale: 208.0, score: 6.051063792256173e-06
scale: 209.0, score: 5.916687314311275e-06
scale: 210.0, score: 5.798836809844943e-06
scale: 211.0, score: 5.697055712516885e-06
scale: 212.0, score: 5.6109083743649535e-06
scale: 213.0, score: 5.539969151868718e-06
scale: 214.0, score: 5.4838233154441696e-06
scale: 215.0, score: 5.4420684136857744e-06
scale: 216.0, score: 5.41431336387177e-06
scale: 217.0, score: 5.400175723480061e-06
scale: 218.0, score: 5.3992871471564285e-06
scale: 219.0, score: 5.411286110756919e-06
scale: 220.0, score: 5.435822458821349e-06
scale: 221.0, score: 5.4725528570997994e-06
scale: 222.0, score: 5.5211494327522814e-06
scale: 223.0, score: 5.581285677180858e-06
scale: 224.0, score: 5.652649633702822e-06
scale: 225.0, score: 5.734934802603675e-06
scale: 226.0, score: 5.827843324368587e-06
scale: 227.0, score: 5.931086434429744e-06
scale: 228.0, score: 6.044379460945493e-06
scale: 229.0, score: 6.167449100757949e-06
scale: 230.0, score: 6.3000311456562486e-06
scale: 231.0, score: 6.441859113692772e-06
scale: 232.0, score: 6.592685622308636e-06
scale: 233.0, score: 6.752259196218802e-06
scale: 234.0, score: 6.920339728822e-06
scale: 235.0, score: 7.0967012106848415e-06
scale: 236.0, score: 7.281104444700759e-06
scale: 237.0, score: 7.473334335372783e-06
scale: 238.0, score: 7.673165782762226e-06
scale: 239.0, score: 7.880404155002907e-06
scale: 240.0, score: 8.094824806903489e-06
scale: 241.0, score: 8.316241292050108e-06
scale: 242.0, score: 8.544461707060691e-06
scale: 243.0, score: 8.779280506132636e-06
scale: 244.0, score: 9.02052670426201e-06
scale: 245.0, score: 9.268009307561442e-06
scale: 246.0, score: 9.521557331026997e-06
scale: 247.0, score: 9.780997061170638e-06
scale: 248.0, score: 1.0046171155408956e-05
scale: 249.0, score: 1.0316906809748616e-05
scale: 250.0, score: 1.0593042134132702e-05
scale: 251.0, score: 1.0874432518903632e-05
scale: 252.0, score: 1.11609215309727e-05
scale: 253.0, score: 1.1452367289166432e-05
scale: 254.0, score: 1.1748621545848437e-05
scale: 255.0, score: 1.204953787237173e-05
self.delta: 218.0
16 tensor([-99999,      0,     10,     15,     20,     25,     30,     35,     40,
            45,     50,     55,     60,     65,     70,     75],
       device='cuda:0', dtype=torch.int32)
16 tensor([  0.,   1.,   2.,   3.,   4.,   6.,   8.,  12.,  16.,  24.,  32.,  48.,
         64.,  96., 128., 192.], device='cuda:0')
16 tensor([0.0000, 0.0046, 0.0092, 0.0138, 0.0183, 0.0275, 0.0367, 0.0550, 0.0734,
        0.1101, 0.1468, 0.2202, 0.2936, 0.4404, 0.5872, 0.8807],
       device='cuda:0')
scale: 192.0, score: 8.434754818154033e-06
scale: 193.0, score: 8.098078978946432e-06
scale: 194.0, score: 7.779918632877525e-06
scale: 195.0, score: 7.479764462914318e-06
scale: 196.0, score: 7.197101240308257e-06
scale: 197.0, score: 6.931454208825016e-06
scale: 198.0, score: 6.682352704956429e-06
scale: 199.0, score: 6.4493337958992925e-06
scale: 200.0, score: 6.23195819571265e-06
scale: 201.0, score: 6.02979389441316e-06
scale: 202.0, score: 5.842420250701252e-06
scale: 203.0, score: 5.669434813171392e-06
scale: 204.0, score: 5.510438313649502e-06
scale: 205.0, score: 5.3650460358767305e-06
scale: 206.0, score: 5.232888270256808e-06
scale: 207.0, score: 5.113603037898429e-06
scale: 208.0, score: 5.006836545362603e-06
scale: 209.0, score: 4.912245913146762e-06
scale: 210.0, score: 4.829501449421514e-06
scale: 211.0, score: 4.758277100336272e-06
scale: 212.0, score: 4.698259544966277e-06
scale: 213.0, score: 4.649144102586433e-06
scale: 214.0, score: 4.6106320041872095e-06
scale: 215.0, score: 4.582437213684898e-06
scale: 216.0, score: 4.564275059237843e-06
scale: 217.0, score: 4.55587587566697e-06
scale: 218.0, score: 4.556971816782607e-06
scale: 219.0, score: 4.5673050408368e-06
scale: 220.0, score: 4.586622708302457e-06
scale: 221.0, score: 4.6146815293468535e-06
scale: 222.0, score: 4.651244125852827e-06
scale: 223.0, score: 4.6960776671767235e-06
scale: 224.0, score: 4.748956598632503e-06
scale: 225.0, score: 4.809663096239092e-06
scale: 226.0, score: 4.87798206449952e-06
scale: 227.0, score: 4.953706593369134e-06
scale: 228.0, score: 5.036632046540035e-06
scale: 229.0, score: 5.126563792146044e-06
scale: 230.0, score: 5.223310836299788e-06
scale: 231.0, score: 5.3266830946085975e-06
scale: 232.0, score: 5.436502760858275e-06
scale: 233.0, score: 5.552589300350519e-06
scale: 234.0, score: 5.674770818586694e-06
scale: 235.0, score: 5.802884970762534e-06
scale: 236.0, score: 5.936759407632053e-06
scale: 237.0, score: 6.076241788832704e-06
scale: 238.0, score: 6.221168860065518e-06
scale: 239.0, score: 6.3714019233884756e-06
scale: 240.0, score: 6.526779998239363e-06
scale: 241.0, score: 6.687168479402317e-06
scale: 242.0, score: 6.852430942672072e-06
scale: 243.0, score: 7.022418230917538e-06
scale: 244.0, score: 7.197008471848676e-06
scale: 245.0, score: 7.376066150754923e-06
scale: 246.0, score: 7.5594675763568375e-06
scale: 247.0, score: 7.747087693132926e-06
scale: 248.0, score: 7.938813723740168e-06
scale: 249.0, score: 8.134521522151772e-06
scale: 250.0, score: 8.334096492035314e-06
scale: 251.0, score: 8.537434041500092e-06
scale: 252.0, score: 8.744421393203083e-06
scale: 253.0, score: 8.954956683737691e-06
scale: 254.0, score: 9.168936230707914e-06
scale: 255.0, score: 9.386250894749537e-06
self.delta: 217.0
16 tensor([-99999,      0,     10,     15,     20,     25,     30,     35,     40,
            45,     50,     55,     60,     65,     70,     75],
       device='cuda:0', dtype=torch.int32)
16 tensor([  0.,   1.,   2.,   3.,   4.,   6.,   8.,  12.,  16.,  24.,  32.,  48.,
         64.,  96., 128., 192.], device='cuda:0')
16 tensor([0.0000, 0.0046, 0.0092, 0.0138, 0.0184, 0.0276, 0.0369, 0.0553, 0.0737,
        0.1106, 0.1475, 0.2212, 0.2949, 0.4424, 0.5899, 0.8848],
       device='cuda:0')
scale: 192.0, score: 8.456659088551532e-06
scale: 193.0, score: 8.11007157608401e-06
scale: 194.0, score: 7.782815373502672e-06
scale: 195.0, score: 7.474359335901681e-06
scale: 196.0, score: 7.184163223428186e-06
scale: 197.0, score: 6.9117313614697196e-06
scale: 198.0, score: 6.656571713392623e-06
scale: 199.0, score: 6.4181999732682016e-06
scale: 200.0, score: 6.196157755766762e-06
scale: 201.0, score: 5.98999076828477e-06
scale: 202.0, score: 5.799263362860074e-06
scale: 203.0, score: 5.623550805466948e-06
scale: 204.0, score: 5.462438821268734e-06
scale: 205.0, score: 5.315523139870493e-06
scale: 206.0, score: 5.182418590266025e-06
scale: 207.0, score: 5.062745003669988e-06
scale: 208.0, score: 4.9561349442228675e-06
scale: 209.0, score: 4.862227342528058e-06
scale: 210.0, score: 4.780680683325045e-06
scale: 211.0, score: 4.711151177616557e-06
scale: 212.0, score: 4.65331322629936e-06
scale: 213.0, score: 4.606846687238431e-06
scale: 214.0, score: 4.571441422740463e-06
scale: 215.0, score: 4.546796844806522e-06
scale: 216.0, score: 4.5326164581638295e-06
scale: 217.0, score: 4.528616955212783e-06
scale: 218.0, score: 4.5345191210799385e-06
scale: 219.0, score: 4.550054200080922e-06
scale: 220.0, score: 4.574957984004868e-06
scale: 221.0, score: 4.608974904840579e-06
scale: 222.0, score: 4.651857580029173e-06
scale: 223.0, score: 4.703362264990574e-06
scale: 224.0, score: 4.763254310091725e-06
scale: 225.0, score: 4.8313049774151295e-06
scale: 226.0, score: 4.907290531264152e-06
scale: 227.0, score: 4.990993602405069e-06
scale: 228.0, score: 5.082201369077666e-06
scale: 229.0, score: 5.180710104468744e-06
scale: 230.0, score: 5.286320629238617e-06
scale: 231.0, score: 5.398833309300244e-06
scale: 232.0, score: 5.518062607734464e-06
scale: 233.0, score: 5.643820713885361e-06
scale: 234.0, score: 5.775927093054634e-06
scale: 235.0, score: 5.914213033975102e-06
scale: 236.0, score: 6.0584989114431664e-06
scale: 237.0, score: 6.208623290149262e-06
scale: 238.0, score: 6.364417913573561e-06
scale: 239.0, score: 6.525736353069078e-06
scale: 240.0, score: 6.692411261610687e-06
scale: 241.0, score: 6.864302122266963e-06
scale: 242.0, score: 7.041266144369729e-06
scale: 243.0, score: 7.223147804324981e-06
scale: 244.0, score: 7.409818863379769e-06
scale: 245.0, score: 7.6011392593500204e-06
scale: 246.0, score: 7.79697802499868e-06
scale: 247.0, score: 7.997206012078095e-06
scale: 248.0, score: 8.201704986277036e-06
scale: 249.0, score: 8.410345799347851e-06
scale: 250.0, score: 8.623007488495205e-06
scale: 251.0, score: 8.839581823849585e-06
scale: 252.0, score: 9.05994966160506e-06
scale: 253.0, score: 9.284006409870926e-06
scale: 254.0, score: 9.511643838777672e-06
scale: 255.0, score: 9.742748261487577e-06
self.delta: 217.0
16 tensor([-99999,      0,     10,     15,     20,     25,     30,     35,     40,
            45,     50,     55,     60,     65,     70,     75],
       device='cuda:0', dtype=torch.int32)
16 tensor([  0.,   1.,   2.,   3.,   4.,   6.,   8.,  12.,  16.,  24.,  32.,  48.,
         64.,  96., 128., 192.], device='cuda:0')
16 tensor([0.0000, 0.0046, 0.0092, 0.0138, 0.0184, 0.0276, 0.0369, 0.0553, 0.0737,
        0.1106, 0.1475, 0.2212, 0.2949, 0.4424, 0.5899, 0.8848],
       device='cuda:0')
scale: 192.0, score: 8.369785064132884e-06
scale: 193.0, score: 8.025871466088574e-06
scale: 194.0, score: 7.700892638240475e-06
scale: 195.0, score: 7.394327440124471e-06
scale: 196.0, score: 7.105648364813533e-06
scale: 197.0, score: 6.834370196884265e-06
scale: 198.0, score: 6.580012723134132e-06
scale: 199.0, score: 6.342100277834106e-06
scale: 200.0, score: 6.120186753832968e-06
scale: 201.0, score: 5.913826043979498e-06
scale: 202.0, score: 5.722592050005915e-06
scale: 203.0, score: 5.5460700423282105e-06
scale: 204.0, score: 5.3838548410567455e-06
scale: 205.0, score: 5.235549451754196e-06
scale: 206.0, score: 5.1007791626034304e-06
scale: 207.0, score: 4.979170626029372e-06
scale: 208.0, score: 4.87036413687747e-06
scale: 209.0, score: 4.774008175445488e-06
scale: 210.0, score: 4.68976622869377e-06
scale: 211.0, score: 4.617304057319416e-06
scale: 212.0, score: 4.556301064440049e-06
scale: 213.0, score: 4.506446657615015e-06
scale: 214.0, score: 4.467435246624518e-06
scale: 215.0, score: 4.438971700437833e-06
scale: 216.0, score: 4.420769982971251e-06
scale: 217.0, score: 4.4125490603619255e-06
scale: 218.0, score: 4.414037903188728e-06
scale: 219.0, score: 4.424971848493442e-06
scale: 220.0, score: 4.445093509275466e-06
scale: 221.0, score: 4.474152774491813e-06
scale: 222.0, score: 4.511906354309758e-06
scale: 223.0, score: 4.55811732535949e-06
scale: 224.0, score: 4.612555585481459e-06
scale: 225.0, score: 4.674996489484329e-06
scale: 226.0, score: 4.745221303892322e-06
scale: 227.0, score: 4.823018571187276e-06
scale: 228.0, score: 4.908178652840434e-06
scale: 229.0, score: 5.000502824259456e-06
scale: 230.0, score: 5.099795089336112e-06
scale: 231.0, score: 5.205861270951573e-06
scale: 232.0, score: 5.318519015418133e-06
scale: 233.0, score: 5.437585059553385e-06
scale: 234.0, score: 5.562882506637834e-06
scale: 235.0, score: 5.694245828635758e-06
scale: 236.0, score: 5.831498583575012e-06
scale: 237.0, score: 5.974484793114243e-06
scale: 238.0, score: 6.123038474470377e-06
scale: 239.0, score: 6.2770168369752355e-06
scale: 240.0, score: 6.436254352593096e-06
scale: 241.0, score: 6.600615961360745e-06
scale: 242.0, score: 6.7699593273573555e-06
scale: 243.0, score: 6.9441348387044854e-06
scale: 244.0, score: 7.123015166143887e-06
scale: 245.0, score: 7.3064638854702935e-06
scale: 246.0, score: 7.494351393688703e-06
scale: 247.0, score: 7.686552635277621e-06
scale: 248.0, score: 7.882951649662573e-06
scale: 249.0, score: 8.08342156233266e-06
scale: 250.0, score: 8.287844138976652e-06
scale: 251.0, score: 8.496113878209144e-06
scale: 252.0, score: 8.708113455213606e-06
scale: 253.0, score: 8.923743735067546e-06
scale: 254.0, score: 9.142891940427944e-06
scale: 255.0, score: 9.365449841425288e-06
self.delta: 217.0
16 tensor([-99999,      0,     10,     15,     20,     25,     30,     35,     40,
            45,     50,     55,     60,     65,     70,     75],
       device='cuda:0', dtype=torch.int32)
16 tensor([  0.,   1.,   2.,   3.,   4.,   6.,   8.,  12.,  16.,  24.,  32.,  48.,
         64.,  96., 128., 192.], device='cuda:0')
16 tensor([0.0000, 0.0046, 0.0092, 0.0138, 0.0184, 0.0276, 0.0369, 0.0553, 0.0737,
        0.1106, 0.1475, 0.2212, 0.2949, 0.4424, 0.5899, 0.8848],
       device='cuda:0')
scale: 192.0, score: 7.343619927269174e-06
scale: 193.0, score: 7.063266821205616e-06
scale: 194.0, score: 6.798357844672864e-06
scale: 195.0, score: 6.548469627887243e-06
scale: 196.0, score: 6.313172434602166e-06
scale: 197.0, score: 6.092069270380307e-06
scale: 198.0, score: 5.8847676882578526e-06
scale: 199.0, score: 5.690880698239198e-06
scale: 200.0, score: 5.510044047696283e-06
scale: 201.0, score: 5.3418948482431006e-06
scale: 202.0, score: 5.1860843086615205e-06
scale: 203.0, score: 5.042274551669834e-06
scale: 204.0, score: 4.910134521196596e-06
scale: 205.0, score: 4.7893413466226775e-06
scale: 206.0, score: 4.679588073486229e-06
scale: 207.0, score: 4.580570475809509e-06
scale: 208.0, score: 4.491996605793247e-06
scale: 209.0, score: 4.413578153616982e-06
scale: 210.0, score: 4.345040906628128e-06
scale: 211.0, score: 4.286112471163506e-06
scale: 212.0, score: 4.236530912749004e-06
scale: 213.0, score: 4.196042937110178e-06
scale: 214.0, score: 4.1643997974460945e-06
scale: 215.0, score: 4.1413609324081335e-06
scale: 216.0, score: 4.126690782868536e-06
scale: 217.0, score: 4.120162884646561e-06
scale: 218.0, score: 4.121555321034975e-06
scale: 219.0, score: 4.130651177547406e-06
scale: 220.0, score: 4.147241270402446e-06
scale: 221.0, score: 4.171121872786898e-06
scale: 222.0, score: 4.202094260108424e-06
scale: 223.0, score: 4.239965164742898e-06
scale: 224.0, score: 4.284545411792351e-06
scale: 225.0, score: 4.335654466558481e-06
scale: 226.0, score: 4.393111794342985e-06
scale: 227.0, score: 4.45674550064723e-06
scale: 228.0, score: 4.526385055214632e-06
scale: 229.0, score: 4.601867658493575e-06
scale: 230.0, score: 4.683034148911247e-06
scale: 231.0, score: 4.76972581964219e-06
scale: 232.0, score: 4.861793058807962e-06
scale: 233.0, score: 4.959088073519524e-06
scale: 234.0, score: 5.061465344624594e-06
scale: 235.0, score: 5.168790266907308e-06
scale: 236.0, score: 5.2809182307100855e-06
scale: 237.0, score: 5.39772327101673e-06
scale: 238.0, score: 5.519068054127274e-06
scale: 239.0, score: 5.644837983709294e-06
scale: 240.0, score: 5.774897545052227e-06
scale: 241.0, score: 5.9091362345498055e-06
scale: 242.0, score: 6.047438091627555e-06
scale: 243.0, score: 6.189681243995437e-06
scale: 244.0, score: 6.335761099762749e-06
scale: 245.0, score: 6.485566245828522e-06
scale: 246.0, score: 6.6389934545441065e-06
scale: 247.0, score: 6.795937224524096e-06
scale: 248.0, score: 6.956306151550962e-06
scale: 249.0, score: 7.119994279491948e-06
scale: 250.0, score: 7.286906111403368e-06
scale: 251.0, score: 7.456956154783256e-06
scale: 252.0, score: 7.630046638951171e-06
scale: 253.0, score: 7.806098437868059e-06
scale: 254.0, score: 7.98501969256904e-06
scale: 255.0, score: 8.166723091562744e-06
self.delta: 217.0
16 tensor([-99999,      0,     10,     15,     20,     25,     30,     35,     40,
            45,     50,     55,     60,     65,     70,     75],
       device='cuda:0', dtype=torch.int32)
16 tensor([  0.,   1.,   2.,   3.,   4.,   6.,   8.,  12.,  16.,  24.,  32.,  48.,
         64.,  96., 128., 192.], device='cuda:0')
16 tensor([0.0000, 0.0046, 0.0092, 0.0138, 0.0184, 0.0276, 0.0369, 0.0553, 0.0737,
        0.1106, 0.1475, 0.2212, 0.2949, 0.4424, 0.5899, 0.8848],
       device='cuda:0')
scale: 192.0, score: 7.779836778354365e-06
scale: 193.0, score: 7.4802946983254515e-06
scale: 194.0, score: 7.1971585384744685e-06
scale: 195.0, score: 6.929976279934635e-06
scale: 196.0, score: 6.678292720607715e-06
scale: 197.0, score: 6.441686309699435e-06
scale: 198.0, score: 6.2197409533837344e-06
scale: 199.0, score: 6.012046014802763e-06
scale: 200.0, score: 5.818212684971513e-06
scale: 201.0, score: 5.637858521367889e-06
scale: 202.0, score: 5.470611540658865e-06
scale: 203.0, score: 5.316113856679294e-06
scale: 204.0, score: 5.174013949726941e-06
scale: 205.0, score: 5.043968030804535e-06
scale: 206.0, score: 4.925651410303544e-06
scale: 207.0, score: 4.818741672352189e-06
scale: 208.0, score: 4.722927769762464e-06
scale: 209.0, score: 4.63790274807252e-06
scale: 210.0, score: 4.5633773879671935e-06
scale: 211.0, score: 4.4990601963945664e-06
scale: 212.0, score: 4.444676960702054e-06
scale: 213.0, score: 4.399953922984423e-06
scale: 214.0, score: 4.364631877251668e-06
scale: 215.0, score: 4.3384507080190815e-06
scale: 216.0, score: 4.321164851717185e-06
scale: 217.0, score: 4.312530109018553e-06
scale: 218.0, score: 4.3123118302901275e-06
scale: 219.0, score: 4.320281732361764e-06
scale: 220.0, score: 4.336216079536825e-06
scale: 221.0, score: 4.35989795732894e-06
scale: 222.0, score: 4.391117272461997e-06
scale: 223.0, score: 4.429668479133397e-06
scale: 224.0, score: 4.475351943256101e-06
scale: 225.0, score: 4.52797394245863e-06
scale: 226.0, score: 4.587344847095665e-06
scale: 227.0, score: 4.653280029742746e-06
scale: 228.0, score: 4.725600319943624e-06
scale: 229.0, score: 4.804131549462909e-06
scale: 230.0, score: 4.888705007033423e-06
scale: 231.0, score: 4.979152436135337e-06
scale: 232.0, score: 5.075315584690543e-06
scale: 233.0, score: 5.177035745873582e-06
scale: 234.0, score: 5.284160124574555e-06
scale: 235.0, score: 5.396544565883232e-06
scale: 236.0, score: 5.514037184184417e-06
scale: 237.0, score: 5.6365020100201946e-06
scale: 238.0, score: 5.7637953432276845e-06
scale: 239.0, score: 5.895793947274797e-06
scale: 240.0, score: 6.032354121998651e-06
scale: 241.0, score: 6.1733589973300695e-06
scale: 242.0, score: 6.318684881989611e-06
scale: 243.0, score: 6.4682026277296245e-06
scale: 244.0, score: 6.621802185691195e-06
scale: 245.0, score: 6.779364412068389e-06
scale: 246.0, score: 6.9407783485075925e-06
scale: 247.0, score: 7.10593440089724e-06
scale: 248.0, score: 7.274732979567489e-06
scale: 249.0, score: 7.447063126164721e-06
scale: 250.0, score: 7.622824341524392e-06
scale: 251.0, score: 7.80192294769222e-06
scale: 252.0, score: 7.984259354998358e-06
scale: 253.0, score: 8.169743523467332e-06
scale: 254.0, score: 8.358283594134264e-06
scale: 255.0, score: 8.549784070055466e-06
self.delta: 218.0
16 tensor([-99999,      0,     10,     15,     20,     25,     30,     35,     40,
            45,     50,     55,     60,     65,     70,     75],
       device='cuda:0', dtype=torch.int32)
16 tensor([  0.,   1.,   2.,   3.,   4.,   6.,   8.,  12.,  16.,  24.,  32.,  48.,
         64.,  96., 128., 192.], device='cuda:0')
16 tensor([0.0000, 0.0046, 0.0092, 0.0138, 0.0183, 0.0275, 0.0367, 0.0550, 0.0734,
        0.1101, 0.1468, 0.2202, 0.2936, 0.4404, 0.5872, 0.8807],
       device='cuda:0')
scale: 192.0, score: 9.36905144044431e-06
scale: 193.0, score: 8.96786241355585e-06
scale: 194.0, score: 8.588693162892014e-06
scale: 195.0, score: 8.230937964981422e-06
scale: 196.0, score: 7.893982910900377e-06
scale: 197.0, score: 7.577265023428481e-06
scale: 198.0, score: 7.280224508576794e-06
scale: 199.0, score: 7.002308848313987e-06
scale: 200.0, score: 6.7429996306600515e-06
scale: 201.0, score: 6.501779807877028e-06
scale: 202.0, score: 6.278150976868346e-06
scale: 203.0, score: 6.071632469684118e-06
scale: 204.0, score: 5.881753622816177e-06
scale: 205.0, score: 5.708052412956022e-06
scale: 206.0, score: 5.550093192141503e-06
scale: 207.0, score: 5.407441676652525e-06
scale: 208.0, score: 5.279680863168323e-06
scale: 209.0, score: 5.1664005695784e-06
scale: 210.0, score: 5.0672106226556934e-06
scale: 211.0, score: 4.981721303920494e-06
scale: 212.0, score: 4.909561539534479e-06
scale: 213.0, score: 4.850367531616939e-06
scale: 214.0, score: 4.803787305718288e-06
scale: 215.0, score: 4.769476618093904e-06
scale: 216.0, score: 4.747100774693536e-06
scale: 217.0, score: 4.736335995403351e-06
scale: 218.0, score: 4.736865321319783e-06
scale: 219.0, score: 4.748381343233632e-06
scale: 220.0, score: 4.770585292135365e-06
scale: 221.0, score: 4.803186129720416e-06
scale: 222.0, score: 4.845901457883883e-06
scale: 223.0, score: 4.898454790236428e-06
scale: 224.0, score: 4.960579190083081e-06
scale: 225.0, score: 5.032014087191783e-06
scale: 226.0, score: 5.112503458803985e-06
scale: 227.0, score: 5.201802650844911e-06
scale: 228.0, score: 5.299668373481836e-06
scale: 229.0, score: 5.4058682508184575e-06
scale: 230.0, score: 5.520175363926683e-06
scale: 231.0, score: 5.642363703373121e-06
scale: 232.0, score: 5.772221811639611e-06
scale: 233.0, score: 5.909535502723884e-06
scale: 234.0, score: 6.054099685570691e-06
scale: 235.0, score: 6.205721547303256e-06
scale: 236.0, score: 6.3641964516136795e-06
scale: 237.0, score: 6.529342954308959e-06
scale: 238.0, score: 6.700966878270265e-06
scale: 239.0, score: 6.878903604956577e-06
scale: 240.0, score: 7.062959866743768e-06
scale: 241.0, score: 7.252979685290484e-06
scale: 242.0, score: 7.4487966230663005e-06
scale: 243.0, score: 7.650236511835828e-06
scale: 244.0, score: 7.85715201345738e-06
scale: 245.0, score: 8.069383511610795e-06
scale: 246.0, score: 8.286781849164981e-06
scale: 247.0, score: 8.509201506967656e-06
scale: 248.0, score: 8.736505151318852e-06
scale: 249.0, score: 8.968548172560986e-06
scale: 250.0, score: 9.205191418004688e-06
scale: 251.0, score: 9.44631301535992e-06
scale: 252.0, score: 9.691775630926713e-06
scale: 253.0, score: 9.941462849383242e-06
scale: 254.0, score: 1.0195247341471259e-05
scale: 255.0, score: 1.0453001777932514e-05
self.delta: 217.0
16 tensor([-99999,      0,     10,     15,     20,     25,     30,     35,     40,
            45,     50,     55,     60,     65,     70,     75],
       device='cuda:0', dtype=torch.int32)
16 tensor([  0.,   1.,   2.,   3.,   4.,   6.,   8.,  12.,  16.,  24.,  32.,  48.,
         64.,  96., 128., 192.], device='cuda:0')
16 tensor([0.0000, 0.0046, 0.0092, 0.0138, 0.0184, 0.0276, 0.0369, 0.0553, 0.0737,
        0.1106, 0.1475, 0.2212, 0.2949, 0.4424, 0.5899, 0.8848],
       device='cuda:0')
scale: 192.0, score: 1.2155189324403182e-05
scale: 193.0, score: 1.1595752766879741e-05
scale: 194.0, score: 1.1066767910961062e-05
scale: 195.0, score: 1.0567395293037407e-05
scale: 196.0, score: 1.0096791811520234e-05
scale: 197.0, score: 9.654175300966017e-06
scale: 198.0, score: 9.238774509867653e-06
scale: 199.0, score: 8.849825462675653e-06
scale: 200.0, score: 8.486609658575617e-06
scale: 201.0, score: 8.148414963216055e-06
scale: 202.0, score: 7.834551979613025e-06
scale: 203.0, score: 7.544357686128933e-06
scale: 204.0, score: 7.277179065567907e-06
scale: 205.0, score: 7.032381290628109e-06
scale: 206.0, score: 6.8093595473328605e-06
scale: 207.0, score: 6.607514023926342e-06
scale: 208.0, score: 6.426269919757033e-06
scale: 209.0, score: 6.265057891141623e-06
scale: 210.0, score: 6.123341336206067e-06
scale: 211.0, score: 6.000580015097512e-06
scale: 212.0, score: 5.896262791793561e-06
scale: 213.0, score: 5.80988535148208e-06
scale: 214.0, score: 5.7409611144976225e-06
scale: 215.0, score: 5.689015324605862e-06
scale: 216.0, score: 5.653585503750946e-06
scale: 217.0, score: 5.634222361550201e-06
scale: 218.0, score: 5.6304902500414755e-06
scale: 219.0, score: 5.64196307095699e-06
scale: 220.0, score: 5.6682283684494905e-06
scale: 221.0, score: 5.70888278161874e-06
scale: 222.0, score: 5.763537501479732e-06
scale: 223.0, score: 5.831810085510369e-06
scale: 224.0, score: 5.913330824114382e-06
scale: 225.0, score: 6.007738193147816e-06
scale: 226.0, score: 6.114682491897838e-06
scale: 227.0, score: 6.233821750356583e-06
scale: 228.0, score: 6.364820819726447e-06
scale: 229.0, score: 6.507359103125054e-06
scale: 230.0, score: 6.661123279627645e-06
scale: 231.0, score: 6.825799118814757e-06
scale: 232.0, score: 7.001095582381822e-06
scale: 233.0, score: 7.186715720308712e-06
scale: 234.0, score: 7.382378043985227e-06
scale: 235.0, score: 7.587814252474345e-06
scale: 236.0, score: 7.802742402418517e-06
scale: 237.0, score: 8.026910109037999e-06
scale: 238.0, score: 8.260049980890471e-06
scale: 239.0, score: 8.50193464430049e-06
scale: 240.0, score: 8.752296707825735e-06
scale: 241.0, score: 9.010921530716587e-06
scale: 242.0, score: 9.277576282329392e-06
scale: 243.0, score: 9.552023584546987e-06
scale: 244.0, score: 9.83405698207207e-06
scale: 245.0, score: 1.0123457286681514e-05
scale: 246.0, score: 1.0420018043078016e-05
scale: 247.0, score: 1.0723534614953678e-05
scale: 248.0, score: 1.1033825103368144e-05
scale: 249.0, score: 1.1350682143529411e-05
scale: 250.0, score: 1.167391656053951e-05
scale: 251.0, score: 1.2003358278889209e-05
scale: 252.0, score: 1.2338819942669943e-05
scale: 253.0, score: 1.2680136933340691e-05
scale: 254.0, score: 1.3027136446908116e-05
scale: 255.0, score: 1.3379642041400075e-05
self.delta: 218.0
16 tensor([-99999,      0,     10,     15,     20,     25,     30,     35,     40,
            45,     50,     55,     60,     65,     70,     75],
       device='cuda:0', dtype=torch.int32)
16 tensor([  0.,   1.,   2.,   3.,   4.,   6.,   8.,  12.,  16.,  24.,  32.,  48.,
         64.,  96., 128., 192.], device='cuda:0')
16 tensor([0.0000, 0.0046, 0.0092, 0.0138, 0.0183, 0.0275, 0.0367, 0.0550, 0.0734,
        0.1101, 0.1468, 0.2202, 0.2936, 0.4404, 0.5872, 0.8807],
       device='cuda:0')
Performing scale reparameterization ...
Validating ...
Test: [0/250]	Time 2.945 (2.945)	Loss 0.8334 (0.8334)	Prec@1 77.000 (77.000)	Prec@5 95.000 (95.000)
Test: [100/250]	Time 0.840 (0.861)	Loss 1.5188 (1.1890)	Prec@1 56.500 (69.490)	Prec@5 89.000 (90.688)
Test: [200/250]	Time 0.840 (0.851)	Loss 1.0661 (1.4629)	Prec@1 73.500 (65.107)	Prec@5 91.500 (86.759)
 * Prec@1 64.580 Prec@5 86.384 Time 212.179
