Namespace(model='deit_base', dataset='dataset/imagenet/', calib_batchsize=32, val_batchsize=200, num_workers=8, device='cuda', print_freq=100, seed=0, w_bits=4, a_bits=4, log_quant_scheme='BitLog2_Single_17')
Building dataloader ...
Building model ...
Performing initial quantization ...
self.delta: 44983.0
17 tensor([-100000,       0,      10,      20,      30,      40,      50,      60,
             70,      80,      90,     100,     110,     120,     130,     140,
            150], device='cuda:0', dtype=torch.int32)
17 tensor([0.0000e+00, 1.0000e+00, 2.0000e+00, 4.0000e+00, 8.0000e+00, 1.6000e+01,
        3.2000e+01, 6.4000e+01, 1.2800e+02, 2.5600e+02, 5.1200e+02, 1.0240e+03,
        2.0480e+03, 4.0960e+03, 8.1920e+03, 1.6384e+04, 3.2768e+04],
       device='cuda:0')
17 tensor([0.0000e+00, 2.2231e-05, 4.4461e-05, 8.8922e-05, 1.7784e-04, 3.5569e-04,
        7.1138e-04, 1.4228e-03, 2.8455e-03, 5.6910e-03, 1.1382e-02, 2.2764e-02,
        4.5528e-02, 9.1057e-02, 1.8211e-01, 3.6423e-01, 7.2845e-01],
       device='cuda:0')
self.delta: 49020.0
17 tensor([-100000,       0,      10,      20,      30,      40,      50,      60,
             70,      80,      90,     100,     110,     120,     130,     140,
            150], device='cuda:0', dtype=torch.int32)
17 tensor([0.0000e+00, 1.0000e+00, 2.0000e+00, 4.0000e+00, 8.0000e+00, 1.6000e+01,
        3.2000e+01, 6.4000e+01, 1.2800e+02, 2.5600e+02, 5.1200e+02, 1.0240e+03,
        2.0480e+03, 4.0960e+03, 8.1920e+03, 1.6384e+04, 3.2768e+04],
       device='cuda:0')
17 tensor([0.0000e+00, 2.0400e-05, 4.0800e-05, 8.1599e-05, 1.6320e-04, 3.2640e-04,
        6.5279e-04, 1.3056e-03, 2.6112e-03, 5.2224e-03, 1.0445e-02, 2.0889e-02,
        4.1779e-02, 8.3558e-02, 1.6712e-01, 3.3423e-01, 6.6846e-01],
       device='cuda:0')
self.delta: 49089.0
17 tensor([-100000,       0,      10,      20,      30,      40,      50,      60,
             70,      80,      90,     100,     110,     120,     130,     140,
            150], device='cuda:0', dtype=torch.int32)
17 tensor([0.0000e+00, 1.0000e+00, 2.0000e+00, 4.0000e+00, 8.0000e+00, 1.6000e+01,
        3.2000e+01, 6.4000e+01, 1.2800e+02, 2.5600e+02, 5.1200e+02, 1.0240e+03,
        2.0480e+03, 4.0960e+03, 8.1920e+03, 1.6384e+04, 3.2768e+04],
       device='cuda:0')
17 tensor([0.0000e+00, 2.0371e-05, 4.0742e-05, 8.1485e-05, 1.6297e-04, 3.2594e-04,
        6.5188e-04, 1.3038e-03, 2.6075e-03, 5.2150e-03, 1.0430e-02, 2.0860e-02,
        4.1720e-02, 8.3440e-02, 1.6688e-01, 3.3376e-01, 6.6752e-01],
       device='cuda:0')
self.delta: 43854.0
17 tensor([-100000,       0,      10,      20,      30,      40,      50,      60,
             70,      80,      90,     100,     110,     120,     130,     140,
            150], device='cuda:0', dtype=torch.int32)
17 tensor([0.0000e+00, 1.0000e+00, 2.0000e+00, 4.0000e+00, 8.0000e+00, 1.6000e+01,
        3.2000e+01, 6.4000e+01, 1.2800e+02, 2.5600e+02, 5.1200e+02, 1.0240e+03,
        2.0480e+03, 4.0960e+03, 8.1920e+03, 1.6384e+04, 3.2768e+04],
       device='cuda:0')
17 tensor([0.0000e+00, 2.2803e-05, 4.5606e-05, 9.1212e-05, 1.8242e-04, 3.6485e-04,
        7.2969e-04, 1.4594e-03, 2.9188e-03, 5.8376e-03, 1.1675e-02, 2.3350e-02,
        4.6700e-02, 9.3401e-02, 1.8680e-01, 3.7360e-01, 7.4721e-01],
       device='cuda:0')
self.delta: 47235.0
17 tensor([-100000,       0,      10,      20,      30,      40,      50,      60,
             70,      80,      90,     100,     110,     120,     130,     140,
            150], device='cuda:0', dtype=torch.int32)
17 tensor([0.0000e+00, 1.0000e+00, 2.0000e+00, 4.0000e+00, 8.0000e+00, 1.6000e+01,
        3.2000e+01, 6.4000e+01, 1.2800e+02, 2.5600e+02, 5.1200e+02, 1.0240e+03,
        2.0480e+03, 4.0960e+03, 8.1920e+03, 1.6384e+04, 3.2768e+04],
       device='cuda:0')
17 tensor([0.0000e+00, 2.1171e-05, 4.2341e-05, 8.4683e-05, 1.6937e-04, 3.3873e-04,
        6.7746e-04, 1.3549e-03, 2.7099e-03, 5.4197e-03, 1.0839e-02, 2.1679e-02,
        4.3358e-02, 8.6715e-02, 1.7343e-01, 3.4686e-01, 6.9372e-01],
       device='cuda:0')
self.delta: 48738.0
17 tensor([-100000,       0,      10,      20,      30,      40,      50,      60,
             70,      80,      90,     100,     110,     120,     130,     140,
            150], device='cuda:0', dtype=torch.int32)
17 tensor([0.0000e+00, 1.0000e+00, 2.0000e+00, 4.0000e+00, 8.0000e+00, 1.6000e+01,
        3.2000e+01, 6.4000e+01, 1.2800e+02, 2.5600e+02, 5.1200e+02, 1.0240e+03,
        2.0480e+03, 4.0960e+03, 8.1920e+03, 1.6384e+04, 3.2768e+04],
       device='cuda:0')
17 tensor([0.0000e+00, 2.0518e-05, 4.1036e-05, 8.2071e-05, 1.6414e-04, 3.2829e-04,
        6.5657e-04, 1.3131e-03, 2.6263e-03, 5.2526e-03, 1.0505e-02, 2.1010e-02,
        4.2021e-02, 8.4041e-02, 1.6808e-01, 3.3616e-01, 6.7233e-01],
       device='cuda:0')
self.delta: 48334.0
17 tensor([-100000,       0,      10,      20,      30,      40,      50,      60,
             70,      80,      90,     100,     110,     120,     130,     140,
            150], device='cuda:0', dtype=torch.int32)
17 tensor([0.0000e+00, 1.0000e+00, 2.0000e+00, 4.0000e+00, 8.0000e+00, 1.6000e+01,
        3.2000e+01, 6.4000e+01, 1.2800e+02, 2.5600e+02, 5.1200e+02, 1.0240e+03,
        2.0480e+03, 4.0960e+03, 8.1920e+03, 1.6384e+04, 3.2768e+04],
       device='cuda:0')
17 tensor([0.0000e+00, 2.0689e-05, 4.1379e-05, 8.2757e-05, 1.6551e-04, 3.3103e-04,
        6.6206e-04, 1.3241e-03, 2.6482e-03, 5.2965e-03, 1.0593e-02, 2.1186e-02,
        4.2372e-02, 8.4744e-02, 1.6949e-01, 3.3897e-01, 6.7795e-01],
       device='cuda:0')
self.delta: 48535.0
17 tensor([-100000,       0,      10,      20,      30,      40,      50,      60,
             70,      80,      90,     100,     110,     120,     130,     140,
            150], device='cuda:0', dtype=torch.int32)
17 tensor([0.0000e+00, 1.0000e+00, 2.0000e+00, 4.0000e+00, 8.0000e+00, 1.6000e+01,
        3.2000e+01, 6.4000e+01, 1.2800e+02, 2.5600e+02, 5.1200e+02, 1.0240e+03,
        2.0480e+03, 4.0960e+03, 8.1920e+03, 1.6384e+04, 3.2768e+04],
       device='cuda:0')
17 tensor([0.0000e+00, 2.0604e-05, 4.1207e-05, 8.2415e-05, 1.6483e-04, 3.2966e-04,
        6.5932e-04, 1.3186e-03, 2.6373e-03, 5.2745e-03, 1.0549e-02, 2.1098e-02,
        4.2196e-02, 8.4393e-02, 1.6879e-01, 3.3757e-01, 6.7514e-01],
       device='cuda:0')
self.delta: 48334.0
17 tensor([-100000,       0,      10,      20,      30,      40,      50,      60,
             70,      80,      90,     100,     110,     120,     130,     140,
            150], device='cuda:0', dtype=torch.int32)
17 tensor([0.0000e+00, 1.0000e+00, 2.0000e+00, 4.0000e+00, 8.0000e+00, 1.6000e+01,
        3.2000e+01, 6.4000e+01, 1.2800e+02, 2.5600e+02, 5.1200e+02, 1.0240e+03,
        2.0480e+03, 4.0960e+03, 8.1920e+03, 1.6384e+04, 3.2768e+04],
       device='cuda:0')
17 tensor([0.0000e+00, 2.0689e-05, 4.1379e-05, 8.2757e-05, 1.6551e-04, 3.3103e-04,
        6.6206e-04, 1.3241e-03, 2.6482e-03, 5.2965e-03, 1.0593e-02, 2.1186e-02,
        4.2372e-02, 8.4744e-02, 1.6949e-01, 3.3897e-01, 6.7795e-01],
       device='cuda:0')
self.delta: 49172.0
17 tensor([-100000,       0,      10,      20,      30,      40,      50,      60,
             70,      80,      90,     100,     110,     120,     130,     140,
            150], device='cuda:0', dtype=torch.int32)
17 tensor([0.0000e+00, 1.0000e+00, 2.0000e+00, 4.0000e+00, 8.0000e+00, 1.6000e+01,
        3.2000e+01, 6.4000e+01, 1.2800e+02, 2.5600e+02, 5.1200e+02, 1.0240e+03,
        2.0480e+03, 4.0960e+03, 8.1920e+03, 1.6384e+04, 3.2768e+04],
       device='cuda:0')
17 tensor([0.0000e+00, 2.0337e-05, 4.0674e-05, 8.1347e-05, 1.6269e-04, 3.2539e-04,
        6.5078e-04, 1.3016e-03, 2.6031e-03, 5.2062e-03, 1.0412e-02, 2.0825e-02,
        4.1650e-02, 8.3299e-02, 1.6660e-01, 3.3320e-01, 6.6640e-01],
       device='cuda:0')
self.delta: 49183.0
17 tensor([-100000,       0,      10,      20,      30,      40,      50,      60,
             70,      80,      90,     100,     110,     120,     130,     140,
            150], device='cuda:0', dtype=torch.int32)
17 tensor([0.0000e+00, 1.0000e+00, 2.0000e+00, 4.0000e+00, 8.0000e+00, 1.6000e+01,
        3.2000e+01, 6.4000e+01, 1.2800e+02, 2.5600e+02, 5.1200e+02, 1.0240e+03,
        2.0480e+03, 4.0960e+03, 8.1920e+03, 1.6384e+04, 3.2768e+04],
       device='cuda:0')
17 tensor([0.0000e+00, 2.0332e-05, 4.0664e-05, 8.1329e-05, 1.6266e-04, 3.2532e-04,
        6.5063e-04, 1.3013e-03, 2.6025e-03, 5.2051e-03, 1.0410e-02, 2.0820e-02,
        4.1640e-02, 8.3281e-02, 1.6656e-01, 3.3312e-01, 6.6625e-01],
       device='cuda:0')
self.delta: 49081.0
17 tensor([-100000,       0,      10,      20,      30,      40,      50,      60,
             70,      80,      90,     100,     110,     120,     130,     140,
            150], device='cuda:0', dtype=torch.int32)
17 tensor([0.0000e+00, 1.0000e+00, 2.0000e+00, 4.0000e+00, 8.0000e+00, 1.6000e+01,
        3.2000e+01, 6.4000e+01, 1.2800e+02, 2.5600e+02, 5.1200e+02, 1.0240e+03,
        2.0480e+03, 4.0960e+03, 8.1920e+03, 1.6384e+04, 3.2768e+04],
       device='cuda:0')
17 tensor([0.0000e+00, 2.0374e-05, 4.0749e-05, 8.1498e-05, 1.6300e-04, 3.2599e-04,
        6.5198e-04, 1.3040e-03, 2.6079e-03, 5.2159e-03, 1.0432e-02, 2.0863e-02,
        4.1727e-02, 8.3454e-02, 1.6691e-01, 3.3382e-01, 6.6763e-01],
       device='cuda:0')
Performing scale reparameterization ...
Validating ...
Test: [0/250]	Time 4.175 (4.175)	Loss 0.6065 (0.6065)	Prec@1 90.500 (90.500)	Prec@5 99.000 (99.000)
Test: [100/250]	Time 1.843 (1.866)	Loss 1.4474 (0.9651)	Prec@1 67.500 (81.094)	Prec@5 89.000 (95.233)
Test: [200/250]	Time 1.841 (1.854)	Loss 0.6479 (1.1925)	Prec@1 90.000 (76.281)	Prec@5 98.000 (92.224)
 * Prec@1 75.482 Prec@5 91.966 Time 462.860
