Namespace(model='deit_tiny', dataset='dataset/imagenet/', calib_batchsize=32, val_batchsize=200, num_workers=8, device='cuda', print_freq=100, seed=0, w_bits=4, a_bits=4, log_quant_scheme='BitLog2_Single_17')
Building dataloader ...
Building model ...
Performing initial quantization ...
self.delta: 44643.0
17 tensor([-100000,       0,      10,      20,      30,      40,      50,      60,
             70,      80,      90,     100,     110,     120,     130,     140,
            150], device='cuda:0', dtype=torch.int32)
17 tensor([0.0000e+00, 1.0000e+00, 2.0000e+00, 4.0000e+00, 8.0000e+00, 1.6000e+01,
        3.2000e+01, 6.4000e+01, 1.2800e+02, 2.5600e+02, 5.1200e+02, 1.0240e+03,
        2.0480e+03, 4.0960e+03, 8.1920e+03, 1.6384e+04, 3.2768e+04],
       device='cuda:0')
17 tensor([0.0000e+00, 2.2400e-05, 4.4800e-05, 8.9600e-05, 1.7920e-04, 3.5840e-04,
        7.1680e-04, 1.4336e-03, 2.8672e-03, 5.7344e-03, 1.1469e-02, 2.2938e-02,
        4.5875e-02, 9.1750e-02, 1.8350e-01, 3.6700e-01, 7.3400e-01],
       device='cuda:0')
self.delta: 47221.0
17 tensor([-100000,       0,      10,      20,      30,      40,      50,      60,
             70,      80,      90,     100,     110,     120,     130,     140,
            150], device='cuda:0', dtype=torch.int32)
17 tensor([0.0000e+00, 1.0000e+00, 2.0000e+00, 4.0000e+00, 8.0000e+00, 1.6000e+01,
        3.2000e+01, 6.4000e+01, 1.2800e+02, 2.5600e+02, 5.1200e+02, 1.0240e+03,
        2.0480e+03, 4.0960e+03, 8.1920e+03, 1.6384e+04, 3.2768e+04],
       device='cuda:0')
17 tensor([0.0000e+00, 2.1177e-05, 4.2354e-05, 8.4708e-05, 1.6942e-04, 3.3883e-04,
        6.7766e-04, 1.3553e-03, 2.7107e-03, 5.4213e-03, 1.0843e-02, 2.1685e-02,
        4.3371e-02, 8.6741e-02, 1.7348e-01, 3.4696e-01, 6.9393e-01],
       device='cuda:0')
self.delta: 48217.0
17 tensor([-100000,       0,      10,      20,      30,      40,      50,      60,
             70,      80,      90,     100,     110,     120,     130,     140,
            150], device='cuda:0', dtype=torch.int32)
17 tensor([0.0000e+00, 1.0000e+00, 2.0000e+00, 4.0000e+00, 8.0000e+00, 1.6000e+01,
        3.2000e+01, 6.4000e+01, 1.2800e+02, 2.5600e+02, 5.1200e+02, 1.0240e+03,
        2.0480e+03, 4.0960e+03, 8.1920e+03, 1.6384e+04, 3.2768e+04],
       device='cuda:0')
17 tensor([0.0000e+00, 2.0740e-05, 4.1479e-05, 8.2958e-05, 1.6592e-04, 3.3183e-04,
        6.6367e-04, 1.3273e-03, 2.6547e-03, 5.3093e-03, 1.0619e-02, 2.1237e-02,
        4.2475e-02, 8.4949e-02, 1.6990e-01, 3.3980e-01, 6.7959e-01],
       device='cuda:0')
self.delta: 49360.0
17 tensor([-100000,       0,      10,      20,      30,      40,      50,      60,
             70,      80,      90,     100,     110,     120,     130,     140,
            150], device='cuda:0', dtype=torch.int32)
17 tensor([0.0000e+00, 1.0000e+00, 2.0000e+00, 4.0000e+00, 8.0000e+00, 1.6000e+01,
        3.2000e+01, 6.4000e+01, 1.2800e+02, 2.5600e+02, 5.1200e+02, 1.0240e+03,
        2.0480e+03, 4.0960e+03, 8.1920e+03, 1.6384e+04, 3.2768e+04],
       device='cuda:0')
17 tensor([0.0000e+00, 2.0259e-05, 4.0519e-05, 8.1037e-05, 1.6207e-04, 3.2415e-04,
        6.4830e-04, 1.2966e-03, 2.5932e-03, 5.1864e-03, 1.0373e-02, 2.0746e-02,
        4.1491e-02, 8.2982e-02, 1.6596e-01, 3.3193e-01, 6.6386e-01],
       device='cuda:0')
self.delta: 49108.0
17 tensor([-100000,       0,      10,      20,      30,      40,      50,      60,
             70,      80,      90,     100,     110,     120,     130,     140,
            150], device='cuda:0', dtype=torch.int32)
17 tensor([0.0000e+00, 1.0000e+00, 2.0000e+00, 4.0000e+00, 8.0000e+00, 1.6000e+01,
        3.2000e+01, 6.4000e+01, 1.2800e+02, 2.5600e+02, 5.1200e+02, 1.0240e+03,
        2.0480e+03, 4.0960e+03, 8.1920e+03, 1.6384e+04, 3.2768e+04],
       device='cuda:0')
17 tensor([0.0000e+00, 2.0363e-05, 4.0727e-05, 8.1453e-05, 1.6291e-04, 3.2581e-04,
        6.5162e-04, 1.3032e-03, 2.6065e-03, 5.2130e-03, 1.0426e-02, 2.0852e-02,
        4.1704e-02, 8.3408e-02, 1.6682e-01, 3.3363e-01, 6.6726e-01],
       device='cuda:0')
self.delta: 49195.0
17 tensor([-100000,       0,      10,      20,      30,      40,      50,      60,
             70,      80,      90,     100,     110,     120,     130,     140,
            150], device='cuda:0', dtype=torch.int32)
17 tensor([0.0000e+00, 1.0000e+00, 2.0000e+00, 4.0000e+00, 8.0000e+00, 1.6000e+01,
        3.2000e+01, 6.4000e+01, 1.2800e+02, 2.5600e+02, 5.1200e+02, 1.0240e+03,
        2.0480e+03, 4.0960e+03, 8.1920e+03, 1.6384e+04, 3.2768e+04],
       device='cuda:0')
17 tensor([0.0000e+00, 2.0327e-05, 4.0655e-05, 8.1309e-05, 1.6262e-04, 3.2524e-04,
        6.5047e-04, 1.3009e-03, 2.6019e-03, 5.2038e-03, 1.0408e-02, 2.0815e-02,
        4.1630e-02, 8.3260e-02, 1.6652e-01, 3.3304e-01, 6.6608e-01],
       device='cuda:0')
self.delta: 48916.0
17 tensor([-100000,       0,      10,      20,      30,      40,      50,      60,
             70,      80,      90,     100,     110,     120,     130,     140,
            150], device='cuda:0', dtype=torch.int32)
17 tensor([0.0000e+00, 1.0000e+00, 2.0000e+00, 4.0000e+00, 8.0000e+00, 1.6000e+01,
        3.2000e+01, 6.4000e+01, 1.2800e+02, 2.5600e+02, 5.1200e+02, 1.0240e+03,
        2.0480e+03, 4.0960e+03, 8.1920e+03, 1.6384e+04, 3.2768e+04],
       device='cuda:0')
17 tensor([0.0000e+00, 2.0443e-05, 4.0886e-05, 8.1773e-05, 1.6355e-04, 3.2709e-04,
        6.5418e-04, 1.3084e-03, 2.6167e-03, 5.2335e-03, 1.0467e-02, 2.0934e-02,
        4.1868e-02, 8.3735e-02, 1.6747e-01, 3.3494e-01, 6.6988e-01],
       device='cuda:0')
self.delta: 48606.0
17 tensor([-100000,       0,      10,      20,      30,      40,      50,      60,
             70,      80,      90,     100,     110,     120,     130,     140,
            150], device='cuda:0', dtype=torch.int32)
17 tensor([0.0000e+00, 1.0000e+00, 2.0000e+00, 4.0000e+00, 8.0000e+00, 1.6000e+01,
        3.2000e+01, 6.4000e+01, 1.2800e+02, 2.5600e+02, 5.1200e+02, 1.0240e+03,
        2.0480e+03, 4.0960e+03, 8.1920e+03, 1.6384e+04, 3.2768e+04],
       device='cuda:0')
17 tensor([0.0000e+00, 2.0574e-05, 4.1147e-05, 8.2294e-05, 1.6459e-04, 3.2918e-04,
        6.5835e-04, 1.3167e-03, 2.6334e-03, 5.2668e-03, 1.0534e-02, 2.1067e-02,
        4.2135e-02, 8.4269e-02, 1.6854e-01, 3.3708e-01, 6.7416e-01],
       device='cuda:0')
self.delta: 49437.0
17 tensor([-100000,       0,      10,      20,      30,      40,      50,      60,
             70,      80,      90,     100,     110,     120,     130,     140,
            150], device='cuda:0', dtype=torch.int32)
17 tensor([0.0000e+00, 1.0000e+00, 2.0000e+00, 4.0000e+00, 8.0000e+00, 1.6000e+01,
        3.2000e+01, 6.4000e+01, 1.2800e+02, 2.5600e+02, 5.1200e+02, 1.0240e+03,
        2.0480e+03, 4.0960e+03, 8.1920e+03, 1.6384e+04, 3.2768e+04],
       device='cuda:0')
17 tensor([0.0000e+00, 2.0228e-05, 4.0456e-05, 8.0911e-05, 1.6182e-04, 3.2364e-04,
        6.4729e-04, 1.2946e-03, 2.5892e-03, 5.1783e-03, 1.0357e-02, 2.0713e-02,
        4.1426e-02, 8.2853e-02, 1.6571e-01, 3.3141e-01, 6.6282e-01],
       device='cuda:0')
self.delta: 49705.0
17 tensor([-100000,       0,      10,      20,      30,      40,      50,      60,
             70,      80,      90,     100,     110,     120,     130,     140,
            150], device='cuda:0', dtype=torch.int32)
17 tensor([0.0000e+00, 1.0000e+00, 2.0000e+00, 4.0000e+00, 8.0000e+00, 1.6000e+01,
        3.2000e+01, 6.4000e+01, 1.2800e+02, 2.5600e+02, 5.1200e+02, 1.0240e+03,
        2.0480e+03, 4.0960e+03, 8.1920e+03, 1.6384e+04, 3.2768e+04],
       device='cuda:0')
17 tensor([0.0000e+00, 2.0119e-05, 4.0237e-05, 8.0475e-05, 1.6095e-04, 3.2190e-04,
        6.4380e-04, 1.2876e-03, 2.5752e-03, 5.1504e-03, 1.0301e-02, 2.0602e-02,
        4.1203e-02, 8.2406e-02, 1.6481e-01, 3.2962e-01, 6.5925e-01],
       device='cuda:0')
self.delta: 49108.0
17 tensor([-100000,       0,      10,      20,      30,      40,      50,      60,
             70,      80,      90,     100,     110,     120,     130,     140,
            150], device='cuda:0', dtype=torch.int32)
17 tensor([0.0000e+00, 1.0000e+00, 2.0000e+00, 4.0000e+00, 8.0000e+00, 1.6000e+01,
        3.2000e+01, 6.4000e+01, 1.2800e+02, 2.5600e+02, 5.1200e+02, 1.0240e+03,
        2.0480e+03, 4.0960e+03, 8.1920e+03, 1.6384e+04, 3.2768e+04],
       device='cuda:0')
17 tensor([0.0000e+00, 2.0363e-05, 4.0727e-05, 8.1453e-05, 1.6291e-04, 3.2581e-04,
        6.5162e-04, 1.3032e-03, 2.6065e-03, 5.2130e-03, 1.0426e-02, 2.0852e-02,
        4.1704e-02, 8.3408e-02, 1.6682e-01, 3.3363e-01, 6.6726e-01],
       device='cuda:0')
self.delta: 49136.0
17 tensor([-100000,       0,      10,      20,      30,      40,      50,      60,
             70,      80,      90,     100,     110,     120,     130,     140,
            150], device='cuda:0', dtype=torch.int32)
17 tensor([0.0000e+00, 1.0000e+00, 2.0000e+00, 4.0000e+00, 8.0000e+00, 1.6000e+01,
        3.2000e+01, 6.4000e+01, 1.2800e+02, 2.5600e+02, 5.1200e+02, 1.0240e+03,
        2.0480e+03, 4.0960e+03, 8.1920e+03, 1.6384e+04, 3.2768e+04],
       device='cuda:0')
17 tensor([0.0000e+00, 2.0352e-05, 4.0703e-05, 8.1407e-05, 1.6281e-04, 3.2563e-04,
        6.5125e-04, 1.3025e-03, 2.6050e-03, 5.2100e-03, 1.0420e-02, 2.0840e-02,
        4.1680e-02, 8.3360e-02, 1.6672e-01, 3.3344e-01, 6.6688e-01],
       device='cuda:0')
Performing scale reparameterization ...
Validating ...
Test: [0/250]	Time 2.548 (2.548)	Loss 1.3001 (1.3001)	Prec@1 73.500 (73.500)	Prec@5 93.500 (93.500)
Test: [100/250]	Time 0.424 (0.445)	Loss 2.8635 (1.8004)	Prec@1 41.500 (64.975)	Prec@5 71.000 (87.411)
Test: [200/250]	Time 0.424 (0.434)	Loss 1.7483 (2.1965)	Prec@1 69.000 (57.776)	Prec@5 90.500 (81.124)
 * Prec@1 57.096 Prec@5 80.710 Time 108.051
