Namespace(model='deit_small', dataset='dataset/imagenet/', calib_batchsize=32, val_batchsize=200, num_workers=8, device='cuda', print_freq=100, seed=0, w_bits=4, a_bits=4, log_quant_scheme='BitLog2_Single_17')
Building dataloader ...
Building model ...
Performing initial quantization ...
self.delta: 42587.0
17 tensor([-100000,       0,      10,      20,      30,      40,      50,      60,
             70,      80,      90,     100,     110,     120,     130,     140,
            150], device='cuda:0', dtype=torch.int32)
17 tensor([0.0000e+00, 1.0000e+00, 2.0000e+00, 4.0000e+00, 8.0000e+00, 1.6000e+01,
        3.2000e+01, 6.4000e+01, 1.2800e+02, 2.5600e+02, 5.1200e+02, 1.0240e+03,
        2.0480e+03, 4.0960e+03, 8.1920e+03, 1.6384e+04, 3.2768e+04],
       device='cuda:0')
17 tensor([0.0000e+00, 2.3481e-05, 4.6963e-05, 9.3925e-05, 1.8785e-04, 3.7570e-04,
        7.5140e-04, 1.5028e-03, 3.0056e-03, 6.0112e-03, 1.2022e-02, 2.4045e-02,
        4.8090e-02, 9.6180e-02, 1.9236e-01, 3.8472e-01, 7.6944e-01],
       device='cuda:0')
self.delta: 43056.0
17 tensor([-100000,       0,      10,      20,      30,      40,      50,      60,
             70,      80,      90,     100,     110,     120,     130,     140,
            150], device='cuda:0', dtype=torch.int32)
17 tensor([0.0000e+00, 1.0000e+00, 2.0000e+00, 4.0000e+00, 8.0000e+00, 1.6000e+01,
        3.2000e+01, 6.4000e+01, 1.2800e+02, 2.5600e+02, 5.1200e+02, 1.0240e+03,
        2.0480e+03, 4.0960e+03, 8.1920e+03, 1.6384e+04, 3.2768e+04],
       device='cuda:0')
17 tensor([0.0000e+00, 2.3226e-05, 4.6451e-05, 9.2902e-05, 1.8580e-04, 3.7161e-04,
        7.4322e-04, 1.4864e-03, 2.9729e-03, 5.9457e-03, 1.1891e-02, 2.3783e-02,
        4.7566e-02, 9.5132e-02, 1.9026e-01, 3.8053e-01, 7.6106e-01],
       device='cuda:0')
self.delta: 48868.0
17 tensor([-100000,       0,      10,      20,      30,      40,      50,      60,
             70,      80,      90,     100,     110,     120,     130,     140,
            150], device='cuda:0', dtype=torch.int32)
17 tensor([0.0000e+00, 1.0000e+00, 2.0000e+00, 4.0000e+00, 8.0000e+00, 1.6000e+01,
        3.2000e+01, 6.4000e+01, 1.2800e+02, 2.5600e+02, 5.1200e+02, 1.0240e+03,
        2.0480e+03, 4.0960e+03, 8.1920e+03, 1.6384e+04, 3.2768e+04],
       device='cuda:0')
17 tensor([0.0000e+00, 2.0463e-05, 4.0927e-05, 8.1853e-05, 1.6371e-04, 3.2741e-04,
        6.5483e-04, 1.3097e-03, 2.6193e-03, 5.2386e-03, 1.0477e-02, 2.0954e-02,
        4.1909e-02, 8.3818e-02, 1.6764e-01, 3.3527e-01, 6.7054e-01],
       device='cuda:0')
self.delta: 49179.0
17 tensor([-100000,       0,      10,      20,      30,      40,      50,      60,
             70,      80,      90,     100,     110,     120,     130,     140,
            150], device='cuda:0', dtype=torch.int32)
17 tensor([0.0000e+00, 1.0000e+00, 2.0000e+00, 4.0000e+00, 8.0000e+00, 1.6000e+01,
        3.2000e+01, 6.4000e+01, 1.2800e+02, 2.5600e+02, 5.1200e+02, 1.0240e+03,
        2.0480e+03, 4.0960e+03, 8.1920e+03, 1.6384e+04, 3.2768e+04],
       device='cuda:0')
17 tensor([0.0000e+00, 2.0334e-05, 4.0668e-05, 8.1336e-05, 1.6267e-04, 3.2534e-04,
        6.5068e-04, 1.3014e-03, 2.6027e-03, 5.2055e-03, 1.0411e-02, 2.0822e-02,
        4.1644e-02, 8.3288e-02, 1.6658e-01, 3.3315e-01, 6.6630e-01],
       device='cuda:0')
self.delta: 49024.0
17 tensor([-100000,       0,      10,      20,      30,      40,      50,      60,
             70,      80,      90,     100,     110,     120,     130,     140,
            150], device='cuda:0', dtype=torch.int32)
17 tensor([0.0000e+00, 1.0000e+00, 2.0000e+00, 4.0000e+00, 8.0000e+00, 1.6000e+01,
        3.2000e+01, 6.4000e+01, 1.2800e+02, 2.5600e+02, 5.1200e+02, 1.0240e+03,
        2.0480e+03, 4.0960e+03, 8.1920e+03, 1.6384e+04, 3.2768e+04],
       device='cuda:0')
17 tensor([0.0000e+00, 2.0398e-05, 4.0796e-05, 8.1593e-05, 1.6319e-04, 3.2637e-04,
        6.5274e-04, 1.3055e-03, 2.6110e-03, 5.2219e-03, 1.0444e-02, 2.0888e-02,
        4.1775e-02, 8.3551e-02, 1.6710e-01, 3.3420e-01, 6.6841e-01],
       device='cuda:0')
self.delta: 49036.0
17 tensor([-100000,       0,      10,      20,      30,      40,      50,      60,
             70,      80,      90,     100,     110,     120,     130,     140,
            150], device='cuda:0', dtype=torch.int32)
17 tensor([0.0000e+00, 1.0000e+00, 2.0000e+00, 4.0000e+00, 8.0000e+00, 1.6000e+01,
        3.2000e+01, 6.4000e+01, 1.2800e+02, 2.5600e+02, 5.1200e+02, 1.0240e+03,
        2.0480e+03, 4.0960e+03, 8.1920e+03, 1.6384e+04, 3.2768e+04],
       device='cuda:0')
17 tensor([0.0000e+00, 2.0393e-05, 4.0786e-05, 8.1573e-05, 1.6315e-04, 3.2629e-04,
        6.5258e-04, 1.3052e-03, 2.6103e-03, 5.2207e-03, 1.0441e-02, 2.0883e-02,
        4.1765e-02, 8.3530e-02, 1.6706e-01, 3.3412e-01, 6.6824e-01],
       device='cuda:0')
self.delta: 48478.0
17 tensor([-100000,       0,      10,      20,      30,      40,      50,      60,
             70,      80,      90,     100,     110,     120,     130,     140,
            150], device='cuda:0', dtype=torch.int32)
17 tensor([0.0000e+00, 1.0000e+00, 2.0000e+00, 4.0000e+00, 8.0000e+00, 1.6000e+01,
        3.2000e+01, 6.4000e+01, 1.2800e+02, 2.5600e+02, 5.1200e+02, 1.0240e+03,
        2.0480e+03, 4.0960e+03, 8.1920e+03, 1.6384e+04, 3.2768e+04],
       device='cuda:0')
17 tensor([0.0000e+00, 2.0628e-05, 4.1256e-05, 8.2512e-05, 1.6502e-04, 3.3005e-04,
        6.6009e-04, 1.3202e-03, 2.6404e-03, 5.2807e-03, 1.0561e-02, 2.1123e-02,
        4.2246e-02, 8.4492e-02, 1.6898e-01, 3.3797e-01, 6.7594e-01],
       device='cuda:0')
self.delta: 49258.0
17 tensor([-100000,       0,      10,      20,      30,      40,      50,      60,
             70,      80,      90,     100,     110,     120,     130,     140,
            150], device='cuda:0', dtype=torch.int32)
17 tensor([0.0000e+00, 1.0000e+00, 2.0000e+00, 4.0000e+00, 8.0000e+00, 1.6000e+01,
        3.2000e+01, 6.4000e+01, 1.2800e+02, 2.5600e+02, 5.1200e+02, 1.0240e+03,
        2.0480e+03, 4.0960e+03, 8.1920e+03, 1.6384e+04, 3.2768e+04],
       device='cuda:0')
17 tensor([0.0000e+00, 2.0301e-05, 4.0603e-05, 8.1205e-05, 1.6241e-04, 3.2482e-04,
        6.4964e-04, 1.2993e-03, 2.5986e-03, 5.1971e-03, 1.0394e-02, 2.0789e-02,
        4.1577e-02, 8.3154e-02, 1.6631e-01, 3.3262e-01, 6.6523e-01],
       device='cuda:0')
self.delta: 49256.0
17 tensor([-100000,       0,      10,      20,      30,      40,      50,      60,
             70,      80,      90,     100,     110,     120,     130,     140,
            150], device='cuda:0', dtype=torch.int32)
17 tensor([0.0000e+00, 1.0000e+00, 2.0000e+00, 4.0000e+00, 8.0000e+00, 1.6000e+01,
        3.2000e+01, 6.4000e+01, 1.2800e+02, 2.5600e+02, 5.1200e+02, 1.0240e+03,
        2.0480e+03, 4.0960e+03, 8.1920e+03, 1.6384e+04, 3.2768e+04],
       device='cuda:0')
17 tensor([0.0000e+00, 2.0302e-05, 4.0604e-05, 8.1208e-05, 1.6242e-04, 3.2483e-04,
        6.4967e-04, 1.2993e-03, 2.5987e-03, 5.1973e-03, 1.0395e-02, 2.0789e-02,
        4.1579e-02, 8.3157e-02, 1.6631e-01, 3.3263e-01, 6.6526e-01],
       device='cuda:0')
self.delta: 49206.0
17 tensor([-100000,       0,      10,      20,      30,      40,      50,      60,
             70,      80,      90,     100,     110,     120,     130,     140,
            150], device='cuda:0', dtype=torch.int32)
17 tensor([0.0000e+00, 1.0000e+00, 2.0000e+00, 4.0000e+00, 8.0000e+00, 1.6000e+01,
        3.2000e+01, 6.4000e+01, 1.2800e+02, 2.5600e+02, 5.1200e+02, 1.0240e+03,
        2.0480e+03, 4.0960e+03, 8.1920e+03, 1.6384e+04, 3.2768e+04],
       device='cuda:0')
17 tensor([0.0000e+00, 2.0323e-05, 4.0645e-05, 8.1291e-05, 1.6258e-04, 3.2516e-04,
        6.5033e-04, 1.3007e-03, 2.6013e-03, 5.2026e-03, 1.0405e-02, 2.0810e-02,
        4.1621e-02, 8.3242e-02, 1.6648e-01, 3.3297e-01, 6.6594e-01],
       device='cuda:0')
self.delta: 49131.0
17 tensor([-100000,       0,      10,      20,      30,      40,      50,      60,
             70,      80,      90,     100,     110,     120,     130,     140,
            150], device='cuda:0', dtype=torch.int32)
17 tensor([0.0000e+00, 1.0000e+00, 2.0000e+00, 4.0000e+00, 8.0000e+00, 1.6000e+01,
        3.2000e+01, 6.4000e+01, 1.2800e+02, 2.5600e+02, 5.1200e+02, 1.0240e+03,
        2.0480e+03, 4.0960e+03, 8.1920e+03, 1.6384e+04, 3.2768e+04],
       device='cuda:0')
17 tensor([0.0000e+00, 2.0354e-05, 4.0707e-05, 8.1415e-05, 1.6283e-04, 3.2566e-04,
        6.5132e-04, 1.3026e-03, 2.6053e-03, 5.2106e-03, 1.0421e-02, 2.0842e-02,
        4.1684e-02, 8.3369e-02, 1.6674e-01, 3.3348e-01, 6.6695e-01],
       device='cuda:0')
self.delta: 49331.0
17 tensor([-100000,       0,      10,      20,      30,      40,      50,      60,
             70,      80,      90,     100,     110,     120,     130,     140,
            150], device='cuda:0', dtype=torch.int32)
17 tensor([0.0000e+00, 1.0000e+00, 2.0000e+00, 4.0000e+00, 8.0000e+00, 1.6000e+01,
        3.2000e+01, 6.4000e+01, 1.2800e+02, 2.5600e+02, 5.1200e+02, 1.0240e+03,
        2.0480e+03, 4.0960e+03, 8.1920e+03, 1.6384e+04, 3.2768e+04],
       device='cuda:0')
17 tensor([0.0000e+00, 2.0271e-05, 4.0542e-05, 8.1085e-05, 1.6217e-04, 3.2434e-04,
        6.4868e-04, 1.2974e-03, 2.5947e-03, 5.1894e-03, 1.0379e-02, 2.0758e-02,
        4.1515e-02, 8.3031e-02, 1.6606e-01, 3.3212e-01, 6.6425e-01],
       device='cuda:0')
Performing scale reparameterization ...
Validating ...
Test: [0/250]	Time 3.179 (3.179)	Loss 0.8638 (0.8638)	Prec@1 79.500 (79.500)	Prec@5 98.000 (98.000)
Test: [100/250]	Time 0.851 (0.874)	Loss 1.9373 (1.1704)	Prec@1 55.500 (75.059)	Prec@5 85.500 (92.728)
Test: [200/250]	Time 0.850 (0.862)	Loss 0.8917 (1.4584)	Prec@1 84.500 (69.498)	Prec@5 95.000 (88.963)
 * Prec@1 68.716 Prec@5 88.572 Time 215.032
