Namespace(model='vit_base', dataset='dataset/imagenet/', calib_batchsize=32, val_batchsize=200, num_workers=8, device='cuda', print_freq=100, seed=0, w_bits=4, a_bits=4, log_quant_scheme='BitLog2_Single_17')
Building dataloader ...
Building model ...
Performing initial quantization ...
self.delta: 44428.0
17 tensor([-100000,       0,      10,      20,      30,      40,      50,      60,
             70,      80,      90,     100,     110,     120,     130,     140,
            150], device='cuda:0', dtype=torch.int32)
17 tensor([0.0000e+00, 1.0000e+00, 2.0000e+00, 4.0000e+00, 8.0000e+00, 1.6000e+01,
        3.2000e+01, 6.4000e+01, 1.2800e+02, 2.5600e+02, 5.1200e+02, 1.0240e+03,
        2.0480e+03, 4.0960e+03, 8.1920e+03, 1.6384e+04, 3.2768e+04],
       device='cuda:0')
17 tensor([0.0000e+00, 2.2508e-05, 4.5017e-05, 9.0033e-05, 1.8007e-04, 3.6013e-04,
        7.2027e-04, 1.4405e-03, 2.8811e-03, 5.7621e-03, 1.1524e-02, 2.3049e-02,
        4.6097e-02, 9.2194e-02, 1.8439e-01, 3.6878e-01, 7.3755e-01],
       device='cuda:0')
self.delta: 46254.0
17 tensor([-100000,       0,      10,      20,      30,      40,      50,      60,
             70,      80,      90,     100,     110,     120,     130,     140,
            150], device='cuda:0', dtype=torch.int32)
17 tensor([0.0000e+00, 1.0000e+00, 2.0000e+00, 4.0000e+00, 8.0000e+00, 1.6000e+01,
        3.2000e+01, 6.4000e+01, 1.2800e+02, 2.5600e+02, 5.1200e+02, 1.0240e+03,
        2.0480e+03, 4.0960e+03, 8.1920e+03, 1.6384e+04, 3.2768e+04],
       device='cuda:0')
17 tensor([0.0000e+00, 2.1620e-05, 4.3240e-05, 8.6479e-05, 1.7296e-04, 3.4592e-04,
        6.9183e-04, 1.3837e-03, 2.7673e-03, 5.5347e-03, 1.1069e-02, 2.2139e-02,
        4.4277e-02, 8.8555e-02, 1.7711e-01, 3.5422e-01, 7.0844e-01],
       device='cuda:0')
self.delta: 46523.0
17 tensor([-100000,       0,      10,      20,      30,      40,      50,      60,
             70,      80,      90,     100,     110,     120,     130,     140,
            150], device='cuda:0', dtype=torch.int32)
17 tensor([0.0000e+00, 1.0000e+00, 2.0000e+00, 4.0000e+00, 8.0000e+00, 1.6000e+01,
        3.2000e+01, 6.4000e+01, 1.2800e+02, 2.5600e+02, 5.1200e+02, 1.0240e+03,
        2.0480e+03, 4.0960e+03, 8.1920e+03, 1.6384e+04, 3.2768e+04],
       device='cuda:0')
17 tensor([0.0000e+00, 2.1495e-05, 4.2989e-05, 8.5979e-05, 1.7196e-04, 3.4392e-04,
        6.8783e-04, 1.3757e-03, 2.7513e-03, 5.5027e-03, 1.1005e-02, 2.2011e-02,
        4.4021e-02, 8.8042e-02, 1.7608e-01, 3.5217e-01, 7.0434e-01],
       device='cuda:0')
self.delta: 47072.0
17 tensor([-100000,       0,      10,      20,      30,      40,      50,      60,
             70,      80,      90,     100,     110,     120,     130,     140,
            150], device='cuda:0', dtype=torch.int32)
17 tensor([0.0000e+00, 1.0000e+00, 2.0000e+00, 4.0000e+00, 8.0000e+00, 1.6000e+01,
        3.2000e+01, 6.4000e+01, 1.2800e+02, 2.5600e+02, 5.1200e+02, 1.0240e+03,
        2.0480e+03, 4.0960e+03, 8.1920e+03, 1.6384e+04, 3.2768e+04],
       device='cuda:0')
17 tensor([0.0000e+00, 2.1244e-05, 4.2488e-05, 8.4976e-05, 1.6995e-04, 3.3990e-04,
        6.7981e-04, 1.3596e-03, 2.7192e-03, 5.4385e-03, 1.0877e-02, 2.1754e-02,
        4.3508e-02, 8.7016e-02, 1.7403e-01, 3.4806e-01, 6.9613e-01],
       device='cuda:0')
self.delta: 49263.0
17 tensor([-100000,       0,      10,      20,      30,      40,      50,      60,
             70,      80,      90,     100,     110,     120,     130,     140,
            150], device='cuda:0', dtype=torch.int32)
17 tensor([0.0000e+00, 1.0000e+00, 2.0000e+00, 4.0000e+00, 8.0000e+00, 1.6000e+01,
        3.2000e+01, 6.4000e+01, 1.2800e+02, 2.5600e+02, 5.1200e+02, 1.0240e+03,
        2.0480e+03, 4.0960e+03, 8.1920e+03, 1.6384e+04, 3.2768e+04],
       device='cuda:0')
17 tensor([0.0000e+00, 2.0299e-05, 4.0598e-05, 8.1197e-05, 1.6239e-04, 3.2479e-04,
        6.4957e-04, 1.2991e-03, 2.5983e-03, 5.1966e-03, 1.0393e-02, 2.0786e-02,
        4.1573e-02, 8.3146e-02, 1.6629e-01, 3.3258e-01, 6.6516e-01],
       device='cuda:0')
self.delta: 48837.0
17 tensor([-100000,       0,      10,      20,      30,      40,      50,      60,
             70,      80,      90,     100,     110,     120,     130,     140,
            150], device='cuda:0', dtype=torch.int32)
17 tensor([0.0000e+00, 1.0000e+00, 2.0000e+00, 4.0000e+00, 8.0000e+00, 1.6000e+01,
        3.2000e+01, 6.4000e+01, 1.2800e+02, 2.5600e+02, 5.1200e+02, 1.0240e+03,
        2.0480e+03, 4.0960e+03, 8.1920e+03, 1.6384e+04, 3.2768e+04],
       device='cuda:0')
17 tensor([0.0000e+00, 2.0476e-05, 4.0953e-05, 8.1905e-05, 1.6381e-04, 3.2762e-04,
        6.5524e-04, 1.3105e-03, 2.6210e-03, 5.2419e-03, 1.0484e-02, 2.0968e-02,
        4.1935e-02, 8.3871e-02, 1.6774e-01, 3.3548e-01, 6.7097e-01],
       device='cuda:0')
self.delta: 48466.0
17 tensor([-100000,       0,      10,      20,      30,      40,      50,      60,
             70,      80,      90,     100,     110,     120,     130,     140,
            150], device='cuda:0', dtype=torch.int32)
17 tensor([0.0000e+00, 1.0000e+00, 2.0000e+00, 4.0000e+00, 8.0000e+00, 1.6000e+01,
        3.2000e+01, 6.4000e+01, 1.2800e+02, 2.5600e+02, 5.1200e+02, 1.0240e+03,
        2.0480e+03, 4.0960e+03, 8.1920e+03, 1.6384e+04, 3.2768e+04],
       device='cuda:0')
17 tensor([0.0000e+00, 2.0633e-05, 4.1266e-05, 8.2532e-05, 1.6506e-04, 3.3013e-04,
        6.6026e-04, 1.3205e-03, 2.6410e-03, 5.2821e-03, 1.0564e-02, 2.1128e-02,
        4.2256e-02, 8.4513e-02, 1.6903e-01, 3.3805e-01, 6.7610e-01],
       device='cuda:0')
self.delta: 47886.0
17 tensor([-100000,       0,      10,      20,      30,      40,      50,      60,
             70,      80,      90,     100,     110,     120,     130,     140,
            150], device='cuda:0', dtype=torch.int32)
17 tensor([0.0000e+00, 1.0000e+00, 2.0000e+00, 4.0000e+00, 8.0000e+00, 1.6000e+01,
        3.2000e+01, 6.4000e+01, 1.2800e+02, 2.5600e+02, 5.1200e+02, 1.0240e+03,
        2.0480e+03, 4.0960e+03, 8.1920e+03, 1.6384e+04, 3.2768e+04],
       device='cuda:0')
17 tensor([0.0000e+00, 2.0883e-05, 4.1766e-05, 8.3532e-05, 1.6706e-04, 3.3413e-04,
        6.6825e-04, 1.3365e-03, 2.6730e-03, 5.3460e-03, 1.0692e-02, 2.1384e-02,
        4.2768e-02, 8.5536e-02, 1.7107e-01, 3.4215e-01, 6.8429e-01],
       device='cuda:0')
self.delta: 49119.0
17 tensor([-100000,       0,      10,      20,      30,      40,      50,      60,
             70,      80,      90,     100,     110,     120,     130,     140,
            150], device='cuda:0', dtype=torch.int32)
17 tensor([0.0000e+00, 1.0000e+00, 2.0000e+00, 4.0000e+00, 8.0000e+00, 1.6000e+01,
        3.2000e+01, 6.4000e+01, 1.2800e+02, 2.5600e+02, 5.1200e+02, 1.0240e+03,
        2.0480e+03, 4.0960e+03, 8.1920e+03, 1.6384e+04, 3.2768e+04],
       device='cuda:0')
17 tensor([0.0000e+00, 2.0359e-05, 4.0717e-05, 8.1435e-05, 1.6287e-04, 3.2574e-04,
        6.5148e-04, 1.3030e-03, 2.6059e-03, 5.2118e-03, 1.0424e-02, 2.0847e-02,
        4.1695e-02, 8.3389e-02, 1.6678e-01, 3.3356e-01, 6.6711e-01],
       device='cuda:0')
self.delta: 49190.0
17 tensor([-100000,       0,      10,      20,      30,      40,      50,      60,
             70,      80,      90,     100,     110,     120,     130,     140,
            150], device='cuda:0', dtype=torch.int32)
17 tensor([0.0000e+00, 1.0000e+00, 2.0000e+00, 4.0000e+00, 8.0000e+00, 1.6000e+01,
        3.2000e+01, 6.4000e+01, 1.2800e+02, 2.5600e+02, 5.1200e+02, 1.0240e+03,
        2.0480e+03, 4.0960e+03, 8.1920e+03, 1.6384e+04, 3.2768e+04],
       device='cuda:0')
17 tensor([0.0000e+00, 2.0329e-05, 4.0659e-05, 8.1317e-05, 1.6263e-04, 3.2527e-04,
        6.5054e-04, 1.3011e-03, 2.6022e-03, 5.2043e-03, 1.0409e-02, 2.0817e-02,
        4.1634e-02, 8.3269e-02, 1.6654e-01, 3.3308e-01, 6.6615e-01],
       device='cuda:0')
self.delta: 49161.0
17 tensor([-100000,       0,      10,      20,      30,      40,      50,      60,
             70,      80,      90,     100,     110,     120,     130,     140,
            150], device='cuda:0', dtype=torch.int32)
17 tensor([0.0000e+00, 1.0000e+00, 2.0000e+00, 4.0000e+00, 8.0000e+00, 1.6000e+01,
        3.2000e+01, 6.4000e+01, 1.2800e+02, 2.5600e+02, 5.1200e+02, 1.0240e+03,
        2.0480e+03, 4.0960e+03, 8.1920e+03, 1.6384e+04, 3.2768e+04],
       device='cuda:0')
17 tensor([0.0000e+00, 2.0341e-05, 4.0683e-05, 8.1365e-05, 1.6273e-04, 3.2546e-04,
        6.5092e-04, 1.3018e-03, 2.6037e-03, 5.2074e-03, 1.0415e-02, 2.0830e-02,
        4.1659e-02, 8.3318e-02, 1.6664e-01, 3.3327e-01, 6.6654e-01],
       device='cuda:0')
self.delta: 49045.0
17 tensor([-100000,       0,      10,      20,      30,      40,      50,      60,
             70,      80,      90,     100,     110,     120,     130,     140,
            150], device='cuda:0', dtype=torch.int32)
17 tensor([0.0000e+00, 1.0000e+00, 2.0000e+00, 4.0000e+00, 8.0000e+00, 1.6000e+01,
        3.2000e+01, 6.4000e+01, 1.2800e+02, 2.5600e+02, 5.1200e+02, 1.0240e+03,
        2.0480e+03, 4.0960e+03, 8.1920e+03, 1.6384e+04, 3.2768e+04],
       device='cuda:0')
17 tensor([0.0000e+00, 2.0389e-05, 4.0779e-05, 8.1558e-05, 1.6312e-04, 3.2623e-04,
        6.5246e-04, 1.3049e-03, 2.6098e-03, 5.2197e-03, 1.0439e-02, 2.0879e-02,
        4.1758e-02, 8.3515e-02, 1.6703e-01, 3.3406e-01, 6.6812e-01],
       device='cuda:0')
Performing scale reparameterization ...
Validating ...
Test: [0/250]	Time 4.177 (4.177)	Loss 0.8409 (0.8409)	Prec@1 78.000 (78.000)	Prec@5 96.000 (96.000)
Test: [100/250]	Time 1.841 (1.865)	Loss 1.2761 (1.1756)	Prec@1 70.500 (71.446)	Prec@5 88.000 (91.297)
Test: [200/250]	Time 1.842 (1.853)	Loss 0.8671 (1.4287)	Prec@1 81.000 (67.249)	Prec@5 95.500 (87.731)
 * Prec@1 66.824 Prec@5 87.508 Time 462.779
