Namespace(model='deit_small', dataset='dataset/imagenet/', calib_batchsize=32, val_batchsize=200, num_workers=8, device='cuda', print_freq=100, seed=0, w_bits=4, a_bits=4, log_quant_scheme='BitLog2_Half_17')
Building dataloader ...
Building model ...
Performing initial quantization ...
scale: 256.0, score: 6.250669684959576e-05
scale: 257.0, score: 6.042180393706076e-05
scale: 258.0, score: 5.840658559463918e-05
scale: 259.0, score: 5.645962301059626e-05
scale: 260.0, score: 5.457952283904888e-05
scale: 261.0, score: 5.276490264805034e-05
scale: 262.0, score: 5.101446731714532e-05
scale: 263.0, score: 4.9326881708111614e-05
scale: 264.0, score: 4.770088708028197e-05
scale: 265.0, score: 4.6135206503095105e-05
scale: 266.0, score: 4.4628661271417513e-05
scale: 267.0, score: 4.318003630032763e-05
scale: 268.0, score: 4.1788149246713147e-05
scale: 269.0, score: 4.0451890527037904e-05
scale: 270.0, score: 3.917010690202005e-05
scale: 271.0, score: 3.7941743357805535e-05
scale: 272.0, score: 3.6765693948837e-05
scale: 273.0, score: 3.56409145751968e-05
scale: 274.0, score: 3.456637932686135e-05
scale: 275.0, score: 3.354110231157392e-05
scale: 276.0, score: 3.256407944718376e-05
scale: 277.0, score: 3.163434666930698e-05
scale: 278.0, score: 3.0750976293347776e-05
scale: 279.0, score: 2.991302972077392e-05
scale: 280.0, score: 2.9119612008798867e-05
scale: 281.0, score: 2.8369828214636073e-05
scale: 282.0, score: 2.7662816137308255e-05
scale: 283.0, score: 2.6997739041689783e-05
scale: 284.0, score: 2.6373747459729202e-05
scale: 285.0, score: 2.5790044674067758e-05
scale: 286.0, score: 2.524580850149505e-05
scale: 287.0, score: 2.4740280423429795e-05
scale: 288.0, score: 2.4272683731396683e-05
scale: 289.0, score: 2.3842270820750855e-05
scale: 290.0, score: 2.344830136280507e-05
scale: 291.0, score: 2.3090073227649555e-05
scale: 292.0, score: 2.276685700053349e-05
scale: 293.0, score: 2.2477974198409356e-05
scale: 294.0, score: 2.222275361418724e-05
scale: 295.0, score: 2.2000522221787833e-05
scale: 296.0, score: 2.181064337491989e-05
scale: 297.0, score: 2.1652458599419333e-05
scale: 298.0, score: 2.1525360352825373e-05
scale: 299.0, score: 2.1428722902783193e-05
scale: 300.0, score: 2.136196053470485e-05
scale: 301.0, score: 2.1324483896023594e-05
scale: 302.0, score: 2.1315707272151485e-05
scale: 303.0, score: 2.1335072233341634e-05
scale: 304.0, score: 2.138201307388954e-05
scale: 305.0, score: 2.1456005924846977e-05
scale: 306.0, score: 2.155650690838229e-05
scale: 307.0, score: 2.1682999431504868e-05
scale: 308.0, score: 2.1834961444255896e-05
scale: 309.0, score: 2.2011900000507012e-05
scale: 310.0, score: 2.2213327611098066e-05
scale: 311.0, score: 2.2438751329900697e-05
scale: 312.0, score: 2.268769640068058e-05
scale: 313.0, score: 2.2959711714065634e-05
scale: 314.0, score: 2.325432978977915e-05
scale: 315.0, score: 2.357111225137487e-05
scale: 316.0, score: 2.3909611627459526e-05
scale: 317.0, score: 2.4269413188449107e-05
scale: 318.0, score: 2.4650091290823184e-05
scale: 319.0, score: 2.505121665308252e-05
scale: 320.0, score: 2.5472398192505352e-05
scale: 321.0, score: 2.5913246645359322e-05
scale: 322.0, score: 2.6373347282060422e-05
scale: 323.0, score: 2.6852347218664363e-05
scale: 324.0, score: 2.7349840820534155e-05
scale: 325.0, score: 2.7865482479683124e-05
scale: 326.0, score: 2.8398906579241157e-05
scale: 327.0, score: 2.8949738407391123e-05
scale: 328.0, score: 2.951766873593442e-05
scale: 329.0, score: 3.01023119391175e-05
scale: 330.0, score: 3.070337334065698e-05
scale: 331.0, score: 3.132049096166156e-05
scale: 332.0, score: 3.195336466887966e-05
scale: 333.0, score: 3.260165613028221e-05
scale: 334.0, score: 3.3265074307564646e-05
scale: 335.0, score: 3.394331724848598e-05
scale: 336.0, score: 3.463606844889e-05
scale: 337.0, score: 3.5343047784408554e-05
scale: 338.0, score: 3.606394966482185e-05
scale: 339.0, score: 3.6798508517676964e-05
scale: 340.0, score: 3.754643694264814e-05
scale: 341.0, score: 3.830747300526127e-05
scale: 342.0, score: 3.908132930519059e-05
scale: 343.0, score: 3.986775118391961e-05
scale: 344.0, score: 4.0666505810804665e-05
scale: 345.0, score: 4.1477291233604774e-05
scale: 346.0, score: 4.229991463944316e-05
scale: 347.0, score: 4.3134084990015253e-05
scale: 348.0, score: 4.397957309265621e-05
scale: 349.0, score: 4.4836146116722375e-05
scale: 350.0, score: 4.570360033540055e-05
scale: 351.0, score: 4.658167017623782e-05
scale: 352.0, score: 4.747013372252695e-05
scale: 353.0, score: 4.83688127133064e-05
scale: 354.0, score: 4.9277445214102045e-05
scale: 355.0, score: 5.019586387788877e-05
scale: 356.0, score: 5.112380677019246e-05
scale: 357.0, score: 5.206110654398799e-05
scale: 358.0, score: 5.300758493831381e-05
scale: 359.0, score: 5.396299820858985e-05
scale: 360.0, score: 5.492716081789695e-05
scale: 361.0, score: 5.5899927247082815e-05
scale: 362.0, score: 5.688104283763096e-05
scale: 363.0, score: 5.7870394812198356e-05
scale: 364.0, score: 5.886775761609897e-05
scale: 365.0, score: 5.987297117826529e-05
scale: 366.0, score: 6.088588270358741e-05
scale: 367.0, score: 6.190627027535811e-05
scale: 368.0, score: 6.29339920124039e-05
scale: 369.0, score: 6.396890239557251e-05
scale: 370.0, score: 6.501081224996597e-05
scale: 371.0, score: 6.605960516026244e-05
scale: 372.0, score: 6.711507012369111e-05
scale: 373.0, score: 6.817706889705732e-05
scale: 374.0, score: 6.924549961695448e-05
scale: 375.0, score: 7.03201731084846e-05
scale: 376.0, score: 7.140093657653779e-05
scale: 377.0, score: 7.248766632983461e-05
scale: 378.0, score: 7.358020957326517e-05
scale: 379.0, score: 7.467842078767717e-05
scale: 380.0, score: 7.578219810966402e-05
scale: 381.0, score: 7.689141057198867e-05
scale: 382.0, score: 7.800588355166838e-05
scale: 383.0, score: 7.912552246125415e-05
self.delta: 302.0
17 tensor([-99999,      0,     10,     15,     20,     25,     30,     35,     40,
            45,     50,     55,     60,     65,     70,     75,     80],
       device='cuda:0', dtype=torch.int32)
17 tensor([  0.,   1.,   2.,   3.,   4.,   6.,   8.,  12.,  16.,  24.,  32.,  48.,
         64.,  96., 128., 192., 256.], device='cuda:0')
17 tensor([0.0000, 0.0033, 0.0066, 0.0099, 0.0132, 0.0199, 0.0265, 0.0397, 0.0530,
        0.0795, 0.1060, 0.1589, 0.2119, 0.3179, 0.4238, 0.6358, 0.8477],
       device='cuda:0')
scale: 256.0, score: 7.14456255082041e-05
scale: 257.0, score: 6.897527782712132e-05
scale: 258.0, score: 6.658134225290269e-05
scale: 259.0, score: 6.426226900657639e-05
scale: 260.0, score: 6.20165592408739e-05
scale: 261.0, score: 5.984268864267506e-05
scale: 262.0, score: 5.773927841801196e-05
scale: 263.0, score: 5.5704862461425364e-05
scale: 264.0, score: 5.3738083806820214e-05
scale: 265.0, score: 5.1837563660228625e-05
scale: 266.0, score: 5.000198507332243e-05
scale: 267.0, score: 4.823006020160392e-05
scale: 268.0, score: 4.652050483855419e-05
scale: 269.0, score: 4.487210389925167e-05
scale: 270.0, score: 4.328361319494434e-05
scale: 271.0, score: 4.175388676230796e-05
scale: 272.0, score: 4.0281702240463346e-05
scale: 273.0, score: 3.886595004587434e-05
scale: 274.0, score: 3.7505506043089554e-05
scale: 275.0, score: 3.619929702836089e-05
scale: 276.0, score: 3.494623888400383e-05
scale: 277.0, score: 3.3745272958185524e-05
scale: 278.0, score: 3.2595395168755203e-05
scale: 279.0, score: 3.1495586881646886e-05
scale: 280.0, score: 3.0444878575508483e-05
scale: 281.0, score: 2.9442293453030288e-05
scale: 282.0, score: 2.8486887458711863e-05
scale: 283.0, score: 2.757776564976666e-05
scale: 284.0, score: 2.6713985789683647e-05
scale: 285.0, score: 2.5894694772432558e-05
scale: 286.0, score: 2.5118986741290428e-05
scale: 287.0, score: 2.438604315102566e-05
scale: 288.0, score: 2.369502544752322e-05
scale: 289.0, score: 2.30451078095939e-05
scale: 290.0, score: 2.2435491700889543e-05
scale: 291.0, score: 2.1865405869903043e-05
scale: 292.0, score: 2.133405905624386e-05
scale: 293.0, score: 2.0840720026171766e-05
scale: 294.0, score: 2.038464845099952e-05
scale: 295.0, score: 1.9965116734965704e-05
scale: 296.0, score: 1.9581430024118163e-05
scale: 297.0, score: 1.9232864360674284e-05
scale: 298.0, score: 1.89187685464276e-05
scale: 299.0, score: 1.863845500338357e-05
scale: 300.0, score: 1.839128708525095e-05
scale: 301.0, score: 1.8176613593823276e-05
scale: 302.0, score: 1.7993812434724532e-05
scale: 303.0, score: 1.784226333256811e-05
scale: 304.0, score: 1.7721353287925012e-05
scale: 305.0, score: 1.7630509319133125e-05
scale: 306.0, score: 1.7569140254636295e-05
scale: 307.0, score: 1.7536676750751212e-05
scale: 308.0, score: 1.7532558558741584e-05
scale: 309.0, score: 1.755624543875456e-05
scale: 310.0, score: 1.760719715093728e-05
scale: 311.0, score: 1.7684882550383918e-05
scale: 312.0, score: 1.778879050107207e-05
scale: 313.0, score: 1.791841168596875e-05
scale: 314.0, score: 1.8073249520966783e-05
scale: 315.0, score: 1.8252821973874234e-05
scale: 316.0, score: 1.8456639736541547e-05
scale: 317.0, score: 1.8684242604649626e-05
scale: 318.0, score: 1.8935175830847584e-05
scale: 319.0, score: 1.9208968296879902e-05
scale: 320.0, score: 1.9505190721247345e-05
scale: 321.0, score: 1.982341564144008e-05
scale: 322.0, score: 2.016319558606483e-05
scale: 323.0, score: 2.0524139472399838e-05
scale: 324.0, score: 2.0905808923998848e-05
scale: 325.0, score: 2.1307821953087114e-05
scale: 326.0, score: 2.1729776563006453e-05
scale: 327.0, score: 2.2171272576088086e-05
scale: 328.0, score: 2.263196074636653e-05
scale: 329.0, score: 2.311142634425778e-05
scale: 330.0, score: 2.360934013267979e-05
scale: 331.0, score: 2.4125314666889608e-05
scale: 332.0, score: 2.4659018890815787e-05
scale: 333.0, score: 2.5210076273651794e-05
scale: 334.0, score: 2.577817576820962e-05
scale: 335.0, score: 2.6362980861449614e-05
scale: 336.0, score: 2.6964147764374502e-05
scale: 337.0, score: 2.7581369067775086e-05
scale: 338.0, score: 2.821431371557992e-05
scale: 339.0, score: 2.8862690669484437e-05
scale: 340.0, score: 2.9526172511395998e-05
scale: 341.0, score: 3.0204480935935862e-05
scale: 342.0, score: 3.089731035288423e-05
scale: 343.0, score: 3.160436972393654e-05
scale: 344.0, score: 3.232539529562928e-05
scale: 345.0, score: 3.306008147774264e-05
scale: 346.0, score: 3.3808191801654175e-05
scale: 347.0, score: 3.4569427953101695e-05
scale: 348.0, score: 3.534351708367467e-05
scale: 349.0, score: 3.613022272475064e-05
scale: 350.0, score: 3.692931204568595e-05
scale: 351.0, score: 3.774049037019722e-05
scale: 352.0, score: 3.856352486764081e-05
scale: 353.0, score: 3.93982081732247e-05
scale: 354.0, score: 4.024426016258076e-05
scale: 355.0, score: 4.11014880228322e-05
scale: 356.0, score: 4.196961526758969e-05
scale: 357.0, score: 4.284845635993406e-05
scale: 358.0, score: 4.373780757305212e-05
scale: 359.0, score: 4.4637403334490955e-05
scale: 360.0, score: 4.5547047193394974e-05
scale: 361.0, score: 4.646657544071786e-05
scale: 362.0, score: 4.7395700676133856e-05
scale: 363.0, score: 4.833429557038471e-05
scale: 364.0, score: 4.928212729282677e-05
scale: 365.0, score: 5.0239013944519684e-05
scale: 366.0, score: 5.1204784540459514e-05
scale: 367.0, score: 5.2179198974044994e-05
scale: 368.0, score: 5.316210081218742e-05
scale: 369.0, score: 5.415332270786166e-05
scale: 370.0, score: 5.515266821021214e-05
scale: 371.0, score: 5.615999180008657e-05
scale: 372.0, score: 5.717507519875653e-05
scale: 373.0, score: 5.819776561111212e-05
scale: 374.0, score: 5.9227935707895085e-05
scale: 375.0, score: 6.026539267622866e-05
scale: 376.0, score: 6.130996916908771e-05
scale: 377.0, score: 6.236151239136234e-05
scale: 378.0, score: 6.341988046187907e-05
scale: 379.0, score: 6.448487692978233e-05
scale: 380.0, score: 6.555641448358074e-05
scale: 381.0, score: 6.663434760412201e-05
scale: 382.0, score: 6.771847984055057e-05
scale: 383.0, score: 6.88087020535022e-05
self.delta: 308.0
17 tensor([-99999,      0,     10,     15,     20,     25,     30,     35,     40,
            45,     50,     55,     60,     65,     70,     75,     80],
       device='cuda:0', dtype=torch.int32)
17 tensor([  0.,   1.,   2.,   3.,   4.,   6.,   8.,  12.,  16.,  24.,  32.,  48.,
         64.,  96., 128., 192., 256.], device='cuda:0')
17 tensor([0.0000, 0.0032, 0.0065, 0.0097, 0.0130, 0.0195, 0.0260, 0.0390, 0.0519,
        0.0779, 0.1039, 0.1558, 0.2078, 0.3117, 0.4156, 0.6234, 0.8312],
       device='cuda:0')
scale: 256.0, score: 5.827943095937371e-05
scale: 257.0, score: 5.649270678986795e-05
scale: 258.0, score: 5.4751599236624315e-05
scale: 259.0, score: 5.305519516696222e-05
scale: 260.0, score: 5.1402639655862004e-05
scale: 261.0, score: 4.979303776053712e-05
scale: 262.0, score: 4.8225600039586425e-05
scale: 263.0, score: 4.6699475205969065e-05
scale: 264.0, score: 4.521387745626271e-05
scale: 265.0, score: 4.376799552119337e-05
scale: 266.0, score: 4.236107997712679e-05
scale: 267.0, score: 4.099238503840752e-05
scale: 268.0, score: 3.966115400544368e-05
scale: 269.0, score: 3.836669566226192e-05
scale: 270.0, score: 3.710826422320679e-05
scale: 271.0, score: 3.5885223041987047e-05
scale: 272.0, score: 3.4696844522841275e-05
scale: 273.0, score: 3.3542488381499425e-05
scale: 274.0, score: 3.2421492505818605e-05
scale: 275.0, score: 3.133324935333803e-05
scale: 276.0, score: 3.027711863978766e-05
scale: 277.0, score: 2.9252480089780875e-05
scale: 278.0, score: 2.825875890266616e-05
scale: 279.0, score: 2.7295356630929746e-05
scale: 280.0, score: 2.636171120684594e-05
scale: 281.0, score: 2.5457246010773815e-05
scale: 282.0, score: 2.4581417164881714e-05
scale: 283.0, score: 2.3733706257189624e-05
scale: 284.0, score: 2.2913560314918868e-05
scale: 285.0, score: 2.2120486391941085e-05
scale: 286.0, score: 2.1353940610424615e-05
scale: 287.0, score: 2.0613460947060958e-05
scale: 288.0, score: 1.989855445572175e-05
scale: 289.0, score: 1.920873182825744e-05
scale: 290.0, score: 1.8543534679338336e-05
scale: 291.0, score: 1.7902508261613548e-05
scale: 292.0, score: 1.7285188732785173e-05
scale: 293.0, score: 1.6691148630343378e-05
scale: 294.0, score: 1.6119962310767733e-05
scale: 295.0, score: 1.5571196854580194e-05
scale: 296.0, score: 1.5044448446133174e-05
scale: 297.0, score: 1.4539285075443331e-05
scale: 298.0, score: 1.4055337487661745e-05
scale: 299.0, score: 1.359219186269911e-05
scale: 300.0, score: 1.3149483493180014e-05
scale: 301.0, score: 1.2726825843856204e-05
scale: 302.0, score: 1.2323855116846971e-05
scale: 303.0, score: 1.1940208423766308e-05
scale: 304.0, score: 1.1575518328754697e-05
scale: 305.0, score: 1.1229461051698308e-05
scale: 306.0, score: 1.090168188966345e-05
scale: 307.0, score: 1.059184069163166e-05
scale: 308.0, score: 1.0299621862941422e-05
scale: 309.0, score: 1.00246998044895e-05
scale: 310.0, score: 9.766751645656768e-06
scale: 311.0, score: 9.52547270571813e-06
scale: 312.0, score: 9.300561941927299e-06
scale: 313.0, score: 9.091712854569778e-06
scale: 314.0, score: 8.898640771803912e-06
scale: 315.0, score: 8.721053745830432e-06
scale: 316.0, score: 8.55867074278649e-06
scale: 317.0, score: 8.411213457293343e-06
scale: 318.0, score: 8.278410859929863e-06
scale: 319.0, score: 8.159997378243133e-06
scale: 320.0, score: 8.055715625232551e-06
scale: 321.0, score: 7.965300028445199e-06
scale: 322.0, score: 7.888507752795704e-06
scale: 323.0, score: 7.825083230272867e-06
scale: 324.0, score: 7.774789082759526e-06
scale: 325.0, score: 7.73738429415971e-06
scale: 326.0, score: 7.712636943324469e-06
scale: 327.0, score: 7.700314199610148e-06
scale: 328.0, score: 7.70019232732011e-06
scale: 329.0, score: 7.712050319241825e-06
scale: 330.0, score: 7.735669896646868e-06
scale: 331.0, score: 7.770838237775024e-06
scale: 332.0, score: 7.817345249350183e-06
scale: 333.0, score: 7.87498356658034e-06
scale: 334.0, score: 7.943553100631107e-06
scale: 335.0, score: 8.022856491152197e-06
scale: 336.0, score: 8.112694558803923e-06
scale: 337.0, score: 8.212879038183019e-06
scale: 338.0, score: 8.323219844896812e-06
scale: 339.0, score: 8.443535080004949e-06
scale: 340.0, score: 8.573638297093567e-06
scale: 341.0, score: 8.71335851115873e-06
scale: 342.0, score: 8.86251473275479e-06
scale: 343.0, score: 9.020935067383107e-06
scale: 344.0, score: 9.188454896502662e-06
scale: 345.0, score: 9.364903235109523e-06
scale: 346.0, score: 9.550123650114983e-06
scale: 347.0, score: 9.743951522978023e-06
scale: 348.0, score: 9.946224963641725e-06
scale: 349.0, score: 1.0156792086490896e-05
scale: 350.0, score: 1.0375511919846758e-05
scale: 351.0, score: 1.06022234831471e-05
scale: 352.0, score: 1.0836775800271425e-05
scale: 353.0, score: 1.1079043360950891e-05
scale: 354.0, score: 1.132886427512858e-05
scale: 355.0, score: 1.1586114851525053e-05
scale: 356.0, score: 1.1850643204525113e-05
scale: 357.0, score: 1.2122324733354617e-05
scale: 358.0, score: 1.2401036656228825e-05
scale: 359.0, score: 1.2686628906521946e-05
scale: 360.0, score: 1.2978980521438643e-05
scale: 361.0, score: 1.3277982361614704e-05
scale: 362.0, score: 1.3583482541434933e-05
scale: 363.0, score: 1.3895381925976835e-05
scale: 364.0, score: 1.4213555004971568e-05
scale: 365.0, score: 1.4537885363097303e-05
scale: 366.0, score: 1.4868265679979231e-05
scale: 367.0, score: 1.5204564078885596e-05
scale: 368.0, score: 1.5546676877420396e-05
scale: 369.0, score: 1.5894505850155838e-05
scale: 370.0, score: 1.624792639631778e-05
scale: 371.0, score: 1.660685484239366e-05
scale: 372.0, score: 1.697116567811463e-05
scale: 373.0, score: 1.734075522108469e-05
scale: 374.0, score: 1.7715554349706508e-05
scale: 375.0, score: 1.8095435734721832e-05
scale: 376.0, score: 1.8480306607671082e-05
scale: 377.0, score: 1.8870079657062888e-05
scale: 378.0, score: 1.9264653019490652e-05
scale: 379.0, score: 1.9663924831547774e-05
scale: 380.0, score: 2.0067827790626325e-05
scale: 381.0, score: 2.0476276404224336e-05
scale: 382.0, score: 2.0889152438030578e-05
scale: 383.0, score: 2.1306397684384137e-05
self.delta: 328.0
17 tensor([-99999,      0,     10,     15,     20,     25,     30,     35,     40,
            45,     50,     55,     60,     65,     70,     75,     80],
       device='cuda:0', dtype=torch.int32)
17 tensor([  0.,   1.,   2.,   3.,   4.,   6.,   8.,  12.,  16.,  24.,  32.,  48.,
         64.,  96., 128., 192., 256.], device='cuda:0')
17 tensor([0.0000, 0.0030, 0.0061, 0.0091, 0.0122, 0.0183, 0.0244, 0.0366, 0.0488,
        0.0732, 0.0976, 0.1463, 0.1951, 0.2927, 0.3902, 0.5854, 0.7805],
       device='cuda:0')
scale: 256.0, score: 1.7174639651784673e-05
scale: 257.0, score: 1.6669169781380333e-05
scale: 258.0, score: 1.6176705685211346e-05
scale: 259.0, score: 1.569699088577181e-05
scale: 260.0, score: 1.522977436252404e-05
scale: 261.0, score: 1.4774807823414449e-05
scale: 262.0, score: 1.4331862985272892e-05
scale: 263.0, score: 1.3900694284529891e-05
scale: 264.0, score: 1.3481078894983511e-05
scale: 265.0, score: 1.3072787623968907e-05
scale: 266.0, score: 1.2675604921241757e-05
scale: 267.0, score: 1.228931523655774e-05
scale: 268.0, score: 1.1913706657651346e-05
scale: 269.0, score: 1.1548579095688183e-05
scale: 270.0, score: 1.1193720638402738e-05
scale: 271.0, score: 1.084895120584406e-05
scale: 272.0, score: 1.0514059795241337e-05
scale: 273.0, score: 1.0188864507654216e-05
scale: 274.0, score: 9.873178896668833e-06
scale: 275.0, score: 9.566825610818341e-06
scale: 276.0, score: 9.269625479646493e-06
scale: 277.0, score: 8.981399332697038e-06
scale: 278.0, score: 8.701982551428955e-06
scale: 279.0, score: 8.431205969827715e-06
scale: 280.0, score: 8.168907697836403e-06
scale: 281.0, score: 7.914925845398102e-06
scale: 282.0, score: 7.669102160434704e-06
scale: 283.0, score: 7.4312897595518734e-06
scale: 284.0, score: 7.20132993592415e-06
scale: 285.0, score: 6.979083991609514e-06
scale: 286.0, score: 6.764395038771909e-06
scale: 287.0, score: 6.55713211017428e-06
scale: 288.0, score: 6.35715332464315e-06
scale: 289.0, score: 6.16432043898385e-06
scale: 290.0, score: 5.978501121717272e-06
scale: 291.0, score: 5.799568498332519e-06
scale: 292.0, score: 5.6273861446243245e-06
scale: 293.0, score: 5.461834916786756e-06
scale: 294.0, score: 5.302792033035075e-06
scale: 295.0, score: 5.150134256837191e-06
scale: 296.0, score: 5.00374699186068e-06
scale: 297.0, score: 4.863506092078751e-06
scale: 298.0, score: 4.729306965600699e-06
scale: 299.0, score: 4.601030013873242e-06
scale: 300.0, score: 4.4785729187424295e-06
scale: 301.0, score: 4.361825176601997e-06
scale: 302.0, score: 4.250681740813889e-06
scale: 303.0, score: 4.145039838476805e-06
scale: 304.0, score: 4.044794422952691e-06
scale: 305.0, score: 3.949853180529317e-06
scale: 306.0, score: 3.8601156120421365e-06
scale: 307.0, score: 3.775483719437034e-06
scale: 308.0, score: 3.6958674627385335e-06
scale: 309.0, score: 3.6211740734870546e-06
scale: 310.0, score: 3.551312147465069e-06
scale: 311.0, score: 3.48619369106018e-06
scale: 312.0, score: 3.4257338938914472e-06
scale: 313.0, score: 3.369844080225448e-06
scale: 314.0, score: 3.318443987154751e-06
scale: 315.0, score: 3.271449941166793e-06
scale: 316.0, score: 3.2287816793541424e-06
scale: 317.0, score: 3.190360075677745e-06
scale: 318.0, score: 3.1561080504616257e-06
scale: 319.0, score: 3.1259487514034845e-06
scale: 320.0, score: 3.0998103284218814e-06
scale: 321.0, score: 3.0776154744671658e-06
scale: 322.0, score: 3.059295750063029e-06
scale: 323.0, score: 3.0447783956333296e-06
scale: 324.0, score: 3.0339951990754344e-06
scale: 325.0, score: 3.0268774935393594e-06
scale: 326.0, score: 3.023359795406577e-06
scale: 327.0, score: 3.0233748020691564e-06
scale: 328.0, score: 3.026859303645324e-06
scale: 329.0, score: 3.0337496355059557e-06
scale: 330.0, score: 3.043984406758682e-06
scale: 331.0, score: 3.057501771763782e-06
scale: 332.0, score: 3.0742430681129918e-06
scale: 333.0, score: 3.0941480417823186e-06
scale: 334.0, score: 3.1171607588476036e-06
scale: 335.0, score: 3.143223466395284e-06
scale: 336.0, score: 3.1722809126222273e-06
scale: 337.0, score: 3.204278982593678e-06
scale: 338.0, score: 3.2391626518801786e-06
scale: 339.0, score: 3.276880534031079e-06
scale: 340.0, score: 3.3173796509800013e-06
scale: 341.0, score: 3.3606113447604002e-06
scale: 342.0, score: 3.406523319426924e-06
scale: 343.0, score: 3.4550673717603786e-06
scale: 344.0, score: 3.506196208036272e-06
scale: 345.0, score: 3.559860715540708e-06
scale: 346.0, score: 3.616017238528002e-06
scale: 347.0, score: 3.67461757377896e-06
scale: 348.0, score: 3.735616701305844e-06
scale: 349.0, score: 3.798970965362969e-06
scale: 350.0, score: 3.864639893436106e-06
scale: 351.0, score: 3.93257732866914e-06
scale: 352.0, score: 4.002741661679465e-06
scale: 353.0, score: 4.075095148436958e-06
scale: 354.0, score: 4.149593223701231e-06
scale: 355.0, score: 4.226199507684214e-06
scale: 356.0, score: 4.304871254134923e-06
scale: 357.0, score: 4.3855734475073405e-06
scale: 358.0, score: 4.468270617508097e-06
scale: 359.0, score: 4.552918653644156e-06
scale: 360.0, score: 4.639485723600956e-06
scale: 361.0, score: 4.727938176074531e-06
scale: 362.0, score: 4.818234629055951e-06
scale: 363.0, score: 4.910346433462109e-06
scale: 364.0, score: 5.004236754757585e-06
scale: 365.0, score: 5.099872851133114e-06
scale: 366.0, score: 5.197225164010888e-06
scale: 367.0, score: 5.296254130371381e-06
scale: 368.0, score: 5.396932920120889e-06
scale: 369.0, score: 5.499230610439554e-06
scale: 370.0, score: 5.60311445951811e-06
scale: 371.0, score: 5.708558546757558e-06
scale: 372.0, score: 5.815527401864529e-06
scale: 373.0, score: 5.923992375755915e-06
scale: 374.0, score: 6.03393345954828e-06
scale: 375.0, score: 6.145315182948252e-06
scale: 376.0, score: 6.258108442125376e-06
scale: 377.0, score: 6.372290499712108e-06
scale: 378.0, score: 6.4878327066253405e-06
scale: 379.0, score: 6.604705049539916e-06
scale: 380.0, score: 6.722887974319747e-06
scale: 381.0, score: 6.842357834102586e-06
scale: 382.0, score: 6.963080977584468e-06
scale: 383.0, score: 7.08504012436606e-06
self.delta: 326.0
17 tensor([-99999,      0,     10,     15,     20,     25,     30,     35,     40,
            45,     50,     55,     60,     65,     70,     75,     80],
       device='cuda:0', dtype=torch.int32)
17 tensor([  0.,   1.,   2.,   3.,   4.,   6.,   8.,  12.,  16.,  24.,  32.,  48.,
         64.,  96., 128., 192., 256.], device='cuda:0')
17 tensor([0.0000, 0.0031, 0.0061, 0.0092, 0.0123, 0.0184, 0.0245, 0.0368, 0.0491,
        0.0736, 0.0982, 0.1472, 0.1963, 0.2945, 0.3926, 0.5890, 0.7853],
       device='cuda:0')
scale: 256.0, score: 2.165129808417987e-05
scale: 257.0, score: 2.1003097572247498e-05
scale: 258.0, score: 2.0371637219795957e-05
scale: 259.0, score: 1.9756582332774997e-05
scale: 260.0, score: 1.9157623682986014e-05
scale: 261.0, score: 1.8574424757389352e-05
scale: 262.0, score: 1.8006699974648654e-05
scale: 263.0, score: 1.7454136468586512e-05
scale: 264.0, score: 1.6916437743930146e-05
scale: 265.0, score: 1.6393314581364393e-05
scale: 266.0, score: 1.588448867551051e-05
scale: 267.0, score: 1.5389685358968563e-05
scale: 268.0, score: 1.4908625416865107e-05
scale: 269.0, score: 1.4441053281188942e-05
scale: 270.0, score: 1.3986698832013644e-05
scale: 271.0, score: 1.3545326510211453e-05
scale: 272.0, score: 1.3116667105350643e-05
scale: 273.0, score: 1.270048687729286e-05
scale: 274.0, score: 1.2296542081458028e-05
scale: 275.0, score: 1.190460807265481e-05
scale: 276.0, score: 1.152445202023955e-05
scale: 277.0, score: 1.1155844731547404e-05
scale: 278.0, score: 1.0798572475323454e-05
scale: 279.0, score: 1.0452418791828677e-05
scale: 280.0, score: 1.0117174497281667e-05
scale: 281.0, score: 9.792629498406313e-06
scale: 282.0, score: 9.478583706368227e-06
scale: 283.0, score: 9.174845217785332e-06
scale: 284.0, score: 8.881212124833837e-06
scale: 285.0, score: 8.597499800089281e-06
scale: 286.0, score: 8.323514521180186e-06
scale: 287.0, score: 8.059082574618515e-06
scale: 288.0, score: 7.80402115196921e-06
scale: 289.0, score: 7.558154266007477e-06
scale: 290.0, score: 7.321309567487333e-06
scale: 291.0, score: 7.09332516635186e-06
scale: 292.0, score: 6.874025984870968e-06
scale: 293.0, score: 6.663255589955952e-06
scale: 294.0, score: 6.460859822254861e-06
scale: 295.0, score: 6.266676791710779e-06
scale: 296.0, score: 6.080559614929371e-06
scale: 297.0, score: 5.902350494579878e-06
scale: 298.0, score: 5.731911187467631e-06
scale: 299.0, score: 5.569091626966838e-06
scale: 300.0, score: 5.413756753114285e-06
scale: 301.0, score: 5.265765594231198e-06
scale: 302.0, score: 5.124983999849064e-06
scale: 303.0, score: 4.991278274246724e-06
scale: 304.0, score: 4.864513812208315e-06
scale: 305.0, score: 4.7445701056858525e-06
scale: 306.0, score: 4.6313198254210874e-06
scale: 307.0, score: 4.524636096903123e-06
scale: 308.0, score: 4.424403414304834e-06
scale: 309.0, score: 4.330501269578235e-06
scale: 310.0, score: 4.242812337906798e-06
scale: 311.0, score: 4.161223841947503e-06
scale: 312.0, score: 4.085625732841436e-06
scale: 313.0, score: 4.015904778498225e-06
scale: 314.0, score: 3.9519572965218686e-06
scale: 315.0, score: 3.893675057042856e-06
scale: 316.0, score: 3.840955741907237e-06
scale: 317.0, score: 3.793696578213712e-06
scale: 318.0, score: 3.751798431039788e-06
scale: 319.0, score: 3.715163302331348e-06
scale: 320.0, score: 3.683696604639408e-06
scale: 321.0, score: 3.6573014767782297e-06
scale: 322.0, score: 3.635887878772337e-06
scale: 323.0, score: 3.6193628147884738e-06
scale: 324.0, score: 3.6076382912142435e-06
scale: 325.0, score: 3.600626541810925e-06
scale: 326.0, score: 3.5982418467028765e-06
scale: 327.0, score: 3.6003989407618064e-06
scale: 328.0, score: 3.607016196838231e-06
scale: 329.0, score: 3.618011305661639e-06
scale: 330.0, score: 3.6333051411929773e-06
scale: 331.0, score: 3.652818577393191e-06
scale: 332.0, score: 3.676475671454682e-06
scale: 333.0, score: 3.7041988889541244e-06
scale: 334.0, score: 3.735915925062727e-06
scale: 335.0, score: 3.7715540202043485e-06
scale: 336.0, score: 3.8110399600554956e-06
scale: 337.0, score: 3.85430530513986e-06
scale: 338.0, score: 3.901278887497028e-06
scale: 339.0, score: 3.951894541387446e-06
scale: 340.0, score: 4.006084964203183e-06
scale: 341.0, score: 4.063785127073061e-06
scale: 342.0, score: 4.124930455873255e-06
scale: 343.0, score: 4.18945728597464e-06
scale: 344.0, score: 4.25730513597955e-06
scale: 345.0, score: 4.328411250753561e-06
scale: 346.0, score: 4.402718786877813e-06
scale: 347.0, score: 4.480166353459936e-06
scale: 348.0, score: 4.560694833344314e-06
scale: 349.0, score: 4.644249202101491e-06
scale: 350.0, score: 4.730777163786115e-06
scale: 351.0, score: 4.8202186917478684e-06
scale: 352.0, score: 4.912520580546698e-06
scale: 353.0, score: 5.0076350817107596e-06
scale: 354.0, score: 5.105503078084439e-06
scale: 355.0, score: 5.206079549679998e-06
scale: 356.0, score: 5.309309017320629e-06
scale: 357.0, score: 5.415145096776541e-06
scale: 358.0, score: 5.523543222807348e-06
scale: 359.0, score: 5.6344474614888895e-06
scale: 360.0, score: 5.747814611822832e-06
scale: 361.0, score: 5.8636037465475965e-06
scale: 362.0, score: 5.981760295981076e-06
scale: 363.0, score: 6.102246970840497e-06
scale: 364.0, score: 6.225017841643421e-06
scale: 365.0, score: 6.350028797896812e-06
scale: 366.0, score: 6.477244824054651e-06
scale: 367.0, score: 6.606611805182183e-06
scale: 368.0, score: 6.738097454217495e-06
scale: 369.0, score: 6.871659934404306e-06
scale: 370.0, score: 7.007258773228386e-06
scale: 371.0, score: 7.144860319385771e-06
scale: 372.0, score: 7.28441909814137e-06
scale: 373.0, score: 7.4258982749597635e-06
scale: 374.0, score: 7.569269655505195e-06
scale: 375.0, score: 7.714490493526682e-06
scale: 376.0, score: 7.861523954488803e-06
scale: 377.0, score: 8.010338206076995e-06
scale: 378.0, score: 8.160895959008485e-06
scale: 379.0, score: 8.313161742989905e-06
scale: 380.0, score: 8.467109182674903e-06
scale: 381.0, score: 8.622706445748918e-06
scale: 382.0, score: 8.779912604950368e-06
scale: 383.0, score: 8.938702194427606e-06
self.delta: 326.0
17 tensor([-99999,      0,     10,     15,     20,     25,     30,     35,     40,
            45,     50,     55,     60,     65,     70,     75,     80],
       device='cuda:0', dtype=torch.int32)
17 tensor([  0.,   1.,   2.,   3.,   4.,   6.,   8.,  12.,  16.,  24.,  32.,  48.,
         64.,  96., 128., 192., 256.], device='cuda:0')
17 tensor([0.0000, 0.0031, 0.0061, 0.0092, 0.0123, 0.0184, 0.0245, 0.0368, 0.0491,
        0.0736, 0.0982, 0.1472, 0.1963, 0.2945, 0.3926, 0.5890, 0.7853],
       device='cuda:0')
scale: 256.0, score: 3.043553624593187e-05
scale: 257.0, score: 2.9517470466089435e-05
scale: 258.0, score: 2.86229515040759e-05
scale: 259.0, score: 2.775150460365694e-05
scale: 260.0, score: 2.6902691388386302e-05
scale: 261.0, score: 2.6076051653944887e-05
scale: 262.0, score: 2.5271174308727495e-05
scale: 263.0, score: 2.4487617338309065e-05
scale: 264.0, score: 2.3724976927042007e-05
scale: 265.0, score: 2.2982836526352912e-05
scale: 266.0, score: 2.2260805053520016e-05
scale: 267.0, score: 2.155850233975798e-05
scale: 268.0, score: 2.0875531845376827e-05
scale: 269.0, score: 2.0211537048453465e-05
scale: 270.0, score: 1.9566137780202553e-05
scale: 271.0, score: 1.8939002984552644e-05
scale: 272.0, score: 1.83297524927184e-05
scale: 273.0, score: 1.7738062524585985e-05
scale: 274.0, score: 1.7163585653179325e-05
scale: 275.0, score: 1.660600901232101e-05
scale: 276.0, score: 1.60650051839184e-05
scale: 277.0, score: 1.5540250387857668e-05
scale: 278.0, score: 1.503144721937133e-05
scale: 279.0, score: 1.4538288269250188e-05
scale: 280.0, score: 1.4060484318179078e-05
scale: 281.0, score: 1.359773705189582e-05
scale: 282.0, score: 1.314976361754816e-05
scale: 283.0, score: 1.2716299352177884e-05
scale: 284.0, score: 1.2297054126975127e-05
scale: 285.0, score: 1.1891775102412794e-05
scale: 286.0, score: 1.1500185792101547e-05
scale: 287.0, score: 1.112204154196661e-05
scale: 288.0, score: 1.0757089512480889e-05
scale: 289.0, score: 1.04050814115908e-05
scale: 290.0, score: 1.0065771675726864e-05
scale: 291.0, score: 9.738934750203043e-06
scale: 292.0, score: 9.424325980944559e-06
scale: 293.0, score: 9.12172345124418e-06
scale: 294.0, score: 8.830911610857584e-06
scale: 295.0, score: 8.551663086109329e-06
scale: 296.0, score: 8.283772331196815e-06
scale: 297.0, score: 8.027013791434001e-06
scale: 298.0, score: 7.78119829192292e-06
scale: 299.0, score: 7.546111191913951e-06
scale: 300.0, score: 7.321564226003829e-06
scale: 301.0, score: 7.1073591243475676e-06
scale: 302.0, score: 6.903306712047197e-06
scale: 303.0, score: 6.709220542688854e-06
scale: 304.0, score: 6.524908712890465e-06
scale: 305.0, score: 6.3502061493636575e-06
scale: 306.0, score: 6.184929134178674e-06
scale: 307.0, score: 6.028903044352774e-06
scale: 308.0, score: 5.881962351850234e-06
scale: 309.0, score: 5.743940619140631e-06
scale: 310.0, score: 5.614670953946188e-06
scale: 311.0, score: 5.493996468430851e-06
scale: 312.0, score: 5.381762093747966e-06
scale: 313.0, score: 5.27780684933532e-06
scale: 314.0, score: 5.1819865802826826e-06
scale: 315.0, score: 5.094149400974857e-06
scale: 316.0, score: 5.01415024700691e-06
scale: 317.0, score: 4.941845418215962e-06
scale: 318.0, score: 4.877095761912642e-06
scale: 319.0, score: 4.81976303490228e-06
scale: 320.0, score: 4.769714905705769e-06
scale: 321.0, score: 4.726814950117841e-06
scale: 322.0, score: 4.690935384132899e-06
scale: 323.0, score: 4.661947059503291e-06
scale: 324.0, score: 4.639725830202224e-06
scale: 325.0, score: 4.624147550202906e-06
scale: 326.0, score: 4.615093530446757e-06
scale: 327.0, score: 4.612441443896387e-06
scale: 328.0, score: 4.616077148966724e-06
scale: 329.0, score: 4.625887413567398e-06
scale: 330.0, score: 4.6417571866186336e-06
scale: 331.0, score: 4.6635782382509205e-06
scale: 332.0, score: 4.691242793342099e-06
scale: 333.0, score: 4.724641712527955e-06
scale: 334.0, score: 4.763673132401891e-06
scale: 335.0, score: 4.8082342800626066e-06
scale: 336.0, score: 4.858223292103503e-06
scale: 337.0, score: 4.91354285259149e-06
scale: 338.0, score: 4.974094281351427e-06
scale: 339.0, score: 5.039783900429029e-06
scale: 340.0, score: 5.1105157581332605e-06
scale: 341.0, score: 5.186200723983347e-06
scale: 342.0, score: 5.266746029519709e-06
scale: 343.0, score: 5.352063908503624e-06
scale: 344.0, score: 5.4420679589384235e-06
scale: 345.0, score: 5.5366699598380364e-06
scale: 346.0, score: 5.635790785163408e-06
scale: 347.0, score: 5.7393426686758175e-06
scale: 348.0, score: 5.847244210599456e-06
scale: 349.0, score: 5.95941673964262e-06
scale: 350.0, score: 6.075787496229168e-06
scale: 351.0, score: 6.196271442604484e-06
scale: 352.0, score: 6.320793545455672e-06
scale: 353.0, score: 6.449287866416853e-06
scale: 354.0, score: 6.581670277228113e-06
scale: 355.0, score: 6.71787756800768e-06
scale: 356.0, score: 6.8578315222112e-06
scale: 357.0, score: 7.001467110967496e-06
scale: 358.0, score: 7.148721579142148e-06
scale: 359.0, score: 7.299517164938152e-06
scale: 360.0, score: 7.453792022715788e-06
scale: 361.0, score: 7.611487944814144e-06
scale: 362.0, score: 7.772529897920322e-06
scale: 363.0, score: 7.936863767099567e-06
scale: 364.0, score: 8.104425432975404e-06
scale: 365.0, score: 8.275155778392218e-06
scale: 366.0, score: 8.448999324173201e-06
scale: 367.0, score: 8.625886948721018e-06
scale: 368.0, score: 8.805765901342966e-06
scale: 369.0, score: 8.988583431346342e-06
scale: 370.0, score: 9.17427951208083e-06
scale: 371.0, score: 9.36280866881134e-06
scale: 372.0, score: 9.554104508424643e-06
scale: 373.0, score: 9.748117008712143e-06
scale: 374.0, score: 9.944807970896363e-06
scale: 375.0, score: 1.0144111911358777e-05
scale: 376.0, score: 1.0345980626880191e-05
scale: 377.0, score: 1.0550371371209621e-05
scale: 378.0, score: 1.0757229574664962e-05
scale: 379.0, score: 1.096650339604821e-05
scale: 380.0, score: 1.1178156455571298e-05
scale: 381.0, score: 1.1392147825972643e-05
scale: 382.0, score: 1.1608413842623122e-05
scale: 383.0, score: 1.1826925401692279e-05
self.delta: 327.0
17 tensor([-99999,      0,     10,     15,     20,     25,     30,     35,     40,
            45,     50,     55,     60,     65,     70,     75,     80],
       device='cuda:0', dtype=torch.int32)
17 tensor([  0.,   1.,   2.,   3.,   4.,   6.,   8.,  12.,  16.,  24.,  32.,  48.,
         64.,  96., 128., 192., 256.], device='cuda:0')
17 tensor([0.0000, 0.0031, 0.0061, 0.0092, 0.0122, 0.0183, 0.0245, 0.0367, 0.0489,
        0.0734, 0.0979, 0.1468, 0.1957, 0.2936, 0.3914, 0.5872, 0.7829],
       device='cuda:0')
scale: 256.0, score: 2.2773512682761066e-05
scale: 257.0, score: 2.2088817786425352e-05
scale: 258.0, score: 2.142184712283779e-05
scale: 259.0, score: 2.077224780805409e-05
scale: 260.0, score: 2.0139683329034597e-05
scale: 261.0, score: 1.9523813534760848e-05
scale: 262.0, score: 1.8924325559055433e-05
scale: 263.0, score: 1.8340886526857503e-05
scale: 264.0, score: 1.777318902895786e-05
scale: 265.0, score: 1.7220923837157898e-05
scale: 266.0, score: 1.6683792637195438e-05
scale: 267.0, score: 1.616150802874472e-05
scale: 268.0, score: 1.5653773516532965e-05
scale: 269.0, score: 1.516032079962315e-05
scale: 270.0, score: 1.4680860658700112e-05
scale: 271.0, score: 1.4215142982720863e-05
scale: 272.0, score: 1.3762886737822555e-05
scale: 273.0, score: 1.3323839993972797e-05
scale: 274.0, score: 1.289774718316039e-05
scale: 275.0, score: 1.2484368198784068e-05
scale: 276.0, score: 1.2083458386769053e-05
scale: 277.0, score: 1.169477491202997e-05
scale: 278.0, score: 1.131809131038608e-05
scale: 279.0, score: 1.0953177479677834e-05
scale: 280.0, score: 1.05998124126927e-05
scale: 281.0, score: 1.0257774192723446e-05
scale: 282.0, score: 9.926848179020453e-06
scale: 283.0, score: 9.60683337325463e-06
scale: 284.0, score: 9.29751513467636e-06
scale: 285.0, score: 8.998700650408864e-06
scale: 286.0, score: 8.710180736670736e-06
scale: 287.0, score: 8.431773494521622e-06
scale: 288.0, score: 8.163285201590043e-06
scale: 289.0, score: 7.904530320956837e-06
scale: 290.0, score: 7.655324225197546e-06
scale: 291.0, score: 7.415495929308236e-06
scale: 292.0, score: 7.184861260611797e-06
scale: 293.0, score: 6.963253326830454e-06
scale: 294.0, score: 6.7505093284125905e-06
scale: 295.0, score: 6.5464587351016235e-06
scale: 296.0, score: 6.350944659061497e-06
scale: 297.0, score: 6.163799753267085e-06
scale: 298.0, score: 5.984879408060806e-06
scale: 299.0, score: 5.814023552375147e-06
scale: 300.0, score: 5.65108894079458e-06
scale: 301.0, score: 5.495925506693311e-06
scale: 302.0, score: 5.348393187887268e-06
scale: 303.0, score: 5.208348738960922e-06
scale: 304.0, score: 5.075650733488146e-06
scale: 305.0, score: 4.9501709327159915e-06
scale: 306.0, score: 4.831774731428595e-06
scale: 307.0, score: 4.720327524410095e-06
scale: 308.0, score: 4.615706075128401e-06
scale: 309.0, score: 4.517785328062018e-06
scale: 310.0, score: 4.426438863447402e-06
scale: 311.0, score: 4.341547992225969e-06
scale: 312.0, score: 4.262995844328543e-06
scale: 313.0, score: 4.190663275949191e-06
scale: 314.0, score: 4.124439328734297e-06
scale: 315.0, score: 4.0642103158461396e-06
scale: 316.0, score: 4.009867552667856e-06
scale: 317.0, score: 3.961302354582585e-06
scale: 318.0, score: 3.918409674952272e-06
scale: 319.0, score: 3.881084921886213e-06
scale: 320.0, score: 3.849229869956616e-06
scale: 321.0, score: 3.822739927272778e-06
scale: 322.0, score: 3.8015207337593893e-06
scale: 323.0, score: 3.785473836614983e-06
scale: 324.0, score: 3.7745057852589525e-06
scale: 325.0, score: 3.768524038605392e-06
scale: 326.0, score: 3.7674371924367733e-06
scale: 327.0, score: 3.771155661524972e-06
scale: 328.0, score: 3.7795921343786176e-06
scale: 329.0, score: 3.7926599816273665e-06
scale: 330.0, score: 3.810275757132331e-06
scale: 331.0, score: 3.832355105259921e-06
scale: 332.0, score: 3.8588177631027065e-06
scale: 333.0, score: 3.889582330884878e-06
scale: 334.0, score: 3.924571046809433e-06
scale: 335.0, score: 3.963707058574073e-06
scale: 336.0, score: 4.006913513876498e-06
scale: 337.0, score: 4.054117653140565e-06
scale: 338.0, score: 4.105243988306029e-06
scale: 339.0, score: 4.160223397775553e-06
scale: 340.0, score: 4.218982667225646e-06
scale: 341.0, score: 4.2814549487957265e-06
scale: 342.0, score: 4.3475706661411095e-06
scale: 343.0, score: 4.417262971401215e-06
scale: 344.0, score: 4.490467745199567e-06
scale: 345.0, score: 4.567117684928235e-06
scale: 346.0, score: 4.647153673431603e-06
scale: 347.0, score: 4.730510227091145e-06
scale: 348.0, score: 4.817124590772437e-06
scale: 349.0, score: 4.906939921056619e-06
scale: 350.0, score: 4.999898465030128e-06
scale: 351.0, score: 5.095938831800595e-06
scale: 352.0, score: 5.195003723201808e-06
scale: 353.0, score: 5.297041752783116e-06
scale: 354.0, score: 5.401991984399501e-06
scale: 355.0, score: 5.50980666957912e-06
scale: 356.0, score: 5.6204248721769545e-06
scale: 357.0, score: 5.7337997532158624e-06
scale: 358.0, score: 5.849882654729299e-06
scale: 359.0, score: 5.968615823803702e-06
scale: 360.0, score: 6.089953330956632e-06
scale: 361.0, score: 6.213850610947702e-06
scale: 362.0, score: 6.3402503656107e-06
scale: 363.0, score: 6.46911348667345e-06
scale: 364.0, score: 6.600391316169407e-06
scale: 365.0, score: 6.734037924616132e-06
scale: 366.0, score: 6.870014203741448e-06
scale: 367.0, score: 7.008265129115898e-06
scale: 368.0, score: 7.148753866204061e-06
scale: 369.0, score: 7.291438578249654e-06
scale: 370.0, score: 7.436275609506993e-06
scale: 371.0, score: 7.583229034935357e-06
scale: 372.0, score: 7.732250196568202e-06
scale: 373.0, score: 7.883301805122755e-06
scale: 374.0, score: 8.036353392526507e-06
scale: 375.0, score: 8.191358574549668e-06
scale: 376.0, score: 8.34827824292006e-06
scale: 377.0, score: 8.507080565323122e-06
scale: 378.0, score: 8.66772734298138e-06
scale: 379.0, score: 8.83017582964385e-06
scale: 380.0, score: 8.994401468953583e-06
scale: 381.0, score: 9.160371519101318e-06
scale: 382.0, score: 9.32803868636256e-06
scale: 383.0, score: 9.49738114286447e-06
self.delta: 326.0
17 tensor([-99999,      0,     10,     15,     20,     25,     30,     35,     40,
            45,     50,     55,     60,     65,     70,     75,     80],
       device='cuda:0', dtype=torch.int32)
17 tensor([  0.,   1.,   2.,   3.,   4.,   6.,   8.,  12.,  16.,  24.,  32.,  48.,
         64.,  96., 128., 192., 256.], device='cuda:0')
17 tensor([0.0000, 0.0031, 0.0061, 0.0092, 0.0123, 0.0184, 0.0245, 0.0368, 0.0491,
        0.0736, 0.0982, 0.1472, 0.1963, 0.2945, 0.3926, 0.5890, 0.7853],
       device='cuda:0')
scale: 256.0, score: 1.6999947547446936e-05
scale: 257.0, score: 1.650491867621895e-05
scale: 258.0, score: 1.602265183464624e-05
scale: 259.0, score: 1.5552892364212312e-05
scale: 260.0, score: 1.5095398339326493e-05
scale: 261.0, score: 1.4649923286924604e-05
scale: 262.0, score: 1.4216240742825903e-05
scale: 263.0, score: 1.3794116057397332e-05
scale: 264.0, score: 1.3383325494942255e-05
scale: 265.0, score: 1.2983646229258738e-05
scale: 266.0, score: 1.2594864529091865e-05
scale: 267.0, score: 1.2216772120154928e-05
scale: 268.0, score: 1.1849157999677118e-05
scale: 269.0, score: 1.1491827535792254e-05
scale: 270.0, score: 1.114457245421363e-05
scale: 271.0, score: 1.0807213584484998e-05
scale: 272.0, score: 1.0479549018782564e-05
scale: 273.0, score: 1.0161396858165972e-05
scale: 274.0, score: 9.852572475210764e-06
scale: 275.0, score: 9.552904884913005e-06
scale: 276.0, score: 9.262215826311149e-06
scale: 277.0, score: 8.98033340490656e-06
scale: 278.0, score: 8.707093002158217e-06
scale: 279.0, score: 8.442327271040995e-06
scale: 280.0, score: 8.18588068796089e-06
scale: 281.0, score: 7.937591362860985e-06
scale: 282.0, score: 7.697305591136683e-06
scale: 283.0, score: 7.464880127372453e-06
scale: 284.0, score: 7.240157174237538e-06
scale: 285.0, score: 7.023001217021374e-06
scale: 286.0, score: 6.813259460614063e-06
scale: 287.0, score: 6.6108013925259e-06
scale: 288.0, score: 6.415490133804269e-06
scale: 289.0, score: 6.227187896001851e-06
scale: 290.0, score: 6.0457655308709946e-06
scale: 291.0, score: 5.871098892384907e-06
scale: 292.0, score: 5.703053830075078e-06
scale: 293.0, score: 5.541512564377626e-06
scale: 294.0, score: 5.386357315728674e-06
scale: 295.0, score: 5.237463028606726e-06
scale: 296.0, score: 5.09472056364757e-06
scale: 297.0, score: 4.958007593813818e-06
scale: 298.0, score: 4.827220436709467e-06
scale: 299.0, score: 4.7022417675179895e-06
scale: 300.0, score: 4.5829715418221895e-06
scale: 301.0, score: 4.469301529752556e-06
scale: 302.0, score: 4.361128503660439e-06
scale: 303.0, score: 4.25835150963394e-06
scale: 304.0, score: 4.160867774771759e-06
scale: 305.0, score: 4.068585894856369e-06
scale: 306.0, score: 3.981408099207329e-06
scale: 307.0, score: 3.899237526638899e-06
scale: 308.0, score: 3.821986410912359e-06
scale: 309.0, score: 3.749564029931207e-06
scale: 310.0, score: 3.681879434225266e-06
scale: 311.0, score: 3.618847358666244e-06
scale: 312.0, score: 3.560383902367903e-06
scale: 313.0, score: 3.5064022085862234e-06
scale: 314.0, score: 3.4568238334031776e-06
scale: 315.0, score: 3.411566467548255e-06
scale: 316.0, score: 3.370551439729752e-06
scale: 317.0, score: 3.333701215524343e-06
scale: 318.0, score: 3.300939624750754e-06
scale: 319.0, score: 3.2721918614697643e-06
scale: 320.0, score: 3.247386530347285e-06
scale: 321.0, score: 3.2264492801914457e-06
scale: 322.0, score: 3.2093112167785875e-06
scale: 323.0, score: 3.1959020816429984e-06
scale: 324.0, score: 3.1861547995504225e-06
scale: 325.0, score: 3.180001840519253e-06
scale: 326.0, score: 3.177378403051989e-06
scale: 327.0, score: 3.1782194582774537e-06
scale: 328.0, score: 3.1824622510612244e-06
scale: 329.0, score: 3.1900447083899053e-06
scale: 330.0, score: 3.2009063488658285e-06
scale: 331.0, score: 3.214986691091326e-06
scale: 332.0, score: 3.23222775477916e-06
scale: 333.0, score: 3.252571332268417e-06
scale: 334.0, score: 3.2759610348875867e-06
scale: 335.0, score: 3.3023420655808877e-06
scale: 336.0, score: 3.331658490424161e-06
scale: 337.0, score: 3.363858013472054e-06
scale: 338.0, score: 3.3988867471634876e-06
scale: 339.0, score: 3.4366939871688373e-06
scale: 340.0, score: 3.477228347037453e-06
scale: 341.0, score: 3.5204411688027903e-06
scale: 342.0, score: 3.566281293387874e-06
scale: 343.0, score: 3.6147021091892384e-06
scale: 344.0, score: 3.6656565498560667e-06
scale: 345.0, score: 3.7190966395428404e-06
scale: 346.0, score: 3.7749798593722517e-06
scale: 347.0, score: 3.833258688246133e-06
scale: 348.0, score: 3.8938883335504215e-06
scale: 349.0, score: 3.956827185902512e-06
scale: 350.0, score: 4.0220347727881745e-06
scale: 351.0, score: 4.08946516472497e-06
scale: 352.0, score: 4.159078798693372e-06
scale: 353.0, score: 4.230838385410607e-06
scale: 354.0, score: 4.304699359636288e-06
scale: 355.0, score: 4.380627615319099e-06
scale: 356.0, score: 4.458579496713355e-06
scale: 357.0, score: 4.53852135251509e-06
scale: 358.0, score: 4.620417712430935e-06
scale: 359.0, score: 4.704227649199311e-06
scale: 360.0, score: 4.789916602021549e-06
scale: 361.0, score: 4.87745364807779e-06
scale: 362.0, score: 4.966798314853804e-06
scale: 363.0, score: 5.057921043771785e-06
scale: 364.0, score: 5.150787274033064e-06
scale: 365.0, score: 5.245364263828378e-06
scale: 366.0, score: 5.3416229093272705e-06
scale: 367.0, score: 5.4395245570049156e-06
scale: 368.0, score: 5.53904192202026e-06
scale: 369.0, score: 5.640145900542848e-06
scale: 370.0, score: 5.742804205510765e-06
scale: 371.0, score: 5.846991371072363e-06
scale: 372.0, score: 5.952671926934272e-06
scale: 373.0, score: 6.059819497750141e-06
scale: 374.0, score: 6.168410891405074e-06
scale: 375.0, score: 6.2784147303318605e-06
scale: 376.0, score: 6.3898023654473945e-06
scale: 377.0, score: 6.502549240394728e-06
scale: 378.0, score: 6.616628525080159e-06
scale: 379.0, score: 6.73201066092588e-06
scale: 380.0, score: 6.848677003290504e-06
scale: 381.0, score: 6.966603450564435e-06
scale: 382.0, score: 7.085757715685759e-06
scale: 383.0, score: 7.206122973002493e-06
self.delta: 326.0
17 tensor([-99999,      0,     10,     15,     20,     25,     30,     35,     40,
            45,     50,     55,     60,     65,     70,     75,     80],
       device='cuda:0', dtype=torch.int32)
17 tensor([  0.,   1.,   2.,   3.,   4.,   6.,   8.,  12.,  16.,  24.,  32.,  48.,
         64.,  96., 128., 192., 256.], device='cuda:0')
17 tensor([0.0000, 0.0031, 0.0061, 0.0092, 0.0123, 0.0184, 0.0245, 0.0368, 0.0491,
        0.0736, 0.0982, 0.1472, 0.1963, 0.2945, 0.3926, 0.5890, 0.7853],
       device='cuda:0')
scale: 256.0, score: 1.8015354726230726e-05
scale: 257.0, score: 1.749063994793687e-05
scale: 258.0, score: 1.697942389000673e-05
scale: 259.0, score: 1.648143916099798e-05
scale: 260.0, score: 1.5996425645425916e-05
scale: 261.0, score: 1.5524126865784638e-05
scale: 262.0, score: 1.5064303624967579e-05
scale: 263.0, score: 1.461670490243705e-05
scale: 264.0, score: 1.4181095139065292e-05
scale: 265.0, score: 1.3757238775724545e-05
scale: 266.0, score: 1.3344913895707577e-05
scale: 267.0, score: 1.2943893125338946e-05
scale: 268.0, score: 1.2553958185890224e-05
scale: 269.0, score: 1.2174900803074706e-05
scale: 270.0, score: 1.1806502698163968e-05
scale: 271.0, score: 1.1448574696260039e-05
scale: 272.0, score: 1.1100900337623898e-05
scale: 273.0, score: 1.0763289537862875e-05
scale: 274.0, score: 1.043554766511079e-05
scale: 275.0, score: 1.0117491910932586e-05
scale: 276.0, score: 9.8089358289144e-06
scale: 277.0, score: 9.509693882137071e-06
scale: 278.0, score: 9.219597814080771e-06
scale: 279.0, score: 8.938465725805145e-06
scale: 280.0, score: 8.666135727253277e-06
scale: 281.0, score: 8.40243501443183e-06
scale: 282.0, score: 8.147203516273294e-06
scale: 283.0, score: 7.900286618678365e-06
scale: 284.0, score: 7.661519703106023e-06
scale: 285.0, score: 7.430757705151336e-06
scale: 286.0, score: 7.2078410084941424e-06
scale: 287.0, score: 6.9926309151924215e-06
scale: 288.0, score: 6.784981451346539e-06
scale: 289.0, score: 6.5847493715409655e-06
scale: 290.0, score: 6.391795068338979e-06
scale: 291.0, score: 6.205988938745577e-06
scale: 292.0, score: 6.027190011081984e-06
scale: 293.0, score: 5.855271865584655e-06
scale: 294.0, score: 5.690110810974147e-06
scale: 295.0, score: 5.531575425266055e-06
scale: 296.0, score: 5.379548383643851e-06
scale: 297.0, score: 5.233900992607232e-06
scale: 298.0, score: 5.094525022286689e-06
scale: 299.0, score: 4.961295417160727e-06
scale: 300.0, score: 4.834105766349239e-06
scale: 301.0, score: 4.712842837761855e-06
scale: 302.0, score: 4.597396127792308e-06
scale: 303.0, score: 4.487660135055194e-06
scale: 304.0, score: 4.383524810691597e-06
scale: 305.0, score: 4.284894203010481e-06
scale: 306.0, score: 4.191665539110545e-06
scale: 307.0, score: 4.103735591343138e-06
scale: 308.0, score: 4.02101159124868e-06
scale: 309.0, score: 3.943397587136133e-06
scale: 310.0, score: 3.8707976273144595e-06
scale: 311.0, score: 3.803121671808185e-06
scale: 312.0, score: 3.740280817510211e-06
scale: 313.0, score: 3.682183205455658e-06
scale: 314.0, score: 3.628745616879314e-06
scale: 315.0, score: 3.57988119503716e-06
scale: 316.0, score: 3.5355067211639835e-06
scale: 317.0, score: 3.4955401133629493e-06
scale: 318.0, score: 3.4599011087266263e-06
scale: 319.0, score: 3.42851058121596e-06
scale: 320.0, score: 3.4012921332760016e-06
scale: 321.0, score: 3.378168230483425e-06
scale: 322.0, score: 3.359065658514737e-06
scale: 323.0, score: 3.343910293551744e-06
scale: 324.0, score: 3.3326302855130052e-06
scale: 325.0, score: 3.325155375932809e-06
scale: 326.0, score: 3.3214164432138205e-06
scale: 327.0, score: 3.321344820506056e-06
scale: 328.0, score: 3.3248741146962857e-06
scale: 329.0, score: 3.331938614792307e-06
scale: 330.0, score: 3.3424742014176445e-06
scale: 331.0, score: 3.35641743731685e-06
scale: 332.0, score: 3.3737064768502023e-06
scale: 333.0, score: 3.3942794743779814e-06
scale: 334.0, score: 3.418077994865598e-06
scale: 335.0, score: 3.4450429211574374e-06
scale: 336.0, score: 3.47511581821891e-06
scale: 337.0, score: 3.508240524752182e-06
scale: 338.0, score: 3.5443608794594184e-06
scale: 339.0, score: 3.5834229947795393e-06
scale: 340.0, score: 3.625372073656763e-06
scale: 341.0, score: 3.6701574117614655e-06
scale: 342.0, score: 3.717724666785216e-06
scale: 343.0, score: 3.7680240438930923e-06
scale: 344.0, score: 3.821006430371199e-06
scale: 345.0, score: 3.87662021239521e-06
scale: 346.0, score: 3.934821961593116e-06
scale: 347.0, score: 3.9955593820195645e-06
scale: 348.0, score: 4.058786544192117e-06
scale: 349.0, score: 4.1244584281230345e-06
scale: 350.0, score: 4.1925327423086856e-06
scale: 351.0, score: 4.2629621930245776e-06
scale: 352.0, score: 4.3357031245250255e-06
scale: 353.0, score: 4.410716428537853e-06
scale: 354.0, score: 4.487954811338568e-06
scale: 355.0, score: 4.567383257381152e-06
scale: 356.0, score: 4.648954472941114e-06
scale: 357.0, score: 4.732633442472434e-06
scale: 358.0, score: 4.818382421944989e-06
scale: 359.0, score: 4.906158210360445e-06
scale: 360.0, score: 4.995924427930731e-06
scale: 361.0, score: 5.087648787593935e-06
scale: 362.0, score: 5.181286724109668e-06
scale: 363.0, score: 5.2768086789001245e-06
scale: 364.0, score: 5.374176453187829e-06
scale: 365.0, score: 5.473357305163518e-06
scale: 366.0, score: 5.574319402512629e-06
scale: 367.0, score: 5.677022272720933e-06
scale: 368.0, score: 5.781437266705325e-06
scale: 369.0, score: 5.887532097403891e-06
scale: 370.0, score: 5.995274023007369e-06
scale: 371.0, score: 6.1046357586747035e-06
scale: 372.0, score: 6.215580015123123e-06
scale: 373.0, score: 6.328077688522171e-06
scale: 374.0, score: 6.442106950999005e-06
scale: 375.0, score: 6.557631422765553e-06
scale: 376.0, score: 6.67462245473871e-06
scale: 377.0, score: 6.7930541263194755e-06
scale: 378.0, score: 6.9128968789300416e-06
scale: 379.0, score: 7.0341220634873025e-06
scale: 380.0, score: 7.156706487876363e-06
scale: 381.0, score: 7.28062786947703e-06
scale: 382.0, score: 7.405849373753881e-06
scale: 383.0, score: 7.532354629802285e-06
self.delta: 327.0
17 tensor([-99999,      0,     10,     15,     20,     25,     30,     35,     40,
            45,     50,     55,     60,     65,     70,     75,     80],
       device='cuda:0', dtype=torch.int32)
17 tensor([  0.,   1.,   2.,   3.,   4.,   6.,   8.,  12.,  16.,  24.,  32.,  48.,
         64.,  96., 128., 192., 256.], device='cuda:0')
17 tensor([0.0000, 0.0031, 0.0061, 0.0092, 0.0122, 0.0183, 0.0245, 0.0367, 0.0489,
        0.0734, 0.0979, 0.1468, 0.1957, 0.2936, 0.3914, 0.5872, 0.7829],
       device='cuda:0')
scale: 256.0, score: 2.074863550660666e-05
scale: 257.0, score: 2.0140365450060926e-05
scale: 258.0, score: 1.954773506440688e-05
scale: 259.0, score: 1.8970433302456513e-05
scale: 260.0, score: 1.8408167306915857e-05
scale: 261.0, score: 1.786062966857571e-05
scale: 262.0, score: 1.732754935801495e-05
scale: 263.0, score: 1.6808631698950194e-05
scale: 264.0, score: 1.6303607480949722e-05
scale: 265.0, score: 1.5812200217624195e-05
scale: 266.0, score: 1.5334153431467712e-05
scale: 267.0, score: 1.4869206097500864e-05
scale: 268.0, score: 1.4417104466701858e-05
scale: 269.0, score: 1.3977605703985319e-05
scale: 270.0, score: 1.3550458788813557e-05
scale: 271.0, score: 1.3135441804479342e-05
scale: 272.0, score: 1.2732306458929088e-05
scale: 273.0, score: 1.2340832654444966e-05
scale: 274.0, score: 1.1960793017351534e-05
scale: 275.0, score: 1.1591977454372682e-05
scale: 276.0, score: 1.1234169505769387e-05
scale: 277.0, score: 1.0887155440286733e-05
scale: 278.0, score: 1.0550736078585032e-05
scale: 279.0, score: 1.0224704965366982e-05
scale: 280.0, score: 9.908872016239911e-06
scale: 281.0, score: 9.603039870853536e-06
scale: 282.0, score: 9.307020263804588e-06
scale: 283.0, score: 9.02063402463682e-06
scale: 284.0, score: 8.743691978452262e-06
scale: 285.0, score: 8.476027687720489e-06
scale: 286.0, score: 8.217451977543533e-06
scale: 287.0, score: 7.967806595843285e-06
scale: 288.0, score: 7.726922376605216e-06
scale: 289.0, score: 7.494631518056849e-06
scale: 290.0, score: 7.270775768120075e-06
scale: 291.0, score: 7.0552023316849954e-06
scale: 292.0, score: 6.847747499705292e-06
scale: 293.0, score: 6.648267572018085e-06
scale: 294.0, score: 6.456615665229037e-06
scale: 295.0, score: 6.272642622207059e-06
scale: 296.0, score: 6.096212018746883e-06
scale: 297.0, score: 5.927173333475366e-06
scale: 298.0, score: 5.765400146628963e-06
scale: 299.0, score: 5.610750577034196e-06
scale: 300.0, score: 5.463100478664273e-06
scale: 301.0, score: 5.322316610545386e-06
scale: 302.0, score: 5.188273462408688e-06
scale: 303.0, score: 5.060847342974739e-06
scale: 304.0, score: 4.939911832479993e-06
scale: 305.0, score: 4.825355063076131e-06
scale: 306.0, score: 4.7170574362098705e-06
scale: 307.0, score: 4.614900717569981e-06
scale: 308.0, score: 4.518777132034302e-06
scale: 309.0, score: 4.428573902259814e-06
scale: 310.0, score: 4.344181888882304e-06
scale: 311.0, score: 4.265495135769015e-06
scale: 312.0, score: 4.19241177951335e-06
scale: 313.0, score: 4.124824499740498e-06
scale: 314.0, score: 4.062637799506774e-06
scale: 315.0, score: 4.005750724900281e-06
scale: 316.0, score: 3.95406641473528e-06
scale: 317.0, score: 3.9074902815627865e-06
scale: 318.0, score: 3.865928647428518e-06
scale: 319.0, score: 3.8292905628622975e-06
scale: 320.0, score: 3.797488034251728e-06
scale: 321.0, score: 3.7704296573792817e-06
scale: 322.0, score: 3.7480317587323952e-06
scale: 323.0, score: 3.7302074815670494e-06
scale: 324.0, score: 3.7168749713600846e-06
scale: 325.0, score: 3.7079519188409904e-06
scale: 326.0, score: 3.7033582884760108e-06
scale: 327.0, score: 3.703014272105065e-06
scale: 328.0, score: 3.7068434721732046e-06
scale: 329.0, score: 3.7147697184991557e-06
scale: 330.0, score: 3.726718432517373e-06
scale: 331.0, score: 3.7426161725306883e-06
scale: 332.0, score: 3.7623910884576617e-06
scale: 333.0, score: 3.78597246708523e-06
scale: 334.0, score: 3.8132914141897345e-06
scale: 335.0, score: 3.844279945042217e-06
scale: 336.0, score: 3.878870302287396e-06
scale: 337.0, score: 3.91699768442777e-06
scale: 338.0, score: 3.958596607844811e-06
scale: 339.0, score: 4.003604772151448e-06
scale: 340.0, score: 4.051959422213258e-06
scale: 341.0, score: 4.103599621885223e-06
scale: 342.0, score: 4.158464889769675e-06
scale: 343.0, score: 4.2164965634583496e-06
scale: 344.0, score: 4.277637344785035e-06
scale: 345.0, score: 4.341828571341466e-06
scale: 346.0, score: 4.409017492434941e-06
scale: 347.0, score: 4.479146355151897e-06
scale: 348.0, score: 4.552161044557579e-06
scale: 349.0, score: 4.628008809959283e-06
scale: 350.0, score: 4.706640993390465e-06
scale: 351.0, score: 4.788002115674317e-06
scale: 352.0, score: 4.872042609349592e-06
scale: 353.0, score: 4.958716999681201e-06
scale: 354.0, score: 5.047970716987038e-06
scale: 355.0, score: 5.13976101501612e-06
scale: 356.0, score: 5.2340360525704455e-06
scale: 357.0, score: 5.330753538146382e-06
scale: 358.0, score: 5.429871180240298e-06
scale: 359.0, score: 5.531337137654191e-06
scale: 360.0, score: 5.635110028379131e-06
scale: 361.0, score: 5.7411530178796966e-06
scale: 362.0, score: 5.8494129007158335e-06
scale: 363.0, score: 5.959857389825629e-06
scale: 364.0, score: 6.072441919968696e-06
scale: 365.0, score: 6.187126473378157e-06
scale: 366.0, score: 6.3038764892553445e-06
scale: 367.0, score: 6.422643764381064e-06
scale: 368.0, score: 6.543395556946052e-06
scale: 369.0, score: 6.666095032414887e-06
scale: 370.0, score: 6.7907030825153925e-06
scale: 371.0, score: 6.917189239175059e-06
scale: 372.0, score: 7.0455093919008505e-06
scale: 373.0, score: 7.175630344136152e-06
scale: 374.0, score: 7.307526175281964e-06
scale: 375.0, score: 7.441155503329355e-06
scale: 376.0, score: 7.576483767479658e-06
scale: 377.0, score: 7.71348368289182e-06
scale: 378.0, score: 7.852118869777769e-06
scale: 379.0, score: 7.992354767338838e-06
scale: 380.0, score: 8.134168638207484e-06
scale: 381.0, score: 8.277531378553249e-06
scale: 382.0, score: 8.422401151619852e-06
scale: 383.0, score: 8.568758858018555e-06
self.delta: 327.0
17 tensor([-99999,      0,     10,     15,     20,     25,     30,     35,     40,
            45,     50,     55,     60,     65,     70,     75,     80],
       device='cuda:0', dtype=torch.int32)
17 tensor([  0.,   1.,   2.,   3.,   4.,   6.,   8.,  12.,  16.,  24.,  32.,  48.,
         64.,  96., 128., 192., 256.], device='cuda:0')
17 tensor([0.0000, 0.0031, 0.0061, 0.0092, 0.0122, 0.0183, 0.0245, 0.0367, 0.0489,
        0.0734, 0.0979, 0.1468, 0.1957, 0.2936, 0.3914, 0.5872, 0.7829],
       device='cuda:0')
scale: 256.0, score: 1.693279955361504e-05
scale: 257.0, score: 1.644487929297611e-05
scale: 258.0, score: 1.596956280991435e-05
scale: 259.0, score: 1.5506597264902666e-05
scale: 260.0, score: 1.5055747098813299e-05
scale: 261.0, score: 1.4616764019592665e-05
scale: 262.0, score: 1.4189428839017637e-05
scale: 263.0, score: 1.3773505997960456e-05
scale: 264.0, score: 1.3368777217692696e-05
scale: 265.0, score: 1.2975019672012422e-05
scale: 266.0, score: 1.2592024177138228e-05
scale: 267.0, score: 1.2219587006256916e-05
scale: 268.0, score: 1.1857496247102972e-05
scale: 269.0, score: 1.1505559086799622e-05
scale: 270.0, score: 1.1163570889038965e-05
scale: 271.0, score: 1.0831357030838262e-05
scale: 272.0, score: 1.0508714694879018e-05
scale: 273.0, score: 1.0195466529694386e-05
scale: 274.0, score: 9.89142972684931e-06
scale: 275.0, score: 9.59643512032926e-06
scale: 276.0, score: 9.310306268162094e-06
scale: 277.0, score: 9.032872185343876e-06
scale: 278.0, score: 8.763970981817693e-06
scale: 279.0, score: 8.503440767526627e-06
scale: 280.0, score: 8.251124199887272e-06
scale: 281.0, score: 8.006860298337415e-06
scale: 282.0, score: 7.770500815240666e-06
scale: 283.0, score: 7.541901595686795e-06
scale: 284.0, score: 7.320908935071202e-06
scale: 285.0, score: 7.107386863935972e-06
scale: 286.0, score: 6.9011857704026625e-06
scale: 287.0, score: 6.702176960970974e-06
scale: 288.0, score: 6.5102226471935865e-06
scale: 289.0, score: 6.325190042844042e-06
scale: 290.0, score: 6.146949544927338e-06
scale: 291.0, score: 5.975378826406086e-06
scale: 292.0, score: 5.81034692004323e-06
scale: 293.0, score: 5.65173559152754e-06
scale: 294.0, score: 5.4994284255371895e-06
scale: 295.0, score: 5.353304914024193e-06
scale: 296.0, score: 5.213252734392881e-06
scale: 297.0, score: 5.079153652332025e-06
scale: 298.0, score: 4.950904894940322e-06
scale: 299.0, score: 4.828390501643298e-06
scale: 300.0, score: 4.711512701760512e-06
scale: 301.0, score: 4.6001623559277505e-06
scale: 302.0, score: 4.49423987447517e-06
scale: 303.0, score: 4.393642939248821e-06
scale: 304.0, score: 4.29827241532621e-06
scale: 305.0, score: 4.208036898489809e-06
scale: 306.0, score: 4.12283998230123e-06
scale: 307.0, score: 4.042586169816786e-06
scale: 308.0, score: 3.967188149545109e-06
scale: 309.0, score: 3.896556336258072e-06
scale: 310.0, score: 3.830602508969605e-06
scale: 311.0, score: 3.7692409478040645e-06
scale: 312.0, score: 3.712388661369914e-06
scale: 313.0, score: 3.6599608392862137e-06
scale: 314.0, score: 3.6118792650086107e-06
scale: 315.0, score: 3.5680625387612963e-06
scale: 316.0, score: 3.5284335808682954e-06
scale: 317.0, score: 3.4929150842799572e-06
scale: 318.0, score: 3.4614324704307364e-06
scale: 319.0, score: 3.4339116155024385e-06
scale: 320.0, score: 3.4102818062820006e-06
scale: 321.0, score: 3.39046982844593e-06
scale: 322.0, score: 3.3744076972652692e-06
scale: 323.0, score: 3.3620258363953326e-06
scale: 324.0, score: 3.3532578527228907e-06
scale: 325.0, score: 3.3480375805083895e-06
scale: 326.0, score: 3.3463002182543278e-06
scale: 327.0, score: 3.3479825560789322e-06
scale: 328.0, score: 3.3530218388477806e-06
scale: 329.0, score: 3.361357130415854e-06
scale: 330.0, score: 3.37292817675916e-06
scale: 331.0, score: 3.3876758607220836e-06
scale: 332.0, score: 3.4055428841384128e-06
scale: 333.0, score: 3.426471039347234e-06
scale: 334.0, score: 3.4504057566664414e-06
scale: 335.0, score: 3.477291784292902e-06
scale: 336.0, score: 3.5070747799181845e-06
scale: 337.0, score: 3.5397024475969374e-06
scale: 338.0, score: 3.5751222640101332e-06
scale: 339.0, score: 3.6132832974544726e-06
scale: 340.0, score: 3.654135525721358e-06
scale: 341.0, score: 3.6976296087232186e-06
scale: 342.0, score: 3.74371734324086e-06
scale: 343.0, score: 3.7923505260550883e-06
scale: 344.0, score: 3.843484137178166e-06
scale: 345.0, score: 3.897069746017223e-06
scale: 346.0, score: 3.953066425310681e-06
scale: 347.0, score: 4.011425517091993e-06
scale: 348.0, score: 4.072104729857529e-06
scale: 349.0, score: 4.135061772103654e-06
scale: 350.0, score: 4.200256626063492e-06
scale: 351.0, score: 4.267645181244006e-06
scale: 352.0, score: 4.337186965130968e-06
scale: 353.0, score: 4.408846052683657e-06
scale: 354.0, score: 4.4825778786616866e-06
scale: 355.0, score: 4.55834833701374e-06
scale: 356.0, score: 4.636116045730887e-06
scale: 357.0, score: 4.71584644401446e-06
scale: 358.0, score: 4.7975045163184404e-06
scale: 359.0, score: 4.8810497901286e-06
scale: 360.0, score: 4.966448159393622e-06
scale: 361.0, score: 5.053670520283049e-06
scale: 362.0, score: 5.1426750360406e-06
scale: 363.0, score: 5.23343305758317e-06
scale: 364.0, score: 5.325910933606792e-06
scale: 365.0, score: 5.420075922302203e-06
scale: 366.0, score: 5.515898919838946e-06
scale: 367.0, score: 5.6133430916816e-06
scale: 368.0, score: 5.712380243494408e-06
scale: 369.0, score: 5.812981726194266e-06
scale: 370.0, score: 5.915115707466612e-06
scale: 371.0, score: 6.018757176207146e-06
scale: 372.0, score: 6.123872026364552e-06
scale: 373.0, score: 6.230432518350426e-06
scale: 374.0, score: 6.3384181885339785e-06
scale: 375.0, score: 6.447794930863893e-06
scale: 376.0, score: 6.558536369993817e-06
scale: 377.0, score: 6.670617494819453e-06
scale: 378.0, score: 6.784012839489151e-06
scale: 379.0, score: 6.898692845425103e-06
scale: 380.0, score: 7.014638867985923e-06
scale: 381.0, score: 7.131826805562014e-06
scale: 382.0, score: 7.2502252805861644e-06
scale: 383.0, score: 7.369817012659041e-06
self.delta: 326.0
17 tensor([-99999,      0,     10,     15,     20,     25,     30,     35,     40,
            45,     50,     55,     60,     65,     70,     75,     80],
       device='cuda:0', dtype=torch.int32)
17 tensor([  0.,   1.,   2.,   3.,   4.,   6.,   8.,  12.,  16.,  24.,  32.,  48.,
         64.,  96., 128., 192., 256.], device='cuda:0')
17 tensor([0.0000, 0.0031, 0.0061, 0.0092, 0.0123, 0.0184, 0.0245, 0.0368, 0.0491,
        0.0736, 0.0982, 0.1472, 0.1963, 0.2945, 0.3926, 0.5890, 0.7853],
       device='cuda:0')
scale: 256.0, score: 3.5661574656842276e-05
scale: 257.0, score: 3.460001607891172e-05
scale: 258.0, score: 3.3565440389793366e-05
scale: 259.0, score: 3.255730916862376e-05
scale: 260.0, score: 3.1575109460391104e-05
scale: 261.0, score: 3.0618321034125984e-05
scale: 262.0, score: 2.9686469133594073e-05
scale: 263.0, score: 2.87790553556988e-05
scale: 264.0, score: 2.789561403915286e-05
scale: 265.0, score: 2.703566860873252e-05
scale: 266.0, score: 2.6198771593044512e-05
scale: 267.0, score: 2.5384484615642577e-05
scale: 268.0, score: 2.459236202412285e-05
scale: 269.0, score: 2.3821987269911915e-05
scale: 270.0, score: 2.3072932890499942e-05
scale: 271.0, score: 2.234480962215457e-05
scale: 272.0, score: 2.1637199097312987e-05
scale: 273.0, score: 2.0949713871232234e-05
scale: 274.0, score: 2.0281964680179954e-05
scale: 275.0, score: 1.9633593183243647e-05
scale: 276.0, score: 1.900422284961678e-05
scale: 277.0, score: 1.8393488062429242e-05
scale: 278.0, score: 1.7801041394704953e-05
scale: 279.0, score: 1.7226533600478433e-05
scale: 280.0, score: 1.666963544266764e-05
scale: 281.0, score: 1.613000495126471e-05
scale: 282.0, score: 1.5607316527166404e-05
scale: 283.0, score: 1.5101268218131736e-05
scale: 284.0, score: 1.4611529877583962e-05
scale: 285.0, score: 1.4137810467218515e-05
scale: 286.0, score: 1.3679792573384475e-05
scale: 287.0, score: 1.3237199709692504e-05
scale: 288.0, score: 1.2809739928343333e-05
scale: 289.0, score: 1.2397126738505904e-05
scale: 290.0, score: 1.1999083653790876e-05
scale: 291.0, score: 1.1615351468208246e-05
scale: 292.0, score: 1.1245644600421656e-05
scale: 293.0, score: 1.0889717486861628e-05
scale: 294.0, score: 1.054731819749577e-05
scale: 295.0, score: 1.0218188435828779e-05
scale: 296.0, score: 9.902090823743492e-06
scale: 297.0, score: 9.59876888373401e-06
scale: 298.0, score: 9.308007065556012e-06
scale: 299.0, score: 9.029557077155914e-06
scale: 300.0, score: 8.7632051872788e-06
scale: 301.0, score: 8.508724022249226e-06
scale: 302.0, score: 8.265896212833468e-06
scale: 303.0, score: 8.034508937271312e-06
scale: 304.0, score: 7.81434300733963e-06
scale: 305.0, score: 7.605207883898402e-06
scale: 306.0, score: 7.40689529266092e-06
scale: 307.0, score: 7.219203325803392e-06
scale: 308.0, score: 7.041944172669901e-06
scale: 309.0, score: 6.8749268393730745e-06
scale: 310.0, score: 6.717959422530839e-06
scale: 311.0, score: 6.570862296939595e-06
scale: 312.0, score: 6.433457201637793e-06
scale: 313.0, score: 6.305562237685081e-06
scale: 314.0, score: 6.187011422298383e-06
scale: 315.0, score: 6.07763013249496e-06
scale: 316.0, score: 5.977251475997036e-06
scale: 317.0, score: 5.885713562747696e-06
scale: 318.0, score: 5.802854047942674e-06
scale: 319.0, score: 5.728516953240614e-06
scale: 320.0, score: 5.662549938278971e-06
scale: 321.0, score: 5.604795205726987e-06
scale: 322.0, score: 5.555109055421781e-06
scale: 323.0, score: 5.51334096599021e-06
scale: 324.0, score: 5.479351329995552e-06
scale: 325.0, score: 5.452996447274927e-06
scale: 326.0, score: 5.434139438875718e-06
scale: 327.0, score: 5.422643880592659e-06
scale: 328.0, score: 5.418374712462537e-06
scale: 329.0, score: 5.421203695732402e-06
scale: 330.0, score: 5.4310012274072506e-06
scale: 331.0, score: 5.4476395234814845e-06
scale: 332.0, score: 5.470997621159768e-06
scale: 333.0, score: 5.500950919667957e-06
scale: 334.0, score: 5.537380729947472e-06
scale: 335.0, score: 5.580170636676485e-06
scale: 336.0, score: 5.629203769785818e-06
scale: 337.0, score: 5.684368716174504e-06
scale: 338.0, score: 5.745551789004821e-06
scale: 339.0, score: 5.812646122649312e-06
scale: 340.0, score: 5.885542122996412e-06
scale: 341.0, score: 5.964137017144822e-06
scale: 342.0, score: 6.0483253037091345e-06
scale: 343.0, score: 6.1380042097880505e-06
scale: 344.0, score: 6.233077783690533e-06
scale: 345.0, score: 6.3334437072626315e-06
scale: 346.0, score: 6.439010576286819e-06
scale: 347.0, score: 6.5496783463459e-06
scale: 348.0, score: 6.665354703727644e-06
scale: 349.0, score: 6.785948244214524e-06
scale: 350.0, score: 6.9113748395466246e-06
scale: 351.0, score: 7.041539447527612e-06
scale: 352.0, score: 7.1763552114134654e-06
scale: 353.0, score: 7.3157439146598335e-06
scale: 354.0, score: 7.459613243554486e-06
scale: 355.0, score: 7.6078877100371756e-06
scale: 356.0, score: 7.76047909312183e-06
scale: 357.0, score: 7.917313268990256e-06
scale: 358.0, score: 8.078316568571609e-06
scale: 359.0, score: 8.243400770879816e-06
scale: 360.0, score: 8.412495844822843e-06
scale: 361.0, score: 8.585533578298055e-06
scale: 362.0, score: 8.762429388298187e-06
scale: 363.0, score: 8.943119610194117e-06
scale: 364.0, score: 9.127532393904403e-06
scale: 365.0, score: 9.315597708337009e-06
scale: 366.0, score: 9.507255526841618e-06
scale: 367.0, score: 9.702422175905667e-06
scale: 368.0, score: 9.901042176352348e-06
scale: 369.0, score: 1.0103052773047239e-05
scale: 370.0, score: 1.03083830254036e-05
scale: 371.0, score: 1.0516982001718134e-05
scale: 372.0, score: 1.0728775123425294e-05
scale: 373.0, score: 1.0943702363874763e-05
scale: 374.0, score: 1.1161720976815559e-05
scale: 375.0, score: 1.138275911216624e-05
scale: 376.0, score: 1.1606757652771194e-05
scale: 377.0, score: 1.1833668395411223e-05
scale: 378.0, score: 1.206342949444661e-05
scale: 379.0, score: 1.2295980923227035e-05
scale: 380.0, score: 1.253128175449092e-05
scale: 381.0, score: 1.2769281966029666e-05
scale: 382.0, score: 1.300991243624594e-05
scale: 383.0, score: 1.3253138604341075e-05
self.delta: 328.0
17 tensor([-99999,      0,     10,     15,     20,     25,     30,     35,     40,
            45,     50,     55,     60,     65,     70,     75,     80],
       device='cuda:0', dtype=torch.int32)
17 tensor([  0.,   1.,   2.,   3.,   4.,   6.,   8.,  12.,  16.,  24.,  32.,  48.,
         64.,  96., 128., 192., 256.], device='cuda:0')
17 tensor([0.0000, 0.0030, 0.0061, 0.0091, 0.0122, 0.0183, 0.0244, 0.0366, 0.0488,
        0.0732, 0.0976, 0.1463, 0.1951, 0.2927, 0.3902, 0.5854, 0.7805],
       device='cuda:0')
Performing scale reparameterization ...
Validating ...
Test: [0/250]	Time 3.380 (3.380)	Loss 0.7813 (0.7813)	Prec@1 84.000 (84.000)	Prec@5 98.000 (98.000)
Test: [100/250]	Time 0.840 (0.865)	Loss 1.9291 (1.1192)	Prec@1 54.500 (75.683)	Prec@5 86.000 (93.124)
Test: [200/250]	Time 0.840 (0.852)	Loss 0.8887 (1.3988)	Prec@1 82.500 (70.192)	Prec@5 95.500 (89.537)
 * Prec@1 69.554 Prec@5 89.132 Time 212.535
