Namespace(model='deit_base', dataset='dataset/imagenet/', calib_batchsize=32, val_batchsize=200, num_workers=8, device='cuda', print_freq=100, seed=0, w_bits=4, a_bits=4, log_quant_scheme='BitLog2_Half_17')
Building dataloader ...
Building model ...
Performing initial quantization ...
scale: 256.0, score: 7.608302257722244e-05
scale: 257.0, score: 7.365157944150269e-05
scale: 258.0, score: 7.129257573978975e-05
scale: 259.0, score: 6.90045635565184e-05
scale: 260.0, score: 6.678610225208104e-05
scale: 261.0, score: 6.46357802907005e-05
scale: 262.0, score: 6.255228800000623e-05
scale: 263.0, score: 6.053423203411512e-05
scale: 264.0, score: 5.858035001438111e-05
scale: 265.0, score: 5.6689321354497224e-05
scale: 266.0, score: 5.48599346075207e-05
scale: 267.0, score: 5.3090952860657126e-05
scale: 268.0, score: 5.138116830494255e-05
scale: 269.0, score: 4.972943861503154e-05
scale: 270.0, score: 4.813457780983299e-05
scale: 271.0, score: 4.659551632357761e-05
scale: 272.0, score: 4.511110455496237e-05
scale: 273.0, score: 4.3680291128112e-05
scale: 274.0, score: 4.230200283927843e-05
scale: 275.0, score: 4.0975239244289696e-05
scale: 276.0, score: 3.9698985347058624e-05
scale: 277.0, score: 3.847222978947684e-05
scale: 278.0, score: 3.7294026697054505e-05
scale: 279.0, score: 3.616341564338654e-05
scale: 280.0, score: 3.507947985781357e-05
scale: 281.0, score: 3.4041298931697384e-05
scale: 282.0, score: 3.3047981560230255e-05
scale: 283.0, score: 3.209868009435013e-05
scale: 284.0, score: 3.11925177811645e-05
scale: 285.0, score: 3.032867425645236e-05
scale: 286.0, score: 2.9506296414183453e-05
scale: 287.0, score: 2.8724620278808288e-05
scale: 288.0, score: 2.7982843675999902e-05
scale: 289.0, score: 2.7280191716272384e-05
scale: 290.0, score: 2.6615905881044455e-05
scale: 291.0, score: 2.598927130748052e-05
scale: 292.0, score: 2.539952220104169e-05
scale: 293.0, score: 2.484597462171223e-05
scale: 294.0, score: 2.4327939172508195e-05
scale: 295.0, score: 2.3844717361498624e-05
scale: 296.0, score: 2.3395652533508837e-05
scale: 297.0, score: 2.2980064386501908e-05
scale: 298.0, score: 2.2597339921048842e-05
scale: 299.0, score: 2.2246824300964363e-05
scale: 300.0, score: 2.1927915440755896e-05
scale: 301.0, score: 2.1640005797962658e-05
scale: 302.0, score: 2.138250056304969e-05
scale: 303.0, score: 2.1154812202439643e-05
scale: 304.0, score: 2.0956365915481e-05
scale: 305.0, score: 2.078662146232091e-05
scale: 306.0, score: 2.0645013137254864e-05
scale: 307.0, score: 2.053100433840882e-05
scale: 308.0, score: 2.0444074834813364e-05
scale: 309.0, score: 2.0383700757520273e-05
scale: 310.0, score: 2.0349378246464767e-05
scale: 311.0, score: 2.0340601622592658e-05
scale: 312.0, score: 2.0356892491690814e-05
scale: 313.0, score: 2.0397767002577893e-05
scale: 314.0, score: 2.0462752218008973e-05
scale: 315.0, score: 2.0551393390633166e-05
scale: 316.0, score: 2.0663230316131376e-05
scale: 317.0, score: 2.0797824618057348e-05
scale: 318.0, score: 2.0954747014911845e-05
scale: 319.0, score: 2.1133555492269807e-05
scale: 320.0, score: 2.1333840777515434e-05
scale: 321.0, score: 2.155519359803293e-05
scale: 322.0, score: 2.1797201043227687e-05
scale: 323.0, score: 2.205947930633556e-05
scale: 324.0, score: 2.234162820968777e-05
scale: 325.0, score: 2.264327667944599e-05
scale: 326.0, score: 2.2964042727835476e-05
scale: 327.0, score: 2.3303558918996714e-05
scale: 328.0, score: 2.366147600696422e-05
scale: 329.0, score: 2.4037422917899676e-05
scale: 330.0, score: 2.4431072233710438e-05
scale: 331.0, score: 2.4842063794494607e-05
scale: 332.0, score: 2.527007927710656e-05
scale: 333.0, score: 2.571476943558082e-05
scale: 334.0, score: 2.6175832317676395e-05
scale: 335.0, score: 2.6652953238226473e-05
scale: 336.0, score: 2.7145802960149013e-05
scale: 337.0, score: 2.7654094083118252e-05
scale: 338.0, score: 2.8177513740956783e-05
scale: 339.0, score: 2.8715778171317652e-05
scale: 340.0, score: 2.9268587240949273e-05
scale: 341.0, score: 2.9835671739419922e-05
scale: 342.0, score: 3.0416742447414435e-05
scale: 343.0, score: 3.101152469753288e-05
scale: 344.0, score: 3.161976928822696e-05
scale: 345.0, score: 3.224117972422391e-05
scale: 346.0, score: 3.287554136477411e-05
scale: 347.0, score: 3.3522559533594176e-05
scale: 348.0, score: 3.418199412408285e-05
scale: 349.0, score: 3.485360139166005e-05
scale: 350.0, score: 3.553716669557616e-05
scale: 351.0, score: 3.623241718742065e-05
scale: 352.0, score: 3.693913095048629e-05
scale: 353.0, score: 3.765710425795987e-05
scale: 354.0, score: 3.8386075175367296e-05
scale: 355.0, score: 3.9125858165789396e-05
scale: 356.0, score: 3.9876198570709676e-05
scale: 357.0, score: 4.063690357725136e-05
scale: 358.0, score: 4.14077949244529e-05
scale: 359.0, score: 4.21886179537978e-05
scale: 360.0, score: 4.29791871283669e-05
scale: 361.0, score: 4.377933873911388e-05
scale: 362.0, score: 4.458881085156463e-05
scale: 363.0, score: 4.540747977443971e-05
scale: 364.0, score: 4.623511995305307e-05
scale: 365.0, score: 4.7071556764421985e-05
scale: 366.0, score: 4.791663377545774e-05
scale: 367.0, score: 4.877012179349549e-05
scale: 368.0, score: 4.9631875299382955e-05
scale: 369.0, score: 5.050171967013739e-05
scale: 370.0, score: 5.137948755873367e-05
scale: 371.0, score: 5.2265033446019515e-05
scale: 372.0, score: 5.315814632922411e-05
scale: 373.0, score: 5.405868432717398e-05
scale: 374.0, score: 5.496652374858968e-05
scale: 375.0, score: 5.588148269453086e-05
scale: 376.0, score: 5.680340836988762e-05
scale: 377.0, score: 5.7732147979550064e-05
scale: 378.0, score: 5.866756328032352e-05
scale: 379.0, score: 5.960947964922525e-05
scale: 380.0, score: 6.055780249880627e-05
scale: 381.0, score: 6.151240086182952e-05
scale: 382.0, score: 6.247308192541823e-05
scale: 383.0, score: 6.343975110212341e-05
self.delta: 311.0
17 tensor([-99999,      0,     10,     15,     20,     25,     30,     35,     40,
            45,     50,     55,     60,     65,     70,     75,     80],
       device='cuda:0', dtype=torch.int32)
17 tensor([  0.,   1.,   2.,   3.,   4.,   6.,   8.,  12.,  16.,  24.,  32.,  48.,
         64.,  96., 128., 192., 256.], device='cuda:0')
17 tensor([0.0000, 0.0032, 0.0064, 0.0096, 0.0129, 0.0193, 0.0257, 0.0386, 0.0514,
        0.0772, 0.1029, 0.1543, 0.2058, 0.3087, 0.4116, 0.6174, 0.8232],
       device='cuda:0')
scale: 256.0, score: 2.055876211670693e-05
scale: 257.0, score: 1.99482892639935e-05
scale: 258.0, score: 1.935362524818629e-05
scale: 259.0, score: 1.87744644790655e-05
scale: 260.0, score: 1.821050318540074e-05
scale: 261.0, score: 1.766143395798281e-05
scale: 262.0, score: 1.7126978491432965e-05
scale: 263.0, score: 1.6606842109467834e-05
scale: 264.0, score: 1.6100751963676885e-05
scale: 265.0, score: 1.560842792969197e-05
scale: 266.0, score: 1.512960807303898e-05
scale: 267.0, score: 1.4664031368738506e-05
scale: 268.0, score: 1.4211436791811138e-05
scale: 269.0, score: 1.3771585145150311e-05
scale: 270.0, score: 1.3344215403776616e-05
scale: 271.0, score: 1.292910565098282e-05
scale: 272.0, score: 1.2526007594715338e-05
scale: 273.0, score: 1.2134692951804027e-05
scale: 274.0, score: 1.1754935258068144e-05
scale: 275.0, score: 1.1386521691747475e-05
scale: 276.0, score: 1.1029230336134788e-05
scale: 277.0, score: 1.0682847459975164e-05
scale: 278.0, score: 1.034717024595011e-05
scale: 279.0, score: 1.0021991329267621e-05
scale: 280.0, score: 9.707117897050921e-06
scale: 281.0, score: 9.402348950970918e-06
scale: 282.0, score: 9.107492587645538e-06
scale: 283.0, score: 8.822371455607936e-06
scale: 284.0, score: 8.546791832486633e-06
scale: 285.0, score: 8.2805845522671e-06
scale: 286.0, score: 8.02356044005137e-06
scale: 287.0, score: 7.775557605782524e-06
scale: 288.0, score: 7.53640460970928e-06
scale: 289.0, score: 7.305932740564458e-06
scale: 290.0, score: 7.083981017785845e-06
scale: 291.0, score: 6.870395282021491e-06
scale: 292.0, score: 6.665010459983023e-06
scale: 293.0, score: 6.467679213528754e-06
scale: 294.0, score: 6.278255114011699e-06
scale: 295.0, score: 6.096586275816662e-06
scale: 296.0, score: 5.922533091506921e-06
scale: 297.0, score: 5.755945494456682e-06
scale: 298.0, score: 5.596695700660348e-06
scale: 299.0, score: 5.444638190965634e-06
scale: 300.0, score: 5.299647909851046e-06
scale: 301.0, score: 5.161591161595425e-06
scale: 302.0, score: 5.030341071687872e-06
scale: 303.0, score: 4.905771220364841e-06
scale: 304.0, score: 4.787754278368084e-06
scale: 305.0, score: 4.67617701360723e-06
scale: 306.0, score: 4.570917099044891e-06
scale: 307.0, score: 4.471857664611889e-06
scale: 308.0, score: 4.378887297207257e-06
scale: 309.0, score: 4.291893674235325e-06
scale: 310.0, score: 4.210764473100426e-06
scale: 311.0, score: 4.135394192417152e-06
scale: 312.0, score: 4.065678695042152e-06
scale: 313.0, score: 4.001510660600616e-06
scale: 314.0, score: 3.942792318412103e-06
scale: 315.0, score: 3.889421350322664e-06
scale: 316.0, score: 3.841300440399209e-06
scale: 317.0, score: 3.7983340916980524e-06
scale: 318.0, score: 3.7604272620228585e-06
scale: 319.0, score: 3.727487410287722e-06
scale: 320.0, score: 3.6994260881328955e-06
scale: 321.0, score: 3.6761512092198245e-06
scale: 322.0, score: 3.6575772810465423e-06
scale: 323.0, score: 3.6436169921216788e-06
scale: 324.0, score: 3.634187351053697e-06
scale: 325.0, score: 3.629205139077385e-06
scale: 326.0, score: 3.6285891837906092e-06
scale: 327.0, score: 3.632259449659614e-06
scale: 328.0, score: 3.6401381748873973e-06
scale: 329.0, score: 3.652148052424309e-06
scale: 330.0, score: 3.6682142763311276e-06
scale: 331.0, score: 3.6882622680423083e-06
scale: 332.0, score: 3.71221972272906e-06
scale: 333.0, score: 3.740014108188916e-06
scale: 334.0, score: 3.7715765301982174e-06
scale: 335.0, score: 3.8068380945333047e-06
scale: 336.0, score: 3.845730589091545e-06
scale: 337.0, score: 3.88818807550706e-06
scale: 338.0, score: 3.934144388040295e-06
scale: 339.0, score: 3.983537226304179e-06
scale: 340.0, score: 4.036301106680185e-06
scale: 341.0, score: 4.092376912012696e-06
scale: 342.0, score: 4.151702341914643e-06
scale: 343.0, score: 4.214217369735707e-06
scale: 344.0, score: 4.279865606804378e-06
scale: 345.0, score: 4.348587026470341e-06
scale: 346.0, score: 4.420327968546189e-06
scale: 347.0, score: 4.495030225371011e-06
scale: 348.0, score: 4.572638317767996e-06
scale: 349.0, score: 4.653101314033847e-06
scale: 350.0, score: 4.736367827717913e-06
scale: 351.0, score: 4.822382379643386e-06
scale: 352.0, score: 4.9110949476016685e-06
scale: 353.0, score: 5.00245914736297e-06
scale: 354.0, score: 5.096420409245184e-06
scale: 355.0, score: 5.192935532249976e-06
scale: 356.0, score: 5.291951765684644e-06
scale: 357.0, score: 5.393426363298204e-06
scale: 358.0, score: 5.497316578839673e-06
scale: 359.0, score: 5.603569661616348e-06
scale: 360.0, score: 5.712145139114e-06
scale: 361.0, score: 5.823003448313102e-06
scale: 362.0, score: 5.936094112257706e-06
scale: 363.0, score: 6.051380751159741e-06
scale: 364.0, score: 6.168821528262924e-06
scale: 365.0, score: 6.288374606810976e-06
scale: 366.0, score: 6.410004971257877e-06
scale: 367.0, score: 6.533663508889731e-06
scale: 368.0, score: 6.659317477897275e-06
scale: 369.0, score: 6.786930953239789e-06
scale: 370.0, score: 6.9164620981609914e-06
scale: 371.0, score: 7.047882263577776e-06
scale: 372.0, score: 7.1811450652603526e-06
scale: 373.0, score: 7.316218216146808e-06
scale: 374.0, score: 7.453075795638142e-06
scale: 375.0, score: 7.5916746027360205e-06
scale: 376.0, score: 7.731980986136477e-06
scale: 377.0, score: 7.873965842009056e-06
scale: 378.0, score: 8.01759506430244e-06
scale: 379.0, score: 8.162831363733858e-06
scale: 380.0, score: 8.309652002935763e-06
scale: 381.0, score: 8.458026968582999e-06
scale: 382.0, score: 8.607917152403388e-06
scale: 383.0, score: 8.75930163601879e-06
self.delta: 326.0
17 tensor([-99999,      0,     10,     15,     20,     25,     30,     35,     40,
            45,     50,     55,     60,     65,     70,     75,     80],
       device='cuda:0', dtype=torch.int32)
17 tensor([  0.,   1.,   2.,   3.,   4.,   6.,   8.,  12.,  16.,  24.,  32.,  48.,
         64.,  96., 128., 192., 256.], device='cuda:0')
17 tensor([0.0000, 0.0031, 0.0061, 0.0092, 0.0123, 0.0184, 0.0245, 0.0368, 0.0491,
        0.0736, 0.0982, 0.1472, 0.1963, 0.2945, 0.3926, 0.5890, 0.7853],
       device='cuda:0')
scale: 256.0, score: 2.0184537788736634e-05
scale: 257.0, score: 1.9584509573178366e-05
scale: 258.0, score: 1.8999971871380694e-05
scale: 259.0, score: 1.843061181716621e-05
scale: 260.0, score: 1.7876149286166765e-05
scale: 261.0, score: 1.7336269593215548e-05
scale: 262.0, score: 1.6810708984849043e-05
scale: 263.0, score: 1.629917460377328e-05
scale: 264.0, score: 1.5801400877535343e-05
scale: 265.0, score: 1.531711131974589e-05
scale: 266.0, score: 1.484605218138313e-05
scale: 267.0, score: 1.4387968803930562e-05
scale: 268.0, score: 1.394260470988229e-05
scale: 269.0, score: 1.3509719792637043e-05
scale: 270.0, score: 1.3089067579130642e-05
scale: 271.0, score: 1.2680427062150557e-05
scale: 272.0, score: 1.2283551768632606e-05
scale: 273.0, score: 1.1898223419848364e-05
scale: 274.0, score: 1.1524218280101195e-05
scale: 275.0, score: 1.116132625611499e-05
scale: 276.0, score: 1.0809334526129533e-05
scale: 277.0, score: 1.0468029358889908e-05
scale: 278.0, score: 1.0137214303540532e-05
scale: 279.0, score: 9.816685633268207e-06
scale: 280.0, score: 9.506254173174966e-06
scale: 281.0, score: 9.205722562910523e-06
scale: 282.0, score: 8.91490708454512e-06
scale: 283.0, score: 8.63362947711721e-06
scale: 284.0, score: 8.361702384718228e-06
scale: 285.0, score: 8.098958460323047e-06
scale: 286.0, score: 7.845213986001909e-06
scale: 287.0, score: 7.6003098001820035e-06
scale: 288.0, score: 7.364078101090854e-06
scale: 289.0, score: 7.136354270187439e-06
scale: 290.0, score: 6.916980055393651e-06
scale: 291.0, score: 6.705804480588995e-06
scale: 292.0, score: 6.502665655716555e-06
scale: 293.0, score: 6.307420335360803e-06
scale: 294.0, score: 6.1199243646115065e-06
scale: 295.0, score: 5.940028586337576e-06
scale: 296.0, score: 5.767597485828446e-06
scale: 297.0, score: 5.602483724942431e-06
scale: 298.0, score: 5.444560883915983e-06
scale: 299.0, score: 5.293688445817679e-06
scale: 300.0, score: 5.149743174115429e-06
scale: 301.0, score: 5.0125936468248256e-06
scale: 302.0, score: 4.882116172666429e-06
scale: 303.0, score: 4.758186150866095e-06
scale: 304.0, score: 4.6406798901443835e-06
scale: 305.0, score: 4.529486432147678e-06
scale: 306.0, score: 4.424486178322695e-06
scale: 307.0, score: 4.325562713347608e-06
scale: 308.0, score: 4.23260962634231e-06
scale: 309.0, score: 4.145515504205832e-06
scale: 310.0, score: 4.0641702980792616e-06
scale: 311.0, score: 3.988471235061297e-06
scale: 312.0, score: 3.91831599699799e-06
scale: 313.0, score: 3.8535990825039335e-06
scale: 314.0, score: 3.794225449382793e-06
scale: 315.0, score: 3.7400948258436983e-06
scale: 316.0, score: 3.691111714942963e-06
scale: 317.0, score: 3.647182438726304e-06
scale: 318.0, score: 3.6082137739867903e-06
scale: 319.0, score: 3.574116135496297e-06
scale: 320.0, score: 3.5448017570161028e-06
scale: 321.0, score: 3.520180825944408e-06
scale: 322.0, score: 3.5001694413949735e-06
scale: 323.0, score: 3.4846827929868596e-06
scale: 324.0, score: 3.473638798823231e-06
scale: 325.0, score: 3.4669562865019543e-06
scale: 326.0, score: 3.4645554478629492e-06
scale: 327.0, score: 3.4663582937355386e-06
scale: 328.0, score: 3.472288653938449e-06
scale: 329.0, score: 3.4822708130377578e-06
scale: 330.0, score: 3.4962311019626213e-06
scale: 331.0, score: 3.514096761136898e-06
scale: 332.0, score: 3.5357970773475245e-06
scale: 333.0, score: 3.5612608826340875e-06
scale: 334.0, score: 3.5904204196413048e-06
scale: 335.0, score: 3.6232086131349206e-06
scale: 336.0, score: 3.65955884262803e-06
scale: 337.0, score: 3.6994060792494565e-06
scale: 338.0, score: 3.742685748875374e-06
scale: 339.0, score: 3.789336005866062e-06
scale: 340.0, score: 3.839294095087098e-06
scale: 341.0, score: 3.892501354130218e-06
scale: 342.0, score: 3.948896392103052e-06
scale: 343.0, score: 4.008421456092037e-06
scale: 344.0, score: 4.071020612173015e-06
scale: 345.0, score: 4.13663428844302e-06
scale: 346.0, score: 4.205212007946102e-06
scale: 347.0, score: 4.276694653526647e-06
scale: 348.0, score: 4.351029474491952e-06
scale: 349.0, score: 4.428165084391367e-06
scale: 350.0, score: 4.5080519157636445e-06
scale: 351.0, score: 4.590636308421381e-06
scale: 352.0, score: 4.675867785408627e-06
scale: 353.0, score: 4.763702236232348e-06
scale: 354.0, score: 4.854085091210436e-06
scale: 355.0, score: 4.946975423081312e-06
scale: 356.0, score: 5.042320481152274e-06
scale: 357.0, score: 5.1400788834143896e-06
scale: 358.0, score: 5.240207428869326e-06
scale: 359.0, score: 5.342656550055835e-06
scale: 360.0, score: 5.447385319712339e-06
scale: 361.0, score: 5.554355084314011e-06
scale: 362.0, score: 5.663516276399605e-06
scale: 363.0, score: 5.774834335170453e-06
scale: 364.0, score: 5.888266059628222e-06
scale: 365.0, score: 6.003772341500735e-06
scale: 366.0, score: 6.1213181652419735e-06
scale: 367.0, score: 6.240856237127446e-06
scale: 368.0, score: 6.362354724842589e-06
scale: 369.0, score: 6.485775884357281e-06
scale: 370.0, score: 6.611081971641397e-06
scale: 371.0, score: 6.738240699633025e-06
scale: 372.0, score: 6.867211595817935e-06
scale: 373.0, score: 6.997960554144811e-06
scale: 374.0, score: 7.1304602897726e-06
scale: 375.0, score: 7.2646721491764765e-06
scale: 376.0, score: 7.400562026305124e-06
scale: 377.0, score: 7.538099907833384e-06
scale: 378.0, score: 7.677253051951993e-06
scale: 379.0, score: 7.817985533620231e-06
scale: 380.0, score: 7.960274160723202e-06
scale: 381.0, score: 8.104091648419853e-06
scale: 382.0, score: 8.249397069448605e-06
scale: 383.0, score: 8.396170414926019e-06
self.delta: 326.0
17 tensor([-99999,      0,     10,     15,     20,     25,     30,     35,     40,
            45,     50,     55,     60,     65,     70,     75,     80],
       device='cuda:0', dtype=torch.int32)
17 tensor([  0.,   1.,   2.,   3.,   4.,   6.,   8.,  12.,  16.,  24.,  32.,  48.,
         64.,  96., 128., 192., 256.], device='cuda:0')
17 tensor([0.0000, 0.0031, 0.0061, 0.0092, 0.0123, 0.0184, 0.0245, 0.0368, 0.0491,
        0.0736, 0.0982, 0.1472, 0.1963, 0.2945, 0.3926, 0.5890, 0.7853],
       device='cuda:0')
scale: 256.0, score: 4.180464020464569e-05
scale: 257.0, score: 4.040764906676486e-05
scale: 258.0, score: 3.90515269828029e-05
scale: 259.0, score: 3.773542630369775e-05
scale: 260.0, score: 3.64585685019847e-05
scale: 261.0, score: 3.522014230838977e-05
scale: 262.0, score: 3.401941648917273e-05
scale: 263.0, score: 3.285560887889005e-05
scale: 264.0, score: 3.1728006433695555e-05
scale: 265.0, score: 3.0635870643891394e-05
scale: 266.0, score: 2.9578510293504223e-05
scale: 267.0, score: 2.8555239623528905e-05
scale: 268.0, score: 2.7565372874960303e-05
scale: 269.0, score: 2.660826976352837e-05
scale: 270.0, score: 2.568326635810081e-05
scale: 271.0, score: 2.478975511621684e-05
scale: 272.0, score: 2.392709575360641e-05
scale: 273.0, score: 2.309468800376635e-05
scale: 274.0, score: 2.229194069514051e-05
scale: 275.0, score: 2.151827902707737e-05
scale: 276.0, score: 2.0773133655893616e-05
scale: 277.0, score: 2.0055940694874153e-05
scale: 278.0, score: 1.9366165361134335e-05
scale: 279.0, score: 1.8703265595831908e-05
scale: 280.0, score: 1.806672844395507e-05
scale: 281.0, score: 1.745603367453441e-05
scale: 282.0, score: 1.6870682884473354e-05
scale: 283.0, score: 1.631019767955877e-05
scale: 284.0, score: 1.5774076018715277e-05
scale: 285.0, score: 1.526187224953901e-05
scale: 286.0, score: 1.4773093425901607e-05
scale: 287.0, score: 1.4307314813777339e-05
scale: 288.0, score: 1.3864083484804723e-05
scale: 289.0, score: 1.3442964700516313e-05
scale: 290.0, score: 1.3043532817391679e-05
scale: 291.0, score: 1.266537765332032e-05
scale: 292.0, score: 1.2308079021750018e-05
scale: 293.0, score: 1.197124583995901e-05
scale: 294.0, score: 1.1654488844214939e-05
scale: 295.0, score: 1.135741695179604e-05
scale: 296.0, score: 1.1079660907853395e-05
scale: 297.0, score: 1.0820836905622855e-05
scale: 298.0, score: 1.0580598427623045e-05
scale: 299.0, score: 1.0358580766478553e-05
scale: 300.0, score: 1.0154441952181514e-05
scale: 301.0, score: 9.967839105229359e-06
scale: 302.0, score: 9.798439350561239e-06
scale: 303.0, score: 9.645911632105708e-06
scale: 304.0, score: 9.509932169748936e-06
scale: 305.0, score: 9.39019173529232e-06
scale: 306.0, score: 9.286380191042554e-06
scale: 307.0, score: 9.198191037285142e-06
scale: 308.0, score: 9.12533050723141e-06
scale: 309.0, score: 9.06750574358739e-06
scale: 310.0, score: 9.024429346027318e-06
scale: 311.0, score: 8.995822099677753e-06
scale: 312.0, score: 8.981410246633459e-06
scale: 313.0, score: 8.980920028989203e-06
scale: 314.0, score: 8.994089512270875e-06
scale: 315.0, score: 9.02065949048847e-06
scale: 316.0, score: 9.060373486136086e-06
scale: 317.0, score: 9.112981388170738e-06
scale: 318.0, score: 9.178242180496454e-06
scale: 319.0, score: 9.25590666156495e-06
scale: 320.0, score: 9.345745638711378e-06
scale: 321.0, score: 9.447527190786786e-06
scale: 322.0, score: 9.561020306136925e-06
scale: 323.0, score: 9.686006706033368e-06
scale: 324.0, score: 9.822260835790075e-06
scale: 325.0, score: 9.96957351162564e-06
scale: 326.0, score: 1.0127732821274549e-05
scale: 327.0, score: 1.0296526852471288e-05
scale: 328.0, score: 1.0475763701833785e-05
scale: 329.0, score: 1.0665229638107121e-05
scale: 330.0, score: 1.0864742762350943e-05
scale: 331.0, score: 1.1074098438257352e-05
scale: 332.0, score: 1.1293119314359501e-05
scale: 333.0, score: 1.1521607120812405e-05
scale: 334.0, score: 1.175939087261213e-05
scale: 335.0, score: 1.2006295037281234e-05
scale: 336.0, score: 1.2262133168405853e-05
scale: 337.0, score: 1.2526744285423774e-05
scale: 338.0, score: 1.2799948308384046e-05
scale: 339.0, score: 1.3081588804197963e-05
scale: 340.0, score: 1.3371494787861593e-05
scale: 341.0, score: 1.3669517102243844e-05
scale: 342.0, score: 1.3975488400319591e-05
scale: 343.0, score: 1.4289256796473637e-05
scale: 344.0, score: 1.4610681319027208e-05
scale: 345.0, score: 1.4939594620955177e-05
scale: 346.0, score: 1.5275874829967506e-05
scale: 347.0, score: 1.5619356418028474e-05
scale: 348.0, score: 1.5969904779922217e-05
scale: 349.0, score: 1.6327381672454067e-05
scale: 350.0, score: 1.6691667042323388e-05
scale: 351.0, score: 1.7062604456441477e-05
scale: 352.0, score: 1.7440068404539488e-05
scale: 353.0, score: 1.7823947928263806e-05
scale: 354.0, score: 1.8214088413515128e-05
scale: 355.0, score: 1.861039527284447e-05
scale: 356.0, score: 1.901271207316313e-05
scale: 357.0, score: 1.9420946046011522e-05
scale: 358.0, score: 1.983498441404663e-05
scale: 359.0, score: 2.025468711508438e-05
scale: 360.0, score: 2.0679948647739366e-05
scale: 361.0, score: 2.1110674424562603e-05
scale: 362.0, score: 2.1546720745391212e-05
scale: 363.0, score: 2.198801485064905e-05
scale: 364.0, score: 2.2434434868046083e-05
scale: 365.0, score: 2.28858752961969e-05
scale: 366.0, score: 2.3342250642599538e-05
scale: 367.0, score: 2.3803431759006344e-05
scale: 368.0, score: 2.4269331333925948e-05
scale: 369.0, score: 2.4739865693845786e-05
scale: 370.0, score: 2.5214923880412243e-05
scale: 371.0, score: 2.569442949607037e-05
scale: 372.0, score: 2.617826612549834e-05
scale: 373.0, score: 2.6666353733162396e-05
scale: 374.0, score: 2.7158614102518186e-05
scale: 375.0, score: 2.765495992207434e-05
scale: 376.0, score: 2.8155285690445453e-05
scale: 377.0, score: 2.8659520467044786e-05
scale: 378.0, score: 2.9167578759370372e-05
scale: 379.0, score: 2.9679365979973227e-05
scale: 380.0, score: 3.019482574018184e-05
scale: 381.0, score: 3.071388346143067e-05
scale: 382.0, score: 3.12364318233449e-05
scale: 383.0, score: 3.1762418075231835e-05
self.delta: 313.0
17 tensor([-99999,      0,     10,     15,     20,     25,     30,     35,     40,
            45,     50,     55,     60,     65,     70,     75,     80],
       device='cuda:0', dtype=torch.int32)
17 tensor([  0.,   1.,   2.,   3.,   4.,   6.,   8.,  12.,  16.,  24.,  32.,  48.,
         64.,  96., 128., 192., 256.], device='cuda:0')
17 tensor([0.0000, 0.0032, 0.0064, 0.0096, 0.0128, 0.0192, 0.0256, 0.0383, 0.0511,
        0.0767, 0.1022, 0.1534, 0.2045, 0.3067, 0.4089, 0.6134, 0.8179],
       device='cuda:0')
scale: 256.0, score: 4.587386138155125e-05
scale: 257.0, score: 4.444184014573693e-05
scale: 258.0, score: 4.3047584767919034e-05
scale: 259.0, score: 4.169034582446329e-05
scale: 260.0, score: 4.03693993575871e-05
scale: 261.0, score: 3.908400685759261e-05
scale: 262.0, score: 3.783351348829456e-05
scale: 263.0, score: 3.661720620584674e-05
scale: 264.0, score: 3.543442289810628e-05
scale: 265.0, score: 3.4284508728887886e-05
scale: 266.0, score: 3.316682341392152e-05
scale: 267.0, score: 3.2080748496809974e-05
scale: 268.0, score: 3.102565460721962e-05
scale: 269.0, score: 3.0000968763488345e-05
scale: 270.0, score: 2.9006074328208342e-05
scale: 271.0, score: 2.804043106152676e-05
scale: 272.0, score: 2.7103442334919237e-05
scale: 273.0, score: 2.619456972752232e-05
scale: 274.0, score: 2.5313269361504354e-05
scale: 275.0, score: 2.4459024643874727e-05
scale: 276.0, score: 2.3631313524674624e-05
scale: 277.0, score: 2.2829617591924034e-05
scale: 278.0, score: 2.2053454813431017e-05
scale: 279.0, score: 2.1302326786099002e-05
scale: 280.0, score: 2.057577330560889e-05
scale: 281.0, score: 1.987331052077934e-05
scale: 282.0, score: 1.9194487322238274e-05
scale: 283.0, score: 1.8538867152528837e-05
scale: 284.0, score: 1.790599344531074e-05
scale: 285.0, score: 1.7295458746957593e-05
scale: 286.0, score: 1.6706810129107907e-05
scale: 287.0, score: 1.613966560398694e-05
scale: 288.0, score: 1.559360680403188e-05
scale: 289.0, score: 1.5068237189552747e-05
scale: 290.0, score: 1.4563164768333081e-05
scale: 291.0, score: 1.407802392350277e-05
scale: 292.0, score: 1.3612420843855944e-05
scale: 293.0, score: 1.3166002645448316e-05
scale: 294.0, score: 1.2738416444335598e-05
scale: 295.0, score: 1.2329298442637082e-05
scale: 296.0, score: 1.1938317584281322e-05
scale: 297.0, score: 1.1565113709366415e-05
scale: 298.0, score: 1.1209380318177864e-05
scale: 299.0, score: 1.0870771802728996e-05
scale: 300.0, score: 1.0548987120273523e-05
scale: 301.0, score: 1.0243704309687018e-05
scale: 302.0, score: 9.954621418728493e-06
scale: 303.0, score: 9.681436495156959e-06
scale: 304.0, score: 9.423848496226128e-06
scale: 305.0, score: 9.181580026051961e-06
scale: 306.0, score: 8.954343684308697e-06
scale: 307.0, score: 8.74185479915468e-06
scale: 308.0, score: 8.543852345610503e-06
scale: 309.0, score: 8.360063475265633e-06
scale: 310.0, score: 8.190221706172451e-06
scale: 311.0, score: 8.034075108298566e-06
scale: 312.0, score: 7.891372661106288e-06
scale: 313.0, score: 7.76185879658442e-06
scale: 314.0, score: 7.645299774594605e-06
scale: 315.0, score: 7.541451395809418e-06
scale: 316.0, score: 7.450080829585204e-06
scale: 317.0, score: 7.370957973762415e-06
scale: 318.0, score: 7.303859092644416e-06
scale: 319.0, score: 7.248561360029271e-06
scale: 320.0, score: 7.204850135167362e-06
scale: 321.0, score: 7.1725098678143695e-06
scale: 322.0, score: 7.1513336479256395e-06
scale: 323.0, score: 7.14111502020387e-06
scale: 324.0, score: 7.141652076825267e-06
scale: 325.0, score: 7.152749276428949e-06
scale: 326.0, score: 7.174210168159334e-06
scale: 327.0, score: 7.205844667623751e-06
scale: 328.0, score: 7.247467692650389e-06
scale: 329.0, score: 7.298893251572736e-06
scale: 330.0, score: 7.359943083429243e-06
scale: 331.0, score: 7.430438472511014e-06
scale: 332.0, score: 7.510207069572061e-06
scale: 333.0, score: 7.599075161124347e-06
scale: 334.0, score: 7.69687812862685e-06
scale: 335.0, score: 7.803453627275303e-06
scale: 336.0, score: 7.918634764791932e-06
scale: 337.0, score: 8.042267836572137e-06
scale: 338.0, score: 8.174191862053704e-06
scale: 339.0, score: 8.314259503094945e-06
scale: 340.0, score: 8.462314326607157e-06
scale: 341.0, score: 8.618215360911563e-06
scale: 342.0, score: 8.78181162988767e-06
scale: 343.0, score: 8.952962161856703e-06
scale: 344.0, score: 9.1315323516028e-06
scale: 345.0, score: 9.317375770478975e-06
scale: 346.0, score: 9.510368727205787e-06
scale: 347.0, score: 9.710370250104461e-06
scale: 348.0, score: 9.917247552948538e-06
scale: 349.0, score: 1.0130876034963876e-05
scale: 350.0, score: 1.0351139280828647e-05
scale: 351.0, score: 1.0577901775832288e-05
scale: 352.0, score: 1.0811040738190059e-05
scale: 353.0, score: 1.1050451576011255e-05
scale: 354.0, score: 1.1296000593574718e-05
scale: 355.0, score: 1.1547586836968549e-05
scale: 356.0, score: 1.1805080248450395e-05
scale: 357.0, score: 1.2068382602592465e-05
scale: 358.0, score: 1.2337391126493458e-05
scale: 359.0, score: 1.2611978490895126e-05
scale: 360.0, score: 1.2892049198853783e-05
scale: 361.0, score: 1.3177509572415147e-05
scale: 362.0, score: 1.3468236829794478e-05
scale: 363.0, score: 1.3764148206973914e-05
scale: 364.0, score: 1.406513820256805e-05
scale: 365.0, score: 1.4371112229127903e-05
scale: 366.0, score: 1.46819829751621e-05
scale: 367.0, score: 1.4997638572822325e-05
scale: 368.0, score: 1.5317995348596014e-05
scale: 369.0, score: 1.5642968719475903e-05
scale: 370.0, score: 1.5972462279023603e-05
scale: 371.0, score: 1.6306399629684165e-05
scale: 372.0, score: 1.6644680727040395e-05
scale: 373.0, score: 1.6987223716569133e-05
scale: 374.0, score: 1.733396311465185e-05
scale: 375.0, score: 1.7684802514850162e-05
scale: 376.0, score: 1.8039660062640905e-05
scale: 377.0, score: 1.839846299844794e-05
scale: 378.0, score: 1.8761129467748106e-05
scale: 379.0, score: 1.9127577616018243e-05
scale: 380.0, score: 1.9497745597618632e-05
scale: 381.0, score: 1.9871567928930745e-05
scale: 382.0, score: 2.0248944565537386e-05
scale: 383.0, score: 2.0629828213714063e-05
self.delta: 323.0
17 tensor([-99999,      0,     10,     15,     20,     25,     30,     35,     40,
            45,     50,     55,     60,     65,     70,     75,     80],
       device='cuda:0', dtype=torch.int32)
17 tensor([  0.,   1.,   2.,   3.,   4.,   6.,   8.,  12.,  16.,  24.,  32.,  48.,
         64.,  96., 128., 192., 256.], device='cuda:0')
17 tensor([0.0000, 0.0031, 0.0062, 0.0093, 0.0124, 0.0186, 0.0248, 0.0372, 0.0495,
        0.0743, 0.0991, 0.1486, 0.1981, 0.2972, 0.3963, 0.5944, 0.7926],
       device='cuda:0')
scale: 256.0, score: 3.3457276003900915e-05
scale: 257.0, score: 3.244192339479923e-05
scale: 258.0, score: 3.1452669645659626e-05
scale: 259.0, score: 3.048899452551268e-05
scale: 260.0, score: 2.9550405088230036e-05
scale: 261.0, score: 2.8636393835768104e-05
scale: 262.0, score: 2.7746504201786593e-05
scale: 263.0, score: 2.6880245059146546e-05
scale: 264.0, score: 2.6037172574433498e-05
scale: 265.0, score: 2.5216819267370738e-05
scale: 266.0, score: 2.4418763132416643e-05
scale: 267.0, score: 2.3642563974135555e-05
scale: 268.0, score: 2.2887797967996448e-05
scale: 269.0, score: 2.215406311734114e-05
scale: 270.0, score: 2.1440939235617407e-05
scale: 271.0, score: 2.074805524898693e-05
scale: 272.0, score: 2.0074998246855102e-05
scale: 273.0, score: 1.9421398974373005e-05
scale: 274.0, score: 1.87868790817447e-05
scale: 275.0, score: 1.8171089323004708e-05
scale: 276.0, score: 1.757366771926172e-05
scale: 277.0, score: 1.699425592960324e-05
scale: 278.0, score: 1.6432522897957824e-05
scale: 279.0, score: 1.5888126654317603e-05
scale: 280.0, score: 1.5360747056547552e-05
scale: 281.0, score: 1.4850054867565632e-05
scale: 282.0, score: 1.4355737221194431e-05
scale: 283.0, score: 1.3877493984182365e-05
scale: 284.0, score: 1.341501047136262e-05
scale: 285.0, score: 1.2968006558367051e-05
scale: 286.0, score: 1.2536172107502352e-05
scale: 287.0, score: 1.21192379083368e-05
scale: 288.0, score: 1.1716922017512843e-05
scale: 289.0, score: 1.1328948858135846e-05
scale: 290.0, score: 1.095504831027938e-05
scale: 291.0, score: 1.059497026290046e-05
scale: 292.0, score: 1.024844004859915e-05
scale: 293.0, score: 9.915215741784777e-06
scale: 294.0, score: 9.595056326361373e-06
scale: 295.0, score: 9.287709872296546e-06
scale: 296.0, score: 8.992947186925448e-06
scale: 297.0, score: 8.710521797183901e-06
scale: 298.0, score: 8.440220881311689e-06
scale: 299.0, score: 8.181807061191648e-06
scale: 300.0, score: 7.935072972031776e-06
scale: 301.0, score: 7.699796697124839e-06
scale: 302.0, score: 7.47576950743678e-06
scale: 303.0, score: 7.262783583428245e-06
scale: 304.0, score: 7.060630196065176e-06
scale: 305.0, score: 6.869121079944307e-06
scale: 306.0, score: 6.688055236736545e-06
scale: 307.0, score: 6.517238034575712e-06
scale: 308.0, score: 6.356487574521452e-06
scale: 309.0, score: 6.205618319654604e-06
scale: 310.0, score: 6.064445642550709e-06
scale: 311.0, score: 5.932794465479674e-06
scale: 312.0, score: 5.810492893942865e-06
scale: 313.0, score: 5.697364485968137e-06
scale: 314.0, score: 5.593248260993278e-06
scale: 315.0, score: 5.4979745982564054e-06
scale: 316.0, score: 5.41138433618471e-06
scale: 317.0, score: 5.333318313205382e-06
scale: 318.0, score: 5.263620550977066e-06
scale: 319.0, score: 5.202139618631918e-06
scale: 320.0, score: 5.148727723280899e-06
scale: 321.0, score: 5.103232069814112e-06
scale: 322.0, score: 5.065514869784238e-06
scale: 323.0, score: 5.035430604038993e-06
scale: 324.0, score: 5.012841484131059e-06
scale: 325.0, score: 4.997611085855169e-06
scale: 326.0, score: 4.989605713490164e-06
scale: 327.0, score: 4.988693035556935e-06
scale: 328.0, score: 4.994742994313128e-06
scale: 329.0, score: 5.007631898479303e-06
scale: 330.0, score: 5.0272333282919135e-06
scale: 331.0, score: 5.05342495671357e-06
scale: 332.0, score: 5.086088094685692e-06
scale: 333.0, score: 5.125101779412944e-06
scale: 334.0, score: 5.170353688299656e-06
scale: 335.0, score: 5.221730134508107e-06
scale: 336.0, score: 5.279116976453224e-06
scale: 337.0, score: 5.342406893760199e-06
scale: 338.0, score: 5.411490747064818e-06
scale: 339.0, score: 5.486263944476377e-06
scale: 340.0, score: 5.5666214393568225e-06
scale: 341.0, score: 5.6524636420363095e-06
scale: 342.0, score: 5.743687324866187e-06
scale: 343.0, score: 5.840194717166014e-06
scale: 344.0, score: 5.941892140981508e-06
scale: 345.0, score: 6.048680006642826e-06
scale: 346.0, score: 6.160471457405947e-06
scale: 347.0, score: 6.277168267843081e-06
scale: 348.0, score: 6.398682671715505e-06
scale: 349.0, score: 6.524924174300395e-06
scale: 350.0, score: 6.655813194811344e-06
scale: 351.0, score: 6.791256964788772e-06
scale: 352.0, score: 6.931171810720116e-06
scale: 353.0, score: 7.075482699292479e-06
scale: 354.0, score: 7.224098681035684e-06
scale: 355.0, score: 7.3769492701103445e-06
scale: 356.0, score: 7.533946245530387e-06
scale: 357.0, score: 7.695019121456426e-06
scale: 358.0, score: 7.860097866796423e-06
scale: 359.0, score: 8.02909562480636e-06
scale: 360.0, score: 8.201945092878304e-06
scale: 361.0, score: 8.37858078739373e-06
scale: 362.0, score: 8.558919944334775e-06
scale: 363.0, score: 8.742902537051123e-06
scale: 364.0, score: 8.930459443945438e-06
scale: 365.0, score: 9.121519724430982e-06
scale: 366.0, score: 9.316026989836246e-06
scale: 367.0, score: 9.513902114122175e-06
scale: 368.0, score: 9.715088708617259e-06
scale: 369.0, score: 9.919527656165883e-06
scale: 370.0, score: 1.0127151654160116e-05
scale: 371.0, score: 1.0337907951907255e-05
scale: 372.0, score: 1.0551727427809965e-05
scale: 373.0, score: 1.0768553693196736e-05
scale: 374.0, score: 1.098834127333248e-05
scale: 375.0, score: 1.1211022865609266e-05
scale: 376.0, score: 1.143654026236618e-05
scale: 377.0, score: 1.1664846169878729e-05
scale: 378.0, score: 1.1895885108970106e-05
scale: 379.0, score: 1.2129593415011186e-05
scale: 380.0, score: 1.2365935617708601e-05
scale: 381.0, score: 1.2604863513843156e-05
scale: 382.0, score: 1.2846307072322816e-05
scale: 383.0, score: 1.3090234460833017e-05
self.delta: 327.0
17 tensor([-99999,      0,     10,     15,     20,     25,     30,     35,     40,
            45,     50,     55,     60,     65,     70,     75,     80],
       device='cuda:0', dtype=torch.int32)
17 tensor([  0.,   1.,   2.,   3.,   4.,   6.,   8.,  12.,  16.,  24.,  32.,  48.,
         64.,  96., 128., 192., 256.], device='cuda:0')
17 tensor([0.0000, 0.0031, 0.0061, 0.0092, 0.0122, 0.0183, 0.0245, 0.0367, 0.0489,
        0.0734, 0.0979, 0.1468, 0.1957, 0.2936, 0.3914, 0.5872, 0.7829],
       device='cuda:0')
scale: 256.0, score: 3.1700499675935134e-05
scale: 257.0, score: 3.072998515563086e-05
scale: 258.0, score: 2.9784887374262325e-05
scale: 259.0, score: 2.8864695195807144e-05
scale: 260.0, score: 2.796893568302039e-05
scale: 261.0, score: 2.7097106794826686e-05
scale: 262.0, score: 2.624876651680097e-05
scale: 263.0, score: 2.542343645473011e-05
scale: 264.0, score: 2.462067459418904e-05
scale: 265.0, score: 2.384003164479509e-05
scale: 266.0, score: 2.3081091057974845e-05
scale: 267.0, score: 2.2343425371218473e-05
scale: 268.0, score: 2.162662349292077e-05
scale: 269.0, score: 2.0930288883391768e-05
scale: 270.0, score: 2.0254008632036857e-05
scale: 271.0, score: 1.959742439794354e-05
scale: 272.0, score: 1.8960128727485426e-05
scale: 273.0, score: 1.8341768736718222e-05
scale: 274.0, score: 1.77419697138248e-05
scale: 275.0, score: 1.716038786980789e-05
scale: 276.0, score: 1.6596673958702013e-05
scale: 277.0, score: 1.6050475096562877e-05
scale: 278.0, score: 1.5521472960244864e-05
scale: 279.0, score: 1.500932739872951e-05
scale: 280.0, score: 1.4513730093312915e-05
scale: 281.0, score: 1.403435817337595e-05
scale: 282.0, score: 1.3570905139204115e-05
scale: 283.0, score: 1.3123079952492844e-05
scale: 284.0, score: 1.2690574294538237e-05
scale: 285.0, score: 1.2273115316929761e-05
scale: 286.0, score: 1.1870397429447621e-05
scale: 287.0, score: 1.1482161426101811e-05
scale: 288.0, score: 1.1108130820502993e-05
scale: 289.0, score: 1.0748035492724739e-05
scale: 290.0, score: 1.0401614417787641e-05
scale: 291.0, score: 1.0068619303638116e-05
scale: 292.0, score: 9.748786396812648e-06
scale: 293.0, score: 9.441877409699373e-06
scale: 294.0, score: 9.147656783170532e-06
scale: 295.0, score: 8.865878953656647e-06
scale: 296.0, score: 8.596321094955783e-06
scale: 297.0, score: 8.338741281477269e-06
scale: 298.0, score: 8.092933967418503e-06
scale: 299.0, score: 7.858664503146429e-06
scale: 300.0, score: 7.635732799826656e-06
scale: 301.0, score: 7.423922397720162e-06
scale: 302.0, score: 7.223028205771698e-06
scale: 303.0, score: 7.03284877090482e-06
scale: 304.0, score: 6.853179456811631e-06
scale: 305.0, score: 6.683836545562372e-06
scale: 306.0, score: 6.524624950543512e-06
scale: 307.0, score: 6.375355042109732e-06
scale: 308.0, score: 6.235847649804782e-06
scale: 309.0, score: 6.105922693677712e-06
scale: 310.0, score: 5.985400548524922e-06
scale: 311.0, score: 5.8741097745951265e-06
scale: 312.0, score: 5.771883479610551e-06
scale: 313.0, score: 5.678547950083157e-06
scale: 314.0, score: 5.59394720767159e-06
scale: 315.0, score: 5.5179166338348296e-06
scale: 316.0, score: 5.450300704978872e-06
scale: 317.0, score: 5.390943442762364e-06
scale: 318.0, score: 5.339692961570108e-06
scale: 319.0, score: 5.296401923260419e-06
scale: 320.0, score: 5.260925263428362e-06
scale: 321.0, score: 5.233117917669006e-06
scale: 322.0, score: 5.212838914303575e-06
scale: 323.0, score: 5.199951374379452e-06
scale: 324.0, score: 5.1943193284387235e-06
scale: 325.0, score: 5.195809990254929e-06
scale: 326.0, score: 5.204292847338365e-06
scale: 327.0, score: 5.21963875144138e-06
scale: 328.0, score: 5.241723556537181e-06
scale: 329.0, score: 5.270421297609573e-06
scale: 330.0, score: 5.305613740347326e-06
scale: 331.0, score: 5.347179012460401e-06
scale: 332.0, score: 5.395002517616376e-06
scale: 333.0, score: 5.448966476251371e-06
scale: 334.0, score: 5.5089608395064715e-06
scale: 335.0, score: 5.574874649028061e-06
scale: 336.0, score: 5.646598310704576e-06
scale: 337.0, score: 5.72402586840326e-06
scale: 338.0, score: 5.807050001749303e-06
scale: 339.0, score: 5.895571121072862e-06
scale: 340.0, score: 5.989485998725286e-06
scale: 341.0, score: 6.088696409278782e-06
scale: 342.0, score: 6.193103217810858e-06
scale: 343.0, score: 6.302611836872529e-06
scale: 344.0, score: 6.417129043256864e-06
scale: 345.0, score: 6.536558430525474e-06
scale: 346.0, score: 6.660816779913148e-06
scale: 347.0, score: 6.789807230234146e-06
scale: 348.0, score: 6.9234433794918004e-06
scale: 349.0, score: 7.061639280436793e-06
scale: 350.0, score: 7.204316716524772e-06
scale: 351.0, score: 7.351385193032911e-06
scale: 352.0, score: 7.502761945943348e-06
scale: 353.0, score: 7.658376489416696e-06
scale: 354.0, score: 7.818138328730129e-06
scale: 355.0, score: 7.981979251781013e-06
scale: 356.0, score: 8.14981285657268e-06
scale: 357.0, score: 8.321572749991901e-06
scale: 358.0, score: 8.49718890094664e-06
scale: 359.0, score: 8.67657672642963e-06
scale: 360.0, score: 8.859670742822345e-06
scale: 361.0, score: 9.046409104485065e-06
scale: 362.0, score: 9.236708137905225e-06
scale: 363.0, score: 9.43051327340072e-06
scale: 364.0, score: 9.627751751395408e-06
scale: 365.0, score: 9.828361726249568e-06
scale: 366.0, score: 1.0032283171312883e-05
scale: 367.0, score: 1.0239440598525107e-05
scale: 368.0, score: 1.0449779438204132e-05
scale: 369.0, score: 1.0663239663699642e-05
scale: 370.0, score: 1.0879758519877214e-05
scale: 371.0, score: 1.1099286894022953e-05
scale: 372.0, score: 1.1321752936055418e-05
scale: 373.0, score: 1.1547102076292504e-05
scale: 374.0, score: 1.1775292477977928e-05
scale: 375.0, score: 1.2006258657493163e-05
scale: 376.0, score: 1.2239945135661401e-05
scale: 377.0, score: 1.2476302799768746e-05
scale: 378.0, score: 1.2715277080133092e-05
scale: 379.0, score: 1.2956810678588226e-05
scale: 380.0, score: 1.3200864486861974e-05
scale: 381.0, score: 1.344739484920865e-05
scale: 382.0, score: 1.3696331734536216e-05
scale: 383.0, score: 1.3947645129519515e-05
self.delta: 324.0
17 tensor([-99999,      0,     10,     15,     20,     25,     30,     35,     40,
            45,     50,     55,     60,     65,     70,     75,     80],
       device='cuda:0', dtype=torch.int32)
17 tensor([  0.,   1.,   2.,   3.,   4.,   6.,   8.,  12.,  16.,  24.,  32.,  48.,
         64.,  96., 128., 192., 256.], device='cuda:0')
17 tensor([0.0000, 0.0031, 0.0062, 0.0093, 0.0123, 0.0185, 0.0247, 0.0370, 0.0494,
        0.0741, 0.0988, 0.1481, 0.1975, 0.2963, 0.3951, 0.5926, 0.7901],
       device='cuda:0')
scale: 256.0, score: 2.0779791157110594e-05
scale: 257.0, score: 2.0156317987130024e-05
scale: 258.0, score: 1.9549181160982698e-05
scale: 259.0, score: 1.8958056898554787e-05
scale: 260.0, score: 1.8382630514679477e-05
scale: 261.0, score: 1.782259096216876e-05
scale: 262.0, score: 1.7277645383728668e-05
scale: 263.0, score: 1.674748637015e-05
scale: 264.0, score: 1.6231837435043417e-05
scale: 265.0, score: 1.573040572111495e-05
scale: 266.0, score: 1.5242919289448764e-05
scale: 267.0, score: 1.4769110748602543e-05
scale: 268.0, score: 1.4308708159660455e-05
scale: 269.0, score: 1.386146050208481e-05
scale: 270.0, score: 1.3427104931906797e-05
scale: 271.0, score: 1.3005406799493358e-05
scale: 272.0, score: 1.259610871784389e-05
scale: 273.0, score: 1.219897694682004e-05
scale: 274.0, score: 1.1813776836788747e-05
scale: 275.0, score: 1.1440286471042782e-05
scale: 276.0, score: 1.10782784759067e-05
scale: 277.0, score: 1.0727530025178567e-05
scale: 278.0, score: 1.038783011608757e-05
scale: 279.0, score: 1.0058967745862901e-05
scale: 280.0, score: 9.740741006680764e-06
scale: 281.0, score: 9.432940714759752e-06
scale: 282.0, score: 9.135371328738984e-06
scale: 283.0, score: 8.847848221193999e-06
scale: 284.0, score: 8.570171303290408e-06
scale: 285.0, score: 8.302163223561365e-06
scale: 286.0, score: 8.043630259635393e-06
scale: 287.0, score: 7.794404154992662e-06
scale: 288.0, score: 7.5543089224083815e-06
scale: 289.0, score: 7.323169484152459e-06
scale: 290.0, score: 7.1008184931997675e-06
scale: 291.0, score: 6.887096787977498e-06
scale: 292.0, score: 6.6818342929764185e-06
scale: 293.0, score: 6.48487775833928e-06
scale: 294.0, score: 6.296075298450887e-06
scale: 295.0, score: 6.115270934969885e-06
scale: 296.0, score: 5.942319148743991e-06
scale: 297.0, score: 5.777066689915955e-06
scale: 298.0, score: 5.6193794080172665e-06
scale: 299.0, score: 5.469107691169484e-06
scale: 300.0, score: 5.3261223911249544e-06
scale: 301.0, score: 5.19028526468901e-06
scale: 302.0, score: 5.061463070887839e-06
scale: 303.0, score: 4.939526661473792e-06
scale: 304.0, score: 4.824345069209812e-06
scale: 305.0, score: 4.715800969279371e-06
scale: 306.0, score: 4.613767487171572e-06
scale: 307.0, score: 4.518122750596376e-06
scale: 308.0, score: 4.428752163221361e-06
scale: 309.0, score: 4.345540673966752e-06
scale: 310.0, score: 4.268370958016021e-06
scale: 311.0, score: 4.1971347854996566e-06
scale: 312.0, score: 4.131723017053446e-06
scale: 313.0, score: 4.072026513313176e-06
scale: 314.0, score: 4.017942956124898e-06
scale: 315.0, score: 3.969367298850557e-06
scale: 316.0, score: 3.926198132830905e-06
scale: 317.0, score: 3.8883372326381505e-06
scale: 318.0, score: 3.855686372844502e-06
scale: 319.0, score: 3.828150056506274e-06
scale: 320.0, score: 3.805636424658587e-06
scale: 321.0, score: 3.788049980357755e-06
scale: 322.0, score: 3.775303184738732e-06
scale: 323.0, score: 3.7673055430786917e-06
scale: 324.0, score: 3.7639708807546413e-06
scale: 325.0, score: 3.7652134778909385e-06
scale: 326.0, score: 3.7709496609750204e-06
scale: 327.0, score: 3.7810957564943237e-06
scale: 328.0, score: 3.7955726384097943e-06
scale: 329.0, score: 3.8142995890666498e-06
scale: 330.0, score: 3.837199528788915e-06
scale: 331.0, score: 3.86419560527429e-06
scale: 332.0, score: 3.895212557836203e-06
scale: 333.0, score: 3.930175807909109e-06
scale: 334.0, score: 3.969013960158918e-06
scale: 335.0, score: 4.0116569834935945e-06
scale: 336.0, score: 4.058032118336996e-06
scale: 337.0, score: 4.1080729715758935e-06
scale: 338.0, score: 4.161711331107654e-06
scale: 339.0, score: 4.218881258566398e-06
scale: 340.0, score: 4.2795163608388975e-06
scale: 341.0, score: 4.343555247032782e-06
scale: 342.0, score: 4.410933797771577e-06
scale: 343.0, score: 4.481589257920859e-06
scale: 344.0, score: 4.555463874567067e-06
scale: 345.0, score: 4.632495347323129e-06
scale: 346.0, score: 4.712629561254289e-06
scale: 347.0, score: 4.795805125468178e-06
scale: 348.0, score: 4.881965196545934e-06
scale: 349.0, score: 4.971055204805452e-06
scale: 350.0, score: 5.063025582785485e-06
scale: 351.0, score: 5.157816303835716e-06
scale: 352.0, score: 5.2553764362528455e-06
scale: 353.0, score: 5.355658686312381e-06
scale: 354.0, score: 5.458606665342813e-06
scale: 355.0, score: 5.5641744438617025e-06
scale: 356.0, score: 5.672309271176346e-06
scale: 357.0, score: 5.782966127299005e-06
scale: 358.0, score: 5.896100446989294e-06
scale: 359.0, score: 6.011658570059808e-06
scale: 360.0, score: 6.129598205006914e-06
scale: 361.0, score: 6.249879334063735e-06
scale: 362.0, score: 6.372448297042865e-06
scale: 363.0, score: 6.497270078398287e-06
scale: 364.0, score: 6.62429829390021e-06
scale: 365.0, score: 6.753491561539704e-06
scale: 366.0, score: 6.884813046781346e-06
scale: 367.0, score: 7.0182131821638905e-06
scale: 368.0, score: 7.15365786163602e-06
scale: 369.0, score: 7.291108886420261e-06
scale: 370.0, score: 7.430524874507682e-06
scale: 371.0, score: 7.571873538836371e-06
scale: 372.0, score: 7.715108949923888e-06
scale: 373.0, score: 7.86019882070832e-06
scale: 374.0, score: 8.007112228369806e-06
scale: 375.0, score: 8.155810974130873e-06
scale: 376.0, score: 8.306255040224642e-06
scale: 377.0, score: 8.45841714181006e-06
scale: 378.0, score: 8.61225817061495e-06
scale: 379.0, score: 8.76774538483005e-06
scale: 380.0, score: 8.924851499614306e-06
scale: 381.0, score: 9.083548320631962e-06
scale: 382.0, score: 9.243790373147931e-06
scale: 383.0, score: 9.405560376762878e-06
self.delta: 324.0
17 tensor([-99999,      0,     10,     15,     20,     25,     30,     35,     40,
            45,     50,     55,     60,     65,     70,     75,     80],
       device='cuda:0', dtype=torch.int32)
17 tensor([  0.,   1.,   2.,   3.,   4.,   6.,   8.,  12.,  16.,  24.,  32.,  48.,
         64.,  96., 128., 192., 256.], device='cuda:0')
17 tensor([0.0000, 0.0031, 0.0062, 0.0093, 0.0123, 0.0185, 0.0247, 0.0370, 0.0494,
        0.0741, 0.0988, 0.1481, 0.1975, 0.2963, 0.3951, 0.5926, 0.7901],
       device='cuda:0')
scale: 256.0, score: 2.0177985788905062e-05
scale: 257.0, score: 1.9565883121686056e-05
scale: 258.0, score: 1.896983121696394e-05
scale: 259.0, score: 1.838951175159309e-05
scale: 260.0, score: 1.7824619135353714e-05
scale: 261.0, score: 1.7274838683078997e-05
scale: 262.0, score: 1.6739890270400792e-05
scale: 263.0, score: 1.6219471945078112e-05
scale: 264.0, score: 1.5713307220721617e-05
scale: 265.0, score: 1.5221110515994951e-05
scale: 266.0, score: 1.4742614439455792e-05
scale: 267.0, score: 1.4277556147135329e-05
scale: 268.0, score: 1.3825670976075344e-05
scale: 269.0, score: 1.3386707905738149e-05
scale: 270.0, score: 1.2960412277607247e-05
scale: 271.0, score: 1.2546553080028389e-05
scale: 272.0, score: 1.2144873835495673e-05
scale: 273.0, score: 1.1755149898817763e-05
scale: 274.0, score: 1.13771466203616e-05
scale: 275.0, score: 1.1010647540388163e-05
scale: 276.0, score: 1.0655431651684921e-05
scale: 277.0, score: 1.0311275218555238e-05
scale: 278.0, score: 9.977974514185917e-06
scale: 279.0, score: 9.65532126429025e-06
scale: 280.0, score: 9.34311538003385e-06
scale: 281.0, score: 9.04115404409822e-06
scale: 282.0, score: 8.749244443606585e-06
scale: 283.0, score: 8.467203770123888e-06
scale: 284.0, score: 8.194835572794545e-06
scale: 285.0, score: 7.931967047625221e-06
scale: 286.0, score: 7.678407200728543e-06
scale: 287.0, score: 7.433990049321437e-06
scale: 288.0, score: 7.1985441536526196e-06
scale: 289.0, score: 6.971895800234051e-06
scale: 290.0, score: 6.753881280019414e-06
scale: 291.0, score: 6.544344159920001e-06
scale: 292.0, score: 6.3431166381633375e-06
scale: 293.0, score: 6.150049557618331e-06
scale: 294.0, score: 5.964993306406541e-06
scale: 295.0, score: 5.787793725176016e-06
scale: 296.0, score: 5.618309842247982e-06
scale: 297.0, score: 5.456387953017838e-06
scale: 298.0, score: 5.3018979997432325e-06
scale: 299.0, score: 5.15469400852453e-06
scale: 300.0, score: 5.014646831114078e-06
scale: 301.0, score: 4.881621407548664e-06
scale: 302.0, score: 4.755488134833286e-06
scale: 303.0, score: 4.636119683709694e-06
scale: 304.0, score: 4.523385996435536e-06
scale: 305.0, score: 4.417172476678388e-06
scale: 306.0, score: 4.317355433158809e-06
scale: 307.0, score: 4.223813448334113e-06
scale: 308.0, score: 4.136435563850682e-06
scale: 309.0, score: 4.055107183376094e-06
scale: 310.0, score: 3.9797141653252766e-06
scale: 311.0, score: 3.9101500988181215e-06
scale: 312.0, score: 3.84630766347982e-06
scale: 313.0, score: 3.7880784020671854e-06
scale: 314.0, score: 3.7353634070314e-06
scale: 315.0, score: 3.6880583138554357e-06
scale: 316.0, score: 3.646065124485176e-06
scale: 317.0, score: 3.6092856134928297e-06
scale: 318.0, score: 3.5776238291873597e-06
scale: 319.0, score: 3.5509860936144833e-06
scale: 320.0, score: 3.529281912051374e-06
scale: 321.0, score: 3.512417833917425e-06
scale: 322.0, score: 3.500307229842292e-06
scale: 323.0, score: 3.4928618788399035e-06
scale: 324.0, score: 3.4899967431556433e-06
scale: 325.0, score: 3.4916276945295976e-06
scale: 326.0, score: 3.497672423691256e-06
scale: 327.0, score: 3.5080488487437833e-06
scale: 328.0, score: 3.5226789805165026e-06
scale: 329.0, score: 3.541483920344035e-06
scale: 330.0, score: 3.564387725418783e-06
scale: 331.0, score: 3.591314225559472e-06
scale: 332.0, score: 3.622191115937312e-06
scale: 333.0, score: 3.656943590613082e-06
scale: 334.0, score: 3.6955023006157717e-06
scale: 335.0, score: 3.73779744222702e-06
scale: 336.0, score: 3.783758756981115e-06
scale: 337.0, score: 3.833320988633204e-06
scale: 338.0, score: 3.886415925080655e-06
scale: 339.0, score: 3.942979674320668e-06
scale: 340.0, score: 4.002946752734715e-06
scale: 341.0, score: 4.0662571336724795e-06
scale: 342.0, score: 4.132847152504837e-06
scale: 343.0, score: 4.20265632783412e-06
scale: 344.0, score: 4.2756273614941165e-06
scale: 345.0, score: 4.351698407845106e-06
scale: 346.0, score: 4.430816261447035e-06
scale: 347.0, score: 4.512920440902235e-06
scale: 348.0, score: 4.597957286023302e-06
scale: 349.0, score: 4.685871317633428e-06
scale: 350.0, score: 4.776614332513418e-06
scale: 351.0, score: 4.870127213507658e-06
scale: 352.0, score: 4.966359028912848e-06
scale: 353.0, score: 5.065265213488601e-06
scale: 354.0, score: 5.166788469068706e-06
scale: 355.0, score: 5.270885594654828e-06
scale: 356.0, score: 5.377502930059563e-06
scale: 357.0, score: 5.486597274284577e-06
scale: 358.0, score: 5.598124971584184e-06
scale: 359.0, score: 5.71203236177098e-06
scale: 360.0, score: 5.828278517583385e-06
scale: 361.0, score: 5.946824330749223e-06
scale: 362.0, score: 6.067617050575791e-06
scale: 363.0, score: 6.190620752022369e-06
scale: 364.0, score: 6.3157922340906225e-06
scale: 365.0, score: 6.443090114771621e-06
scale: 366.0, score: 6.572477559529943e-06
scale: 367.0, score: 6.703906365146395e-06
scale: 368.0, score: 6.837341516074957e-06
scale: 369.0, score: 6.972747996769613e-06
scale: 370.0, score: 7.110083515726728e-06
scale: 371.0, score: 7.249316695379093e-06
scale: 372.0, score: 7.390403879981022e-06
scale: 373.0, score: 7.533310053986497e-06
scale: 374.0, score: 7.678008842049167e-06
scale: 375.0, score: 7.824457497918047e-06
scale: 376.0, score: 7.972622370289173e-06
scale: 377.0, score: 8.122472536342684e-06
scale: 378.0, score: 8.273973435279913e-06
scale: 379.0, score: 8.42708868731279e-06
scale: 380.0, score: 8.581793736084364e-06
scale: 381.0, score: 8.738060387258884e-06
scale: 382.0, score: 8.895844985090662e-06
scale: 383.0, score: 9.055130249180365e-06
self.delta: 324.0
17 tensor([-99999,      0,     10,     15,     20,     25,     30,     35,     40,
            45,     50,     55,     60,     65,     70,     75,     80],
       device='cuda:0', dtype=torch.int32)
17 tensor([  0.,   1.,   2.,   3.,   4.,   6.,   8.,  12.,  16.,  24.,  32.,  48.,
         64.,  96., 128., 192., 256.], device='cuda:0')
17 tensor([0.0000, 0.0031, 0.0062, 0.0093, 0.0123, 0.0185, 0.0247, 0.0370, 0.0494,
        0.0741, 0.0988, 0.1481, 0.1975, 0.2963, 0.3951, 0.5926, 0.7901],
       device='cuda:0')
scale: 256.0, score: 2.156447953893803e-05
scale: 257.0, score: 2.0920770111843012e-05
scale: 258.0, score: 2.0293624402256683e-05
scale: 259.0, score: 1.968271863006521e-05
scale: 260.0, score: 1.9087729015154764e-05
scale: 261.0, score: 1.8508344510337338e-05
scale: 262.0, score: 1.794427225831896e-05
scale: 263.0, score: 1.7395195754943416e-05
scale: 264.0, score: 1.6860840332810767e-05
scale: 265.0, score: 1.634090585866943e-05
scale: 266.0, score: 1.5835119484108873e-05
scale: 267.0, score: 1.5343210179707967e-05
scale: 268.0, score: 1.4864902368572075e-05
scale: 269.0, score: 1.4399945030163508e-05
scale: 270.0, score: 1.3948068954050541e-05
scale: 271.0, score: 1.350904130958952e-05
scale: 272.0, score: 1.308259743382223e-05
scale: 273.0, score: 1.2668502677115612e-05
scale: 274.0, score: 1.2266516932868399e-05
scale: 275.0, score: 1.1876422831846867e-05
scale: 276.0, score: 1.1497983905428555e-05
scale: 277.0, score: 1.1130976417916827e-05
scale: 278.0, score: 1.0775189366540872e-05
scale: 279.0, score: 1.0430406291561667e-05
scale: 280.0, score: 1.0096422556671314e-05
scale: 281.0, score: 9.773030797077809e-06
scale: 282.0, score: 9.46003092394676e-06
scale: 283.0, score: 9.157233762380201e-06
scale: 284.0, score: 8.864440133038443e-06
scale: 285.0, score: 8.581469046475831e-06
scale: 286.0, score: 8.308124961331487e-06
scale: 287.0, score: 8.044238711590879e-06
scale: 288.0, score: 7.789630217303056e-06
scale: 289.0, score: 7.544124855485279e-06
scale: 290.0, score: 7.307550276891561e-06
scale: 291.0, score: 7.079747319949092e-06
scale: 292.0, score: 6.860542725917185e-06
scale: 293.0, score: 6.64978324493859e-06
scale: 294.0, score: 6.4473147176613566e-06
scale: 295.0, score: 6.252977527765324e-06
scale: 296.0, score: 6.06662661084556e-06
scale: 297.0, score: 5.88810598856071e-06
scale: 298.0, score: 5.717278781958157e-06
scale: 299.0, score: 5.55399537915946e-06
scale: 300.0, score: 5.398123903432861e-06
scale: 301.0, score: 5.2495242925942875e-06
scale: 302.0, score: 5.108062850922579e-06
scale: 303.0, score: 4.973609065928031e-06
scale: 304.0, score: 4.846029241889482e-06
scale: 305.0, score: 4.7252033255063e-06
scale: 306.0, score: 4.611005351762287e-06
scale: 307.0, score: 4.503311174630653e-06
scale: 308.0, score: 4.402004833536921e-06
scale: 309.0, score: 4.3069690036645625e-06
scale: 310.0, score: 4.218085905449698e-06
scale: 311.0, score: 4.135245490033412e-06
scale: 312.0, score: 4.058337253809441e-06
scale: 313.0, score: 3.987250238424167e-06
scale: 314.0, score: 3.9218816709762905e-06
scale: 315.0, score: 3.862124685838353e-06
scale: 316.0, score: 3.807877646977431e-06
scale: 317.0, score: 3.759038918360602e-06
scale: 318.0, score: 3.7155105019337498e-06
scale: 319.0, score: 3.6771957638848107e-06
scale: 320.0, score: 3.6440010262595024e-06
scale: 321.0, score: 3.615829882619437e-06
scale: 322.0, score: 3.592593657231191e-06
scale: 323.0, score: 3.574200263756211e-06
scale: 324.0, score: 3.560563527571503e-06
scale: 325.0, score: 3.5515947729436448e-06
scale: 326.0, score: 3.5472110084810993e-06
scale: 327.0, score: 3.5473265143082244e-06
scale: 328.0, score: 3.551861027517589e-06
scale: 329.0, score: 3.5607336030807346e-06
scale: 330.0, score: 3.5738655697059585e-06
scale: 331.0, score: 3.5911784834752325e-06
scale: 332.0, score: 3.6125973110756604e-06
scale: 333.0, score: 3.638045427578618e-06
scale: 334.0, score: 3.66745121027634e-06
scale: 335.0, score: 3.700742581713712e-06
scale: 336.0, score: 3.737847237061942e-06
scale: 337.0, score: 3.778697191592073e-06
scale: 338.0, score: 3.8232224142120685e-06
scale: 339.0, score: 3.871357876050752e-06
scale: 340.0, score: 3.9230349102581386e-06
scale: 341.0, score: 3.9781921259418596e-06
scale: 342.0, score: 4.036763129988685e-06
scale: 343.0, score: 4.098686076758895e-06
scale: 344.0, score: 4.163901849096874e-06
scale: 345.0, score: 4.232346327626146e-06
scale: 346.0, score: 4.303965397411957e-06
scale: 347.0, score: 4.378695848572534e-06
scale: 348.0, score: 4.456482201931067e-06
scale: 349.0, score: 4.537268068816047e-06
scale: 350.0, score: 4.621001153282123e-06
scale: 351.0, score: 4.707624157163082e-06
scale: 352.0, score: 4.797082056029467e-06
scale: 353.0, score: 4.889328920398839e-06
scale: 354.0, score: 4.984306997357635e-06
scale: 355.0, score: 5.081970357423415e-06
scale: 356.0, score: 5.182264430914074e-06
scale: 357.0, score: 5.285144197841873e-06
scale: 358.0, score: 5.390563273977023e-06
scale: 359.0, score: 5.498468908626819e-06
scale: 360.0, score: 5.6088174460455775e-06
scale: 361.0, score: 5.721567958971718e-06
scale: 362.0, score: 5.836665877723135e-06
scale: 363.0, score: 5.9540761867538095e-06
scale: 364.0, score: 6.073751592339249e-06
scale: 365.0, score: 6.195650712470524e-06
scale: 366.0, score: 6.319734893622808e-06
scale: 367.0, score: 6.445955932576908e-06
scale: 368.0, score: 6.57427654005005e-06
scale: 369.0, score: 6.704658972012112e-06
scale: 370.0, score: 6.837061846454162e-06
scale: 371.0, score: 6.971451512072235e-06
scale: 372.0, score: 7.107782948878594e-06
scale: 373.0, score: 7.246021141327219e-06
scale: 374.0, score: 7.3861374403350055e-06
scale: 375.0, score: 7.528088190156268e-06
scale: 376.0, score: 7.671838829992339e-06
scale: 377.0, score: 7.817356163286604e-06
scale: 378.0, score: 7.964606083987746e-06
scale: 379.0, score: 8.11354948382359e-06
scale: 380.0, score: 8.264162715931889e-06
scale: 381.0, score: 8.416414857492782e-06
scale: 382.0, score: 8.570262252760585e-06
scale: 383.0, score: 8.725685802346561e-06
self.delta: 326.0
17 tensor([-99999,      0,     10,     15,     20,     25,     30,     35,     40,
            45,     50,     55,     60,     65,     70,     75,     80],
       device='cuda:0', dtype=torch.int32)
17 tensor([  0.,   1.,   2.,   3.,   4.,   6.,   8.,  12.,  16.,  24.,  32.,  48.,
         64.,  96., 128., 192., 256.], device='cuda:0')
17 tensor([0.0000, 0.0031, 0.0061, 0.0092, 0.0123, 0.0184, 0.0245, 0.0368, 0.0491,
        0.0736, 0.0982, 0.1472, 0.1963, 0.2945, 0.3926, 0.5890, 0.7853],
       device='cuda:0')
scale: 256.0, score: 3.5006552934646606e-05
scale: 257.0, score: 3.394411760382354e-05
scale: 258.0, score: 3.2908970752032474e-05
scale: 259.0, score: 3.190057395840995e-05
scale: 260.0, score: 3.091841426794417e-05
scale: 261.0, score: 2.9961956897750497e-05
scale: 262.0, score: 2.9030728910584003e-05
scale: 263.0, score: 2.812421735143289e-05
scale: 264.0, score: 2.724195110204164e-05
scale: 265.0, score: 2.638344631122891e-05
scale: 266.0, score: 2.554825732659083e-05
scale: 267.0, score: 2.4735929400776513e-05
scale: 268.0, score: 2.394601506239269e-05
scale: 269.0, score: 2.317809958185535e-05
scale: 270.0, score: 2.2431737306760624e-05
scale: 271.0, score: 2.170654079236556e-05
scale: 272.0, score: 2.1002086214139126e-05
scale: 273.0, score: 2.0317977032391354e-05
scale: 274.0, score: 1.965382216440048e-05
scale: 275.0, score: 1.9009255993296392e-05
scale: 276.0, score: 1.838390016928315e-05
scale: 277.0, score: 1.777737998054363e-05
scale: 278.0, score: 1.718934981909115e-05
scale: 279.0, score: 1.6619451344013214e-05
scale: 280.0, score: 1.6067351680248976e-05
scale: 281.0, score: 1.5532703400822356e-05
scale: 282.0, score: 1.5015178178146016e-05
scale: 283.0, score: 1.4514466784021351e-05
scale: 284.0, score: 1.4030239981366321e-05
scale: 285.0, score: 1.3562200365413446e-05
scale: 286.0, score: 1.3110024156048894e-05
scale: 287.0, score: 1.2673434866883326e-05
scale: 288.0, score: 1.225213327415986e-05
scale: 289.0, score: 1.1845832887047436e-05
scale: 290.0, score: 1.1454251762188505e-05
scale: 291.0, score: 1.1077125236624852e-05
scale: 292.0, score: 1.0714170457504224e-05
scale: 293.0, score: 1.0365131856815424e-05
scale: 294.0, score: 1.0029756595031358e-05
scale: 295.0, score: 9.707783647172619e-06
scale: 296.0, score: 9.398971997143235e-06
scale: 297.0, score: 9.103063348447904e-06
scale: 298.0, score: 8.819834874884691e-06
scale: 299.0, score: 8.549041012884118e-06
scale: 300.0, score: 8.290461664728355e-06
scale: 301.0, score: 8.043866728257854e-06
scale: 302.0, score: 7.809037924744189e-06
scale: 303.0, score: 7.585757430206286e-06
scale: 304.0, score: 7.373806056421017e-06
scale: 305.0, score: 7.172988716774853e-06
scale: 306.0, score: 6.983093953749631e-06
scale: 307.0, score: 6.803918495279504e-06
scale: 308.0, score: 6.6352722569718026e-06
scale: 309.0, score: 6.476961516455049e-06
scale: 310.0, score: 6.3287934608524665e-06
scale: 311.0, score: 6.190583007992245e-06
scale: 312.0, score: 6.062152351660188e-06
scale: 313.0, score: 5.943316409684485e-06
scale: 314.0, score: 5.833906470797956e-06
scale: 315.0, score: 5.733746093028458e-06
scale: 316.0, score: 5.642667929350864e-06
scale: 317.0, score: 5.560505996982101e-06
scale: 318.0, score: 5.487097496370552e-06
scale: 319.0, score: 5.422282356448704e-06
scale: 320.0, score: 5.365908236854011e-06
scale: 321.0, score: 5.31781461177161e-06
scale: 322.0, score: 5.277856416796567e-06
scale: 323.0, score: 5.245882221061038e-06
scale: 324.0, score: 5.221748324402142e-06
scale: 325.0, score: 5.205311936151702e-06
scale: 326.0, score: 5.196431629883591e-06
scale: 327.0, score: 5.194970981392544e-06
scale: 328.0, score: 5.200794475967996e-06
scale: 329.0, score: 5.21377023687819e-06
scale: 330.0, score: 5.2337677516334224e-06
scale: 331.0, score: 5.260658326733392e-06
scale: 332.0, score: 5.294318270898657e-06
scale: 333.0, score: 5.334622528607724e-06
scale: 334.0, score: 5.3814515013073105e-06
scale: 335.0, score: 5.434685590444133e-06
scale: 336.0, score: 5.494208380696364e-06
scale: 337.0, score: 5.559905730478931e-06
scale: 338.0, score: 5.631663498206763e-06
scale: 339.0, score: 5.709373454010347e-06
scale: 340.0, score: 5.792924184788717e-06
scale: 341.0, score: 5.882212008145871e-06
scale: 342.0, score: 5.97713005845435e-06
scale: 343.0, score: 6.077575108065503e-06
scale: 344.0, score: 6.183448931551538e-06
scale: 345.0, score: 6.2946483012638055e-06
scale: 346.0, score: 6.411081358237425e-06
scale: 347.0, score: 6.532646693813149e-06
scale: 348.0, score: 6.659250175289344e-06
scale: 349.0, score: 6.790800398448482e-06
scale: 350.0, score: 6.9272123255359475e-06
scale: 351.0, score: 7.06838864061865e-06
scale: 352.0, score: 7.214242486952571e-06
scale: 353.0, score: 7.364694738498656e-06
scale: 354.0, score: 7.51965035306057e-06
scale: 355.0, score: 7.67903657106217e-06
scale: 356.0, score: 7.842761078791227e-06
scale: 357.0, score: 8.010748388187494e-06
scale: 358.0, score: 8.18292664916953e-06
scale: 359.0, score: 8.35920491226716e-06
scale: 360.0, score: 8.539513146388344e-06
scale: 361.0, score: 8.723783139430452e-06
scale: 362.0, score: 8.91192667040741e-06
scale: 363.0, score: 9.103882803174201e-06
scale: 364.0, score: 9.299576049670577e-06
scale: 365.0, score: 9.498937288299203e-06
scale: 366.0, score: 9.701903763925657e-06
scale: 367.0, score: 9.908393622026779e-06
scale: 368.0, score: 1.0118347745446954e-05
scale: 369.0, score: 1.0331705198041163e-05
scale: 370.0, score: 1.0548394129727967e-05
scale: 371.0, score: 1.0768362699309364e-05
scale: 372.0, score: 1.0991533599735703e-05
scale: 373.0, score: 1.1217849532840773e-05
scale: 374.0, score: 1.1447265933384188e-05
scale: 375.0, score: 1.1679709132295102e-05
scale: 376.0, score: 1.1915121831407305e-05
scale: 377.0, score: 1.2153450370533392e-05
scale: 378.0, score: 1.239463654201245e-05
scale: 379.0, score: 1.2638619409699459e-05
scale: 380.0, score: 1.2885354408354033e-05
scale: 381.0, score: 1.3134796972735785e-05
scale: 382.0, score: 1.3386871614784468e-05
scale: 383.0, score: 1.3641545592690818e-05
self.delta: 327.0
17 tensor([-99999,      0,     10,     15,     20,     25,     30,     35,     40,
            45,     50,     55,     60,     65,     70,     75,     80],
       device='cuda:0', dtype=torch.int32)
17 tensor([  0.,   1.,   2.,   3.,   4.,   6.,   8.,  12.,  16.,  24.,  32.,  48.,
         64.,  96., 128., 192., 256.], device='cuda:0')
17 tensor([0.0000, 0.0031, 0.0061, 0.0092, 0.0122, 0.0183, 0.0245, 0.0367, 0.0489,
        0.0734, 0.0979, 0.1468, 0.1957, 0.2936, 0.3914, 0.5872, 0.7829],
       device='cuda:0')
scale: 256.0, score: 1.8025959434453398e-05
scale: 257.0, score: 1.7493002815172076e-05
scale: 258.0, score: 1.6973779565887526e-05
scale: 259.0, score: 1.6468011381221004e-05
scale: 260.0, score: 1.5975443602656014e-05
scale: 261.0, score: 1.549580520077143e-05
scale: 262.0, score: 1.502885697846068e-05
scale: 263.0, score: 1.4574345186701976e-05
scale: 264.0, score: 1.4132028809399344e-05
scale: 265.0, score: 1.3701666830456816e-05
scale: 266.0, score: 1.328303278569365e-05
scale: 267.0, score: 1.2875900210929103e-05
scale: 268.0, score: 1.2480042641982436e-05
scale: 269.0, score: 1.2095249985577539e-05
scale: 270.0, score: 1.1721298506017774e-05
scale: 271.0, score: 1.1357995390426368e-05
scale: 272.0, score: 1.1005124179064296e-05
scale: 273.0, score: 1.0662487511581276e-05
scale: 274.0, score: 1.0329888937121723e-05
scale: 275.0, score: 1.0007143828261178e-05
scale: 276.0, score: 9.694059372122865e-06
scale: 277.0, score: 9.390450941282324e-06
scale: 278.0, score: 9.09614118427271e-06
scale: 279.0, score: 8.810951840132475e-06
scale: 280.0, score: 8.534713742847089e-06
scale: 281.0, score: 8.267253178928513e-06
scale: 282.0, score: 8.008404620341025e-06
scale: 283.0, score: 7.758013452985324e-06
scale: 284.0, score: 7.515912784583634e-06
scale: 285.0, score: 7.281953003257513e-06
scale: 286.0, score: 7.055971764202695e-06
scale: 287.0, score: 6.837829005235108e-06
scale: 288.0, score: 6.627375114476308e-06
scale: 289.0, score: 6.424465482268715e-06
scale: 290.0, score: 6.22895731794415e-06
scale: 291.0, score: 6.0407191995182075e-06
scale: 292.0, score: 5.859607426828006e-06
scale: 293.0, score: 5.685494215867948e-06
scale: 294.0, score: 5.518251327885082e-06
scale: 295.0, score: 5.3577482503897045e-06
scale: 296.0, score: 5.203863111091778e-06
scale: 297.0, score: 5.056465852248948e-06
scale: 298.0, score: 4.915446425002301e-06
scale: 299.0, score: 4.7806779548409395e-06
scale: 300.0, score: 4.652051757148001e-06
scale: 301.0, score: 4.529451871349011e-06
scale: 302.0, score: 4.412768248585053e-06
scale: 303.0, score: 4.3018903852498624e-06
scale: 304.0, score: 4.196708687231876e-06
scale: 305.0, score: 4.097125838598004e-06
scale: 306.0, score: 4.003034518973436e-06
scale: 307.0, score: 3.914332410204224e-06
scale: 308.0, score: 3.830924015346682e-06
scale: 309.0, score: 3.752712245841394e-06
scale: 310.0, score: 3.6795988762605703e-06
scale: 311.0, score: 3.6114922750130063e-06
scale: 312.0, score: 3.548301947375876e-06
scale: 313.0, score: 3.4899348975159228e-06
scale: 314.0, score: 3.436306542425882e-06
scale: 315.0, score: 3.3873279789986555e-06
scale: 316.0, score: 3.3429153063480044e-06
scale: 317.0, score: 3.302983941466664e-06
scale: 318.0, score: 3.267453166699852e-06
scale: 319.0, score: 3.2362420370191103e-06
scale: 320.0, score: 3.209273472748464e-06
scale: 321.0, score: 3.186467893101508e-06
scale: 322.0, score: 3.167750946886372e-06
scale: 323.0, score: 3.153046691295458e-06
scale: 324.0, score: 3.1422835036210017e-06
scale: 325.0, score: 3.135388624286861e-06
scale: 326.0, score: 3.1322924769483507e-06
scale: 327.0, score: 3.1329243483924074e-06
scale: 328.0, score: 3.1372176181321265e-06
scale: 329.0, score: 3.145104983559577e-06
scale: 330.0, score: 3.156521188429906e-06
scale: 331.0, score: 3.1714016586192884e-06
scale: 332.0, score: 3.189683866366977e-06
scale: 333.0, score: 3.2113050565385493e-06
scale: 334.0, score: 3.2362047477363376e-06
scale: 335.0, score: 3.2643233680573758e-06
scale: 336.0, score: 3.2956013455986977e-06
scale: 337.0, score: 3.3299829738098197e-06
scale: 338.0, score: 3.367408908161451e-06
scale: 339.0, score: 3.407825715839863e-06
scale: 340.0, score: 3.451177008173545e-06
scale: 341.0, score: 3.4974111713381717e-06
scale: 342.0, score: 3.5464734082779614e-06
scale: 343.0, score: 3.5983130146632902e-06
scale: 344.0, score: 3.6528799682855606e-06
scale: 345.0, score: 3.710122200573096e-06
scale: 346.0, score: 3.7699935546697816e-06
scale: 347.0, score: 3.8324428714986425e-06
scale: 348.0, score: 3.897423539456213e-06
scale: 349.0, score: 3.964888946939027e-06
scale: 350.0, score: 4.034796347696101e-06
scale: 351.0, score: 4.107097083760891e-06
scale: 352.0, score: 4.181746135145659e-06
scale: 353.0, score: 4.25870575782028e-06
scale: 354.0, score: 4.337927293818211e-06
scale: 355.0, score: 4.4193743633513805e-06
scale: 356.0, score: 4.502999217947945e-06
scale: 357.0, score: 4.588765932567185e-06
scale: 358.0, score: 4.676636308431625e-06
scale: 359.0, score: 4.766566689795582e-06
scale: 360.0, score: 4.85851933262893e-06
scale: 361.0, score: 4.952462404617108e-06
scale: 362.0, score: 5.048349976277677e-06
scale: 363.0, score: 5.146152034285478e-06
scale: 364.0, score: 5.245830379863037e-06
scale: 365.0, score: 5.347349997464335e-06
scale: 366.0, score: 5.450680419016862e-06
scale: 367.0, score: 5.5557793530169874e-06
scale: 368.0, score: 5.662618150381604e-06
scale: 369.0, score: 5.771163614554098e-06
scale: 370.0, score: 5.881383003725205e-06
scale: 371.0, score: 5.993247214064468e-06
scale: 372.0, score: 6.106720320531167e-06
scale: 373.0, score: 6.221771855052793e-06
scale: 374.0, score: 6.338379080261802e-06
scale: 375.0, score: 6.456505161622772e-06
scale: 376.0, score: 6.576121450052597e-06
scale: 377.0, score: 6.697201115457574e-06
scale: 378.0, score: 6.819715054007247e-06
scale: 379.0, score: 6.943631888134405e-06
scale: 380.0, score: 7.068930699460907e-06
scale: 381.0, score: 7.195586931629805e-06
scale: 382.0, score: 7.32356511434773e-06
scale: 383.0, score: 7.452845693478594e-06
self.delta: 326.0
17 tensor([-99999,      0,     10,     15,     20,     25,     30,     35,     40,
            45,     50,     55,     60,     65,     70,     75,     80],
       device='cuda:0', dtype=torch.int32)
17 tensor([  0.,   1.,   2.,   3.,   4.,   6.,   8.,  12.,  16.,  24.,  32.,  48.,
         64.,  96., 128., 192., 256.], device='cuda:0')
17 tensor([0.0000, 0.0031, 0.0061, 0.0092, 0.0123, 0.0184, 0.0245, 0.0368, 0.0491,
        0.0736, 0.0982, 0.1472, 0.1963, 0.2945, 0.3926, 0.5890, 0.7853],
       device='cuda:0')
Performing scale reparameterization ...
Validating ...
Test: [0/250]	Time 4.267 (4.267)	Loss 0.6341 (0.6341)	Prec@1 87.500 (87.500)	Prec@5 99.000 (99.000)
Test: [100/250]	Time 1.821 (1.845)	Loss 1.5027 (0.9691)	Prec@1 67.500 (81.505)	Prec@5 88.000 (95.421)
Test: [200/250]	Time 1.819 (1.832)	Loss 0.6430 (1.1892)	Prec@1 91.500 (76.619)	Prec@5 98.500 (92.495)
 * Prec@1 75.836 Prec@5 92.164 Time 457.516
