Namespace(model='deit_tiny', dataset='dataset/imagenet/', calib_batchsize=32, val_batchsize=200, num_workers=8, device='cuda', print_freq=100, seed=0, w_bits=4, a_bits=4, log_quant_scheme='BitLog2_Half_17')
Building dataloader ...
Building model ...
Performing initial quantization ...
scale: 256.0, score: 4.545779665932059e-05
scale: 257.0, score: 4.397336670081131e-05
scale: 258.0, score: 4.2532225052127615e-05
scale: 259.0, score: 4.113349496037699e-05
scale: 260.0, score: 3.977634696639143e-05
scale: 261.0, score: 3.845991159323603e-05
scale: 262.0, score: 3.7183421227382496e-05
scale: 263.0, score: 3.594604640966281e-05
scale: 264.0, score: 3.4747030440485105e-05
scale: 265.0, score: 3.3585594792384654e-05
scale: 266.0, score: 3.246100459364243e-05
scale: 267.0, score: 3.1372535886475816e-05
scale: 268.0, score: 3.03194610751234e-05
scale: 269.0, score: 2.9301105314516462e-05
scale: 270.0, score: 2.831675737979822e-05
scale: 271.0, score: 2.7365784262656234e-05
scale: 272.0, score: 2.6447500204085372e-05
scale: 273.0, score: 2.5561270376783796e-05
scale: 274.0, score: 2.470646722940728e-05
scale: 275.0, score: 2.3882490495452657e-05
scale: 276.0, score: 2.3088730813469738e-05
scale: 277.0, score: 2.2324589735944755e-05
scale: 278.0, score: 2.1589505195152014e-05
scale: 279.0, score: 2.088290057145059e-05
scale: 280.0, score: 2.0204231987008825e-05
scale: 281.0, score: 1.9552950107026845e-05
scale: 282.0, score: 1.8928523786598817e-05
scale: 283.0, score: 1.8330449165659957e-05
scale: 284.0, score: 1.7758196918293834e-05
scale: 285.0, score: 1.7211288650287315e-05
scale: 286.0, score: 1.66892114066286e-05
scale: 287.0, score: 1.6191506801987998e-05
scale: 288.0, score: 1.5717698261141777e-05
scale: 289.0, score: 1.526732557977084e-05
scale: 290.0, score: 1.4839934920019004e-05
scale: 291.0, score: 1.4435097909881733e-05
scale: 292.0, score: 1.4052365258976351e-05
scale: 293.0, score: 1.3691324056708254e-05
scale: 294.0, score: 1.335155866399873e-05
scale: 295.0, score: 1.3032660717726685e-05
scale: 296.0, score: 1.2734235497191548e-05
scale: 297.0, score: 1.2455876458261628e-05
scale: 298.0, score: 1.2197219803056214e-05
scale: 299.0, score: 1.1957873539358843e-05
scale: 300.0, score: 1.173748114524642e-05
scale: 301.0, score: 1.153567609435413e-05
scale: 302.0, score: 1.1352105502737686e-05
scale: 303.0, score: 1.1186420124431606e-05
scale: 304.0, score: 1.1038274351449218e-05
scale: 305.0, score: 1.0907348041655496e-05
scale: 306.0, score: 1.0793305591505487e-05
scale: 307.0, score: 1.069582413038006e-05
scale: 308.0, score: 1.0614590792101808e-05
scale: 309.0, score: 1.0549299076956231e-05
scale: 310.0, score: 1.0499643394723535e-05
scale: 311.0, score: 1.0465326340636238e-05
scale: 312.0, score: 1.0446058695379179e-05
scale: 313.0, score: 1.0441551239637192e-05
scale: 314.0, score: 1.0451528396515641e-05
scale: 315.0, score: 1.047571004164638e-05
scale: 316.0, score: 1.0513827874092385e-05
scale: 317.0, score: 1.0565619049884845e-05
scale: 318.0, score: 1.063082254404435e-05
scale: 319.0, score: 1.0709181879065e-05
scale: 320.0, score: 1.080044785339851e-05
scale: 321.0, score: 1.0904375812970102e-05
scale: 322.0, score: 1.1020722922694404e-05
scale: 323.0, score: 1.1149259080411866e-05
scale: 324.0, score: 1.1289741451037116e-05
scale: 325.0, score: 1.144195266533643e-05
scale: 326.0, score: 1.1605666259129066e-05
scale: 327.0, score: 1.1780655768234283e-05
scale: 328.0, score: 1.1966720194322988e-05
scale: 329.0, score: 1.2163633982709143e-05
scale: 330.0, score: 1.2371202501526568e-05
scale: 331.0, score: 1.2589208381541539e-05
scale: 332.0, score: 1.2817466085834894e-05
scale: 333.0, score: 1.3055764611635823e-05
scale: 334.0, score: 1.3303923878993373e-05
scale: 335.0, score: 1.3561753803514875e-05
scale: 336.0, score: 1.3829062481818255e-05
scale: 337.0, score: 1.4105673471931368e-05
scale: 338.0, score: 1.4391401236935053e-05
scale: 339.0, score: 1.4686078429804184e-05
scale: 340.0, score: 1.4989523151598405e-05
scale: 341.0, score: 1.530157715023961e-05
scale: 342.0, score: 1.562206307426095e-05
scale: 343.0, score: 1.5950821762089618e-05
scale: 344.0, score: 1.6287700418615714e-05
scale: 345.0, score: 1.6632528058835305e-05
scale: 346.0, score: 1.6985168258543126e-05
scale: 347.0, score: 1.7345451851724647e-05
scale: 348.0, score: 1.7713229681248777e-05
scale: 349.0, score: 1.808835986594204e-05
scale: 350.0, score: 1.8470715076546185e-05
scale: 351.0, score: 1.886012796603609e-05
scale: 352.0, score: 1.9256467567174695e-05
scale: 353.0, score: 1.9659610188682564e-05
scale: 354.0, score: 2.00694048544392e-05
scale: 355.0, score: 2.0485736968112178e-05
scale: 356.0, score: 2.0908453734591603e-05
scale: 357.0, score: 2.1337447833502665e-05
scale: 358.0, score: 2.1772595573565923e-05
scale: 359.0, score: 2.221376053057611e-05
scale: 360.0, score: 2.2660822651232593e-05
scale: 361.0, score: 2.3113687348086387e-05
scale: 362.0, score: 2.3572201826027595e-05
scale: 363.0, score: 2.4036282411543652e-05
scale: 364.0, score: 2.4505803594365716e-05
scale: 365.0, score: 2.4980658054118976e-05
scale: 366.0, score: 2.5460749384365045e-05
scale: 367.0, score: 2.594594297988806e-05
scale: 368.0, score: 2.6436147891217843e-05
scale: 369.0, score: 2.693126953090541e-05
scale: 370.0, score: 2.743119875958655e-05
scale: 371.0, score: 2.793584826576989e-05
scale: 372.0, score: 2.84450979961548e-05
scale: 373.0, score: 2.8958858820260502e-05
scale: 374.0, score: 2.9477057978510857e-05
scale: 375.0, score: 2.999958633154165e-05
scale: 376.0, score: 3.0526352929882705e-05
scale: 377.0, score: 3.105726500507444e-05
scale: 378.0, score: 3.159223706461489e-05
scale: 379.0, score: 3.213116724509746e-05
scale: 380.0, score: 3.267400461481884e-05
scale: 381.0, score: 3.322066550026648e-05
scale: 382.0, score: 3.3771026210160926e-05
scale: 383.0, score: 3.432504672673531e-05
self.delta: 313.0
17 tensor([-99999,      0,     10,     15,     20,     25,     30,     35,     40,
            45,     50,     55,     60,     65,     70,     75,     80],
       device='cuda:0', dtype=torch.int32)
17 tensor([  0.,   1.,   2.,   3.,   4.,   6.,   8.,  12.,  16.,  24.,  32.,  48.,
         64.,  96., 128., 192., 256.], device='cuda:0')
17 tensor([0.0000, 0.0032, 0.0064, 0.0096, 0.0128, 0.0192, 0.0256, 0.0383, 0.0511,
        0.0767, 0.1022, 0.1534, 0.2045, 0.3067, 0.4089, 0.6134, 0.8179],
       device='cuda:0')
scale: 256.0, score: 8.379716746276245e-05
scale: 257.0, score: 8.114605589071289e-05
scale: 258.0, score: 7.856465526856482e-05
scale: 259.0, score: 7.605159044032916e-05
scale: 260.0, score: 7.360550807788968e-05
scale: 261.0, score: 7.122506940504536e-05
scale: 262.0, score: 6.890903023304418e-05
scale: 263.0, score: 6.665610271738842e-05
scale: 264.0, score: 6.446506449719891e-05
scale: 265.0, score: 6.233470048755407e-05
scale: 266.0, score: 6.026383562129922e-05
scale: 267.0, score: 5.8251320297131315e-05
scale: 268.0, score: 5.629600855172612e-05
scale: 269.0, score: 5.4396819905377924e-05
scale: 270.0, score: 5.255263749859296e-05
scale: 271.0, score: 5.0762449973262846e-05
scale: 272.0, score: 4.902516957372427e-05
scale: 273.0, score: 4.733979585580528e-05
scale: 274.0, score: 4.57053174613975e-05
scale: 275.0, score: 4.412079942994751e-05
scale: 276.0, score: 4.258526678313501e-05
scale: 277.0, score: 4.109775909455493e-05
scale: 278.0, score: 3.965739597333595e-05
scale: 279.0, score: 3.826325701083988e-05
scale: 280.0, score: 3.691448364406824e-05
scale: 281.0, score: 3.561019912012853e-05
scale: 282.0, score: 3.434955215197988e-05
scale: 283.0, score: 3.313175693619996e-05
scale: 284.0, score: 3.195595490979031e-05
scale: 285.0, score: 3.0821403925074264e-05
scale: 286.0, score: 2.9727263608947396e-05
scale: 287.0, score: 2.8672828193521127e-05
scale: 288.0, score: 2.7657326427288353e-05
scale: 289.0, score: 2.668003253347706e-05
scale: 290.0, score: 2.5740217097336426e-05
scale: 291.0, score: 2.483720709278714e-05
scale: 292.0, score: 2.3970278562046587e-05
scale: 293.0, score: 2.3138773030950688e-05
scale: 294.0, score: 2.2342046577250585e-05
scale: 295.0, score: 2.1579424355877563e-05
scale: 296.0, score: 2.085029518639203e-05
scale: 297.0, score: 2.01539969566511e-05
scale: 298.0, score: 1.9489963960950263e-05
scale: 299.0, score: 1.885755773400888e-05
scale: 300.0, score: 1.8256219846080057e-05
scale: 301.0, score: 1.7685359125607647e-05
scale: 302.0, score: 1.7144418961834162e-05
scale: 303.0, score: 1.6632840925012715e-05
scale: 304.0, score: 1.6150066585396416e-05
scale: 305.0, score: 1.569559026393108e-05
scale: 306.0, score: 1.5268877177732065e-05
scale: 307.0, score: 1.4869405276840553e-05
scale: 308.0, score: 1.449668616260169e-05
scale: 309.0, score: 1.4150224160403013e-05
scale: 310.0, score: 1.3829524505126756e-05
scale: 311.0, score: 1.3534120625990909e-05
scale: 312.0, score: 1.3263551409181673e-05
scale: 313.0, score: 1.301734573644353e-05
scale: 314.0, score: 1.279506705031963e-05
scale: 315.0, score: 1.259627242689021e-05
scale: 316.0, score: 1.2420528037182521e-05
scale: 317.0, score: 1.226741005666554e-05
scale: 318.0, score: 1.2136501936765853e-05
scale: 319.0, score: 1.202739713335177e-05
scale: 320.0, score: 1.1939699106733315e-05
scale: 321.0, score: 1.1873008588736411e-05
scale: 322.0, score: 1.1826942682091612e-05
scale: 323.0, score: 1.180112303700298e-05
scale: 324.0, score: 1.179517676064279e-05
scale: 325.0, score: 1.1808738236140925e-05
scale: 326.0, score: 1.1841451851068996e-05
scale: 327.0, score: 1.189296290249331e-05
scale: 328.0, score: 1.1962927601416595e-05
scale: 329.0, score: 1.2051007615809795e-05
scale: 330.0, score: 1.2156871889601462e-05
scale: 331.0, score: 1.2280189366720151e-05
scale: 332.0, score: 1.2420644452504348e-05
scale: 333.0, score: 1.2577914276334923e-05
scale: 334.0, score: 1.2751696885970887e-05
scale: 335.0, score: 1.294168941967655e-05
scale: 336.0, score: 1.3147587196726818e-05
scale: 337.0, score: 1.3369105545280036e-05
scale: 338.0, score: 1.3605946151074022e-05
scale: 339.0, score: 1.3857837075192947e-05
scale: 340.0, score: 1.4124491826805752e-05
scale: 341.0, score: 1.4405647561943624e-05
scale: 342.0, score: 1.4701028703711927e-05
scale: 343.0, score: 1.501037331763655e-05
scale: 344.0, score: 1.53334294736851e-05
scale: 345.0, score: 1.566993523738347e-05
scale: 346.0, score: 1.6019654140109196e-05
scale: 347.0, score: 1.6382327885366976e-05
scale: 348.0, score: 1.6757716366555542e-05
scale: 349.0, score: 1.7145583115052432e-05
scale: 350.0, score: 1.7545717128086835e-05
scale: 351.0, score: 1.795786556613166e-05
scale: 352.0, score: 1.8381802874500863e-05
scale: 353.0, score: 1.881733987829648e-05
scale: 354.0, score: 1.926422555698082e-05
scale: 355.0, score: 1.9722268916666508e-05
scale: 356.0, score: 2.0191242583678104e-05
scale: 357.0, score: 2.0670951926149428e-05
scale: 358.0, score: 2.116121322615072e-05
scale: 359.0, score: 2.1661797291017137e-05
scale: 360.0, score: 2.2172514945850708e-05
scale: 361.0, score: 2.269320611958392e-05
scale: 362.0, score: 2.3223634343594313e-05
scale: 363.0, score: 2.3763648641761392e-05
scale: 364.0, score: 2.4313063477165997e-05
scale: 365.0, score: 2.487169149389956e-05
scale: 366.0, score: 2.543937625887338e-05
scale: 367.0, score: 2.6015912226284854e-05
scale: 368.0, score: 2.6601146601024084e-05
scale: 369.0, score: 2.7194919312023558e-05
scale: 370.0, score: 2.7797055736300536e-05
scale: 371.0, score: 2.840741944964975e-05
scale: 372.0, score: 2.9025810363236815e-05
scale: 373.0, score: 2.965209205285646e-05
scale: 374.0, score: 3.0286133551271632e-05
scale: 375.0, score: 3.09277638734784e-05
scale: 376.0, score: 3.157683022436686e-05
scale: 377.0, score: 3.223319799872115e-05
scale: 378.0, score: 3.289671803941019e-05
scale: 379.0, score: 3.3567230275366455e-05
scale: 380.0, score: 3.4244632843183354e-05
scale: 381.0, score: 3.492879477562383e-05
scale: 382.0, score: 3.561954144970514e-05
scale: 383.0, score: 3.6316774639999494e-05
self.delta: 324.0
17 tensor([-99999,      0,     10,     15,     20,     25,     30,     35,     40,
            45,     50,     55,     60,     65,     70,     75,     80],
       device='cuda:0', dtype=torch.int32)
17 tensor([  0.,   1.,   2.,   3.,   4.,   6.,   8.,  12.,  16.,  24.,  32.,  48.,
         64.,  96., 128., 192., 256.], device='cuda:0')
17 tensor([0.0000, 0.0031, 0.0062, 0.0093, 0.0123, 0.0185, 0.0247, 0.0370, 0.0494,
        0.0741, 0.0988, 0.1481, 0.1975, 0.2963, 0.3951, 0.5926, 0.7901],
       device='cuda:0')
scale: 256.0, score: 9.436645632376894e-05
scale: 257.0, score: 9.142661292571574e-05
scale: 258.0, score: 8.856242493493482e-05
scale: 259.0, score: 8.577239350415766e-05
scale: 260.0, score: 8.305511437356472e-05
scale: 261.0, score: 8.040907414397225e-05
scale: 262.0, score: 7.78329704189673e-05
scale: 263.0, score: 7.532539893873036e-05
scale: 264.0, score: 7.288504275493324e-05
scale: 265.0, score: 7.051055581541732e-05
scale: 266.0, score: 6.82007084833458e-05
scale: 267.0, score: 6.595423474209383e-05
scale: 268.0, score: 6.376989767886698e-05
scale: 269.0, score: 6.164653314044699e-05
scale: 270.0, score: 5.9582929679891095e-05
scale: 271.0, score: 5.7577999541535974e-05
scale: 272.0, score: 5.563055310631171e-05
scale: 273.0, score: 5.3739520808449015e-05
scale: 274.0, score: 5.190379670239054e-05
scale: 275.0, score: 5.012238398194313e-05
scale: 276.0, score: 4.8394209443358704e-05
scale: 277.0, score: 4.671824717661366e-05
scale: 278.0, score: 4.5093544031260535e-05
scale: 279.0, score: 4.351910320110619e-05
scale: 280.0, score: 4.1993986087618396e-05
scale: 281.0, score: 4.0517246816307306e-05
scale: 282.0, score: 3.908797589247115e-05
scale: 283.0, score: 3.770531475311145e-05
scale: 284.0, score: 3.636834298959002e-05
scale: 285.0, score: 3.5076231142738834e-05
scale: 286.0, score: 3.382809882168658e-05
scale: 287.0, score: 3.262316022301093e-05
scale: 288.0, score: 3.1460600439459085e-05
scale: 289.0, score: 3.0339619115693495e-05
scale: 290.0, score: 2.9259432267281227e-05
scale: 291.0, score: 2.8219314117450267e-05
scale: 292.0, score: 2.7218467948841862e-05
scale: 293.0, score: 2.625619526952505e-05
scale: 294.0, score: 2.5331788492621854e-05
scale: 295.0, score: 2.4444530936307274e-05
scale: 296.0, score: 2.3593747755512595e-05
scale: 297.0, score: 2.2778725906391628e-05
scale: 298.0, score: 2.1998850570525974e-05
scale: 299.0, score: 2.1253430531942286e-05
scale: 300.0, score: 2.0541867343126796e-05
scale: 301.0, score: 1.986351162486244e-05
scale: 302.0, score: 1.9217766748624854e-05
scale: 303.0, score: 1.8604026990942657e-05
scale: 304.0, score: 1.802168299036566e-05
scale: 305.0, score: 1.7470194507041015e-05
scale: 306.0, score: 1.694897400739137e-05
scale: 307.0, score: 1.6457461242680438e-05
scale: 308.0, score: 1.5995126886991784e-05
scale: 309.0, score: 1.5561430700472556e-05
scale: 310.0, score: 1.5155840628722217e-05
scale: 311.0, score: 1.4777847354707774e-05
scale: 312.0, score: 1.4426954294322059e-05
scale: 313.0, score: 1.4102646673563868e-05
scale: 314.0, score: 1.3804458831145894e-05
scale: 315.0, score: 1.3531901458918583e-05
scale: 316.0, score: 1.328451071458403e-05
scale: 317.0, score: 1.3061824574833736e-05
scale: 318.0, score: 1.286339193029562e-05
scale: 319.0, score: 1.2688772585534025e-05
scale: 320.0, score: 1.2537539078039117e-05
scale: 321.0, score: 1.2409253031364642e-05
scale: 322.0, score: 1.23035042634001e-05
scale: 323.0, score: 1.2219877135066781e-05
scale: 324.0, score: 1.215797419718001e-05
scale: 325.0, score: 1.2117395272071008e-05
scale: 326.0, score: 1.2097754733986221e-05
scale: 327.0, score: 1.2098667866666801e-05
scale: 328.0, score: 1.211976177728502e-05
scale: 329.0, score: 1.2160670848970767e-05
scale: 330.0, score: 1.2221034012327436e-05
scale: 331.0, score: 1.2300494745431934e-05
scale: 332.0, score: 1.2398706530802883e-05
scale: 333.0, score: 1.2515324669948313e-05
scale: 334.0, score: 1.2650018106796779e-05
scale: 335.0, score: 1.2802457604266237e-05
scale: 336.0, score: 1.2972316653758753e-05
scale: 337.0, score: 1.3159281479602214e-05
scale: 338.0, score: 1.3363031939661596e-05
scale: 339.0, score: 1.3583269719674718e-05
scale: 340.0, score: 1.381968741043238e-05
scale: 341.0, score: 1.4071998521103524e-05
scale: 342.0, score: 1.4339902008941863e-05
scale: 343.0, score: 1.4623115930589847e-05
scale: 344.0, score: 1.4921366528142244e-05
scale: 345.0, score: 1.5234367310767993e-05
scale: 346.0, score: 1.5561865438940004e-05
scale: 347.0, score: 1.590357715031132e-05
scale: 348.0, score: 1.625924232939724e-05
scale: 349.0, score: 1.6628608136670664e-05
scale: 350.0, score: 1.7011438103509136e-05
scale: 351.0, score: 1.7407464838470332e-05
scale: 352.0, score: 1.7816442777984776e-05
scale: 353.0, score: 1.8238155462313443e-05
scale: 354.0, score: 1.867234277597163e-05
scale: 355.0, score: 1.9118797354167327e-05
scale: 356.0, score: 1.957726271939464e-05
scale: 357.0, score: 2.004753696382977e-05
scale: 358.0, score: 2.0529416360659525e-05
scale: 359.0, score: 2.102264807035681e-05
scale: 360.0, score: 2.1527037461055443e-05
scale: 361.0, score: 2.2042395357857458e-05
scale: 362.0, score: 2.256847801618278e-05
scale: 363.0, score: 2.3105119907995686e-05
scale: 364.0, score: 2.3652110030525364e-05
scale: 365.0, score: 2.4209253751905635e-05
scale: 366.0, score: 2.4776378268143162e-05
scale: 367.0, score: 2.5353258024551906e-05
scale: 368.0, score: 2.593973113107495e-05
scale: 369.0, score: 2.6535619326750748e-05
scale: 370.0, score: 2.7140737074660137e-05
scale: 371.0, score: 2.7754927941714413e-05
scale: 372.0, score: 2.837798820110038e-05
scale: 373.0, score: 2.900975596276112e-05
scale: 374.0, score: 2.9650100259459578e-05
scale: 375.0, score: 3.0298822821350768e-05
scale: 376.0, score: 3.095576539635658e-05
scale: 377.0, score: 3.1620780646335334e-05
scale: 378.0, score: 3.22937048622407e-05
scale: 379.0, score: 3.2974367059068754e-05
scale: 380.0, score: 3.3662650821497664e-05
scale: 381.0, score: 3.435842154431157e-05
scale: 382.0, score: 3.5061482776654884e-05
scale: 383.0, score: 3.5771732655121014e-05
self.delta: 326.0
17 tensor([-99999,      0,     10,     15,     20,     25,     30,     35,     40,
            45,     50,     55,     60,     65,     70,     75,     80],
       device='cuda:0', dtype=torch.int32)
17 tensor([  0.,   1.,   2.,   3.,   4.,   6.,   8.,  12.,  16.,  24.,  32.,  48.,
         64.,  96., 128., 192., 256.], device='cuda:0')
17 tensor([0.0000, 0.0031, 0.0061, 0.0092, 0.0123, 0.0184, 0.0245, 0.0368, 0.0491,
        0.0736, 0.0982, 0.1472, 0.1963, 0.2945, 0.3926, 0.5890, 0.7853],
       device='cuda:0')
scale: 256.0, score: 2.69321881205542e-05
scale: 257.0, score: 2.61218174273381e-05
scale: 258.0, score: 2.5332341465400532e-05
scale: 259.0, score: 2.456333822919987e-05
scale: 260.0, score: 2.3814409360056743e-05
scale: 261.0, score: 2.308515649929177e-05
scale: 262.0, score: 2.237520857306663e-05
scale: 263.0, score: 2.1684176317648962e-05
scale: 264.0, score: 2.1011697754147463e-05
scale: 265.0, score: 2.0357405446702614e-05
scale: 266.0, score: 1.972095742530655e-05
scale: 267.0, score: 1.910200262500439e-05
scale: 268.0, score: 1.8500202713767067e-05
scale: 269.0, score: 1.791523209249135e-05
scale: 270.0, score: 1.7346757886116393e-05
scale: 271.0, score: 1.679448178038001e-05
scale: 272.0, score: 1.625807271921076e-05
scale: 273.0, score: 1.5737236026325263e-05
scale: 274.0, score: 1.5231667930493131e-05
scale: 275.0, score: 1.4741090126335621e-05
scale: 276.0, score: 1.426520884706406e-05
scale: 277.0, score: 1.3803741239826195e-05
scale: 278.0, score: 1.3356420822674409e-05
scale: 279.0, score: 1.2922974747198168e-05
scale: 280.0, score: 1.2503143807407469e-05
scale: 281.0, score: 1.2096667887817603e-05
scale: 282.0, score: 1.1703291420417372e-05
scale: 283.0, score: 1.1322781574563123e-05
scale: 284.0, score: 1.0954881872748956e-05
scale: 285.0, score: 1.0599368579278234e-05
scale: 286.0, score: 1.0255990673613269e-05
scale: 287.0, score: 9.924537152983248e-06
scale: 288.0, score: 9.604779734218027e-06
scale: 289.0, score: 9.296498319599777e-06
scale: 290.0, score: 8.999477358884178e-06
scale: 291.0, score: 8.713514034752734e-06
scale: 292.0, score: 8.438390977971721e-06
scale: 293.0, score: 8.173914466169663e-06
scale: 294.0, score: 7.919889867480379e-06
scale: 295.0, score: 7.676117093069479e-06
scale: 296.0, score: 7.442411515512504e-06
scale: 297.0, score: 7.21857668395387e-06
scale: 298.0, score: 7.004440703894943e-06
scale: 299.0, score: 6.7998148551851045e-06
scale: 300.0, score: 6.604533155041281e-06
scale: 301.0, score: 6.418417342501925e-06
scale: 302.0, score: 6.241300980036613e-06
scale: 303.0, score: 6.073016720620217e-06
scale: 304.0, score: 5.913397217227612e-06
scale: 305.0, score: 5.7622933127277065e-06
scale: 306.0, score: 5.619543117063586e-06
scale: 307.0, score: 5.484990651893895e-06
scale: 308.0, score: 5.358491762308404e-06
scale: 309.0, score: 5.2398959269339684e-06
scale: 310.0, score: 5.129055352881551e-06
scale: 311.0, score: 5.025831796956481e-06
scale: 312.0, score: 4.930085651722038e-06
scale: 313.0, score: 4.841675945499446e-06
scale: 314.0, score: 4.7604748942831066e-06
scale: 315.0, score: 4.686346983362455e-06
scale: 316.0, score: 4.6191635192371905e-06
scale: 317.0, score: 4.558797172649065e-06
scale: 318.0, score: 4.505123342823936e-06
scale: 319.0, score: 4.458020612219116e-06
scale: 320.0, score: 4.4173716560180765e-06
scale: 321.0, score: 4.3830536924360786e-06
scale: 322.0, score: 4.354955308372155e-06
scale: 323.0, score: 4.332960543251829e-06
scale: 324.0, score: 4.316959802963538e-06
scale: 325.0, score: 4.306843948143069e-06
scale: 326.0, score: 4.302505203668261e-06
scale: 327.0, score: 4.303837613406358e-06
scale: 328.0, score: 4.31073840445606e-06
scale: 329.0, score: 4.3231061681581195e-06
scale: 330.0, score: 4.340841314842692e-06
scale: 331.0, score: 4.363846528576687e-06
scale: 332.0, score: 4.392024493427016e-06
scale: 333.0, score: 4.425281076692045e-06
scale: 334.0, score: 4.4635248741542455e-06
scale: 335.0, score: 4.506664026848739e-06
scale: 336.0, score: 4.5546098590421025e-06
scale: 337.0, score: 4.607273695000913e-06
scale: 338.0, score: 4.664569587475853e-06
scale: 339.0, score: 4.72641431770171e-06
scale: 340.0, score: 4.7927219384291675e-06
scale: 341.0, score: 4.863414233113872e-06
scale: 342.0, score: 4.938408437737962e-06
scale: 343.0, score: 5.017626335757086e-06
scale: 344.0, score: 5.100991984363645e-06
scale: 345.0, score: 5.1884271670132875e-06
scale: 346.0, score: 5.2798604883719236e-06
scale: 347.0, score: 5.3752155508846045e-06
scale: 348.0, score: 5.474419594975188e-06
scale: 349.0, score: 5.577402589551639e-06
scale: 350.0, score: 5.68409996049013e-06
scale: 351.0, score: 5.794437129225116e-06
scale: 352.0, score: 5.908346793148667e-06
scale: 353.0, score: 6.025769380357815e-06
scale: 354.0, score: 6.146632131276419e-06
scale: 355.0, score: 6.27087865723297e-06
scale: 356.0, score: 6.39843892713543e-06
scale: 357.0, score: 6.529255188070238e-06
scale: 358.0, score: 6.663271960860584e-06
scale: 359.0, score: 6.800421033403836e-06
scale: 360.0, score: 6.940645562281134e-06
scale: 361.0, score: 7.0838964347785804e-06
scale: 362.0, score: 7.230104984046193e-06
scale: 363.0, score: 7.37922482585418e-06
scale: 364.0, score: 7.531199116783682e-06
scale: 365.0, score: 7.685973287152592e-06
scale: 366.0, score: 7.843500497983769e-06
scale: 367.0, score: 8.003717084648088e-06
scale: 368.0, score: 8.166579391399864e-06
scale: 369.0, score: 8.332038305525202e-06
scale: 370.0, score: 8.5000410763314e-06
scale: 371.0, score: 8.670546776556876e-06
scale: 372.0, score: 8.843499927024823e-06
scale: 373.0, score: 9.018850505526643e-06
scale: 374.0, score: 9.196566679747775e-06
scale: 375.0, score: 9.376593880006112e-06
scale: 376.0, score: 9.558887541061267e-06
scale: 377.0, score: 9.74340673565166e-06
scale: 378.0, score: 9.930105079547502e-06
scale: 379.0, score: 1.0118938007508405e-05
scale: 380.0, score: 1.0309871868230402e-05
scale: 381.0, score: 1.0502870281925425e-05
scale: 382.0, score: 1.0697877769416664e-05
scale: 383.0, score: 1.0894867955357768e-05
self.delta: 326.0
17 tensor([-99999,      0,     10,     15,     20,     25,     30,     35,     40,
            45,     50,     55,     60,     65,     70,     75,     80],
       device='cuda:0', dtype=torch.int32)
17 tensor([  0.,   1.,   2.,   3.,   4.,   6.,   8.,  12.,  16.,  24.,  32.,  48.,
         64.,  96., 128., 192., 256.], device='cuda:0')
17 tensor([0.0000, 0.0031, 0.0061, 0.0092, 0.0123, 0.0184, 0.0245, 0.0368, 0.0491,
        0.0736, 0.0982, 0.1472, 0.1963, 0.2945, 0.3926, 0.5890, 0.7853],
       device='cuda:0')
scale: 256.0, score: 1.4864484910503961e-05
scale: 257.0, score: 1.4430556802835781e-05
scale: 258.0, score: 1.4007790014147758e-05
scale: 259.0, score: 1.3595961718237959e-05
scale: 260.0, score: 1.3194860002840869e-05
scale: 261.0, score: 1.2804270227206871e-05
scale: 262.0, score: 1.2423994121490978e-05
scale: 263.0, score: 1.2053824320901185e-05
scale: 264.0, score: 1.169356892205542e-05
scale: 265.0, score: 1.1343028745613992e-05
scale: 266.0, score: 1.1002021892636549e-05
scale: 267.0, score: 1.0670364645193331e-05
scale: 268.0, score: 1.0347870556870475e-05
scale: 269.0, score: 1.0034371371148154e-05
scale: 270.0, score: 9.72968427959131e-06
scale: 271.0, score: 9.433653758605942e-06
scale: 272.0, score: 9.146099728241097e-06
scale: 273.0, score: 8.866867574397475e-06
scale: 274.0, score: 8.595794497523457e-06
scale: 275.0, score: 8.332730430993252e-06
scale: 276.0, score: 8.077518941718154e-06
scale: 277.0, score: 7.830010872567073e-06
scale: 278.0, score: 7.590061613882426e-06
scale: 279.0, score: 7.357526556006633e-06
scale: 280.0, score: 7.132267000997672e-06
scale: 281.0, score: 6.914143796166172e-06
scale: 282.0, score: 6.703021881548921e-06
scale: 283.0, score: 6.498773927887669e-06
scale: 284.0, score: 6.301265329966554e-06
scale: 285.0, score: 6.1103755797375925e-06
scale: 286.0, score: 5.925971890974324e-06
scale: 287.0, score: 5.747939667344326e-06
scale: 288.0, score: 5.5761579460522626e-06
scale: 289.0, score: 5.410509402281605e-06
scale: 290.0, score: 5.250879439699929e-06
scale: 291.0, score: 5.097158464195672e-06
scale: 292.0, score: 4.949230969941709e-06
scale: 293.0, score: 4.806993274542037e-06
scale: 294.0, score: 4.670341695600655e-06
scale: 295.0, score: 4.5391693674901035e-06
scale: 296.0, score: 4.41337715528789e-06
scale: 297.0, score: 4.29286046710331e-06
scale: 298.0, score: 4.177527898718836e-06
scale: 299.0, score: 4.06727804147522e-06
scale: 300.0, score: 3.962022219639039e-06
scale: 301.0, score: 3.8616658457613084e-06
scale: 302.0, score: 3.7661193346139044e-06
scale: 303.0, score: 3.6752940104634035e-06
scale: 304.0, score: 3.589100060708006e-06
scale: 305.0, score: 3.507457677187631e-06
scale: 306.0, score: 3.4302802305319346e-06
scale: 307.0, score: 3.3574851840967312e-06
scale: 308.0, score: 3.2889945487113437e-06
scale: 309.0, score: 3.224728288842016e-06
scale: 310.0, score: 3.164608415318071e-06
scale: 311.0, score: 3.1085594400792615e-06
scale: 312.0, score: 3.0565083761757705e-06
scale: 313.0, score: 3.0083792808e-06
scale: 314.0, score: 2.9641028049809393e-06
scale: 315.0, score: 2.9236080081318505e-06
scale: 316.0, score: 2.8868255412817234e-06
scale: 317.0, score: 2.8536874197016004e-06
scale: 318.0, score: 2.8241274776519276e-06
scale: 319.0, score: 2.7980804588878527e-06
scale: 320.0, score: 2.7754836082749534e-06
scale: 321.0, score: 2.756271896942053e-06
scale: 322.0, score: 2.740385070865159e-06
scale: 323.0, score: 2.7277617391519016e-06
scale: 324.0, score: 2.718343466767692e-06
scale: 325.0, score: 2.712071136556915e-06
scale: 326.0, score: 2.7088872229796834e-06
scale: 327.0, score: 2.708736246859189e-06
scale: 328.0, score: 2.7115625016449485e-06
scale: 329.0, score: 2.717311872402206e-06
scale: 330.0, score: 2.725931608438259e-06
scale: 331.0, score: 2.7373685043130536e-06
scale: 332.0, score: 2.7515720830706414e-06
scale: 333.0, score: 2.768491413007723e-06
scale: 334.0, score: 2.7880769266630523e-06
scale: 335.0, score: 2.810281102938461e-06
scale: 336.0, score: 2.8350550564937294e-06
scale: 337.0, score: 2.862352630472742e-06
scale: 338.0, score: 2.892126985898358e-06
scale: 339.0, score: 2.9243340122775408e-06
scale: 340.0, score: 2.958928234875202e-06
scale: 341.0, score: 2.9958669074403588e-06
scale: 342.0, score: 3.035106601601001e-06
scale: 343.0, score: 3.0766052532271715e-06
scale: 344.0, score: 3.1203221624309663e-06
scale: 345.0, score: 3.166215719829779e-06
scale: 346.0, score: 3.214247954019811e-06
scale: 347.0, score: 3.2643777103658067e-06
scale: 348.0, score: 3.316566335342941e-06
scale: 349.0, score: 3.37077608492109e-06
scale: 350.0, score: 3.426972625675262e-06
scale: 351.0, score: 3.48511639458593e-06
scale: 352.0, score: 3.545171239238698e-06
scale: 353.0, score: 3.6071053273190046e-06
scale: 354.0, score: 3.6708797779283486e-06
scale: 355.0, score: 3.7364643503678963e-06
scale: 356.0, score: 3.8038215279811993e-06
scale: 357.0, score: 3.872921297443099e-06
scale: 358.0, score: 3.943732735933736e-06
scale: 359.0, score: 4.016219918412389e-06
scale: 360.0, score: 4.0903532863012515e-06
scale: 361.0, score: 4.16610555475927e-06
scale: 362.0, score: 4.2434403439983726e-06
scale: 363.0, score: 4.3223330976616126e-06
scale: 364.0, score: 4.402752892929129e-06
scale: 365.0, score: 4.484671535465168e-06
scale: 366.0, score: 4.568061740428675e-06
scale: 367.0, score: 4.65289258499979e-06
scale: 368.0, score: 4.739139512821566e-06
scale: 369.0, score: 4.8267752390529495e-06
scale: 370.0, score: 4.9157733883475885e-06
scale: 371.0, score: 5.006110313843237e-06
scale: 372.0, score: 5.097756002214737e-06
scale: 373.0, score: 5.190686806599842e-06
scale: 374.0, score: 5.2848836276098154e-06
scale: 375.0, score: 5.380316906666849e-06
scale: 376.0, score: 5.476962996908696e-06
scale: 377.0, score: 5.574800979957217e-06
scale: 378.0, score: 5.673805844708113e-06
scale: 379.0, score: 5.7739525800570846e-06
scale: 380.0, score: 5.8752248150995e-06
scale: 381.0, score: 5.977601176709868e-06
scale: 382.0, score: 6.081054380047135e-06
scale: 383.0, score: 6.18556850895402e-06
self.delta: 327.0
17 tensor([-99999,      0,     10,     15,     20,     25,     30,     35,     40,
            45,     50,     55,     60,     65,     70,     75,     80],
       device='cuda:0', dtype=torch.int32)
17 tensor([  0.,   1.,   2.,   3.,   4.,   6.,   8.,  12.,  16.,  24.,  32.,  48.,
         64.,  96., 128., 192., 256.], device='cuda:0')
17 tensor([0.0000, 0.0031, 0.0061, 0.0092, 0.0122, 0.0183, 0.0245, 0.0367, 0.0489,
        0.0734, 0.0979, 0.1468, 0.1957, 0.2936, 0.3914, 0.5872, 0.7829],
       device='cuda:0')
scale: 256.0, score: 2.8538106562336907e-05
scale: 257.0, score: 2.7685930035659112e-05
scale: 258.0, score: 2.685565959836822e-05
scale: 259.0, score: 2.6046849598060362e-05
scale: 260.0, score: 2.525910531403497e-05
scale: 261.0, score: 2.4491984731866978e-05
scale: 262.0, score: 2.3745111320749857e-05
scale: 263.0, score: 2.3018072170089e-05
scale: 264.0, score: 2.2310492568067275e-05
scale: 265.0, score: 2.1621983250952326e-05
scale: 266.0, score: 2.0952185877831653e-05
scale: 267.0, score: 2.030073846981395e-05
scale: 268.0, score: 1.9667273591039702e-05
scale: 269.0, score: 1.9051467461395077e-05
scale: 270.0, score: 1.8452956282999367e-05
scale: 271.0, score: 1.7871436284622177e-05
scale: 272.0, score: 1.7306556401308626e-05
scale: 273.0, score: 1.6758005585870706e-05
scale: 274.0, score: 1.6225470972131006e-05
scale: 275.0, score: 1.5708657883806154e-05
scale: 276.0, score: 1.520725891168695e-05
scale: 277.0, score: 1.4720977560500614e-05
scale: 278.0, score: 1.4249533705879003e-05
scale: 279.0, score: 1.379264267598046e-05
scale: 280.0, score: 1.3350033441383857e-05
scale: 281.0, score: 1.2921428606205154e-05
scale: 282.0, score: 1.2506568054959644e-05
scale: 283.0, score: 1.2105201676604338e-05
scale: 284.0, score: 1.1717061170202214e-05
scale: 285.0, score: 1.1341912795614917e-05
scale: 286.0, score: 1.0979495527863037e-05
scale: 287.0, score: 1.0629584721755236e-05
scale: 288.0, score: 1.0291945727658458e-05
scale: 289.0, score: 9.966342076950241e-06
scale: 290.0, score: 9.652552762418054e-06
scale: 291.0, score: 9.350361324322876e-06
scale: 292.0, score: 9.05954402696807e-06
scale: 293.0, score: 8.77989259606693e-06
scale: 294.0, score: 8.51120876177447e-06
scale: 295.0, score: 8.25327788334107e-06
scale: 296.0, score: 8.005909876374062e-06
scale: 297.0, score: 7.768896466586739e-06
scale: 298.0, score: 7.542059393017553e-06
scale: 299.0, score: 7.325198112084763e-06
scale: 300.0, score: 7.118140274542384e-06
scale: 301.0, score: 6.920700343471253e-06
scale: 302.0, score: 6.732701422151877e-06
scale: 303.0, score: 6.553969797096215e-06
scale: 304.0, score: 6.384329481079476e-06
scale: 305.0, score: 6.223623586265603e-06
scale: 306.0, score: 6.071683401387418e-06
scale: 307.0, score: 5.928345217398601e-06
scale: 308.0, score: 5.793455784441903e-06
scale: 309.0, score: 5.666859578923322e-06
scale: 310.0, score: 5.548402441490907e-06
scale: 311.0, score: 5.437936124508269e-06
scale: 312.0, score: 5.33531783730723e-06
scale: 313.0, score: 5.240398877504049e-06
scale: 314.0, score: 5.153042820893461e-06
scale: 315.0, score: 5.0731100600387435e-06
scale: 316.0, score: 5.000464625481982e-06
scale: 317.0, score: 4.934973730996717e-06
scale: 318.0, score: 4.876506409345893e-06
scale: 319.0, score: 4.824935331271263e-06
scale: 320.0, score: 4.7801372602407355e-06
scale: 321.0, score: 4.741984412248712e-06
scale: 322.0, score: 4.710358552983962e-06
scale: 323.0, score: 4.685139629145851e-06
scale: 324.0, score: 4.666212134907255e-06
scale: 325.0, score: 4.653459654946346e-06
scale: 326.0, score: 4.64677259515156e-06
scale: 327.0, score: 4.646037723432528e-06
scale: 328.0, score: 4.651147719414439e-06
scale: 329.0, score: 4.6619961722171865e-06
scale: 330.0, score: 4.678479399444768e-06
scale: 331.0, score: 4.700493718701182e-06
scale: 332.0, score: 4.727939085569233e-06
scale: 333.0, score: 4.7607154556317255e-06
scale: 334.0, score: 4.798727331944974e-06
scale: 335.0, score: 4.8418792175652925e-06
scale: 336.0, score: 4.890076525043696e-06
scale: 337.0, score: 4.943228304910008e-06
scale: 338.0, score: 5.0012426981993485e-06
scale: 339.0, score: 5.064031938672997e-06
scale: 340.0, score: 5.131508260092232e-06
scale: 341.0, score: 5.203587988944491e-06
scale: 342.0, score: 5.2801851779804565e-06
scale: 343.0, score: 5.3612166084349155e-06
scale: 344.0, score: 5.446604063763516e-06
scale: 345.0, score: 5.536263415706344e-06
scale: 346.0, score: 5.63012326892931e-06
scale: 347.0, score: 5.7280999499198515e-06
scale: 348.0, score: 5.8301193348597735e-06
scale: 349.0, score: 5.936107299930882e-06
scale: 350.0, score: 6.045995633030543e-06
scale: 351.0, score: 6.159706572361756e-06
scale: 352.0, score: 6.277170086832484e-06
scale: 353.0, score: 6.398322966560954e-06
scale: 354.0, score: 6.52309017823427e-06
scale: 355.0, score: 6.6514098762127105e-06
scale: 356.0, score: 6.783211119909538e-06
scale: 357.0, score: 6.918433427927084e-06
scale: 358.0, score: 7.0570167736150324e-06
scale: 359.0, score: 7.198890216386644e-06
scale: 360.0, score: 7.343995548581006e-06
scale: 361.0, score: 7.492279564758064e-06
scale: 362.0, score: 7.64367086958373e-06
scale: 363.0, score: 7.798121259838808e-06
scale: 364.0, score: 7.955570254125632e-06
scale: 365.0, score: 8.115961463772692e-06
scale: 366.0, score: 8.279244866571389e-06
scale: 367.0, score: 8.445354069408495e-06
scale: 368.0, score: 8.614244507043622e-06
scale: 369.0, score: 8.785862519289367e-06
scale: 370.0, score: 8.960155355453026e-06
scale: 371.0, score: 9.13707754079951e-06
scale: 372.0, score: 9.316569958173204e-06
scale: 373.0, score: 9.498585313849617e-06
scale: 374.0, score: 9.683085409051273e-06
scale: 375.0, score: 9.870015674096067e-06
scale: 376.0, score: 1.00593260867754e-05
scale: 377.0, score: 1.0250977538817097e-05
scale: 378.0, score: 1.044492000801256e-05
scale: 379.0, score: 1.0641107110131998e-05
scale: 380.0, score: 1.0839501555892639e-05
scale: 381.0, score: 1.1040065146517009e-05
scale: 382.0, score: 1.1242742402828299e-05
scale: 383.0, score: 1.1447506039985456e-05
self.delta: 327.0
17 tensor([-99999,      0,     10,     15,     20,     25,     30,     35,     40,
            45,     50,     55,     60,     65,     70,     75,     80],
       device='cuda:0', dtype=torch.int32)
17 tensor([  0.,   1.,   2.,   3.,   4.,   6.,   8.,  12.,  16.,  24.,  32.,  48.,
         64.,  96., 128., 192., 256.], device='cuda:0')
17 tensor([0.0000, 0.0031, 0.0061, 0.0092, 0.0122, 0.0183, 0.0245, 0.0367, 0.0489,
        0.0734, 0.0979, 0.1468, 0.1957, 0.2936, 0.3914, 0.5872, 0.7829],
       device='cuda:0')
scale: 256.0, score: 2.226670585514512e-05
scale: 257.0, score: 2.1598019884550013e-05
scale: 258.0, score: 2.0946576114511117e-05
scale: 259.0, score: 2.031203439400997e-05
scale: 260.0, score: 1.9694063666975126e-05
scale: 261.0, score: 1.9092331058345735e-05
scale: 262.0, score: 1.8506536434870213e-05
scale: 263.0, score: 1.7936354197445326e-05
scale: 264.0, score: 1.7381487850798294e-05
scale: 265.0, score: 1.6841637261677533e-05
scale: 266.0, score: 1.631650775379967e-05
scale: 267.0, score: 1.5805824659764767e-05
scale: 268.0, score: 1.530929876025766e-05
scale: 269.0, score: 1.482666630181484e-05
scale: 270.0, score: 1.4357648069562856e-05
scale: 271.0, score: 1.3902003047405742e-05
scale: 272.0, score: 1.3459453839459457e-05
scale: 273.0, score: 1.3029757610638626e-05
scale: 274.0, score: 1.2612666068889666e-05
scale: 275.0, score: 1.2207947293063626e-05
scale: 276.0, score: 1.1815360267064534e-05
scale: 277.0, score: 1.1434670341259334e-05
scale: 278.0, score: 1.1065657417930197e-05
scale: 279.0, score: 1.0708096851885784e-05
scale: 280.0, score: 1.0361777640355285e-05
scale: 281.0, score: 1.0026477866631467e-05
scale: 282.0, score: 9.701991984911729e-06
scale: 283.0, score: 9.388127182319295e-06
scale: 284.0, score: 9.08467063709395e-06
scale: 285.0, score: 8.791436812316533e-06
scale: 286.0, score: 8.508221071679145e-06
scale: 287.0, score: 8.234847882704344e-06
scale: 288.0, score: 7.97112807049416e-06
scale: 289.0, score: 7.716881555097643e-06
scale: 290.0, score: 7.471929166058544e-06
scale: 291.0, score: 7.236104465846438e-06
scale: 292.0, score: 7.009227374510374e-06
scale: 293.0, score: 6.791137366235489e-06
scale: 294.0, score: 6.581674824701622e-06
scale: 295.0, score: 6.3806737671257e-06
scale: 296.0, score: 6.187983217387227e-06
scale: 297.0, score: 6.003438556945184e-06
scale: 298.0, score: 5.82690108785755e-06
scale: 299.0, score: 5.658213012793567e-06
scale: 300.0, score: 5.497236088558566e-06
scale: 301.0, score: 5.3438257054949645e-06
scale: 302.0, score: 5.1978436204080936e-06
scale: 303.0, score: 5.059151135355933e-06
scale: 304.0, score: 4.927610461891163e-06
scale: 305.0, score: 4.803098363481695e-06
scale: 306.0, score: 4.685482053901069e-06
scale: 307.0, score: 4.574631475406932e-06
scale: 308.0, score: 4.470427938940702e-06
scale: 309.0, score: 4.372746843728237e-06
scale: 310.0, score: 4.281468591216253e-06
scale: 311.0, score: 4.196475856588222e-06
scale: 312.0, score: 4.117655862501124e-06
scale: 313.0, score: 4.04489128413843e-06
scale: 314.0, score: 3.978075710620033e-06
scale: 315.0, score: 3.917098638339667e-06
scale: 316.0, score: 3.861852292175172e-06
scale: 317.0, score: 3.812233444477897e-06
scale: 318.0, score: 3.768138867599191e-06
scale: 319.0, score: 3.7294671528798062e-06
scale: 320.0, score: 3.69612212125503e-06
scale: 321.0, score: 3.6680028188129654e-06
scale: 322.0, score: 3.645017159215058e-06
scale: 323.0, score: 3.6270687360229203e-06
scale: 324.0, score: 3.6140679640084272e-06
scale: 325.0, score: 3.605923666327726e-06
scale: 326.0, score: 3.6025478493684204e-06
scale: 327.0, score: 3.6038522921444383e-06
scale: 328.0, score: 3.6097533211432165e-06
scale: 329.0, score: 3.6201661259838147e-06
scale: 330.0, score: 3.635009079516749e-06
scale: 331.0, score: 3.6542012367135612e-06
scale: 332.0, score: 3.6776630167878466e-06
scale: 333.0, score: 3.705316430568928e-06
scale: 334.0, score: 3.7370857626228826e-06
scale: 335.0, score: 3.772895752263139e-06
scale: 336.0, score: 3.812672503045178e-06
scale: 337.0, score: 3.856343482766533e-06
scale: 338.0, score: 3.903837296093116e-06
scale: 339.0, score: 3.955085048801266e-06
scale: 340.0, score: 4.010016709798947e-06
scale: 341.0, score: 4.068566795467632e-06
scale: 342.0, score: 4.130667548452038e-06
scale: 343.0, score: 4.196253485133639e-06
scale: 344.0, score: 4.265263214620063e-06
scale: 345.0, score: 4.337631253292784e-06
scale: 346.0, score: 4.413299393490888e-06
scale: 347.0, score: 4.492203970585251e-06
scale: 348.0, score: 4.574284957925556e-06
scale: 349.0, score: 4.659485512092942e-06
scale: 350.0, score: 4.747750608657952e-06
scale: 351.0, score: 4.839019766222918e-06
scale: 352.0, score: 4.933237050863681e-06
scale: 353.0, score: 5.030354259361047e-06
scale: 354.0, score: 5.1303104555699974e-06
scale: 355.0, score: 5.2330583457660396e-06
scale: 356.0, score: 5.338541086530313e-06
scale: 357.0, score: 5.446711838885676e-06
scale: 358.0, score: 5.557523763854988e-06
scale: 359.0, score: 5.6709200180193875e-06
scale: 360.0, score: 5.786855126643786e-06
scale: 361.0, score: 5.9052872529719025e-06
scale: 362.0, score: 6.026160917826928e-06
scale: 363.0, score: 6.149436103441985e-06
scale: 364.0, score: 6.275067335081985e-06
scale: 365.0, score: 6.40300959275919e-06
scale: 366.0, score: 6.533222858706722e-06
scale: 367.0, score: 6.6656566559686325e-06
scale: 368.0, score: 6.800272785767447e-06
scale: 369.0, score: 6.9370330493256915e-06
scale: 370.0, score: 7.075891517160926e-06
scale: 371.0, score: 7.216815902211238e-06
scale: 372.0, score: 7.359757546510082e-06
scale: 373.0, score: 7.504680979764089e-06
scale: 374.0, score: 7.6515552791534e-06
scale: 375.0, score: 7.800337698427029e-06
scale: 376.0, score: 7.950989129312802e-06
scale: 377.0, score: 8.103476830001455e-06
scale: 378.0, score: 8.257764420704916e-06
scale: 379.0, score: 8.413811883656308e-06
scale: 380.0, score: 8.571593753003981e-06
scale: 381.0, score: 8.731079105928075e-06
scale: 382.0, score: 8.892220648704097e-06
scale: 383.0, score: 9.055001100932714e-06
self.delta: 326.0
17 tensor([-99999,      0,     10,     15,     20,     25,     30,     35,     40,
            45,     50,     55,     60,     65,     70,     75,     80],
       device='cuda:0', dtype=torch.int32)
17 tensor([  0.,   1.,   2.,   3.,   4.,   6.,   8.,  12.,  16.,  24.,  32.,  48.,
         64.,  96., 128., 192., 256.], device='cuda:0')
17 tensor([0.0000, 0.0031, 0.0061, 0.0092, 0.0123, 0.0184, 0.0245, 0.0368, 0.0491,
        0.0736, 0.0982, 0.1472, 0.1963, 0.2945, 0.3926, 0.5890, 0.7853],
       device='cuda:0')
scale: 256.0, score: 3.599084448069334e-05
scale: 257.0, score: 3.489706796244718e-05
scale: 258.0, score: 3.383131115697324e-05
scale: 259.0, score: 3.2793024729471654e-05
scale: 260.0, score: 3.178167389705777e-05
scale: 261.0, score: 3.079671660088934e-05
scale: 262.0, score: 2.9837667170795612e-05
scale: 263.0, score: 2.8903990823891945e-05
scale: 264.0, score: 2.7995212803944014e-05
scale: 265.0, score: 2.7110834707855247e-05
scale: 266.0, score: 2.6250396331306547e-05
scale: 267.0, score: 2.541343928896822e-05
scale: 268.0, score: 2.4599494281574152e-05
scale: 269.0, score: 2.3808135665603913e-05
scale: 270.0, score: 2.303891051269602e-05
scale: 271.0, score: 2.2291424102149904e-05
scale: 272.0, score: 2.15652326005511e-05
scale: 273.0, score: 2.0859939468209632e-05
scale: 274.0, score: 2.017513725149911e-05
scale: 275.0, score: 1.9510453057591803e-05
scale: 276.0, score: 1.8865492165787145e-05
scale: 277.0, score: 1.8239876226289198e-05
scale: 278.0, score: 1.7633252355153672e-05
scale: 279.0, score: 1.704524584056344e-05
scale: 280.0, score: 1.6475518350489438e-05
scale: 281.0, score: 1.5923713363008574e-05
scale: 282.0, score: 1.5389496184070595e-05
scale: 283.0, score: 1.4872549400024582e-05
scale: 284.0, score: 1.4372528312378563e-05
scale: 285.0, score: 1.388913642585976e-05
scale: 286.0, score: 1.3422036317933816e-05
scale: 287.0, score: 1.2970944226253778e-05
scale: 288.0, score: 1.2535554560599849e-05
scale: 289.0, score: 1.2115572644688655e-05
scale: 290.0, score: 1.1710711078194436e-05
scale: 291.0, score: 1.1320694284222554e-05
scale: 292.0, score: 1.0945233043457847e-05
scale: 293.0, score: 1.0584067240415607e-05
scale: 294.0, score: 1.0236936759611126e-05
scale: 295.0, score: 9.90357239061268e-06
scale: 296.0, score: 9.583725841366686e-06
scale: 297.0, score: 9.277135177399032e-06
scale: 298.0, score: 8.983572115539573e-06
scale: 299.0, score: 8.702778359293006e-06
scale: 300.0, score: 8.434534720436204e-06
scale: 301.0, score: 8.178600182873197e-06
scale: 302.0, score: 7.934754648886155e-06
scale: 303.0, score: 7.70277256378904e-06
scale: 304.0, score: 7.482428827643162e-06
scale: 305.0, score: 7.27352289686678e-06
scale: 306.0, score: 7.075839221215574e-06
scale: 307.0, score: 6.889167707413435e-06
scale: 308.0, score: 6.713313723594183e-06
scale: 309.0, score: 6.548078545165481e-06
scale: 310.0, score: 6.39326253804029e-06
scale: 311.0, score: 6.248679710552096e-06
scale: 312.0, score: 6.114143616287038e-06
scale: 313.0, score: 5.989466444589198e-06
scale: 314.0, score: 5.874473117728485e-06
scale: 315.0, score: 5.76898446524865e-06
scale: 316.0, score: 5.672828592651058e-06
scale: 317.0, score: 5.585833150689723e-06
scale: 318.0, score: 5.507832156581571e-06
scale: 319.0, score: 5.438661901280284e-06
scale: 320.0, score: 5.378165042202454e-06
scale: 321.0, score: 5.3261783250491135e-06
scale: 322.0, score: 5.28255168319447e-06
scale: 323.0, score: 5.247128683549818e-06
scale: 324.0, score: 5.219762897468172e-06
scale: 325.0, score: 5.200307441555196e-06
scale: 326.0, score: 5.18861816090066e-06
scale: 327.0, score: 5.184553629078437e-06
scale: 328.0, score: 5.187975602893857e-06
scale: 329.0, score: 5.198747658141656e-06
scale: 330.0, score: 5.216737463342724e-06
scale: 331.0, score: 5.241811777523253e-06
scale: 332.0, score: 5.273843271424994e-06
scale: 333.0, score: 5.312703251547646e-06
scale: 334.0, score: 5.358270300348522e-06
scale: 335.0, score: 5.4104220907902345e-06
scale: 336.0, score: 5.469036295835394e-06
scale: 337.0, score: 5.53399922864628e-06
scale: 338.0, score: 5.605190381174907e-06
scale: 339.0, score: 5.682500614057062e-06
scale: 340.0, score: 5.765815785707673e-06
scale: 341.0, score: 5.855027666257229e-06
scale: 342.0, score: 5.950028025836218e-06
scale: 343.0, score: 6.050710908311885e-06
scale: 344.0, score: 6.156973995530279e-06
scale: 345.0, score: 6.268713150348049e-06
scale: 346.0, score: 6.385833785316208e-06
scale: 347.0, score: 6.508230399049353e-06
scale: 348.0, score: 6.635806585109094e-06
scale: 349.0, score: 6.768470029783202e-06
scale: 350.0, score: 6.9061320573382545e-06
scale: 351.0, score: 7.048693078104407e-06
scale: 352.0, score: 7.196063506853534e-06
scale: 353.0, score: 7.3481628533045296e-06
scale: 354.0, score: 7.504894256271655e-06
scale: 355.0, score: 7.666179953957908e-06
scale: 356.0, score: 7.83192808739841e-06
scale: 357.0, score: 8.002061804290861e-06
scale: 358.0, score: 8.17650379758561e-06
scale: 359.0, score: 8.35516311781248e-06
scale: 360.0, score: 8.537967914890032e-06
scale: 361.0, score: 8.724846338736825e-06
scale: 362.0, score: 8.915709258872084e-06
scale: 363.0, score: 9.110493920161389e-06
scale: 364.0, score: 9.309123015555087e-06
scale: 365.0, score: 9.51152469497174e-06
scale: 366.0, score: 9.717636203276925e-06
scale: 367.0, score: 9.927372047968674e-06
scale: 368.0, score: 1.0140673111891374e-05
scale: 369.0, score: 1.0357473001931794e-05
scale: 370.0, score: 1.0577703505987301e-05
scale: 371.0, score: 1.0801303687912878e-05
scale: 372.0, score: 1.1028203516616486e-05
scale: 373.0, score: 1.12583384179743e-05
scale: 374.0, score: 1.149166109826183e-05
scale: 375.0, score: 1.1728100616892334e-05
scale: 376.0, score: 1.1967594218731392e-05
scale: 377.0, score: 1.2210090972075704e-05
scale: 378.0, score: 1.2455528121790849e-05
scale: 379.0, score: 1.27038420032477e-05
scale: 380.0, score: 1.295499168918468e-05
scale: 381.0, score: 1.3208924428909086e-05
scale: 382.0, score: 1.3465568372339476e-05
scale: 383.0, score: 1.3724888958677184e-05
self.delta: 327.0
17 tensor([-99999,      0,     10,     15,     20,     25,     30,     35,     40,
            45,     50,     55,     60,     65,     70,     75,     80],
       device='cuda:0', dtype=torch.int32)
17 tensor([  0.,   1.,   2.,   3.,   4.,   6.,   8.,  12.,  16.,  24.,  32.,  48.,
         64.,  96., 128., 192., 256.], device='cuda:0')
17 tensor([0.0000, 0.0031, 0.0061, 0.0092, 0.0122, 0.0183, 0.0245, 0.0367, 0.0489,
        0.0734, 0.0979, 0.1468, 0.1957, 0.2936, 0.3914, 0.5872, 0.7829],
       device='cuda:0')
scale: 256.0, score: 4.624832945410162e-05
scale: 257.0, score: 4.486269244807772e-05
scale: 258.0, score: 4.3512154661584646e-05
scale: 259.0, score: 4.219601396471262e-05
scale: 260.0, score: 4.091361188329756e-05
scale: 261.0, score: 3.966426447732374e-05
scale: 262.0, score: 3.844736056635156e-05
scale: 263.0, score: 3.726224531419575e-05
scale: 264.0, score: 3.610831845435314e-05
scale: 265.0, score: 3.498495789244771e-05
scale: 266.0, score: 3.389158155187033e-05
scale: 267.0, score: 3.2827621907927096e-05
scale: 268.0, score: 3.179249688400887e-05
scale: 269.0, score: 3.078567169723101e-05
scale: 270.0, score: 2.9806580641889013e-05
scale: 271.0, score: 2.8854727133875713e-05
scale: 272.0, score: 2.7929556381423026e-05
scale: 273.0, score: 2.7030569981434382e-05
scale: 274.0, score: 2.6157267711823806e-05
scale: 275.0, score: 2.5309176635346375e-05
scale: 276.0, score: 2.448580926284194e-05
scale: 277.0, score: 2.3686685381107964e-05
scale: 278.0, score: 2.291136479470879e-05
scale: 279.0, score: 2.2159381842357107e-05
scale: 280.0, score: 2.1430314518511295e-05
scale: 281.0, score: 2.0723715351778083e-05
scale: 282.0, score: 2.0039167793584056e-05
scale: 283.0, score: 1.9376266209292226e-05
scale: 284.0, score: 1.873459405032918e-05
scale: 285.0, score: 1.8113767509930767e-05
scale: 286.0, score: 1.7513371858512983e-05
scale: 287.0, score: 1.693305057415273e-05
scale: 288.0, score: 1.637242348806467e-05
scale: 289.0, score: 1.5831117707421072e-05
scale: 290.0, score: 1.530877489130944e-05
scale: 291.0, score: 1.4805054888711311e-05
scale: 292.0, score: 1.431959117326187e-05
scale: 293.0, score: 1.3852059964847285e-05
scale: 294.0, score: 1.3402136573859025e-05
scale: 295.0, score: 1.2969482668268029e-05
scale: 296.0, score: 1.25537917483598e-05
scale: 297.0, score: 1.2154730939073488e-05
scale: 298.0, score: 1.177201556856744e-05
scale: 299.0, score: 1.1405327313696034e-05
scale: 300.0, score: 1.1054387869080529e-05
scale: 301.0, score: 1.0718898920458741e-05
scale: 302.0, score: 1.0398578524473123e-05
scale: 303.0, score: 1.0093151104229037e-05
scale: 304.0, score: 9.802331078390125e-06
scale: 305.0, score: 9.525871973892208e-06
scale: 306.0, score: 9.263500032830052e-06
scale: 307.0, score: 9.014954230224248e-06
scale: 308.0, score: 8.779990821494721e-06
scale: 309.0, score: 8.558360605093185e-06
scale: 310.0, score: 8.349815288966056e-06
scale: 311.0, score: 8.154119313985575e-06
scale: 312.0, score: 7.971044396981597e-06
scale: 313.0, score: 7.800349521858152e-06
scale: 314.0, score: 7.641820957360324e-06
scale: 315.0, score: 7.495231329812668e-06
scale: 316.0, score: 7.360365998465568e-06
scale: 317.0, score: 7.237009867822053e-06
scale: 318.0, score: 7.124954208848067e-06
scale: 319.0, score: 7.023996204225114e-06
scale: 320.0, score: 6.9339371293608565e-06
scale: 321.0, score: 6.854572802694747e-06
scale: 322.0, score: 6.785715868318221e-06
scale: 323.0, score: 6.7271707848703954e-06
scale: 324.0, score: 6.6787542891688645e-06
scale: 325.0, score: 6.640282208536519e-06
scale: 326.0, score: 6.611574463022407e-06
scale: 327.0, score: 6.592453246412333e-06
scale: 328.0, score: 6.582744845218258e-06
scale: 329.0, score: 6.582281457667705e-06
scale: 330.0, score: 6.590894372493494e-06
scale: 331.0, score: 6.608418516407255e-06
scale: 332.0, score: 6.634693818341475e-06
scale: 333.0, score: 6.669560661975993e-06
scale: 334.0, score: 6.712864433211507e-06
scale: 335.0, score: 6.764453701180173e-06
scale: 336.0, score: 6.8241752160247415e-06
scale: 337.0, score: 6.891884822834982e-06
scale: 338.0, score: 6.967435183469206e-06
scale: 339.0, score: 7.050686235743342e-06
scale: 340.0, score: 7.1414965532312635e-06
scale: 341.0, score: 7.2397310759697575e-06
scale: 342.0, score: 7.345253379753558e-06
scale: 343.0, score: 7.457931133103557e-06
scale: 344.0, score: 7.577637006761506e-06
scale: 345.0, score: 7.704238669248298e-06
scale: 346.0, score: 7.837617886252701e-06
scale: 347.0, score: 7.977644600032363e-06
scale: 348.0, score: 8.124196938297246e-06
scale: 349.0, score: 8.277159395220224e-06
scale: 350.0, score: 8.436419193458278e-06
scale: 351.0, score: 8.60185446072137e-06
scale: 352.0, score: 8.773351510171779e-06
scale: 353.0, score: 8.950809387897607e-06
scale: 354.0, score: 9.134105312114116e-06
scale: 355.0, score: 9.323146514361724e-06
scale: 356.0, score: 9.5178138508345e-06
scale: 357.0, score: 9.718010005599353e-06
scale: 358.0, score: 9.923642210196704e-06
scale: 359.0, score: 1.0134594049304724e-05
scale: 360.0, score: 1.0350774573453236e-05
scale: 361.0, score: 1.0572098290140275e-05
scale: 362.0, score: 1.0798448784044012e-05
scale: 363.0, score: 1.1029747838620096e-05
scale: 364.0, score: 1.1265902685408946e-05
scale: 365.0, score: 1.1506817827466875e-05
scale: 366.0, score: 1.1752418686228339e-05
scale: 367.0, score: 1.2002595212834422e-05
scale: 368.0, score: 1.2257275557203684e-05
scale: 369.0, score: 1.2516375136328861e-05
scale: 370.0, score: 1.2779807548213284e-05
scale: 371.0, score: 1.3047500942775514e-05
scale: 372.0, score: 1.3319361642061267e-05
scale: 373.0, score: 1.3595313248515595e-05
scale: 374.0, score: 1.387529573548818e-05
scale: 375.0, score: 1.4159216334519442e-05
scale: 376.0, score: 1.4446998648054432e-05
scale: 377.0, score: 1.473858083045343e-05
scale: 378.0, score: 1.503388375567738e-05
scale: 379.0, score: 1.5332825569203123e-05
scale: 380.0, score: 1.5635356248822063e-05
scale: 381.0, score: 1.5941408491926268e-05
scale: 382.0, score: 1.6250893168034963e-05
scale: 383.0, score: 1.6563766621402465e-05
self.delta: 329.0
17 tensor([-99999,      0,     10,     15,     20,     25,     30,     35,     40,
            45,     50,     55,     60,     65,     70,     75,     80],
       device='cuda:0', dtype=torch.int32)
17 tensor([  0.,   1.,   2.,   3.,   4.,   6.,   8.,  12.,  16.,  24.,  32.,  48.,
         64.,  96., 128., 192., 256.], device='cuda:0')
17 tensor([0.0000, 0.0030, 0.0061, 0.0091, 0.0122, 0.0182, 0.0243, 0.0365, 0.0486,
        0.0729, 0.0973, 0.1459, 0.1945, 0.2918, 0.3891, 0.5836, 0.7781],
       device='cuda:0')
scale: 256.0, score: 3.604632365750149e-05
scale: 257.0, score: 3.4973818401340395e-05
scale: 258.0, score: 3.392877624719404e-05
scale: 259.0, score: 3.291066241217777e-05
scale: 260.0, score: 3.191894938936457e-05
scale: 261.0, score: 3.0953109671827406e-05
scale: 262.0, score: 3.0012661227374338e-05
scale: 263.0, score: 2.909708746301476e-05
scale: 264.0, score: 2.8205922717461362e-05
scale: 265.0, score: 2.7338672225596383e-05
scale: 266.0, score: 2.6494892154005356e-05
scale: 267.0, score: 2.5674122298369184e-05
scale: 268.0, score: 2.487591336830519e-05
scale: 269.0, score: 2.4099848815239966e-05
scale: 270.0, score: 2.334547752980143e-05
scale: 271.0, score: 2.261241570522543e-05
scale: 272.0, score: 2.1900228603044525e-05
scale: 273.0, score: 2.120852514053695e-05
scale: 274.0, score: 2.053690877801273e-05
scale: 275.0, score: 1.9885012079612352e-05
scale: 276.0, score: 1.9252451238571666e-05
scale: 277.0, score: 1.863885518105235e-05
scale: 278.0, score: 1.8043872842099518e-05
scale: 279.0, score: 1.746714406181127e-05
scale: 280.0, score: 1.690832868916914e-05
scale: 281.0, score: 1.6367084754165262e-05
scale: 282.0, score: 1.5843081200728193e-05
scale: 283.0, score: 1.533600516268052e-05
scale: 284.0, score: 1.4845524674456101e-05
scale: 285.0, score: 1.4371342331287451e-05
scale: 286.0, score: 1.3913130715081934e-05
scale: 287.0, score: 1.3470612429955509e-05
scale: 288.0, score: 1.304348734265659e-05
scale: 289.0, score: 1.2631465324375313e-05
scale: 290.0, score: 1.2234262612764724e-05
scale: 291.0, score: 1.1851615454361308e-05
scale: 292.0, score: 1.1483235539344605e-05
scale: 293.0, score: 1.1128869118692819e-05
scale: 294.0, score: 1.0788261533889454e-05
scale: 295.0, score: 1.0461148121976294e-05
scale: 296.0, score: 1.0147286957362667e-05
scale: 297.0, score: 9.846418834058568e-06
scale: 298.0, score: 9.558321835356764e-06
scale: 299.0, score: 9.282744031224865e-06
scale: 300.0, score: 9.019466233439744e-06
scale: 301.0, score: 8.768259249336552e-06
scale: 302.0, score: 8.528900252713356e-06
scale: 303.0, score: 8.301170964841731e-06
scale: 304.0, score: 8.084849469014443e-06
scale: 305.0, score: 7.879742952354718e-06
scale: 306.0, score: 7.685636774112936e-06
scale: 307.0, score: 7.502324933739146e-06
scale: 308.0, score: 7.3296182563353796e-06
scale: 309.0, score: 7.167321200540755e-06
scale: 310.0, score: 7.015238679741742e-06
scale: 311.0, score: 6.873186976008583e-06
scale: 312.0, score: 6.7409846451482736e-06
scale: 313.0, score: 6.618446604989003e-06
scale: 314.0, score: 6.505402780021541e-06
scale: 315.0, score: 6.401676728273742e-06
scale: 316.0, score: 6.307098828983726e-06
scale: 317.0, score: 6.221501280379016e-06
scale: 318.0, score: 6.144721737655345e-06
scale: 319.0, score: 6.0765992202505e-06
scale: 320.0, score: 6.01697911406518e-06
scale: 321.0, score: 5.965701802779222e-06
scale: 322.0, score: 5.922619493503589e-06
scale: 323.0, score: 5.887580755370436e-06
scale: 324.0, score: 5.86044052397483e-06
scale: 325.0, score: 5.8410541896591894e-06
scale: 326.0, score: 5.829283054481493e-06
scale: 327.0, score: 5.8249847825209145e-06
scale: 328.0, score: 5.828026587550994e-06
scale: 329.0, score: 5.838274773850571e-06
scale: 330.0, score: 5.855598374182591e-06
scale: 331.0, score: 5.879866421309998e-06
scale: 332.0, score: 5.910956133448053e-06
scale: 333.0, score: 5.9487410908332095e-06
scale: 334.0, score: 5.9930998759227805e-06
scale: 335.0, score: 6.043913799658185e-06
scale: 336.0, score: 6.101064627728192e-06
scale: 337.0, score: 6.16443821854773e-06
scale: 338.0, score: 6.233919066289673e-06
scale: 339.0, score: 6.309397576842457e-06
scale: 340.0, score: 6.390764156094519e-06
scale: 341.0, score: 6.477911938418401e-06
scale: 342.0, score: 6.570734058186645e-06
scale: 343.0, score: 6.669127287750598e-06
scale: 344.0, score: 6.772992492187768e-06
scale: 345.0, score: 6.882225079607451e-06
scale: 346.0, score: 6.9967327362974174e-06
scale: 347.0, score: 7.116414053598419e-06
scale: 348.0, score: 7.24117398931412e-06
scale: 349.0, score: 7.370920684479643e-06
scale: 350.0, score: 7.5055681918456685e-06
scale: 351.0, score: 7.645019650226459e-06
scale: 352.0, score: 7.789184564899188e-06
scale: 353.0, score: 7.937986993056256e-06
scale: 354.0, score: 8.091330528259277e-06
scale: 355.0, score: 8.249139682448003e-06
scale: 356.0, score: 8.411322596657556e-06
scale: 357.0, score: 8.57780560181709e-06
scale: 358.0, score: 8.74851320986636e-06
scale: 359.0, score: 8.923356290324591e-06
scale: 360.0, score: 9.102262083615642e-06
scale: 361.0, score: 9.28516237763688e-06
scale: 362.0, score: 9.471970770391636e-06
scale: 363.0, score: 9.662622687756084e-06
scale: 364.0, score: 9.857045370154083e-06
scale: 365.0, score: 1.0055165148514789e-05
scale: 366.0, score: 1.0256922905682586e-05
scale: 367.0, score: 1.046223405865021e-05
scale: 368.0, score: 1.0671039490262046e-05
scale: 369.0, score: 1.0883279173867777e-05
scale: 370.0, score: 1.1098878530901857e-05
scale: 371.0, score: 1.1317786629660986e-05
scale: 372.0, score: 1.1539925253600813e-05
scale: 373.0, score: 1.1765236195060425e-05
scale: 374.0, score: 1.1993674888799433e-05
scale: 375.0, score: 1.2225169484736398e-05
scale: 376.0, score: 1.24596581372316e-05
scale: 377.0, score: 1.269709082407644e-05
scale: 378.0, score: 1.29374056996312e-05
scale: 379.0, score: 1.3180543646740261e-05
scale: 380.0, score: 1.342646010016324e-05
scale: 381.0, score: 1.367510685668094e-05
scale: 382.0, score: 1.3926412975706626e-05
scale: 383.0, score: 1.4180341167957522e-05
self.delta: 327.0
17 tensor([-99999,      0,     10,     15,     20,     25,     30,     35,     40,
            45,     50,     55,     60,     65,     70,     75,     80],
       device='cuda:0', dtype=torch.int32)
17 tensor([  0.,   1.,   2.,   3.,   4.,   6.,   8.,  12.,  16.,  24.,  32.,  48.,
         64.,  96., 128., 192., 256.], device='cuda:0')
17 tensor([0.0000, 0.0031, 0.0061, 0.0092, 0.0122, 0.0183, 0.0245, 0.0367, 0.0489,
        0.0734, 0.0979, 0.1468, 0.1957, 0.2936, 0.3914, 0.5872, 0.7829],
       device='cuda:0')
scale: 256.0, score: 2.2247390006668866e-05
scale: 257.0, score: 2.1601006665150635e-05
scale: 258.0, score: 2.0971265257685445e-05
scale: 259.0, score: 2.0357827452244237e-05
scale: 260.0, score: 1.9760387658607215e-05
scale: 261.0, score: 1.917861300171353e-05
scale: 262.0, score: 1.8612217900226824e-05
scale: 263.0, score: 1.8060891306959093e-05
scale: 264.0, score: 1.752434400259517e-05
scale: 265.0, score: 1.7002284948830493e-05
scale: 266.0, score: 1.6494435840286314e-05
scale: 267.0, score: 1.6000523828552105e-05
scale: 268.0, score: 1.5520274246227928e-05
scale: 269.0, score: 1.5053432434797287e-05
scale: 270.0, score: 1.4599731912312564e-05
scale: 271.0, score: 1.4158931662677787e-05
scale: 272.0, score: 1.3730774298892356e-05
scale: 273.0, score: 1.3315020623849705e-05
scale: 274.0, score: 1.2911429621453863e-05
scale: 275.0, score: 1.2519779374997597e-05
scale: 276.0, score: 1.2139837963331956e-05
scale: 277.0, score: 1.1771378012781497e-05
scale: 278.0, score: 1.1414187611080706e-05
scale: 279.0, score: 1.106804938899586e-05
scale: 280.0, score: 1.0732757800724357e-05
scale: 281.0, score: 1.0408104571979493e-05
scale: 282.0, score: 1.0093888704432175e-05
scale: 283.0, score: 9.789921932679135e-06
scale: 284.0, score: 9.496000529907178e-06
scale: 285.0, score: 9.211947144649457e-06
scale: 286.0, score: 8.93756077857688e-06
scale: 287.0, score: 8.672674994159024e-06
scale: 288.0, score: 8.417106982960831e-06
scale: 289.0, score: 8.170680303010158e-06
scale: 290.0, score: 7.933225788292475e-06
scale: 291.0, score: 7.704580639256164e-06
scale: 292.0, score: 7.484571597160539e-06
scale: 293.0, score: 7.273044957400998e-06
scale: 294.0, score: 7.06984519638354e-06
scale: 295.0, score: 6.874812243040651e-06
scale: 296.0, score: 6.687800578220049e-06
scale: 297.0, score: 6.508653314085677e-06
scale: 298.0, score: 6.337233116937568e-06
scale: 299.0, score: 6.17338992014993e-06
scale: 300.0, score: 6.016990937496303e-06
scale: 301.0, score: 5.867895197297912e-06
scale: 302.0, score: 5.725969913328299e-06
scale: 303.0, score: 5.591080935118953e-06
scale: 304.0, score: 5.463096385938115e-06
scale: 305.0, score: 5.341896667232504e-06
scale: 306.0, score: 5.227352630754467e-06
scale: 307.0, score: 5.119340585224563e-06
scale: 308.0, score: 5.017745024815667e-06
scale: 309.0, score: 4.9224463509744965e-06
scale: 310.0, score: 4.8333276936318725e-06
scale: 311.0, score: 4.7502776396868285e-06
scale: 312.0, score: 4.67318614028045e-06
scale: 313.0, score: 4.6019404180697165e-06
scale: 314.0, score: 4.53643860964803e-06
scale: 315.0, score: 4.47657248514588e-06
scale: 316.0, score: 4.422240181156667e-06
scale: 317.0, score: 4.373339834273793e-06
scale: 318.0, score: 4.329773219069466e-06
scale: 319.0, score: 4.291442110115895e-06
scale: 320.0, score: 4.258253284206148e-06
scale: 321.0, score: 4.230109880154487e-06
scale: 322.0, score: 4.206923222227488e-06
scale: 323.0, score: 4.18860054196557e-06
scale: 324.0, score: 4.175054073130013e-06
scale: 325.0, score: 4.166196958976798e-06
scale: 326.0, score: 4.161943707003957e-06
scale: 327.0, score: 4.162209734204225e-06
scale: 328.0, score: 4.166913640801795e-06
scale: 329.0, score: 4.175974027020857e-06
scale: 330.0, score: 4.1893126763170585e-06
scale: 331.0, score: 4.206850007903995e-06
scale: 332.0, score: 4.22851098846877e-06
scale: 333.0, score: 4.254219220456434e-06
scale: 334.0, score: 4.283901489543496e-06
scale: 335.0, score: 4.317486400395865e-06
scale: 336.0, score: 4.3549007386900485e-06
scale: 337.0, score: 4.396076747070765e-06
scale: 338.0, score: 4.440943939698627e-06
scale: 339.0, score: 4.489436378207756e-06
scale: 340.0, score: 4.54148630524287e-06
scale: 341.0, score: 4.597030965669546e-06
scale: 342.0, score: 4.656003966374556e-06
scale: 343.0, score: 4.7183430069708265e-06
scale: 344.0, score: 4.783989425050095e-06
scale: 345.0, score: 4.852878646488534e-06
scale: 346.0, score: 4.924955192109337e-06
scale: 347.0, score: 5.000157671020133e-06
scale: 348.0, score: 5.07842787556001e-06
scale: 349.0, score: 5.159710781299509e-06
scale: 350.0, score: 5.243954092293279e-06
scale: 351.0, score: 5.331098691385705e-06
scale: 352.0, score: 5.421091827884084e-06
scale: 353.0, score: 5.51388484382187e-06
scale: 354.0, score: 5.609420441032853e-06
scale: 355.0, score: 5.707653599529294e-06
scale: 356.0, score: 5.808527475892333e-06
scale: 357.0, score: 5.911998414376285e-06
scale: 358.0, score: 6.01802048549871e-06
scale: 359.0, score: 6.12653866483015e-06
scale: 360.0, score: 6.237510206119623e-06
scale: 361.0, score: 6.350894182105549e-06
scale: 362.0, score: 6.46663556835847e-06
scale: 363.0, score: 6.584698894585017e-06
scale: 364.0, score: 6.7050377765554e-06
scale: 365.0, score: 6.827608558523934e-06
scale: 366.0, score: 6.952373951207846e-06
scale: 367.0, score: 7.07928438714589e-06
scale: 368.0, score: 7.208304850792047e-06
scale: 369.0, score: 7.3393953243794385e-06
scale: 370.0, score: 7.472514425899135e-06
scale: 371.0, score: 7.607629413541872e-06
scale: 372.0, score: 7.74469390307786e-06
scale: 373.0, score: 7.883672878961079e-06
scale: 374.0, score: 8.024537237361073e-06
scale: 375.0, score: 8.167245141521562e-06
scale: 376.0, score: 8.311759302159771e-06
scale: 377.0, score: 8.45804788696114e-06
scale: 378.0, score: 8.606076335127e-06
scale: 379.0, score: 8.755806447879877e-06
scale: 380.0, score: 8.907212759368122e-06
scale: 381.0, score: 9.060263437277172e-06
scale: 382.0, score: 9.21491846384015e-06
scale: 383.0, score: 9.371154192194808e-06
self.delta: 326.0
17 tensor([-99999,      0,     10,     15,     20,     25,     30,     35,     40,
            45,     50,     55,     60,     65,     70,     75,     80],
       device='cuda:0', dtype=torch.int32)
17 tensor([  0.,   1.,   2.,   3.,   4.,   6.,   8.,  12.,  16.,  24.,  32.,  48.,
         64.,  96., 128., 192., 256.], device='cuda:0')
17 tensor([0.0000, 0.0031, 0.0061, 0.0092, 0.0123, 0.0184, 0.0245, 0.0368, 0.0491,
        0.0736, 0.0982, 0.1472, 0.1963, 0.2945, 0.3926, 0.5890, 0.7853],
       device='cuda:0')
scale: 192.0, score: 0.00011424708645790815
scale: 193.0, score: 0.00011148337944177911
scale: 194.0, score: 0.0001087826385628432
scale: 195.0, score: 0.00010614338680170476
scale: 196.0, score: 0.00010356407437939197
scale: 197.0, score: 0.0001010433625197038
scale: 198.0, score: 9.85798760666512e-05
scale: 199.0, score: 9.617221803637221e-05
scale: 200.0, score: 9.381915879203007e-05
scale: 201.0, score: 9.151938138529658e-05
scale: 202.0, score: 8.927167800720781e-05
scale: 203.0, score: 8.707484812475741e-05
scale: 204.0, score: 8.49277203087695e-05
scale: 205.0, score: 8.282910857815295e-05
scale: 206.0, score: 8.077797974692658e-05
scale: 207.0, score: 7.877321331761777e-05
scale: 208.0, score: 7.681379065616056e-05
scale: 209.0, score: 7.489862036891282e-05
scale: 210.0, score: 7.30268147890456e-05
scale: 211.0, score: 7.119730435078964e-05
scale: 212.0, score: 6.940917955944315e-05
scale: 213.0, score: 6.766153819626197e-05
scale: 214.0, score: 6.59534489386715e-05
scale: 215.0, score: 6.428408232750371e-05
scale: 216.0, score: 6.265253614401445e-05
scale: 217.0, score: 6.105801003286615e-05
scale: 218.0, score: 5.94996745348908e-05
scale: 219.0, score: 5.79767620365601e-05
scale: 220.0, score: 5.648849037243053e-05
scale: 221.0, score: 5.503412467078306e-05
scale: 222.0, score: 5.361288276617415e-05
scale: 223.0, score: 5.2224106184439734e-05
scale: 224.0, score: 5.086705641588196e-05
scale: 225.0, score: 4.954106771037914e-05
scale: 226.0, score: 4.8245477955788374e-05
scale: 227.0, score: 4.697964322986081e-05
scale: 228.0, score: 4.574295235215686e-05
scale: 229.0, score: 4.453475776244886e-05
scale: 230.0, score: 4.335445191827603e-05
scale: 231.0, score: 4.220148184685968e-05
scale: 232.0, score: 4.107524364371784e-05
scale: 233.0, score: 3.9975195250008255e-05
scale: 234.0, score: 3.890079460688867e-05
scale: 235.0, score: 3.785145963774994e-05
scale: 236.0, score: 3.682673559524119e-05
scale: 237.0, score: 3.5826069506583735e-05
scale: 238.0, score: 3.4849017538363114e-05
scale: 239.0, score: 3.389499761397019e-05
scale: 240.0, score: 3.296364957350306e-05
scale: 241.0, score: 3.2054427720140666e-05
scale: 242.0, score: 3.1166877306532115e-05
scale: 243.0, score: 3.030062362086028e-05
scale: 244.0, score: 2.94551755359862e-05
scale: 245.0, score: 2.8630141969188116e-05
scale: 246.0, score: 2.7825100914924406e-05
scale: 247.0, score: 2.703965401451569e-05
scale: 248.0, score: 2.627337926242035e-05
scale: 249.0, score: 2.5525920136715285e-05
scale: 250.0, score: 2.4796905563562177e-05
scale: 251.0, score: 2.4085937184281647e-05
scale: 252.0, score: 2.339267848583404e-05
scale: 253.0, score: 2.2716760213370435e-05
scale: 254.0, score: 2.2057838577893563e-05
scale: 255.0, score: 2.1415607989183627e-05
scale: 256.0, score: 2.0789688278455287e-05
scale: 257.0, score: 2.017979568336159e-05
scale: 258.0, score: 1.9585608242778108e-05
scale: 259.0, score: 1.900680763355922e-05
scale: 260.0, score: 1.844310281740036e-05
scale: 261.0, score: 1.789418274711352e-05
scale: 262.0, score: 1.7359778212266974e-05
scale: 263.0, score: 1.683959453657735e-05
scale: 264.0, score: 1.6333358871634118e-05
scale: 265.0, score: 1.5840792912058532e-05
scale: 266.0, score: 1.5361641999334097e-05
scale: 267.0, score: 1.4895642379997298e-05
scale: 268.0, score: 1.4442536667047534e-05
scale: 269.0, score: 1.4002084753883537e-05
scale: 270.0, score: 1.3574032891483512e-05
scale: 271.0, score: 1.3158160072634928e-05
scale: 272.0, score: 1.2754215276800096e-05
scale: 273.0, score: 1.2361976587271784e-05
scale: 274.0, score: 1.1981216630374547e-05
scale: 275.0, score: 1.1611724403337575e-05
scale: 276.0, score: 1.1253283446421847e-05
scale: 277.0, score: 1.090567820938304e-05
scale: 278.0, score: 1.0568706784397364e-05
scale: 279.0, score: 1.0242168173135724e-05
scale: 280.0, score: 9.925865924742538e-06
scale: 281.0, score: 9.619601769372821e-06
scale: 282.0, score: 9.323187441623304e-06
scale: 283.0, score: 9.03644468053244e-06
scale: 284.0, score: 8.75918340170756e-06
scale: 285.0, score: 8.491234439134132e-06
scale: 286.0, score: 8.23240952740889e-06
scale: 287.0, score: 7.982549504959024e-06
scale: 288.0, score: 7.7414824772859e-06
scale: 289.0, score: 7.509043825848494e-06
scale: 290.0, score: 7.285071660589892e-06
scale: 291.0, score: 7.0694131864001974e-06
scale: 292.0, score: 6.8619051489804406e-06
scale: 293.0, score: 6.6624006649362855e-06
scale: 294.0, score: 6.47075512461015e-06
scale: 295.0, score: 6.28681709713419e-06
scale: 296.0, score: 6.110449248808436e-06
scale: 297.0, score: 5.941501967754448e-06
scale: 298.0, score: 5.779847469966626e-06
scale: 299.0, score: 5.625342964776792e-06
scale: 300.0, score: 5.477864760905504e-06
scale: 301.0, score: 5.33727779838955e-06
scale: 302.0, score: 5.203457476454787e-06
scale: 303.0, score: 5.07627873957972e-06
scale: 304.0, score: 4.955615168000804e-06
scale: 305.0, score: 4.841353529627668e-06
scale: 306.0, score: 4.733373771159677e-06
scale: 307.0, score: 4.631558567780303e-06
scale: 308.0, score: 4.53579741588328e-06
scale: 309.0, score: 4.445979811862344e-06
scale: 310.0, score: 4.3619938878691755e-06
scale: 311.0, score: 4.28373459726572e-06
scale: 312.0, score: 4.211098712403327e-06
scale: 313.0, score: 4.143979822401889e-06
scale: 314.0, score: 4.082281066075666e-06
scale: 315.0, score: 4.025901034765411e-06
scale: 316.0, score: 3.974742412538035e-06
scale: 317.0, score: 3.9287106119445525e-06
scale: 318.0, score: 3.887711500283331e-06
scale: 319.0, score: 3.851653673336841e-06
scale: 320.0, score: 3.820448455371661e-06
scale: 321.0, score: 3.7940048969176132e-06
scale: 322.0, score: 3.772238187593757e-06
scale: 323.0, score: 3.7550614706560737e-06
scale: 324.0, score: 3.742392891581403e-06
scale: 325.0, score: 3.734149004230858e-06
scale: 326.0, score: 3.730249773070682e-06
scale: 327.0, score: 3.7306153899407946e-06
scale: 328.0, score: 3.7351687751652207e-06
scale: 329.0, score: 3.7438335311890114e-06
scale: 330.0, score: 3.7565350794466212e-06
scale: 331.0, score: 3.7731992961198557e-06
scale: 332.0, score: 3.7937545585009502e-06
scale: 333.0, score: 3.81812924388214e-06
scale: 334.0, score: 3.846254458039766e-06
scale: 335.0, score: 3.87806176149752e-06
scale: 336.0, score: 3.913483396900119e-06
scale: 337.0, score: 3.9524538806290366e-06
scale: 338.0, score: 3.994908638560446e-06
scale: 339.0, score: 4.0407835513178725e-06
scale: 340.0, score: 4.090016318514245e-06
scale: 341.0, score: 4.1425464587518945e-06
scale: 342.0, score: 4.198311671643751e-06
scale: 343.0, score: 4.257254204276251e-06
scale: 344.0, score: 4.319315848988481e-06
scale: 345.0, score: 4.384438852866879e-06
scale: 346.0, score: 4.4525700104713906e-06
scale: 347.0, score: 4.523650204646401e-06
scale: 348.0, score: 4.597625320457155e-06
scale: 349.0, score: 4.6744430619583e-06
scale: 350.0, score: 4.7540547711832915e-06
scale: 351.0, score: 4.8364040594606195e-06
scale: 352.0, score: 4.921441359329037e-06
scale: 353.0, score: 5.0091211960534565e-06
scale: 354.0, score: 5.09938854520442e-06
scale: 355.0, score: 5.192200660530943e-06
scale: 356.0, score: 5.287506155582378e-06
scale: 357.0, score: 5.385261829360388e-06
scale: 358.0, score: 5.485424480866641e-06
scale: 359.0, score: 5.587942723650485e-06
scale: 360.0, score: 5.692775630450342e-06
scale: 361.0, score: 5.799885002488736e-06
scale: 362.0, score: 5.909219908062369e-06
scale: 363.0, score: 6.020743967383169e-06
scale: 364.0, score: 6.134415798442205e-06
scale: 365.0, score: 6.25019492872525e-06
scale: 366.0, score: 6.368044523696881e-06
scale: 367.0, score: 6.487917744379956e-06
scale: 368.0, score: 6.609781848965213e-06
scale: 369.0, score: 6.733599548169877e-06
scale: 370.0, score: 6.859331278974423e-06
scale: 371.0, score: 6.986946573306341e-06
scale: 372.0, score: 7.116400865925243e-06
scale: 373.0, score: 7.2476618697692174e-06
scale: 374.0, score: 7.3807022999972105e-06
scale: 375.0, score: 7.515481684094993e-06
scale: 376.0, score: 7.651965461263899e-06
scale: 377.0, score: 7.79012498242082e-06
scale: 378.0, score: 7.92992432252504e-06
scale: 379.0, score: 8.071329830272589e-06
scale: 380.0, score: 8.214316949306522e-06
scale: 381.0, score: 8.35885657579638e-06
scale: 382.0, score: 8.504907782480586e-06
scale: 383.0, score: 8.652452379465103e-06
self.delta: 326.0
16 tensor([-99999,      0,     10,     15,     20,     25,     30,     35,     40,
            45,     50,     55,     60,     65,     70,     75],
       device='cuda:0', dtype=torch.int32)
16 tensor([  0.,   1.,   2.,   3.,   4.,   6.,   8.,  12.,  16.,  24.,  32.,  48.,
         64.,  96., 128., 192.], device='cuda:0')
16 tensor([0.0000, 0.0031, 0.0061, 0.0092, 0.0123, 0.0184, 0.0245, 0.0368, 0.0491,
        0.0736, 0.0982, 0.1472, 0.1963, 0.2945, 0.3926, 0.5890],
       device='cuda:0')
Performing scale reparameterization ...
Validating ...
Test: [0/250]	Time 2.679 (2.679)	Loss 1.1925 (1.1925)	Prec@1 74.500 (74.500)	Prec@5 94.000 (94.000)
Test: [100/250]	Time 0.418 (0.441)	Loss 2.6272 (1.6528)	Prec@1 41.500 (66.104)	Prec@5 74.000 (88.490)
Test: [200/250]	Time 0.418 (0.430)	Loss 1.4412 (2.0558)	Prec@1 79.500 (59.037)	Prec@5 90.000 (82.234)
 * Prec@1 58.346 Prec@5 81.730 Time 106.888
