Namespace(model='vit_base', dataset='dataset/imagenet/', calib_batchsize=32, val_batchsize=200, num_workers=8, device='cuda', print_freq=100, seed=0, w_bits=4, a_bits=4, log_quant_scheme='BitLog2_Half_17')
Building dataloader ...
Building model ...
Performing initial quantization ...
scale: 256.0, score: 6.665087130386382e-05
scale: 257.0, score: 6.452742672991008e-05
scale: 258.0, score: 6.247049896046519e-05
scale: 259.0, score: 6.047874558134936e-05
scale: 260.0, score: 5.8550849644234404e-05
scale: 261.0, score: 5.6685494200792164e-05
scale: 262.0, score: 5.4881467804079875e-05
scale: 263.0, score: 5.3137486247578636e-05
scale: 264.0, score: 5.145238174009137e-05
scale: 265.0, score: 4.98249355587177e-05
scale: 266.0, score: 4.8254019930027425e-05
scale: 267.0, score: 4.673849616665393e-05
scale: 268.0, score: 4.5277251047082245e-05
scale: 269.0, score: 4.386921864352189e-05
scale: 270.0, score: 4.251331483828835e-05
scale: 271.0, score: 4.120854282518849e-05
scale: 272.0, score: 3.995385122834705e-05
scale: 273.0, score: 3.87482468795497e-05
scale: 274.0, score: 3.7590754800476134e-05
scale: 275.0, score: 3.6480454582488164e-05
scale: 276.0, score: 3.5416385799180716e-05
scale: 277.0, score: 3.439763895585202e-05
scale: 278.0, score: 3.342333002365194e-05
scale: 279.0, score: 3.2492567697772756e-05
scale: 280.0, score: 3.1604515243088827e-05
scale: 281.0, score: 3.075831773458049e-05
scale: 282.0, score: 2.9953149351058528e-05
scale: 283.0, score: 2.9188224289100617e-05
scale: 284.0, score: 2.846274037437979e-05
scale: 285.0, score: 2.777593908831477e-05
scale: 286.0, score: 2.7127032808493823e-05
scale: 287.0, score: 2.6515312129049562e-05
scale: 288.0, score: 2.5940042178262956e-05
scale: 289.0, score: 2.54005008173408e-05
scale: 290.0, score: 2.489599683030974e-05
scale: 291.0, score: 2.4425857191090472e-05
scale: 292.0, score: 2.398939432168845e-05
scale: 293.0, score: 2.3585960661876015e-05
scale: 294.0, score: 2.321492684131954e-05
scale: 295.0, score: 2.287564529979136e-05
scale: 296.0, score: 2.25675139517989e-05
scale: 297.0, score: 2.2289907064987347e-05
scale: 298.0, score: 2.2042253476683982e-05
scale: 299.0, score: 2.182394928240683e-05
scale: 300.0, score: 2.1634446966345422e-05
scale: 301.0, score: 2.1473179003805853e-05
scale: 302.0, score: 2.133959424099885e-05
scale: 303.0, score: 2.1233161533018574e-05
scale: 304.0, score: 2.115334245900158e-05
scale: 305.0, score: 2.1099640434840694e-05
scale: 306.0, score: 2.1071538867545314e-05
scale: 307.0, score: 2.1068539354018867e-05
scale: 308.0, score: 2.1090154405101202e-05
scale: 309.0, score: 2.1135920178494416e-05
scale: 310.0, score: 2.1205356460995972e-05
scale: 311.0, score: 2.129800668626558e-05
scale: 312.0, score: 2.141341974493116e-05
scale: 313.0, score: 2.1551160898525268e-05
scale: 314.0, score: 2.1710786313633434e-05
scale: 315.0, score: 2.1891883079661056e-05
scale: 316.0, score: 2.2094027372077107e-05
scale: 317.0, score: 2.2316813556244597e-05
scale: 318.0, score: 2.2559843273484148e-05
scale: 319.0, score: 2.2822712708148174e-05
scale: 320.0, score: 2.3105041691451333e-05
scale: 321.0, score: 2.3406460968544707e-05
scale: 322.0, score: 2.3726584913674742e-05
scale: 323.0, score: 2.4065062461886555e-05
scale: 324.0, score: 2.442152072035242e-05
scale: 325.0, score: 2.4795623176032677e-05
scale: 326.0, score: 2.5187022401951253e-05
scale: 327.0, score: 2.559536551416386e-05
scale: 328.0, score: 2.6020350560429506e-05
scale: 329.0, score: 2.6461619199835695e-05
scale: 330.0, score: 2.691888039407786e-05
scale: 331.0, score: 2.7391799449105747e-05
scale: 332.0, score: 2.7880087145604193e-05
scale: 333.0, score: 2.838341606548056e-05
scale: 334.0, score: 2.8901513360324316e-05
scale: 335.0, score: 2.9434087991830893e-05
scale: 336.0, score: 2.9980839826748706e-05
scale: 337.0, score: 3.0541501473635435e-05
scale: 338.0, score: 3.111578553216532e-05
scale: 339.0, score: 3.170343188685365e-05
scale: 340.0, score: 3.2304171327268705e-05
scale: 341.0, score: 3.291774555691518e-05
scale: 342.0, score: 3.354389264131896e-05
scale: 343.0, score: 3.418236519792117e-05
scale: 344.0, score: 3.4832930396078154e-05
scale: 345.0, score: 3.5495319025358185e-05
scale: 346.0, score: 3.616932372096926e-05
scale: 347.0, score: 3.685469346237369e-05
scale: 348.0, score: 3.75511845049914e-05
scale: 349.0, score: 3.8258585846051574e-05
scale: 350.0, score: 3.897670831065625e-05
scale: 351.0, score: 3.9705289964331314e-05
scale: 352.0, score: 4.044412344228476e-05
scale: 353.0, score: 4.119303775951266e-05
scale: 354.0, score: 4.1951770981540903e-05
scale: 355.0, score: 4.2720173951238394e-05
scale: 356.0, score: 4.349799928604625e-05
scale: 357.0, score: 4.4285086914896965e-05
scale: 358.0, score: 4.5081258576828986e-05
scale: 359.0, score: 4.588627416524105e-05
scale: 360.0, score: 4.669997360906564e-05
scale: 361.0, score: 4.752221138915047e-05
scale: 362.0, score: 4.835274739889428e-05
scale: 363.0, score: 4.919145430903882e-05
scale: 364.0, score: 5.003813930670731e-05
scale: 365.0, score: 5.0892645958811045e-05
scale: 366.0, score: 5.175481419428252e-05
scale: 367.0, score: 5.262444756226614e-05
scale: 368.0, score: 5.3501400543609634e-05
scale: 369.0, score: 5.438552761916071e-05
scale: 370.0, score: 5.527666871785186e-05
scale: 371.0, score: 5.617468923446722e-05
scale: 372.0, score: 5.7079399994108826e-05
scale: 373.0, score: 5.7990662753582e-05
scale: 374.0, score: 5.8908379287458956e-05
scale: 375.0, score: 5.983237497275695e-05
scale: 376.0, score: 6.0762504290323704e-05
scale: 377.0, score: 6.169862899696454e-05
scale: 378.0, score: 6.264063995331526e-05
scale: 379.0, score: 6.358834798447788e-05
scale: 380.0, score: 6.454169488279149e-05
scale: 381.0, score: 6.550054968101904e-05
scale: 382.0, score: 6.646472320426255e-05
scale: 383.0, score: 6.743414996890351e-05
self.delta: 307.0
17 tensor([-99999,      0,     10,     15,     20,     25,     30,     35,     40,
            45,     50,     55,     60,     65,     70,     75,     80],
       device='cuda:0', dtype=torch.int32)
17 tensor([  0.,   1.,   2.,   3.,   4.,   6.,   8.,  12.,  16.,  24.,  32.,  48.,
         64.,  96., 128., 192., 256.], device='cuda:0')
17 tensor([0.0000, 0.0033, 0.0065, 0.0098, 0.0130, 0.0195, 0.0261, 0.0391, 0.0521,
        0.0782, 0.1042, 0.1564, 0.2085, 0.3127, 0.4169, 0.6254, 0.8339],
       device='cuda:0')
scale: 256.0, score: 4.2839532397920266e-05
scale: 257.0, score: 4.147759682382457e-05
scale: 258.0, score: 4.0153536247089505e-05
scale: 259.0, score: 3.886657577822916e-05
scale: 260.0, score: 3.761600601137616e-05
scale: 261.0, score: 3.640106660895981e-05
scale: 262.0, score: 3.522109909681603e-05
scale: 263.0, score: 3.407537951716222e-05
scale: 264.0, score: 3.2963245757855475e-05
scale: 265.0, score: 3.188402479281649e-05
scale: 266.0, score: 3.083707269979641e-05
scale: 267.0, score: 2.9821771022398025e-05
scale: 268.0, score: 2.8837483114330098e-05
scale: 269.0, score: 2.7883617804036476e-05
scale: 270.0, score: 2.6959563911077566e-05
scale: 271.0, score: 2.6064770281664096e-05
scale: 272.0, score: 2.519863483030349e-05
scale: 273.0, score: 2.436061367916409e-05
scale: 274.0, score: 2.3550153855467215e-05
scale: 275.0, score: 2.2766742404201068e-05
scale: 276.0, score: 2.20098427234916e-05
scale: 277.0, score: 2.1278934582369402e-05
scale: 278.0, score: 2.0573532310663722e-05
scale: 279.0, score: 1.9893133867299184e-05
scale: 280.0, score: 1.9237262677052058e-05
scale: 281.0, score: 1.8605447621666826e-05
scale: 282.0, score: 1.7997221220866777e-05
scale: 283.0, score: 1.7412148736184463e-05
scale: 284.0, score: 1.6849769963300787e-05
scale: 285.0, score: 1.6309662896674126e-05
scale: 286.0, score: 1.579138552187942e-05
scale: 287.0, score: 1.529453948023729e-05
scale: 288.0, score: 1.481871004216373e-05
scale: 289.0, score: 1.4363496120495256e-05
scale: 290.0, score: 1.3928501175541896e-05
scale: 291.0, score: 1.3513355952454731e-05
scale: 292.0, score: 1.3117664821038488e-05
scale: 293.0, score: 1.274106944038067e-05
scale: 294.0, score: 1.2383215107547585e-05
scale: 295.0, score: 1.2043737115163822e-05
scale: 296.0, score: 1.1722295312210917e-05
scale: 297.0, score: 1.1418535905249882e-05
scale: 298.0, score: 1.1132141480629798e-05
scale: 299.0, score: 1.0862768249353394e-05
scale: 300.0, score: 1.0610110621200874e-05
scale: 301.0, score: 1.037384572555311e-05
scale: 302.0, score: 1.0153669791179709e-05
scale: 303.0, score: 9.949273589882068e-06
scale: 304.0, score: 9.76036062638741e-06
scale: 305.0, score: 9.58664713834878e-06
scale: 306.0, score: 9.427844815945718e-06
scale: 307.0, score: 9.283670806325972e-06
scale: 308.0, score: 9.15385226107901e-06
scale: 309.0, score: 9.03812178876251e-06
scale: 310.0, score: 8.936214726418257e-06
scale: 311.0, score: 8.847868230077438e-06
scale: 312.0, score: 8.77283400768647e-06
scale: 313.0, score: 8.710856491234154e-06
scale: 314.0, score: 8.661696483613923e-06
scale: 315.0, score: 8.625112059235107e-06
scale: 316.0, score: 8.600866749475244e-06
scale: 317.0, score: 8.588730452174786e-06
scale: 318.0, score: 8.588476703152992e-06
scale: 319.0, score: 8.599881766713224e-06
scale: 320.0, score: 8.622730092611164e-06
scale: 321.0, score: 8.656804311613087e-06
scale: 322.0, score: 8.701896149432287e-06
scale: 323.0, score: 8.757800060266163e-06
scale: 324.0, score: 8.824311407806817e-06
scale: 325.0, score: 8.901231922209263e-06
scale: 326.0, score: 8.988369700091425e-06
scale: 327.0, score: 9.085526471608318e-06
scale: 328.0, score: 9.192522156808991e-06
scale: 329.0, score: 9.30916576180607e-06
scale: 330.0, score: 9.435282663616817e-06
scale: 331.0, score: 9.570688234816771e-06
scale: 332.0, score: 9.715214218886103e-06
scale: 333.0, score: 9.868680535873864e-06
scale: 334.0, score: 1.0030928024207242e-05
scale: 335.0, score: 1.0201789336861111e-05
scale: 336.0, score: 1.0381099855294451e-05
scale: 337.0, score: 1.0568704055913258e-05
scale: 338.0, score: 1.0764439139165916e-05
scale: 339.0, score: 1.0968157766910736e-05
scale: 340.0, score: 1.1179703506059013e-05
scale: 341.0, score: 1.1398936294426676e-05
scale: 342.0, score: 1.1625703336903825e-05
scale: 343.0, score: 1.1859861842822284e-05
scale: 344.0, score: 1.2101280844944995e-05
scale: 345.0, score: 1.2349808457656763e-05
scale: 346.0, score: 1.2605324627656955e-05
scale: 347.0, score: 1.2867686564277392e-05
scale: 348.0, score: 1.3136760571796913e-05
scale: 349.0, score: 1.3412422049441375e-05
scale: 350.0, score: 1.3694556400878355e-05
scale: 351.0, score: 1.398302356392378e-05
scale: 352.0, score: 1.427770530426642e-05
scale: 353.0, score: 1.4578496120520867e-05
scale: 354.0, score: 1.4885258678987157e-05
scale: 355.0, score: 1.5197893844742794e-05
scale: 356.0, score: 1.5516270650550723e-05
scale: 357.0, score: 1.584029450896196e-05
scale: 358.0, score: 1.6169857190106995e-05
scale: 359.0, score: 1.6504835002706386e-05
scale: 360.0, score: 1.684512972133234e-05
scale: 361.0, score: 1.7190652215504088e-05
scale: 362.0, score: 1.754127151798457e-05
scale: 363.0, score: 1.7896914869197644e-05
scale: 364.0, score: 1.8257469491800293e-05
scale: 365.0, score: 1.8622840798343532e-05
scale: 366.0, score: 1.8992948753293604e-05
scale: 367.0, score: 1.9367673303349875e-05
scale: 368.0, score: 1.974693441297859e-05
scale: 369.0, score: 2.013064658967778e-05
scale: 370.0, score: 2.051871888397727e-05
scale: 371.0, score: 2.09110676223645e-05
scale: 372.0, score: 2.130759457941167e-05
scale: 373.0, score: 2.1708216081606224e-05
scale: 374.0, score: 2.2112873921287246e-05
scale: 375.0, score: 2.2521469873026945e-05
scale: 376.0, score: 2.293391662533395e-05
scale: 377.0, score: 2.3350143237621523e-05
scale: 378.0, score: 2.377007513132412e-05
scale: 379.0, score: 2.419361590000335e-05
scale: 380.0, score: 2.4620723706902936e-05
scale: 381.0, score: 2.505131851648912e-05
scale: 382.0, score: 2.548530392232351e-05
scale: 383.0, score: 2.5922634449671023e-05
self.delta: 318.0
17 tensor([-99999,      0,     10,     15,     20,     25,     30,     35,     40,
            45,     50,     55,     60,     65,     70,     75,     80],
       device='cuda:0', dtype=torch.int32)
17 tensor([  0.,   1.,   2.,   3.,   4.,   6.,   8.,  12.,  16.,  24.,  32.,  48.,
         64.,  96., 128., 192., 256.], device='cuda:0')
17 tensor([0.0000, 0.0031, 0.0063, 0.0094, 0.0126, 0.0189, 0.0252, 0.0377, 0.0503,
        0.0755, 0.1006, 0.1509, 0.2013, 0.3019, 0.4025, 0.6038, 0.8050],
       device='cuda:0')
scale: 256.0, score: 4.802871262654662e-05
scale: 257.0, score: 4.650980554288253e-05
scale: 258.0, score: 4.50318657385651e-05
scale: 259.0, score: 4.359404556453228e-05
scale: 260.0, score: 4.219558832119219e-05
scale: 261.0, score: 4.083568273927085e-05
scale: 262.0, score: 3.951360849896446e-05
scale: 263.0, score: 3.822858343482949e-05
scale: 264.0, score: 3.6979912692913786e-05
scale: 265.0, score: 3.5766854125540704e-05
scale: 266.0, score: 3.458873834460974e-05
scale: 267.0, score: 3.344487049616873e-05
scale: 268.0, score: 3.2334581192117184e-05
scale: 269.0, score: 3.1257230148185045e-05
scale: 270.0, score: 3.0212160709197633e-05
scale: 271.0, score: 2.9198781703598797e-05
scale: 272.0, score: 2.8216440114192665e-05
scale: 273.0, score: 2.7264555683359504e-05
scale: 274.0, score: 2.6342529963585548e-05
scale: 275.0, score: 2.5449808163102716e-05
scale: 276.0, score: 2.4585813662270084e-05
scale: 277.0, score: 2.3749989850330167e-05
scale: 278.0, score: 2.2941812858334742e-05
scale: 279.0, score: 2.216073335148394e-05
scale: 280.0, score: 2.1406256564659998e-05
scale: 281.0, score: 2.0677856809925288e-05
scale: 282.0, score: 1.9975039322162047e-05
scale: 283.0, score: 1.9297331164125353e-05
scale: 284.0, score: 1.864424120867625e-05
scale: 285.0, score: 1.8015312889474444e-05
scale: 286.0, score: 1.741006963129621e-05
scale: 287.0, score: 1.682808215264231e-05
scale: 288.0, score: 1.626890298211947e-05
scale: 289.0, score: 1.5732101019239053e-05
scale: 290.0, score: 1.5217250620480627e-05
scale: 291.0, score: 1.4723948879691307e-05
scale: 292.0, score: 1.425177379132947e-05
scale: 293.0, score: 1.3800337001157459e-05
scale: 294.0, score: 1.336925652140053e-05
scale: 295.0, score: 1.2958140359842218e-05
scale: 296.0, score: 1.2566622899612412e-05
scale: 297.0, score: 1.2194318514957558e-05
scale: 298.0, score: 1.1840887054859195e-05
scale: 299.0, score: 1.1505960173963103e-05
scale: 300.0, score: 1.1189204997208435e-05
scale: 301.0, score: 1.0890274097619113e-05
scale: 302.0, score: 1.0608840057102498e-05
scale: 303.0, score: 1.0344572729081847e-05
scale: 304.0, score: 1.0097144695464522e-05
scale: 305.0, score: 9.866260370472446e-06
scale: 306.0, score: 9.651599611970596e-06
scale: 307.0, score: 9.452857739233878e-06
scale: 308.0, score: 9.269748261431232e-06
scale: 309.0, score: 9.101977411773987e-06
scale: 310.0, score: 8.949255970946979e-06
scale: 311.0, score: 8.81130836205557e-06
scale: 312.0, score: 8.687860827194527e-06
scale: 313.0, score: 8.578638698963914e-06
scale: 314.0, score: 8.483386409352534e-06
scale: 315.0, score: 8.401840204896871e-06
scale: 316.0, score: 8.333746336575132e-06
scale: 317.0, score: 8.278853783849627e-06
scale: 318.0, score: 8.236921530624386e-06
scale: 319.0, score: 8.207704922824632e-06
scale: 320.0, score: 8.190975677280221e-06
scale: 321.0, score: 8.186494596884586e-06
scale: 322.0, score: 8.194038855435792e-06
scale: 323.0, score: 8.213385626731906e-06
scale: 324.0, score: 8.2443157225498e-06
scale: 325.0, score: 8.286612683150452e-06
scale: 326.0, score: 8.340070053236559e-06
scale: 327.0, score: 8.404475011047907e-06
scale: 328.0, score: 8.479631105728913e-06
scale: 329.0, score: 8.565333700971678e-06
scale: 330.0, score: 8.661393621878233e-06
scale: 331.0, score: 8.767608960624784e-06
scale: 332.0, score: 8.883801456249785e-06
scale: 333.0, score: 9.009776476887055e-06
scale: 334.0, score: 9.145358490059152e-06
scale: 335.0, score: 9.290370144299231e-06
scale: 336.0, score: 9.444631359656341e-06
scale: 337.0, score: 9.607973879610654e-06
scale: 338.0, score: 9.780224900168832e-06
scale: 339.0, score: 9.961222531273961e-06
scale: 340.0, score: 1.0150799425900914e-05
scale: 341.0, score: 1.0348799150960986e-05
scale: 342.0, score: 1.0555062544881366e-05
scale: 343.0, score: 1.0769434084068052e-05
scale: 344.0, score: 1.0991767339874059e-05
scale: 345.0, score: 1.1221904060221277e-05
scale: 346.0, score: 1.1459711458883248e-05
scale: 347.0, score: 1.170503492176067e-05
scale: 348.0, score: 1.1957730748690665e-05
scale: 349.0, score: 1.221766524395207e-05
scale: 350.0, score: 1.2484710168791935e-05
scale: 351.0, score: 1.2758719094563276e-05
scale: 352.0, score: 1.3039561963523738e-05
scale: 353.0, score: 1.3327121450856794e-05
scale: 354.0, score: 1.3621253856399562e-05
scale: 355.0, score: 1.3921850040787831e-05
scale: 356.0, score: 1.4228769032342825e-05
scale: 357.0, score: 1.4541905329679139e-05
scale: 358.0, score: 1.4861145245959051e-05
scale: 359.0, score: 1.5186353266471997e-05
scale: 360.0, score: 1.551742388983257e-05
scale: 361.0, score: 1.585425707162358e-05
scale: 362.0, score: 1.6196718206629157e-05
scale: 363.0, score: 1.6544719983357936e-05
scale: 364.0, score: 1.6898147805477493e-05
scale: 365.0, score: 1.725689617160242e-05
scale: 366.0, score: 1.7620875951251946e-05
scale: 367.0, score: 1.7989959815167822e-05
scale: 368.0, score: 1.836406227084808e-05
scale: 369.0, score: 1.874308509286493e-05
scale: 370.0, score: 1.9126931874779984e-05
scale: 371.0, score: 1.9515517124091275e-05
scale: 372.0, score: 1.990873170143459e-05
scale: 373.0, score: 2.0306484657339752e-05
scale: 374.0, score: 2.070870868919883e-05
scale: 375.0, score: 2.111530011461582e-05
scale: 376.0, score: 2.1526167984120548e-05
scale: 377.0, score: 2.1941230443189852e-05
scale: 378.0, score: 2.2360405637300573e-05
scale: 379.0, score: 2.2783598979003727e-05
scale: 380.0, score: 2.3210750441648997e-05
scale: 381.0, score: 2.3641785446670838e-05
scale: 382.0, score: 2.4076593035715632e-05
scale: 383.0, score: 2.4515129553037696e-05
self.delta: 321.0
17 tensor([-99999,      0,     10,     15,     20,     25,     30,     35,     40,
            45,     50,     55,     60,     65,     70,     75,     80],
       device='cuda:0', dtype=torch.int32)
17 tensor([  0.,   1.,   2.,   3.,   4.,   6.,   8.,  12.,  16.,  24.,  32.,  48.,
         64.,  96., 128., 192., 256.], device='cuda:0')
17 tensor([0.0000, 0.0031, 0.0062, 0.0093, 0.0125, 0.0187, 0.0249, 0.0374, 0.0498,
        0.0748, 0.0997, 0.1495, 0.1994, 0.2991, 0.3988, 0.5981, 0.7975],
       device='cuda:0')
scale: 256.0, score: 4.275051469448954e-05
scale: 257.0, score: 4.141231329413131e-05
scale: 258.0, score: 4.0109818655764684e-05
scale: 259.0, score: 3.884231409756467e-05
scale: 260.0, score: 3.7609115679515526e-05
scale: 261.0, score: 3.640954309958033e-05
scale: 262.0, score: 3.524294515955262e-05
scale: 263.0, score: 3.410865247133188e-05
scale: 264.0, score: 3.3006064768414944e-05
scale: 265.0, score: 3.193452721461654e-05
scale: 266.0, score: 3.089345773332752e-05
scale: 267.0, score: 2.988225969602354e-05
scale: 268.0, score: 2.8900341931148432e-05
scale: 269.0, score: 2.7947155103902332e-05
scale: 270.0, score: 2.7022120775654912e-05
scale: 271.0, score: 2.6124724172404967e-05
scale: 272.0, score: 2.525440686440561e-05
scale: 273.0, score: 2.441065043967683e-05
scale: 274.0, score: 2.3592941943206824e-05
scale: 275.0, score: 2.2800797523814254e-05
scale: 276.0, score: 2.2033713321434334e-05
scale: 277.0, score: 2.1291207303875126e-05
scale: 278.0, score: 2.0572821085806936e-05
scale: 279.0, score: 1.9878078092006035e-05
scale: 280.0, score: 1.920654540299438e-05
scale: 281.0, score: 1.8557764633442275e-05
scale: 282.0, score: 1.793130832083989e-05
scale: 283.0, score: 1.7326767192571424e-05
scale: 284.0, score: 1.674370651016943e-05
scale: 285.0, score: 1.6181737009901553e-05
scale: 286.0, score: 1.5640434867236763e-05
scale: 287.0, score: 1.5119433555810247e-05
scale: 288.0, score: 1.4618340173910838e-05
scale: 289.0, score: 1.4136778190732002e-05
scale: 290.0, score: 1.367437835142482e-05
scale: 291.0, score: 1.3230793229013216e-05
scale: 292.0, score: 1.2805648111680057e-05
scale: 293.0, score: 1.2398611033859197e-05
scale: 294.0, score: 1.2009349120489787e-05
scale: 295.0, score: 1.1637515854090452e-05
scale: 296.0, score: 1.128279745898908e-05
scale: 297.0, score: 1.0944855603156611e-05
scale: 298.0, score: 1.0623397429299075e-05
scale: 299.0, score: 1.0318098247807939e-05
scale: 300.0, score: 1.0028670658357441e-05
scale: 301.0, score: 9.754813618201297e-06
scale: 302.0, score: 9.496236089034937e-06
scale: 303.0, score: 9.252657036995515e-06
scale: 304.0, score: 9.023787242767867e-06
scale: 305.0, score: 8.80936931935139e-06
scale: 306.0, score: 8.609126780356746e-06
scale: 307.0, score: 8.422793143836316e-06
scale: 308.0, score: 8.250119208241813e-06
scale: 309.0, score: 8.090846677077934e-06
scale: 310.0, score: 7.944727258291095e-06
scale: 311.0, score: 7.811518116795924e-06
scale: 312.0, score: 7.690984602959361e-06
scale: 313.0, score: 7.582883426948683e-06
scale: 314.0, score: 7.486992672056658e-06
scale: 315.0, score: 7.403082690871088e-06
scale: 316.0, score: 7.330933385674143e-06
scale: 317.0, score: 7.27032693248475e-06
scale: 318.0, score: 7.2210500547953416e-06
scale: 319.0, score: 7.182893568824511e-06
scale: 320.0, score: 7.155654657253763e-06
scale: 321.0, score: 7.139128229027847e-06
scale: 322.0, score: 7.133119197533233e-06
scale: 323.0, score: 7.137430657166988e-06
scale: 324.0, score: 7.151874797273194e-06
scale: 325.0, score: 7.176263352448586e-06
scale: 326.0, score: 7.210413969005458e-06
scale: 327.0, score: 7.254143838508753e-06
scale: 328.0, score: 7.307279702217784e-06
scale: 329.0, score: 7.3696437539183535e-06
scale: 330.0, score: 7.441070010827389e-06
scale: 331.0, score: 7.521386578446254e-06
scale: 332.0, score: 7.610433385707438e-06
scale: 333.0, score: 7.708043085585814e-06
scale: 334.0, score: 7.814062882971484e-06
scale: 335.0, score: 7.928337254270446e-06
scale: 336.0, score: 8.050708856899291e-06
scale: 337.0, score: 8.181033990695141e-06
scale: 338.0, score: 8.319158041558694e-06
scale: 339.0, score: 8.464941856800579e-06
scale: 340.0, score: 8.618239917268511e-06
scale: 341.0, score: 8.778914889262524e-06
scale: 342.0, score: 8.946829439082649e-06
scale: 343.0, score: 9.121846233028919e-06
scale: 344.0, score: 9.303837941843085e-06
scale: 345.0, score: 9.492669050814584e-06
scale: 346.0, score: 9.688221325632185e-06
scale: 347.0, score: 9.890358342090622e-06
scale: 348.0, score: 1.0098959137394559e-05
scale: 349.0, score: 1.0313904567738064e-05
scale: 350.0, score: 1.053508367476752e-05
scale: 351.0, score: 1.0762367310235277e-05
scale: 352.0, score: 1.0995643606293015e-05
scale: 353.0, score: 1.1234809790039435e-05
scale: 354.0, score: 1.1479740351205692e-05
scale: 355.0, score: 1.1730338883353397e-05
scale: 356.0, score: 1.1986487152171321e-05
scale: 357.0, score: 1.2248086932231672e-05
scale: 358.0, score: 1.2515041817096062e-05
scale: 359.0, score: 1.2787236300937366e-05
scale: 360.0, score: 1.3064574886811897e-05
scale: 361.0, score: 1.3346970263228286e-05
scale: 362.0, score: 1.3634307833854109e-05
scale: 363.0, score: 1.3926508472650312e-05
scale: 364.0, score: 1.4223473954189103e-05
scale: 365.0, score: 1.4525111510010902e-05
scale: 366.0, score: 1.4831342014076654e-05
scale: 367.0, score: 1.514205814601155e-05
scale: 368.0, score: 1.5457180779776536e-05
scale: 369.0, score: 1.5776629879837856e-05
scale: 370.0, score: 1.6100315406220034e-05
scale: 371.0, score: 1.6428168237325735e-05
scale: 372.0, score: 1.6760086509748362e-05
scale: 373.0, score: 1.7095997463911772e-05
scale: 374.0, score: 1.7435839254176244e-05
scale: 375.0, score: 1.7779519112082198e-05
scale: 376.0, score: 1.812696245906409e-05
scale: 377.0, score: 1.847809471655637e-05
scale: 378.0, score: 1.883284858195111e-05
scale: 379.0, score: 1.9191136743756942e-05
scale: 380.0, score: 1.9552904632291757e-05
scale: 381.0, score: 1.9918095858884044e-05
scale: 382.0, score: 2.0286606741137803e-05
scale: 383.0, score: 2.0658399080275558e-05
self.delta: 322.0
17 tensor([-99999,      0,     10,     15,     20,     25,     30,     35,     40,
            45,     50,     55,     60,     65,     70,     75,     80],
       device='cuda:0', dtype=torch.int32)
17 tensor([  0.,   1.,   2.,   3.,   4.,   6.,   8.,  12.,  16.,  24.,  32.,  48.,
         64.,  96., 128., 192., 256.], device='cuda:0')
17 tensor([0.0000, 0.0031, 0.0062, 0.0093, 0.0124, 0.0186, 0.0248, 0.0373, 0.0497,
        0.0745, 0.0994, 0.1491, 0.1988, 0.2981, 0.3975, 0.5963, 0.7950],
       device='cuda:0')
scale: 256.0, score: 3.457146885921247e-05
scale: 257.0, score: 3.352782005094923e-05
scale: 258.0, score: 3.251081216149032e-05
scale: 259.0, score: 3.15199104079511e-05
scale: 260.0, score: 3.0554616387235e-05
scale: 261.0, score: 2.961441350635141e-05
scale: 262.0, score: 2.8698830647044815e-05
scale: 263.0, score: 2.7807376682176255e-05
scale: 264.0, score: 2.6939587769447826e-05
scale: 265.0, score: 2.6094996428582817e-05
scale: 266.0, score: 2.5273164283134975e-05
scale: 267.0, score: 2.4473649318679236e-05
scale: 268.0, score: 2.3696016796748154e-05
scale: 269.0, score: 2.2939853806747124e-05
scale: 270.0, score: 2.220474198111333e-05
scale: 271.0, score: 2.149029023712501e-05
scale: 272.0, score: 2.079608748317696e-05
scale: 273.0, score: 2.012175173149444e-05
scale: 274.0, score: 1.9466897356323898e-05
scale: 275.0, score: 1.883117511169985e-05
scale: 276.0, score: 1.821420300984755e-05
scale: 277.0, score: 1.7615628166822717e-05
scale: 278.0, score: 1.703510497463867e-05
scale: 279.0, score: 1.6472289644298144e-05
scale: 280.0, score: 1.5926854757708497e-05
scale: 281.0, score: 1.5398461982840672e-05
scale: 282.0, score: 1.4886792087054346e-05
scale: 283.0, score: 1.4391544937097933e-05
scale: 284.0, score: 1.3912393114878796e-05
scale: 285.0, score: 1.3449055586534087e-05
scale: 286.0, score: 1.3001208571949974e-05
scale: 287.0, score: 1.2568587408168241e-05
scale: 288.0, score: 1.2150901056884322e-05
scale: 289.0, score: 1.174786393676186e-05
scale: 290.0, score: 1.1359205018379726e-05
scale: 291.0, score: 1.0984669643221423e-05
scale: 292.0, score: 1.0623974958434701e-05
scale: 293.0, score: 1.0276876309944782e-05
scale: 294.0, score: 9.943126315192785e-06
scale: 295.0, score: 9.622470315662213e-06
scale: 296.0, score: 9.314672752225306e-06
scale: 297.0, score: 9.019480785354972e-06
scale: 298.0, score: 8.736681593290996e-06
scale: 299.0, score: 8.466029612463899e-06
scale: 300.0, score: 8.207312930608168e-06
scale: 301.0, score: 7.96030872152187e-06
scale: 302.0, score: 7.724801434960682e-06
scale: 303.0, score: 7.500580522901146e-06
scale: 304.0, score: 7.28742998035159e-06
scale: 305.0, score: 7.085160632414045e-06
scale: 306.0, score: 6.893567842780612e-06
scale: 307.0, score: 6.712452432111604e-06
scale: 308.0, score: 6.541627499245806e-06
scale: 309.0, score: 6.38090477877995e-06
scale: 310.0, score: 6.23009600531077e-06
scale: 311.0, score: 6.089022008382017e-06
scale: 312.0, score: 5.9575086197583005e-06
scale: 313.0, score: 5.835373940499267e-06
scale: 314.0, score: 5.722455625800649e-06
scale: 315.0, score: 5.618580416921759e-06
scale: 316.0, score: 5.5235846048162784e-06
scale: 317.0, score: 5.437306299427291e-06
scale: 318.0, score: 5.35958770342404e-06
scale: 319.0, score: 5.29027238371782e-06
scale: 320.0, score: 5.229210728430189e-06
scale: 321.0, score: 5.1762472139671445e-06
scale: 322.0, score: 5.131239959155209e-06
scale: 323.0, score: 5.094040716357995e-06
scale: 324.0, score: 5.06451033288613e-06
scale: 325.0, score: 5.042507837060839e-06
scale: 326.0, score: 5.027897714171559e-06
scale: 327.0, score: 5.0205444495077245e-06
scale: 328.0, score: 5.020317075832281e-06
scale: 329.0, score: 5.027085990150226e-06
scale: 330.0, score: 5.040724772698013e-06
scale: 331.0, score: 5.061107913206797e-06
scale: 332.0, score: 5.0881144488812424e-06
scale: 333.0, score: 5.12162159793661e-06
scale: 334.0, score: 5.161513399798423e-06
scale: 335.0, score: 5.207673893892206e-06
scale: 336.0, score: 5.259988029138185e-06
scale: 337.0, score: 5.318344847182743e-06
scale: 338.0, score: 5.3826329349249136e-06
scale: 339.0, score: 5.452747245726641e-06
scale: 340.0, score: 5.528578640223714e-06
scale: 341.0, score: 5.610025709756883e-06
scale: 342.0, score: 5.696984317182796e-06
scale: 343.0, score: 5.789353963336907e-06
scale: 344.0, score: 5.8870386965281796e-06
scale: 345.0, score: 5.989937562844716e-06
scale: 346.0, score: 6.097960977058392e-06
scale: 347.0, score: 6.211010258994065e-06
scale: 348.0, score: 6.328992640192155e-06
scale: 349.0, score: 6.45182035441394e-06
scale: 350.0, score: 6.579409273399506e-06
scale: 351.0, score: 6.711664354952518e-06
scale: 352.0, score: 6.848501016065711e-06
scale: 353.0, score: 6.989842404436786e-06
scale: 354.0, score: 7.135596206353512e-06
scale: 355.0, score: 7.285689207492396e-06
scale: 356.0, score: 7.440033641614718e-06
scale: 357.0, score: 7.5985553849022835e-06
scale: 358.0, score: 7.761183951515704e-06
scale: 359.0, score: 7.927829756226856e-06
scale: 360.0, score: 8.098425496427808e-06
scale: 361.0, score: 8.272903869510628e-06
scale: 362.0, score: 8.45117938297335e-06
scale: 363.0, score: 8.633191100670956e-06
scale: 364.0, score: 8.818868991511408e-06
scale: 365.0, score: 9.008140295918565e-06
scale: 366.0, score: 9.200948625220917e-06
scale: 367.0, score: 9.397211215400603e-06
scale: 368.0, score: 9.59687076829141e-06
scale: 369.0, score: 9.799868166737724e-06
scale: 370.0, score: 1.0006132470152806e-05
scale: 371.0, score: 1.021561365632806e-05
scale: 372.0, score: 1.0428238965687342e-05
scale: 373.0, score: 1.0643947462085634e-05
scale: 374.0, score: 1.086269912775606e-05
scale: 375.0, score: 1.108441938413307e-05
scale: 376.0, score: 1.1309052752039861e-05
scale: 377.0, score: 1.1536550118762534e-05
scale: 378.0, score: 1.1766852367145475e-05
scale: 379.0, score: 1.1999898561043665e-05
scale: 380.0, score: 1.2235646863700822e-05
scale: 381.0, score: 1.247405270987656e-05
scale: 382.0, score: 1.2715046068478841e-05
scale: 383.0, score: 1.2958589650224894e-05
self.delta: 328.0
17 tensor([-99999,      0,     10,     15,     20,     25,     30,     35,     40,
            45,     50,     55,     60,     65,     70,     75,     80],
       device='cuda:0', dtype=torch.int32)
17 tensor([  0.,   1.,   2.,   3.,   4.,   6.,   8.,  12.,  16.,  24.,  32.,  48.,
         64.,  96., 128., 192., 256.], device='cuda:0')
17 tensor([0.0000, 0.0030, 0.0061, 0.0091, 0.0122, 0.0183, 0.0244, 0.0366, 0.0488,
        0.0732, 0.0976, 0.1463, 0.1951, 0.2927, 0.3902, 0.5854, 0.7805],
       device='cuda:0')
scale: 256.0, score: 2.0656067135860212e-05
scale: 257.0, score: 2.004004636546597e-05
scale: 258.0, score: 1.9439959942246787e-05
scale: 259.0, score: 1.8855487724067643e-05
scale: 260.0, score: 1.8286331396666355e-05
scale: 261.0, score: 1.7732179912854917e-05
scale: 262.0, score: 1.719275132927578e-05
scale: 263.0, score: 1.666775278863497e-05
scale: 264.0, score: 1.6156904166564345e-05
scale: 265.0, score: 1.5659925338695757e-05
scale: 266.0, score: 1.5176556189544499e-05
scale: 267.0, score: 1.4706530237162951e-05
scale: 268.0, score: 1.4249585547077004e-05
scale: 269.0, score: 1.3805478374706581e-05
scale: 270.0, score: 1.337395042355638e-05
scale: 271.0, score: 1.2954775229445659e-05
scale: 272.0, score: 1.2547701771836728e-05
scale: 273.0, score: 1.2152502677054144e-05
scale: 274.0, score: 1.176894784293836e-05
scale: 275.0, score: 1.1396825357223861e-05
scale: 276.0, score: 1.1035909665224608e-05
scale: 277.0, score: 1.0685985216696281e-05
scale: 278.0, score: 1.0346849194320384e-05
scale: 279.0, score: 1.0018291504820809e-05
scale: 280.0, score: 9.700117516331375e-06
scale: 281.0, score: 9.39212623052299e-06
scale: 282.0, score: 9.09412483451888e-06
scale: 283.0, score: 8.80593233887339e-06
scale: 284.0, score: 8.527356840204448e-06
scale: 285.0, score: 8.258224625024013e-06
scale: 286.0, score: 7.998345608939417e-06
scale: 287.0, score: 7.747557901893742e-06
scale: 288.0, score: 7.5056882451463025e-06
scale: 289.0, score: 7.272568382177269e-06
scale: 290.0, score: 7.04803323969827e-06
scale: 291.0, score: 6.831929113104707e-06
scale: 292.0, score: 6.6240895648661535e-06
scale: 293.0, score: 6.424366347346222e-06
scale: 294.0, score: 6.232611667655874e-06
scale: 295.0, score: 6.048672275937861e-06
scale: 296.0, score: 5.872408110008109e-06
scale: 297.0, score: 5.7036677389987744e-06
scale: 298.0, score: 5.542322469409555e-06
scale: 299.0, score: 5.388224963098764e-06
scale: 300.0, score: 5.241251528786961e-06
scale: 301.0, score: 5.101264832774177e-06
scale: 302.0, score: 4.968137545802165e-06
scale: 303.0, score: 4.841743702854728e-06
scale: 304.0, score: 4.721953700936865e-06
scale: 305.0, score: 4.608655217452906e-06
scale: 306.0, score: 4.501723196881358e-06
scale: 307.0, score: 4.401040314405691e-06
scale: 308.0, score: 4.306493792682886e-06
scale: 309.0, score: 4.217971763864625e-06
scale: 310.0, score: 4.1353609958605375e-06
scale: 311.0, score: 4.058554623043165e-06
scale: 312.0, score: 3.987447144027101e-06
scale: 313.0, score: 3.921931693184888e-06
scale: 314.0, score: 3.861909135594033e-06
scale: 315.0, score: 3.8072764709795592e-06
scale: 316.0, score: 3.7579361560347024e-06
scale: 317.0, score: 3.7137901927053463e-06
scale: 318.0, score: 3.674744903037208e-06
scale: 319.0, score: 3.6407066090760054e-06
scale: 320.0, score: 3.6115857255936135e-06
scale: 321.0, score: 3.587289256756776e-06
scale: 322.0, score: 3.567731482689851e-06
scale: 323.0, score: 3.5528248645277927e-06
scale: 324.0, score: 3.5424850466370117e-06
scale: 325.0, score: 3.536628355504945e-06
scale: 326.0, score: 3.5351733913557837e-06
scale: 327.0, score: 3.5380387544137193e-06
scale: 328.0, score: 3.5451469102554256e-06
scale: 329.0, score: 3.5564198697102256e-06
scale: 330.0, score: 3.5717819173441967e-06
scale: 331.0, score: 3.5911575650970917e-06
scale: 332.0, score: 3.6144749628874706e-06
scale: 333.0, score: 3.641660669018165e-06
scale: 334.0, score: 3.6726448797708144e-06
scale: 335.0, score: 3.7073584735480836e-06
scale: 336.0, score: 3.7457325561263133e-06
scale: 337.0, score: 3.787701189139625e-06
scale: 338.0, score: 3.833197297353763e-06
scale: 339.0, score: 3.882157216139603e-06
scale: 340.0, score: 3.934517280868022e-06
scale: 341.0, score: 3.9902161006466486e-06
scale: 342.0, score: 4.049191375088412e-06
scale: 343.0, score: 4.111382622795645e-06
scale: 344.0, score: 4.176732545602135e-06
scale: 345.0, score: 4.245181571604917e-06
scale: 346.0, score: 4.316674676374532e-06
scale: 347.0, score: 4.39115456174477e-06
scale: 348.0, score: 4.46856483904412e-06
scale: 349.0, score: 4.548852302832529e-06
scale: 350.0, score: 4.6319682951434515e-06
scale: 351.0, score: 4.7178546083159745e-06
scale: 352.0, score: 4.806460765394149e-06
scale: 353.0, score: 4.897742201137589e-06
scale: 354.0, score: 4.991642526874784e-06
scale: 355.0, score: 5.088117632112699e-06
scale: 356.0, score: 5.187116130400682e-06
scale: 357.0, score: 5.2885925470036454e-06
scale: 358.0, score: 5.392505499912659e-06
scale: 359.0, score: 5.498801783687668e-06
scale: 360.0, score: 5.6074395615723915e-06
scale: 361.0, score: 5.718380634789355e-06
scale: 362.0, score: 5.831572252645856e-06
scale: 363.0, score: 5.946979854343226e-06
scale: 364.0, score: 6.06455932938843e-06
scale: 365.0, score: 6.184269295772538e-06
scale: 366.0, score: 6.306073373707477e-06
scale: 367.0, score: 6.429925633710809e-06
scale: 368.0, score: 6.555789241247112e-06
scale: 369.0, score: 6.683629635517718e-06
scale: 370.0, score: 6.813404525018996e-06
scale: 371.0, score: 6.945084351173136e-06
scale: 372.0, score: 7.078623639245052e-06
scale: 373.0, score: 7.2139887379307766e-06
scale: 374.0, score: 7.35115372663131e-06
scale: 375.0, score: 7.490075859095668e-06
scale: 376.0, score: 7.630721484019887e-06
scale: 377.0, score: 7.773059223836754e-06
scale: 378.0, score: 7.917055881989654e-06
scale: 379.0, score: 8.062674169195816e-06
scale: 380.0, score: 8.209890438592993e-06
scale: 381.0, score: 8.358677405340131e-06
scale: 382.0, score: 8.508990504196845e-06
scale: 383.0, score: 8.660810635774396e-06
self.delta: 326.0
17 tensor([-99999,      0,     10,     15,     20,     25,     30,     35,     40,
            45,     50,     55,     60,     65,     70,     75,     80],
       device='cuda:0', dtype=torch.int32)
17 tensor([  0.,   1.,   2.,   3.,   4.,   6.,   8.,  12.,  16.,  24.,  32.,  48.,
         64.,  96., 128., 192., 256.], device='cuda:0')
17 tensor([0.0000, 0.0031, 0.0061, 0.0092, 0.0123, 0.0184, 0.0245, 0.0368, 0.0491,
        0.0736, 0.0982, 0.1472, 0.1963, 0.2945, 0.3926, 0.5890, 0.7853],
       device='cuda:0')
scale: 256.0, score: 1.7275588106713258e-05
scale: 257.0, score: 1.676404644967988e-05
scale: 258.0, score: 1.6265885278698988e-05
scale: 259.0, score: 1.5780842659296468e-05
scale: 260.0, score: 1.530866211396642e-05
scale: 261.0, score: 1.4849083527224138e-05
scale: 262.0, score: 1.4401871339941863e-05
scale: 263.0, score: 1.3966776350571308e-05
scale: 264.0, score: 1.3543564818974119e-05
scale: 265.0, score: 1.3132002095517237e-05
scale: 266.0, score: 1.2731865353998728e-05
scale: 267.0, score: 1.234293267771136e-05
scale: 268.0, score: 1.1964984878432006e-05
scale: 269.0, score: 1.1597813681873959e-05
scale: 270.0, score: 1.1241205356782302e-05
scale: 271.0, score: 1.0894966180785559e-05
scale: 272.0, score: 1.055888606060762e-05
scale: 273.0, score: 1.0232774002361111e-05
scale: 274.0, score: 9.916437193169259e-06
scale: 275.0, score: 9.609694643586408e-06
scale: 276.0, score: 9.312360816693399e-06
scale: 277.0, score: 9.024250175571069e-06
scale: 278.0, score: 8.745193554204889e-06
scale: 279.0, score: 8.475015420117415e-06
scale: 280.0, score: 8.213551154767629e-06
scale: 281.0, score: 7.960630682646297e-06
scale: 282.0, score: 7.716092113696504e-06
scale: 283.0, score: 7.479784926545108e-06
scale: 284.0, score: 7.251544957398437e-06
scale: 285.0, score: 7.031228051346261e-06
scale: 286.0, score: 6.818674137321068e-06
scale: 287.0, score: 6.61374588162289e-06
scale: 288.0, score: 6.416299584088847e-06
scale: 289.0, score: 6.226191544556059e-06
scale: 290.0, score: 6.043283519829856e-06
scale: 291.0, score: 5.86744772590464e-06
scale: 292.0, score: 5.698542736354284e-06
scale: 293.0, score: 5.536443040909944e-06
scale: 294.0, score: 5.381026312534232e-06
scale: 295.0, score: 5.232162493484793e-06
scale: 296.0, score: 5.089733804197749e-06
scale: 297.0, score: 4.953613370162202e-06
scale: 298.0, score: 4.82369250676129e-06
scale: 299.0, score: 4.699848432210274e-06
scale: 300.0, score: 4.581975190376397e-06
scale: 301.0, score: 4.469958639674587e-06
scale: 302.0, score: 4.363691004982684e-06
scale: 303.0, score: 4.2630667849152815e-06
scale: 304.0, score: 4.167977749602869e-06
scale: 305.0, score: 4.078327037859708e-06
scale: 306.0, score: 3.9940127862792e-06
scale: 307.0, score: 3.914933586202096e-06
scale: 308.0, score: 3.840996669168817e-06
scale: 309.0, score: 3.7721060834883247e-06
scale: 310.0, score: 3.708168151206337e-06
scale: 311.0, score: 3.649091695479001e-06
scale: 312.0, score: 3.594789632188622e-06
scale: 313.0, score: 3.5451705571176717e-06
scale: 314.0, score: 3.500151251500938e-06
scale: 315.0, score: 3.4596466775838053e-06
scale: 316.0, score: 3.42357316185371e-06
scale: 317.0, score: 3.391849759282195e-06
scale: 318.0, score: 3.364396661709179e-06
scale: 319.0, score: 3.3411351978429593e-06
scale: 320.0, score: 3.321990334370639e-06
scale: 321.0, score: 3.3068838547478663e-06
scale: 322.0, score: 3.295743681519525e-06
scale: 323.0, score: 3.288496600362123e-06
scale: 324.0, score: 3.2850709885678953e-06
scale: 325.0, score: 3.2853968150448054e-06
scale: 326.0, score: 3.289406095063896e-06
scale: 327.0, score: 3.2970303891488584e-06
scale: 328.0, score: 3.3082037589338142e-06
scale: 329.0, score: 3.3228609481739113e-06
scale: 330.0, score: 3.3409392017347272e-06
scale: 331.0, score: 3.3623741728661116e-06
scale: 332.0, score: 3.387105607544072e-06
scale: 333.0, score: 3.415071887502563e-06
scale: 334.0, score: 3.446214350333321e-06
scale: 335.0, score: 3.4804752431227826e-06
scale: 336.0, score: 3.5177961308363592e-06
scale: 337.0, score: 3.5581219890445936e-06
scale: 338.0, score: 3.6013966564496513e-06
scale: 339.0, score: 3.6475662454904523e-06
scale: 340.0, score: 3.696577095979592e-06
scale: 341.0, score: 3.7483780488400953e-06
scale: 342.0, score: 3.80291635337926e-06
scale: 343.0, score: 3.860141987388488e-06
scale: 344.0, score: 3.920006292901235e-06
scale: 345.0, score: 3.982459020335227e-06
scale: 346.0, score: 4.047454694955377e-06
scale: 347.0, score: 4.114944204047788e-06
scale: 348.0, score: 4.184880708635319e-06
scale: 349.0, score: 4.257219643477583e-06
scale: 350.0, score: 4.33191962656565e-06
scale: 351.0, score: 4.4089324546803255e-06
scale: 352.0, score: 4.488215836317977e-06
scale: 353.0, score: 4.56973157270113e-06
scale: 354.0, score: 4.653431915357942e-06
scale: 355.0, score: 4.739281848742394e-06
scale: 356.0, score: 4.8272354433720466e-06
scale: 357.0, score: 4.917257683700882e-06
scale: 358.0, score: 5.009311735193478e-06
scale: 359.0, score: 5.103353032609448e-06
scale: 360.0, score: 5.199346560402773e-06
scale: 361.0, score: 5.297260941006243e-06
scale: 362.0, score: 5.397050699684769e-06
scale: 363.0, score: 5.498688096849946e-06
scale: 364.0, score: 5.602135843219003e-06
scale: 365.0, score: 5.707358468498569e-06
scale: 366.0, score: 5.814326868858188e-06
scale: 367.0, score: 5.923000117036281e-06
scale: 368.0, score: 6.0333491092023905e-06
scale: 369.0, score: 6.145343832031358e-06
scale: 370.0, score: 6.258951088966569e-06
scale: 371.0, score: 6.374142685672268e-06
scale: 372.0, score: 6.490883606602438e-06
scale: 373.0, score: 6.609142928937217e-06
scale: 374.0, score: 6.728900189045817e-06
scale: 375.0, score: 6.850119916634867e-06
scale: 376.0, score: 6.9727725531265605e-06
scale: 377.0, score: 7.0968339969113e-06
scale: 378.0, score: 7.222273779916577e-06
scale: 379.0, score: 7.349061888817232e-06
scale: 380.0, score: 7.47718013371923e-06
scale: 381.0, score: 7.606601684528869e-06
scale: 382.0, score: 7.737292435194831e-06
scale: 383.0, score: 7.869236469559837e-06
self.delta: 324.0
17 tensor([-99999,      0,     10,     15,     20,     25,     30,     35,     40,
            45,     50,     55,     60,     65,     70,     75,     80],
       device='cuda:0', dtype=torch.int32)
17 tensor([  0.,   1.,   2.,   3.,   4.,   6.,   8.,  12.,  16.,  24.,  32.,  48.,
         64.,  96., 128., 192., 256.], device='cuda:0')
17 tensor([0.0000, 0.0031, 0.0062, 0.0093, 0.0123, 0.0185, 0.0247, 0.0370, 0.0494,
        0.0741, 0.0988, 0.1481, 0.1975, 0.2963, 0.3951, 0.5926, 0.7901],
       device='cuda:0')
scale: 256.0, score: 1.7878084690892138e-05
scale: 257.0, score: 1.7347409084322862e-05
scale: 258.0, score: 1.6830763343023136e-05
scale: 259.0, score: 1.6327867342624813e-05
scale: 260.0, score: 1.583845732966438e-05
scale: 261.0, score: 1.5362256817752495e-05
scale: 262.0, score: 1.489901842433028e-05
scale: 263.0, score: 1.4448482033913024e-05
scale: 264.0, score: 1.4010401173436549e-05
scale: 265.0, score: 1.3584529369836673e-05
scale: 266.0, score: 1.3170631063985638e-05
scale: 267.0, score: 1.2768475244229194e-05
scale: 268.0, score: 1.237783089891309e-05
scale: 269.0, score: 1.19984806588036e-05
scale: 270.0, score: 1.1630197150225285e-05
scale: 271.0, score: 1.1272782103333157e-05
scale: 272.0, score: 1.0926009053946473e-05
scale: 273.0, score: 1.0589681551209651e-05
scale: 274.0, score: 1.0263595868309494e-05
scale: 275.0, score: 9.947561920853332e-06
scale: 276.0, score: 9.641382348490879e-06
scale: 277.0, score: 9.344867066829465e-06
scale: 278.0, score: 9.05783599591814e-06
scale: 279.0, score: 8.780106327321846e-06
scale: 280.0, score: 8.51150161906844e-06
scale: 281.0, score: 8.251845429185778e-06
scale: 282.0, score: 8.000969501154032e-06
scale: 283.0, score: 7.758713763905689e-06
scale: 284.0, score: 7.524906322942115e-06
scale: 285.0, score: 7.299394837900763e-06
scale: 286.0, score: 7.0820137807459105e-06
scale: 287.0, score: 6.872618087072624e-06
scale: 288.0, score: 6.671055416518357e-06
scale: 289.0, score: 6.477175702457316e-06
scale: 290.0, score: 6.2908352447266225e-06
scale: 291.0, score: 6.11189807386836e-06
scale: 292.0, score: 5.94021548749879e-06
scale: 293.0, score: 5.77565833737026e-06
scale: 294.0, score: 5.618094746751012e-06
scale: 295.0, score: 5.467391474667238e-06
scale: 296.0, score: 5.323423010850092e-06
scale: 297.0, score: 5.186056569073116e-06
scale: 298.0, score: 5.055177553003887e-06
scale: 299.0, score: 4.930658633384155e-06
scale: 300.0, score: 4.812387032870902e-06
scale: 301.0, score: 4.700243607658194e-06
scale: 302.0, score: 4.594116035150364e-06
scale: 303.0, score: 4.493892447499093e-06
scale: 304.0, score: 4.399459157866659e-06
scale: 305.0, score: 4.310715667088516e-06
scale: 306.0, score: 4.227553290547803e-06
scale: 307.0, score: 4.1498683458485175e-06
scale: 308.0, score: 4.0775603338261135e-06
scale: 309.0, score: 4.0105310290527996e-06
scale: 310.0, score: 3.948680841858732e-06
scale: 311.0, score: 3.891915184794925e-06
scale: 312.0, score: 3.8401408346544486e-06
scale: 313.0, score: 3.793264113483019e-06
scale: 314.0, score: 3.7511965729208896e-06
scale: 315.0, score: 3.713848627739935e-06
scale: 316.0, score: 3.681133648569812e-06
scale: 317.0, score: 3.6529654607875273e-06
scale: 318.0, score: 3.6292608456278685e-06
scale: 319.0, score: 3.6099379485676764e-06
scale: 320.0, score: 3.5949165066995192e-06
scale: 321.0, score: 3.5841162571159657e-06
scale: 322.0, score: 3.577460347514716e-06
scale: 323.0, score: 3.5748726077144966e-06
scale: 324.0, score: 3.5762777770287357e-06
scale: 325.0, score: 3.58160218638659e-06
scale: 326.0, score: 3.5907746678276453e-06
scale: 327.0, score: 3.603722916523111e-06
scale: 328.0, score: 3.620379175117705e-06
scale: 329.0, score: 3.6406738672667416e-06
scale: 330.0, score: 3.6645408272306668e-06
scale: 331.0, score: 3.691913661896251e-06
scale: 332.0, score: 3.722728934008046e-06
scale: 333.0, score: 3.756921159947524e-06
scale: 334.0, score: 3.794430085690692e-06
scale: 335.0, score: 3.835194092971506e-06
scale: 336.0, score: 3.8791527003922965e-06
scale: 337.0, score: 3.926248155039502e-06
scale: 338.0, score: 3.976419975515455e-06
scale: 339.0, score: 4.029614046885399e-06
scale: 340.0, score: 4.085772616235772e-06
scale: 341.0, score: 4.14484247812652e-06
scale: 342.0, score: 4.2067681533808354e-06
scale: 343.0, score: 4.271497346053366e-06
scale: 344.0, score: 4.3389795791881625e-06
scale: 345.0, score: 4.4091607378504705e-06
scale: 346.0, score: 4.48199489255785e-06
scale: 347.0, score: 4.5574292926175985e-06
scale: 348.0, score: 4.63541482531582e-06
scale: 349.0, score: 4.715906470664777e-06
scale: 350.0, score: 4.7988582991820294e-06
scale: 351.0, score: 4.884221652901033e-06
scale: 352.0, score: 4.971951057086699e-06
scale: 353.0, score: 5.0620069487195e-06
scale: 354.0, score: 5.15434021508554e-06
scale: 355.0, score: 5.248913566902047e-06
scale: 356.0, score: 5.345677891455125e-06
scale: 357.0, score: 5.444597263704054e-06
scale: 358.0, score: 5.545632575376658e-06
scale: 359.0, score: 5.648737442243146e-06
scale: 360.0, score: 5.7538768487575e-06
scale: 361.0, score: 5.861014415131649e-06
scale: 362.0, score: 5.970106940367259e-06
scale: 363.0, score: 6.081121682655066e-06
scale: 364.0, score: 6.194019988470245e-06
scale: 365.0, score: 6.308765932772076e-06
scale: 366.0, score: 6.425328592740698e-06
scale: 367.0, score: 6.543664312630426e-06
scale: 368.0, score: 6.663744443358155e-06
scale: 369.0, score: 6.785536697861971e-06
scale: 370.0, score: 6.909005151101155e-06
scale: 371.0, score: 7.0341220634873025e-06
scale: 372.0, score: 7.160848326748237e-06
scale: 373.0, score: 7.289154837053502e-06
scale: 374.0, score: 7.419017947540851e-06
scale: 375.0, score: 7.5503999141801614e-06
scale: 376.0, score: 7.683272087888326e-06
scale: 377.0, score: 7.817606274329592e-06
scale: 378.0, score: 7.953374733915552e-06
scale: 379.0, score: 8.09054199635284e-06
scale: 380.0, score: 8.22908987174742e-06
scale: 381.0, score: 8.36899289424764e-06
scale: 382.0, score: 8.510212865076028e-06
scale: 383.0, score: 8.652733413327951e-06
self.delta: 323.0
17 tensor([-99999,      0,     10,     15,     20,     25,     30,     35,     40,
            45,     50,     55,     60,     65,     70,     75,     80],
       device='cuda:0', dtype=torch.int32)
17 tensor([  0.,   1.,   2.,   3.,   4.,   6.,   8.,  12.,  16.,  24.,  32.,  48.,
         64.,  96., 128., 192., 256.], device='cuda:0')
17 tensor([0.0000, 0.0031, 0.0062, 0.0093, 0.0124, 0.0186, 0.0248, 0.0372, 0.0495,
        0.0743, 0.0991, 0.1486, 0.1981, 0.2972, 0.3963, 0.5944, 0.7926],
       device='cuda:0')
scale: 256.0, score: 1.7334503354504704e-05
scale: 257.0, score: 1.682718539086636e-05
scale: 258.0, score: 1.6332909581251442e-05
scale: 259.0, score: 1.585141581017524e-05
scale: 260.0, score: 1.5382458514068276e-05
scale: 261.0, score: 1.4925784853403457e-05
scale: 262.0, score: 1.4481163816526532e-05
scale: 263.0, score: 1.4048353477846831e-05
scale: 264.0, score: 1.3627129192173015e-05
scale: 265.0, score: 1.3217260857345536e-05
scale: 266.0, score: 1.2818532013625372e-05
scale: 267.0, score: 1.2430728020262904e-05
scale: 268.0, score: 1.2053633327013813e-05
scale: 269.0, score: 1.1687049664033111e-05
scale: 270.0, score: 1.1330765119055286e-05
scale: 271.0, score: 1.098459597415058e-05
scale: 272.0, score: 1.0648334864526987e-05
scale: 273.0, score: 1.0321796253265347e-05
scale: 274.0, score: 1.0004793693951797e-05
scale: 275.0, score: 9.697151654108893e-06
scale: 276.0, score: 9.39868732530158e-06
scale: 277.0, score: 9.109223356063012e-06
scale: 278.0, score: 8.828593308862764e-06
scale: 279.0, score: 8.556628017686307e-06
scale: 280.0, score: 8.293167411466129e-06
scale: 281.0, score: 8.038043233682401e-06
scale: 282.0, score: 7.791102689225227e-06
scale: 283.0, score: 7.552196166216163e-06
scale: 284.0, score: 7.321165867324453e-06
scale: 285.0, score: 7.097869456629269e-06
scale: 286.0, score: 6.882153684273362e-06
scale: 287.0, score: 6.673884854535572e-06
scale: 288.0, score: 6.4729210862424225e-06
scale: 289.0, score: 6.279124136199243e-06
scale: 290.0, score: 6.092360308684874e-06
scale: 291.0, score: 5.912503183935769e-06
scale: 292.0, score: 5.739416337746661e-06
scale: 293.0, score: 5.572979262069566e-06
scale: 294.0, score: 5.413070994109148e-06
scale: 295.0, score: 5.2595655688492116e-06
scale: 296.0, score: 5.112348389957333e-06
scale: 297.0, score: 4.971295766154071e-06
scale: 298.0, score: 4.836303105548723e-06
scale: 299.0, score: 4.707250354840653e-06
scale: 300.0, score: 4.58403383163386e-06
scale: 301.0, score: 4.466543032322079e-06
scale: 302.0, score: 4.354674729256658e-06
scale: 303.0, score: 4.248323421052191e-06
scale: 304.0, score: 4.147384515817976e-06
scale: 305.0, score: 4.051764790347079e-06
scale: 306.0, score: 3.961364654969657e-06
scale: 307.0, score: 3.876085884257918e-06
scale: 308.0, score: 3.7958373013680102e-06
scale: 309.0, score: 3.7205263652140275e-06
scale: 310.0, score: 3.650061216831091e-06
scale: 311.0, score: 3.584353862606804e-06
scale: 312.0, score: 3.5233190374128753e-06
scale: 313.0, score: 3.4668676107685314e-06
scale: 314.0, score: 3.4149197745136917e-06
scale: 315.0, score: 3.367391400388442e-06
scale: 316.0, score: 3.324201770738e-06
scale: 317.0, score: 3.285271532149636e-06
scale: 318.0, score: 3.250523604947375e-06
scale: 319.0, score: 3.219881136828917e-06
scale: 320.0, score: 3.1932711408444447e-06
scale: 321.0, score: 3.170617219439009e-06
scale: 322.0, score: 3.151849796267925e-06
scale: 323.0, score: 3.1368965665024007e-06
scale: 324.0, score: 3.1256893180398038e-06
scale: 325.0, score: 3.1181584745354485e-06
scale: 326.0, score: 3.114238552370807e-06
scale: 327.0, score: 3.1138627036852995e-06
scale: 328.0, score: 3.116966581728775e-06
scale: 329.0, score: 3.123487203993136e-06
scale: 330.0, score: 3.133362270091311e-06
scale: 331.0, score: 3.146530616504606e-06
scale: 332.0, score: 3.1629326713300543e-06
scale: 333.0, score: 3.1825084079173394e-06
scale: 334.0, score: 3.205201437594951e-06
scale: 335.0, score: 3.230954462196678e-06
scale: 336.0, score: 3.2597113204246853e-06
scale: 337.0, score: 3.2914178973442176e-06
scale: 338.0, score: 3.326019168525818e-06
scale: 339.0, score: 3.3634637475188356e-06
scale: 340.0, score: 3.403698883630568e-06
scale: 341.0, score: 3.4466743272787426e-06
scale: 342.0, score: 3.4923391467600595e-06
scale: 343.0, score: 3.540644684107974e-06
scale: 344.0, score: 3.5915431908506434e-06
scale: 345.0, score: 3.644985326900496e-06
scale: 346.0, score: 3.7009276638855226e-06
scale: 347.0, score: 3.759321543839178e-06
scale: 348.0, score: 3.820121946773725e-06
scale: 349.0, score: 3.883285444317153e-06
scale: 350.0, score: 3.948770427086856e-06
scale: 351.0, score: 4.016531875095097e-06
scale: 352.0, score: 4.086527042090893e-06
scale: 353.0, score: 4.158719093538821e-06
scale: 354.0, score: 4.2330625547037926e-06
scale: 355.0, score: 4.309521500545088e-06
scale: 356.0, score: 4.3880527300643735e-06
scale: 357.0, score: 4.468620772968279e-06
scale: 358.0, score: 4.551189704216085e-06
scale: 359.0, score: 4.6357172323041596e-06
scale: 360.0, score: 4.722169251181185e-06
scale: 361.0, score: 4.8105134737852495e-06
scale: 362.0, score: 4.900708063360071e-06
scale: 363.0, score: 4.992723006580491e-06
scale: 364.0, score: 5.0865237426478416e-06
scale: 365.0, score: 5.182076620258158e-06
scale: 366.0, score: 5.27935071659158e-06
scale: 367.0, score: 5.3783073781232815e-06
scale: 368.0, score: 5.47891932001221e-06
scale: 369.0, score: 5.581155619438505e-06
scale: 370.0, score: 5.684983534592902e-06
scale: 371.0, score: 5.790377599623753e-06
scale: 372.0, score: 5.897301434742985e-06
scale: 373.0, score: 6.005727300362196e-06
scale: 374.0, score: 6.115633368608542e-06
scale: 375.0, score: 6.226985078683356e-06
scale: 376.0, score: 6.339754236250883e-06
scale: 377.0, score: 6.453916739701526e-06
scale: 378.0, score: 6.56944393995218e-06
scale: 379.0, score: 6.686305368930334e-06
scale: 380.0, score: 6.804483746236656e-06
scale: 381.0, score: 6.923952241777442e-06
scale: 382.0, score: 7.044679023238132e-06
scale: 383.0, score: 7.1666463554720394e-06
self.delta: 327.0
17 tensor([-99999,      0,     10,     15,     20,     25,     30,     35,     40,
            45,     50,     55,     60,     65,     70,     75,     80],
       device='cuda:0', dtype=torch.int32)
17 tensor([  0.,   1.,   2.,   3.,   4.,   6.,   8.,  12.,  16.,  24.,  32.,  48.,
         64.,  96., 128., 192., 256.], device='cuda:0')
17 tensor([0.0000, 0.0031, 0.0061, 0.0092, 0.0122, 0.0183, 0.0245, 0.0367, 0.0489,
        0.0734, 0.0979, 0.1468, 0.1957, 0.2936, 0.3914, 0.5872, 0.7829],
       device='cuda:0')
scale: 256.0, score: 1.5143266864470206e-05
scale: 257.0, score: 1.4710451068822294e-05
scale: 258.0, score: 1.428878658771282e-05
scale: 259.0, score: 1.3878053323423956e-05
scale: 260.0, score: 1.3478037544700783e-05
scale: 261.0, score: 1.3088526429783087e-05
scale: 262.0, score: 1.270932079933118e-05
scale: 263.0, score: 1.2340215107542463e-05
scale: 264.0, score: 1.1981013813056052e-05
scale: 265.0, score: 1.163152319350047e-05
scale: 266.0, score: 1.1291556802461855e-05
scale: 267.0, score: 1.096093183150515e-05
scale: 268.0, score: 1.0639464562700596e-05
scale: 269.0, score: 1.0326982192054857e-05
scale: 270.0, score: 1.0023305549111683e-05
scale: 271.0, score: 9.728279110277072e-06
scale: 272.0, score: 9.441722795600072e-06
scale: 273.0, score: 9.163480171991978e-06
scale: 274.0, score: 8.893389349395875e-06
scale: 275.0, score: 8.631301170680672e-06
scale: 276.0, score: 8.377059202757664e-06
scale: 277.0, score: 8.130513379001059e-06
scale: 278.0, score: 7.891519999247976e-06
scale: 279.0, score: 7.659933544346131e-06
scale: 280.0, score: 7.435617135342909e-06
scale: 281.0, score: 7.218430255306885e-06
scale: 282.0, score: 7.008237389527494e-06
scale: 283.0, score: 6.8049139372305945e-06
scale: 284.0, score: 6.608322564716218e-06
scale: 285.0, score: 6.41834276393638e-06
scale: 286.0, score: 6.234844022401376e-06
scale: 287.0, score: 6.05771083428408e-06
scale: 288.0, score: 5.886822236789158e-06
scale: 289.0, score: 5.72206135984743e-06
scale: 290.0, score: 5.56331133338972e-06
scale: 291.0, score: 5.410466656030621e-06
scale: 292.0, score: 5.263408183964202e-06
scale: 293.0, score: 5.122034053783864e-06
scale: 294.0, score: 4.986240583093604e-06
scale: 295.0, score: 4.855920451518614e-06
scale: 296.0, score: 4.730975433631102e-06
scale: 297.0, score: 4.611300482793013e-06
scale: 298.0, score: 4.496803285292117e-06
scale: 299.0, score: 4.387384706205921e-06
scale: 300.0, score: 4.282954250811599e-06
scale: 301.0, score: 4.183417786407517e-06
scale: 302.0, score: 4.088685727765551e-06
scale: 303.0, score: 3.998670308646979e-06
scale: 304.0, score: 3.913280579581624e-06
scale: 305.0, score: 3.832437414530432e-06
scale: 306.0, score: 3.7560546388704097e-06
scale: 307.0, score: 3.684049033836345e-06
scale: 308.0, score: 3.616342382883886e-06
scale: 309.0, score: 3.552856242095004e-06
scale: 310.0, score: 3.4935108033096185e-06
scale: 311.0, score: 3.43823171533586e-06
scale: 312.0, score: 3.3869453091028845e-06
scale: 313.0, score: 3.3395767786714714e-06
scale: 314.0, score: 3.2960563203232596e-06
scale: 315.0, score: 3.25631253872416e-06
scale: 316.0, score: 3.2202763122768374e-06
scale: 317.0, score: 3.187880338373361e-06
scale: 318.0, score: 3.1590577691531507e-06
scale: 319.0, score: 3.1337440304923803e-06
scale: 320.0, score: 3.1118754577619256e-06
scale: 321.0, score: 3.0933877042116364e-06
scale: 322.0, score: 3.078220970564871e-06
scale: 323.0, score: 3.066312956434558e-06
scale: 324.0, score: 3.057605908907135e-06
scale: 325.0, score: 3.0520402560796356e-06
scale: 326.0, score: 3.04955960928055e-06
scale: 327.0, score: 3.0501071250910172e-06
scale: 328.0, score: 3.053628233828931e-06
scale: 329.0, score: 3.060067683691159e-06
scale: 330.0, score: 3.069373860853375e-06
scale: 331.0, score: 3.08149333250185e-06
scale: 332.0, score: 3.0963753943069605e-06
scale: 333.0, score: 3.1139688871917315e-06
scale: 334.0, score: 3.134225153189618e-06
scale: 335.0, score: 3.1570959890814265e-06
scale: 336.0, score: 3.1825327369006118e-06
scale: 337.0, score: 3.2104894671647344e-06
scale: 338.0, score: 3.2409191135229776e-06
scale: 339.0, score: 3.2737775654823054e-06
scale: 340.0, score: 3.3090195756813046e-06
scale: 341.0, score: 3.3466026252426673e-06
scale: 342.0, score: 3.386482831047033e-06
scale: 343.0, score: 3.42861835633812e-06
scale: 344.0, score: 3.4729687286016997e-06
scale: 345.0, score: 3.519491883707815e-06
scale: 346.0, score: 3.5681503050000174e-06
scale: 347.0, score: 3.6189026104693767e-06
scale: 348.0, score: 3.671710601338418e-06
scale: 349.0, score: 3.726536306203343e-06
scale: 350.0, score: 3.783345391639159e-06
scale: 351.0, score: 3.842098067252664e-06
scale: 352.0, score: 3.902758180629462e-06
scale: 353.0, score: 3.9652950363233685e-06
scale: 354.0, score: 4.0296686165675055e-06
scale: 355.0, score: 4.095848908036714e-06
scale: 356.0, score: 4.163798166700872e-06
scale: 357.0, score: 4.233487743476871e-06
scale: 358.0, score: 4.304885351302801e-06
scale: 359.0, score: 4.37795551988529e-06
scale: 360.0, score: 4.452668690646533e-06
scale: 361.0, score: 4.528998033492826e-06
scale: 362.0, score: 4.606906259141397e-06
scale: 363.0, score: 4.686369265982648e-06
scale: 364.0, score: 4.767356585944071e-06
scale: 365.0, score: 4.849839115195209e-06
scale: 366.0, score: 4.933791387884412e-06
scale: 367.0, score: 5.019181571697118e-06
scale: 368.0, score: 5.105983291286975e-06
scale: 369.0, score: 5.194171990297036e-06
scale: 370.0, score: 5.283719929138897e-06
scale: 371.0, score: 5.374603460950311e-06
scale: 372.0, score: 5.466793481900822e-06
scale: 373.0, score: 5.560265435633482e-06
scale: 374.0, score: 5.654999768012203e-06
scale: 375.0, score: 5.750969194195932e-06
scale: 376.0, score: 5.848148248333018e-06
scale: 377.0, score: 5.946515557297971e-06
scale: 378.0, score: 6.046048383723246e-06
scale: 379.0, score: 6.1467198975151405e-06
scale: 380.0, score: 6.248513727769023e-06
scale: 381.0, score: 6.351410320348805e-06
scale: 382.0, score: 6.455379661929328e-06
scale: 383.0, score: 6.560408110090066e-06
self.delta: 326.0
17 tensor([-99999,      0,     10,     15,     20,     25,     30,     35,     40,
            45,     50,     55,     60,     65,     70,     75,     80],
       device='cuda:0', dtype=torch.int32)
17 tensor([  0.,   1.,   2.,   3.,   4.,   6.,   8.,  12.,  16.,  24.,  32.,  48.,
         64.,  96., 128., 192., 256.], device='cuda:0')
17 tensor([0.0000, 0.0031, 0.0061, 0.0092, 0.0123, 0.0184, 0.0245, 0.0368, 0.0491,
        0.0736, 0.0982, 0.1472, 0.1963, 0.2945, 0.3926, 0.5890, 0.7853],
       device='cuda:0')
scale: 256.0, score: 1.2335935934970621e-05
scale: 257.0, score: 1.1989536687906366e-05
scale: 258.0, score: 1.1652106877590995e-05
scale: 259.0, score: 1.1323471881041769e-05
scale: 260.0, score: 1.1003462532244157e-05
scale: 261.0, score: 1.069189966074191e-05
scale: 262.0, score: 1.038862956193043e-05
scale: 263.0, score: 1.0093482160300482e-05
scale: 264.0, score: 9.806304660742171e-06
scale: 265.0, score: 9.526936992187984e-06
scale: 266.0, score: 9.255231816496234e-06
scale: 267.0, score: 8.991040886030532e-06
scale: 268.0, score: 8.734215043659788e-06
scale: 269.0, score: 8.484617865178734e-06
scale: 270.0, score: 8.242103831435088e-06
scale: 271.0, score: 8.006545613170601e-06
scale: 272.0, score: 7.777801329211798e-06
scale: 273.0, score: 7.5557427408057265e-06
scale: 274.0, score: 7.340241609199438e-06
scale: 275.0, score: 7.131175607355544e-06
scale: 276.0, score: 6.9284214987419546e-06
scale: 277.0, score: 6.731855592079228e-06
scale: 278.0, score: 6.5413637457822915e-06
scale: 279.0, score: 6.356828635034617e-06
scale: 280.0, score: 6.17814021097729e-06
scale: 281.0, score: 6.005183422530536e-06
scale: 282.0, score: 5.837852313561598e-06
scale: 283.0, score: 5.676044565916527e-06
scale: 284.0, score: 5.519649221241707e-06
scale: 285.0, score: 5.368572146835504e-06
scale: 286.0, score: 5.2227051128284074e-06
scale: 287.0, score: 5.081956715002889e-06
scale: 288.0, score: 4.946228727931157e-06
scale: 289.0, score: 4.815427018911578e-06
scale: 290.0, score: 4.689459274231922e-06
scale: 291.0, score: 4.568237727653468e-06
scale: 292.0, score: 4.4516691559692845e-06
scale: 293.0, score: 4.339669885666808e-06
scale: 294.0, score: 4.232156697980827e-06
scale: 295.0, score: 4.129044100409374e-06
scale: 296.0, score: 4.030252057418693e-06
scale: 297.0, score: 3.935695531254169e-06
scale: 298.0, score: 3.84530221708701e-06
scale: 299.0, score: 3.7589902603940573e-06
scale: 300.0, score: 3.6766878110938706e-06
scale: 301.0, score: 3.5983186990051763e-06
scale: 302.0, score: 3.523811756167561e-06
scale: 303.0, score: 3.453095132499584e-06
scale: 304.0, score: 3.386096068425104e-06
scale: 305.0, score: 3.3227511266886722e-06
scale: 306.0, score: 3.262990730945603e-06
scale: 307.0, score: 3.2067478059616406e-06
scale: 308.0, score: 3.1539595966023626e-06
scale: 309.0, score: 3.1045626656123204e-06
scale: 310.0, score: 3.058492893615039e-06
scale: 311.0, score: 3.015690936081228e-06
scale: 312.0, score: 2.9760967663605697e-06
scale: 313.0, score: 2.9396508125500986e-06
scale: 314.0, score: 2.9062962312309537e-06
scale: 315.0, score: 2.8759757242369233e-06
scale: 316.0, score: 2.8486344945122255e-06
scale: 317.0, score: 2.8242172902537277e-06
scale: 318.0, score: 2.8026706786477007e-06
scale: 319.0, score: 2.7839428184961434e-06
scale: 320.0, score: 2.7679825507220812e-06
scale: 321.0, score: 2.7547378067538375e-06
scale: 322.0, score: 2.744160610745894e-06
scale: 323.0, score: 2.7362009404896526e-06
scale: 324.0, score: 2.7308119570079725e-06
scale: 325.0, score: 2.727946593950037e-06
scale: 326.0, score: 2.7275580123387044e-06
scale: 327.0, score: 2.729601646933588e-06
scale: 328.0, score: 2.734033159867977e-06
scale: 329.0, score: 2.7408082132751588e-06
scale: 330.0, score: 2.7498854251462035e-06
scale: 331.0, score: 2.761221139735426e-06
scale: 332.0, score: 2.7747755666496232e-06
scale: 333.0, score: 2.7905066417588387e-06
scale: 334.0, score: 2.808375711538247e-06
scale: 335.0, score: 2.828343895089347e-06
scale: 336.0, score: 2.8503720841399627e-06
scale: 337.0, score: 2.874422762033646e-06
scale: 338.0, score: 2.900459094234975e-06
scale: 339.0, score: 2.928444700955879e-06
scale: 340.0, score: 2.958343429781962e-06
scale: 341.0, score: 2.9901214020355837e-06
scale: 342.0, score: 3.023742920049699e-06
scale: 343.0, score: 3.0591743325203424e-06
scale: 344.0, score: 3.096383352385601e-06
scale: 345.0, score: 3.1353358735941583e-06
scale: 346.0, score: 3.176001882820856e-06
scale: 347.0, score: 3.218348183509079e-06
scale: 348.0, score: 3.2623431707179407e-06
scale: 349.0, score: 3.3079577406169847e-06
scale: 350.0, score: 3.355163698870456e-06
scale: 351.0, score: 3.4039283036690904e-06
scale: 352.0, score: 3.4542235880508088e-06
scale: 353.0, score: 3.5060236314166104e-06
scale: 354.0, score: 3.559297510946635e-06
scale: 355.0, score: 3.614020215536584e-06
scale: 356.0, score: 3.67016218660865e-06
scale: 357.0, score: 3.7276990951795597e-06
scale: 358.0, score: 3.786606384892366e-06
scale: 359.0, score: 3.8468542697955854e-06
scale: 360.0, score: 3.908420239895349e-06
scale: 361.0, score: 3.971281330450438e-06
scale: 362.0, score: 4.035408892377745e-06
scale: 363.0, score: 4.1007833715411834e-06
scale: 364.0, score: 4.167378847341752e-06
scale: 365.0, score: 4.2351734919066075e-06
scale: 366.0, score: 4.304145932110259e-06
scale: 367.0, score: 4.374270702101057e-06
scale: 368.0, score: 4.445526883500861e-06
scale: 369.0, score: 4.517894922173582e-06
scale: 370.0, score: 4.591351626004325e-06
scale: 371.0, score: 4.665879259846406e-06
scale: 372.0, score: 4.741452812595526e-06
scale: 373.0, score: 4.818054549105e-06
scale: 374.0, score: 4.8956667342281435e-06
scale: 375.0, score: 4.974268449586816e-06
scale: 376.0, score: 5.053838776802877e-06
scale: 377.0, score: 5.134361799719045e-06
scale: 378.0, score: 5.21581705470453e-06
scale: 379.0, score: 5.298184532875894e-06
scale: 380.0, score: 5.381450591812609e-06
scale: 381.0, score: 5.465599770104745e-06
scale: 382.0, score: 5.5506079661427066e-06
scale: 383.0, score: 5.63646381124272e-06
self.delta: 326.0
17 tensor([-99999,      0,     10,     15,     20,     25,     30,     35,     40,
            45,     50,     55,     60,     65,     70,     75,     80],
       device='cuda:0', dtype=torch.int32)
17 tensor([  0.,   1.,   2.,   3.,   4.,   6.,   8.,  12.,  16.,  24.,  32.,  48.,
         64.,  96., 128., 192., 256.], device='cuda:0')
17 tensor([0.0000, 0.0031, 0.0061, 0.0092, 0.0123, 0.0184, 0.0245, 0.0368, 0.0491,
        0.0736, 0.0982, 0.1472, 0.1963, 0.2945, 0.3926, 0.5890, 0.7853],
       device='cuda:0')
scale: 256.0, score: 4.1531067836331204e-05
scale: 257.0, score: 4.025600719614886e-05
scale: 258.0, score: 3.901405943906866e-05
scale: 259.0, score: 3.7804558814968914e-05
scale: 260.0, score: 3.66268795914948e-05
scale: 261.0, score: 3.5480370570439845e-05
scale: 262.0, score: 3.436446422711015e-05
scale: 263.0, score: 3.327853119117208e-05
scale: 264.0, score: 3.222200393793173e-05
scale: 265.0, score: 3.119428947684355e-05
scale: 266.0, score: 3.0194849387044087e-05
scale: 267.0, score: 2.9223130695754662e-05
scale: 268.0, score: 2.8278593163122423e-05
scale: 269.0, score: 2.736072383413557e-05
scale: 270.0, score: 2.6468986106920056e-05
scale: 271.0, score: 2.560291250119917e-05
scale: 272.0, score: 2.47619827860035e-05
scale: 273.0, score: 2.394571856711991e-05
scale: 274.0, score: 2.3153646907303482e-05
scale: 275.0, score: 2.2385318516171537e-05
scale: 276.0, score: 2.1640275008394383e-05
scale: 277.0, score: 2.091805981763173e-05
scale: 278.0, score: 2.0218258214299567e-05
scale: 279.0, score: 1.954043000296224e-05
scale: 280.0, score: 1.888416772999335e-05
scale: 281.0, score: 1.8249056665808894e-05
scale: 282.0, score: 1.7634700270718895e-05
scale: 283.0, score: 1.7040714737959206e-05
scale: 284.0, score: 1.646670170885045e-05
scale: 285.0, score: 1.591230284248013e-05
scale: 286.0, score: 1.5377127056126483e-05
scale: 287.0, score: 1.4860830560792238e-05
scale: 288.0, score: 1.4363055925059598e-05
scale: 289.0, score: 1.388345208397368e-05
scale: 290.0, score: 1.3421680705505423e-05
scale: 291.0, score: 1.2977415281056892e-05
scale: 292.0, score: 1.2550314750114921e-05
scale: 293.0, score: 1.2140069884480909e-05
scale: 294.0, score: 1.174637145595625e-05
scale: 295.0, score: 1.136890296038473e-05
scale: 296.0, score: 1.100737335946178e-05
scale: 297.0, score: 1.0661466149031185e-05
scale: 298.0, score: 1.0330914847145323e-05
scale: 299.0, score: 1.0015417501563206e-05
scale: 300.0, score: 9.714706720842514e-06
scale: 301.0, score: 9.428506928088609e-06
scale: 302.0, score: 9.156548912869766e-06
scale: 303.0, score: 8.898570740711875e-06
scale: 304.0, score: 8.654304110677913e-06
scale: 305.0, score: 8.42351346364012e-06
scale: 306.0, score: 8.205944141082e-06
scale: 307.0, score: 8.001345122465864e-06
scale: 308.0, score: 7.80948994361097e-06
scale: 309.0, score: 7.63013849791605e-06
scale: 310.0, score: 7.463058409484802e-06
scale: 311.0, score: 7.308029125852045e-06
scale: 312.0, score: 7.164830094552599e-06
scale: 313.0, score: 7.03323848938453e-06
scale: 314.0, score: 6.913048764545238e-06
scale: 315.0, score: 6.804047643527156e-06
scale: 316.0, score: 6.706030944769736e-06
scale: 317.0, score: 6.618796760449186e-06
scale: 318.0, score: 6.542150003951974e-06
scale: 319.0, score: 6.475894224422518e-06
scale: 320.0, score: 6.419844339689007e-06
scale: 321.0, score: 6.373807536874665e-06
scale: 322.0, score: 6.337606009765295e-06
scale: 323.0, score: 6.31105604043114e-06
scale: 324.0, score: 6.2939834606368095e-06
scale: 325.0, score: 6.286214556894265e-06
scale: 326.0, score: 6.287579253694275e-06
scale: 327.0, score: 6.297910658759065e-06
scale: 328.0, score: 6.317045063042315e-06
scale: 329.0, score: 6.34482103123446e-06
scale: 330.0, score: 6.381081675499445e-06
scale: 331.0, score: 6.425670562748564e-06
scale: 332.0, score: 6.478437626356026e-06
scale: 333.0, score: 6.539230071211932e-06
scale: 334.0, score: 6.60790283291135e-06
scale: 335.0, score: 6.684313120786101e-06
scale: 336.0, score: 6.768317689420655e-06
scale: 337.0, score: 6.859778295620345e-06
scale: 338.0, score: 6.958556696190499e-06
scale: 339.0, score: 7.064521014399361e-06
scale: 340.0, score: 7.1775366450310685e-06
scale: 341.0, score: 7.297478077816777e-06
scale: 342.0, score: 7.424215255014133e-06
scale: 343.0, score: 7.557623121101642e-06
scale: 344.0, score: 7.697582987020724e-06
scale: 345.0, score: 7.84396797826048e-06
scale: 346.0, score: 7.996668500709347e-06
scale: 347.0, score: 8.155561772582587e-06
scale: 348.0, score: 8.320531378558371e-06
scale: 349.0, score: 8.491468179272488e-06
scale: 350.0, score: 8.668267582834233e-06
scale: 351.0, score: 8.85081408341648e-06
scale: 352.0, score: 9.039000360644422e-06
scale: 353.0, score: 9.23273000807967e-06
scale: 354.0, score: 9.431890248379204e-06
scale: 355.0, score: 9.636391041567549e-06
scale: 356.0, score: 9.846120519796386e-06
scale: 357.0, score: 1.006098864309024e-05
scale: 358.0, score: 1.0280906280968338e-05
scale: 359.0, score: 1.0505762475077063e-05
scale: 360.0, score: 1.0735475370893255e-05
scale: 361.0, score: 1.0969959475914948e-05
scale: 362.0, score: 1.1209109288756736e-05
scale: 363.0, score: 1.1452850230853073e-05
scale: 364.0, score: 1.1701092262228485e-05
scale: 365.0, score: 1.1953749890381005e-05
scale: 366.0, score: 1.2210747627250385e-05
scale: 367.0, score: 1.2471988156903535e-05
scale: 368.0, score: 1.273739599128021e-05
scale: 369.0, score: 1.3006899280298967e-05
scale: 370.0, score: 1.3280413440952543e-05
scale: 371.0, score: 1.3557869351643603e-05
scale: 372.0, score: 1.3839178791386075e-05
scale: 373.0, score: 1.4124272638582624e-05
scale: 374.0, score: 1.4413091776077636e-05
scale: 375.0, score: 1.4705551620863844e-05
scale: 376.0, score: 1.5001578503870405e-05
scale: 377.0, score: 1.5301113307941705e-05
scale: 378.0, score: 1.5604080545017496e-05
scale: 379.0, score: 1.5910407455521636e-05
scale: 380.0, score: 1.6220043107750826e-05
scale: 381.0, score: 1.6532931113033555e-05
scale: 382.0, score: 1.6848978702910244e-05
scale: 383.0, score: 1.7168145859614015e-05
self.delta: 325.0
17 tensor([-99999,      0,     10,     15,     20,     25,     30,     35,     40,
            45,     50,     55,     60,     65,     70,     75,     80],
       device='cuda:0', dtype=torch.int32)
17 tensor([  0.,   1.,   2.,   3.,   4.,   6.,   8.,  12.,  16.,  24.,  32.,  48.,
         64.,  96., 128., 192., 256.], device='cuda:0')
17 tensor([0.0000, 0.0031, 0.0062, 0.0092, 0.0123, 0.0185, 0.0246, 0.0369, 0.0492,
        0.0738, 0.0985, 0.1477, 0.1969, 0.2954, 0.3938, 0.5908, 0.7877],
       device='cuda:0')
Performing scale reparameterization ...
Validating ...
Test: [0/250]	Time 4.283 (4.283)	Loss 0.7226 (0.7226)	Prec@1 81.000 (81.000)	Prec@5 99.000 (99.000)
Test: [100/250]	Time 1.820 (1.845)	Loss 1.0870 (1.1063)	Prec@1 75.500 (73.054)	Prec@5 92.000 (92.079)
Test: [200/250]	Time 1.819 (1.832)	Loss 0.7462 (1.3450)	Prec@1 84.500 (69.264)	Prec@5 97.500 (88.948)
 * Prec@1 68.900 Prec@5 88.804 Time 457.477
