Namespace(model='vit_small', dataset='dataset/imagenet/', calib_batchsize=32, val_batchsize=200, num_workers=8, device='cuda', print_freq=100, seed=0, w_bits=4, a_bits=4, log_quant_scheme='BitLog2_Half_17')
Building dataloader ...
Building model ...
Performing initial quantization ...
scale: 256.0, score: 7.35505745979026e-05
scale: 257.0, score: 7.113759784260765e-05
scale: 258.0, score: 6.879692227812484e-05
scale: 259.0, score: 6.652704178122804e-05
scale: 260.0, score: 6.432658119592816e-05
scale: 261.0, score: 6.219409260665998e-05
scale: 262.0, score: 6.012828089296818e-05
scale: 263.0, score: 5.812775998492725e-05
scale: 264.0, score: 5.619126386591233e-05
scale: 265.0, score: 5.4317475587595254e-05
scale: 266.0, score: 5.250517642707564e-05
scale: 267.0, score: 5.07531403854955e-05
scale: 268.0, score: 4.906015601591207e-05
scale: 269.0, score: 4.742508826893754e-05
scale: 270.0, score: 4.584675480145961e-05
scale: 271.0, score: 4.432408604770899e-05
scale: 272.0, score: 4.285592876840383e-05
scale: 273.0, score: 4.1441227949690074e-05
scale: 274.0, score: 4.0078932215692475e-05
scale: 275.0, score: 3.876803020830266e-05
scale: 276.0, score: 3.7507506931433454e-05
scale: 277.0, score: 3.629635102697648e-05
scale: 278.0, score: 3.513362389639951e-05
scale: 279.0, score: 3.401836147531867e-05
scale: 280.0, score: 3.294965790701099e-05
scale: 281.0, score: 3.1926585506880656e-05
scale: 282.0, score: 3.094826024607755e-05
scale: 283.0, score: 3.001382719958201e-05
scale: 284.0, score: 2.9122416890459135e-05
scale: 285.0, score: 2.827321077347733e-05
scale: 286.0, score: 2.7465357561595738e-05
scale: 287.0, score: 2.669808964128606e-05
scale: 288.0, score: 2.5970610295189545e-05
scale: 289.0, score: 2.5282148271799088e-05
scale: 290.0, score: 2.4631943233544007e-05
scale: 291.0, score: 2.40192748606205e-05
scale: 292.0, score: 2.3443393729394302e-05
scale: 293.0, score: 2.290360862389207e-05
scale: 294.0, score: 2.2399224690161645e-05
scale: 295.0, score: 2.1929552531219088e-05
scale: 296.0, score: 2.149393731087912e-05
scale: 297.0, score: 2.1091698727104813e-05
scale: 298.0, score: 2.0722223780467175e-05
scale: 299.0, score: 2.0384855815791525e-05
scale: 300.0, score: 2.007900366152171e-05
scale: 301.0, score: 1.980405068024993e-05
scale: 302.0, score: 1.9559403881430626e-05
scale: 303.0, score: 1.9344481188454665e-05
scale: 304.0, score: 1.9158707800670527e-05
scale: 305.0, score: 1.9001541659235954e-05
scale: 306.0, score: 1.887242433440406e-05
scale: 307.0, score: 1.877081740531139e-05
scale: 308.0, score: 1.8696193365030922e-05
scale: 309.0, score: 1.8648041077540256e-05
scale: 310.0, score: 1.86258512258064e-05
scale: 311.0, score: 1.862912358774338e-05
scale: 312.0, score: 1.8657376131159253e-05
scale: 313.0, score: 1.871012500487268e-05
scale: 314.0, score: 1.8786902728606947e-05
scale: 315.0, score: 1.8887252736021765e-05
scale: 316.0, score: 1.9010718460776843e-05
scale: 317.0, score: 1.9156861526425928e-05
scale: 318.0, score: 1.932524719450157e-05
scale: 319.0, score: 1.951544254552573e-05
scale: 320.0, score: 1.9727032849914394e-05
scale: 321.0, score: 1.9959616111009382e-05
scale: 322.0, score: 2.021277578023728e-05
scale: 323.0, score: 2.0486129869823344e-05
scale: 324.0, score: 2.0779280021088198e-05
scale: 325.0, score: 2.109185152221471e-05
scale: 326.0, score: 2.1423471480375156e-05
scale: 327.0, score: 2.1773761545773596e-05
scale: 328.0, score: 2.2142390662338585e-05
scale: 329.0, score: 2.2528965928358957e-05
scale: 330.0, score: 2.293317811563611e-05
scale: 331.0, score: 2.3354659788310528e-05
scale: 332.0, score: 2.37930980802048e-05
scale: 333.0, score: 2.4248141926364042e-05
scale: 334.0, score: 2.471949119353667e-05
scale: 335.0, score: 2.520682755857706e-05
scale: 336.0, score: 2.570982360339258e-05
scale: 337.0, score: 2.622820102260448e-05
scale: 338.0, score: 2.6761637855088338e-05
scale: 339.0, score: 2.7309852157486603e-05
scale: 340.0, score: 2.78725492535159e-05
scale: 341.0, score: 2.84494581137551e-05
scale: 342.0, score: 2.9040287699899636e-05
scale: 343.0, score: 2.964476698252838e-05
scale: 344.0, score: 3.0262646760093048e-05
scale: 345.0, score: 3.089363235631026e-05
scale: 346.0, score: 3.15375036734622e-05
scale: 347.0, score: 3.2193980587180704e-05
scale: 348.0, score: 3.286280843894929e-05
scale: 349.0, score: 3.354374712216668e-05
scale: 350.0, score: 3.4236589272040874e-05
scale: 351.0, score: 3.494106204016134e-05
scale: 352.0, score: 3.565692895790562e-05
scale: 353.0, score: 3.638400448835455e-05
scale: 354.0, score: 3.71220194210764e-05
scale: 355.0, score: 3.7870791857130826e-05
scale: 356.0, score: 3.863006713800132e-05
scale: 357.0, score: 3.939965972676873e-05
scale: 358.0, score: 4.017937681055628e-05
scale: 359.0, score: 4.096896736882627e-05
scale: 360.0, score: 4.176825314061716e-05
scale: 361.0, score: 4.257706677890383e-05
scale: 362.0, score: 4.339515362516977e-05
scale: 363.0, score: 4.4222379074199125e-05
scale: 364.0, score: 4.5058532123221084e-05
scale: 365.0, score: 4.5903427235316485e-05
scale: 366.0, score: 4.675691161537543e-05
scale: 367.0, score: 4.761875243275426e-05
scale: 368.0, score: 4.848881144425832e-05
scale: 369.0, score: 4.936691402690485e-05
scale: 370.0, score: 5.025288919568993e-05
scale: 371.0, score: 5.114659506944008e-05
scale: 372.0, score: 5.204782064538449e-05
scale: 373.0, score: 5.2956420404370874e-05
scale: 374.0, score: 5.38722742930986e-05
scale: 375.0, score: 5.4795207688584924e-05
scale: 376.0, score: 5.572505688178353e-05
scale: 377.0, score: 5.6661676353542134e-05
scale: 378.0, score: 5.760492422268726e-05
scale: 379.0, score: 5.8554625866236165e-05
scale: 380.0, score: 5.951069397269748e-05
scale: 381.0, score: 6.047299029887654e-05
scale: 382.0, score: 6.144131475593895e-05
scale: 383.0, score: 6.241559458430856e-05
self.delta: 310.0
17 tensor([-99999,      0,     10,     15,     20,     25,     30,     35,     40,
            45,     50,     55,     60,     65,     70,     75,     80],
       device='cuda:0', dtype=torch.int32)
17 tensor([  0.,   1.,   2.,   3.,   4.,   6.,   8.,  12.,  16.,  24.,  32.,  48.,
         64.,  96., 128., 192., 256.], device='cuda:0')
17 tensor([0.0000, 0.0032, 0.0065, 0.0097, 0.0129, 0.0194, 0.0258, 0.0387, 0.0516,
        0.0774, 0.1032, 0.1548, 0.2065, 0.3097, 0.4129, 0.6194, 0.8258],
       device='cuda:0')
scale: 256.0, score: 6.505687633762136e-05
scale: 257.0, score: 6.27720874035731e-05
scale: 258.0, score: 6.056234997231513e-05
scale: 259.0, score: 5.8426121540833265e-05
scale: 260.0, score: 5.63619178137742e-05
scale: 261.0, score: 5.436825085780583e-05
scale: 262.0, score: 5.244372732704505e-05
scale: 263.0, score: 5.058691021986306e-05
scale: 264.0, score: 4.8796449846122414e-05
scale: 265.0, score: 4.707098560174927e-05
scale: 266.0, score: 4.540921509033069e-05
scale: 267.0, score: 4.380986501928419e-05
scale: 268.0, score: 4.227165845804848e-05
scale: 269.0, score: 4.079339487361722e-05
scale: 270.0, score: 3.937384462915361e-05
scale: 271.0, score: 3.801186539931223e-05
scale: 272.0, score: 3.6706267565023154e-05
scale: 273.0, score: 3.545593426679261e-05
scale: 274.0, score: 3.425976319704205e-05
scale: 275.0, score: 3.311668842798099e-05
scale: 276.0, score: 3.202564039384015e-05
scale: 277.0, score: 3.098557499470189e-05
scale: 278.0, score: 2.9995493605383672e-05
scale: 279.0, score: 2.9054390324745327e-05
scale: 280.0, score: 2.8161308364360593e-05
scale: 281.0, score: 2.731527820287738e-05
scale: 282.0, score: 2.6515375793678686e-05
scale: 283.0, score: 2.5760698918020353e-05
scale: 284.0, score: 2.5050336262211204e-05
scale: 285.0, score: 2.4383432901231572e-05
scale: 286.0, score: 2.3759099349263124e-05
scale: 287.0, score: 2.3176526156021282e-05
scale: 288.0, score: 2.2634876586380415e-05
scale: 289.0, score: 2.2133343009045348e-05
scale: 290.0, score: 2.1671135982614942e-05
scale: 291.0, score: 2.124749153153971e-05
scale: 292.0, score: 2.086163112835493e-05
scale: 293.0, score: 2.0512827177299187e-05
scale: 294.0, score: 2.020035572058987e-05
scale: 295.0, score: 1.9923494619433768e-05
scale: 296.0, score: 1.9681547200889327e-05
scale: 297.0, score: 1.9473820429993793e-05
scale: 298.0, score: 1.929965401359368e-05
scale: 299.0, score: 1.915838038257789e-05
scale: 300.0, score: 1.9049359252676368e-05
scale: 301.0, score: 1.89719648915343e-05
scale: 302.0, score: 1.892556610982865e-05
scale: 303.0, score: 1.8909559003077447e-05
scale: 304.0, score: 1.8923343304777518e-05
scale: 305.0, score: 1.896634239528794e-05
scale: 306.0, score: 1.9037985111935996e-05
scale: 307.0, score: 1.913770211103838e-05
scale: 308.0, score: 1.926494405779522e-05
scale: 309.0, score: 1.941917071235366e-05
scale: 310.0, score: 1.9599863662733696e-05
scale: 311.0, score: 1.9806489945040084e-05
scale: 312.0, score: 2.003854388021864e-05
scale: 313.0, score: 2.0295528884162195e-05
scale: 314.0, score: 2.0576953829731792e-05
scale: 315.0, score: 2.08823403227143e-05
scale: 316.0, score: 2.121121360687539e-05
scale: 317.0, score: 2.1563113477895968e-05
scale: 318.0, score: 2.1937596102361567e-05
scale: 319.0, score: 2.2334193999995477e-05
scale: 320.0, score: 2.2752485165256076e-05
scale: 321.0, score: 2.319205304956995e-05
scale: 322.0, score: 2.3652450181543827e-05
scale: 323.0, score: 2.413329275441356e-05
scale: 324.0, score: 2.463415512465872e-05
scale: 325.0, score: 2.515465530450456e-05
scale: 326.0, score: 2.5694400392239913e-05
scale: 327.0, score: 2.6252992029185407e-05
scale: 328.0, score: 2.6830095521290787e-05
scale: 329.0, score: 2.7425292500993237e-05
scale: 330.0, score: 2.8038270102115348e-05
scale: 331.0, score: 2.866863360395655e-05
scale: 332.0, score: 2.931606832135003e-05
scale: 333.0, score: 2.9980201361468062e-05
scale: 334.0, score: 3.0660725315101445e-05
scale: 335.0, score: 3.135731094516814e-05
scale: 336.0, score: 3.2069616281660274e-05
scale: 337.0, score: 3.279734301031567e-05
scale: 338.0, score: 3.35401673510205e-05
scale: 339.0, score: 3.4297794627491385e-05
scale: 340.0, score: 3.5069911973550916e-05
scale: 341.0, score: 3.585625017876737e-05
scale: 342.0, score: 3.6656492738984525e-05
scale: 343.0, score: 3.7470366805791855e-05
scale: 344.0, score: 3.8297610444715247e-05
scale: 345.0, score: 3.9137918065534905e-05
scale: 346.0, score: 3.9991071389522403e-05
scale: 347.0, score: 4.0856753912521526e-05
scale: 348.0, score: 4.1734725527931005e-05
scale: 349.0, score: 4.262473157723434e-05
scale: 350.0, score: 4.3526553781703115e-05
scale: 351.0, score: 4.443990837899037e-05
scale: 352.0, score: 4.536455890047364e-05
scale: 353.0, score: 4.6300301619339734e-05
scale: 354.0, score: 4.7246856411220506e-05
scale: 355.0, score: 4.8204048653133214e-05
scale: 356.0, score: 4.9171605496667325e-05
scale: 357.0, score: 5.014932685298845e-05
scale: 358.0, score: 5.1137034461135045e-05
scale: 359.0, score: 5.213445547269657e-05
scale: 360.0, score: 5.314139707479626e-05
scale: 361.0, score: 5.415770647232421e-05
scale: 362.0, score: 5.5183099902933463e-05
scale: 363.0, score: 5.621745003736578e-05
scale: 364.0, score: 5.7260531320935115e-05
scale: 365.0, score: 5.8312165492679924e-05
scale: 366.0, score: 5.937218520557508e-05
scale: 367.0, score: 6.0440346715040505e-05
scale: 368.0, score: 6.151650450192392e-05
scale: 369.0, score: 6.260049849515781e-05
scale: 370.0, score: 6.369213224388659e-05
scale: 371.0, score: 6.47912675049156e-05
scale: 372.0, score: 6.589767872355878e-05
scale: 373.0, score: 6.701122765662149e-05
scale: 374.0, score: 6.813178333686665e-05
scale: 375.0, score: 6.925917114131153e-05
scale: 376.0, score: 7.039320189505816e-05
scale: 377.0, score: 7.15337591827847e-05
scale: 378.0, score: 7.268067565746605e-05
scale: 379.0, score: 7.383376214420423e-05
scale: 380.0, score: 7.499296043533832e-05
scale: 381.0, score: 7.615808863192797e-05
scale: 382.0, score: 7.732898666290566e-05
scale: 383.0, score: 7.850553083699197e-05
self.delta: 303.0
17 tensor([-99999,      0,     10,     15,     20,     25,     30,     35,     40,
            45,     50,     55,     60,     65,     70,     75,     80],
       device='cuda:0', dtype=torch.int32)
17 tensor([  0.,   1.,   2.,   3.,   4.,   6.,   8.,  12.,  16.,  24.,  32.,  48.,
         64.,  96., 128., 192., 256.], device='cuda:0')
17 tensor([0.0000, 0.0033, 0.0066, 0.0099, 0.0132, 0.0198, 0.0264, 0.0396, 0.0528,
        0.0792, 0.1056, 0.1584, 0.2112, 0.3168, 0.4224, 0.6337, 0.8449],
       device='cuda:0')
scale: 256.0, score: 7.488197297789156e-05
scale: 257.0, score: 7.252497744048014e-05
scale: 258.0, score: 7.02295801602304e-05
scale: 259.0, score: 6.79945369483903e-05
scale: 260.0, score: 6.581870547961444e-05
scale: 261.0, score: 6.370087794493884e-05
scale: 262.0, score: 6.163996295072138e-05
scale: 263.0, score: 5.9634814533637837e-05
scale: 264.0, score: 5.7684363127918914e-05
scale: 265.0, score: 5.5787520977901295e-05
scale: 266.0, score: 5.3943269449518993e-05
scale: 267.0, score: 5.215058627072722e-05
scale: 268.0, score: 5.040845280745998e-05
scale: 269.0, score: 4.871593046118505e-05
scale: 270.0, score: 4.7072007873794064e-05
scale: 271.0, score: 4.547582648228854e-05
scale: 272.0, score: 4.392640039441176e-05
scale: 273.0, score: 4.2422860133228824e-05
scale: 274.0, score: 4.096429984201677e-05
scale: 275.0, score: 3.954991188948043e-05
scale: 276.0, score: 3.817881224676967e-05
scale: 277.0, score: 3.685017509269528e-05
scale: 278.0, score: 3.556321462383494e-05
scale: 279.0, score: 3.431711229495704e-05
scale: 280.0, score: 3.311111868242733e-05
scale: 281.0, score: 3.194445525878109e-05
scale: 282.0, score: 3.0816372600384057e-05
scale: 283.0, score: 2.9726174034294672e-05
scale: 284.0, score: 2.8673110136878677e-05
scale: 285.0, score: 2.7656511520035565e-05
scale: 286.0, score: 2.667565058800392e-05
scale: 287.0, score: 2.57298925134819e-05
scale: 288.0, score: 2.48185660893796e-05
scale: 289.0, score: 2.3941021936479956e-05
scale: 290.0, score: 2.3096623408491723e-05
scale: 291.0, score: 2.2284770238911733e-05
scale: 292.0, score: 2.150482396245934e-05
scale: 293.0, score: 2.0756207959493622e-05
scale: 294.0, score: 2.0038345610373653e-05
scale: 295.0, score: 1.9350656657479703e-05
scale: 296.0, score: 1.8692582671064883e-05
scale: 297.0, score: 1.806355248845648e-05
scale: 298.0, score: 1.7463054973632097e-05
scale: 299.0, score: 1.689053351583425e-05
scale: 300.0, score: 1.634549698792398e-05
scale: 301.0, score: 1.5827419701963663e-05
scale: 302.0, score: 1.5335810530814342e-05
scale: 303.0, score: 1.4870177437842358e-05
scale: 304.0, score: 1.4430025657929946e-05
scale: 305.0, score: 1.4014908629178535e-05
scale: 306.0, score: 1.3624357052322011e-05
scale: 307.0, score: 1.3257906175567769e-05
scale: 308.0, score: 1.2915127626911271e-05
scale: 309.0, score: 1.2595579391927458e-05
scale: 310.0, score: 1.2298830370127689e-05
scale: 311.0, score: 1.2024464922433253e-05
scale: 312.0, score: 1.1772075595217757e-05
scale: 313.0, score: 1.1541245839907788e-05
scale: 314.0, score: 1.1331595487718005e-05
scale: 315.0, score: 1.1142726179969031e-05
scale: 316.0, score: 1.0974257747875527e-05
scale: 317.0, score: 1.0825816389115062e-05
scale: 318.0, score: 1.0697032848838717e-05
scale: 319.0, score: 1.0587550605123397e-05
scale: 320.0, score: 1.0497017683519516e-05
scale: 321.0, score: 1.0425078471598681e-05
scale: 322.0, score: 1.0371401913289446e-05
scale: 323.0, score: 1.0335646038583945e-05
scale: 324.0, score: 1.0317487067368347e-05
scale: 325.0, score: 1.0316599400539417e-05
scale: 326.0, score: 1.0332670171919744e-05
scale: 327.0, score: 1.0365383786847815e-05
scale: 328.0, score: 1.0414441021566745e-05
scale: 329.0, score: 1.0479536285856739e-05
scale: 330.0, score: 1.0560382179392036e-05
scale: 331.0, score: 1.0656685844878666e-05
scale: 332.0, score: 1.0768166248453781e-05
scale: 333.0, score: 1.089454053726513e-05
scale: 334.0, score: 1.1035540410375688e-05
scale: 335.0, score: 1.1190901204827242e-05
scale: 336.0, score: 1.1360349162714556e-05
scale: 337.0, score: 1.1543633263499942e-05
scale: 338.0, score: 1.1740496120182797e-05
scale: 339.0, score: 1.195069035020424e-05
scale: 340.0, score: 1.2173964933026582e-05
scale: 341.0, score: 1.2410088856995571e-05
scale: 342.0, score: 1.2658818377531134e-05
scale: 343.0, score: 1.2919921573484316e-05
scale: 344.0, score: 1.3193176528147887e-05
scale: 345.0, score: 1.3478348591888789e-05
scale: 346.0, score: 1.3775234037893824e-05
scale: 347.0, score: 1.4083600945014041e-05
scale: 348.0, score: 1.4403237400983926e-05
scale: 349.0, score: 1.4733937860000879e-05
scale: 350.0, score: 1.5075510418682825e-05
scale: 351.0, score: 1.542773679830134e-05
scale: 352.0, score: 1.579041600052733e-05
scale: 353.0, score: 1.616337613086216e-05
scale: 354.0, score: 1.6546400729566813e-05
scale: 355.0, score: 1.6939322449616157e-05
scale: 356.0, score: 1.734193392621819e-05
scale: 357.0, score: 1.7754067812347785e-05
scale: 358.0, score: 1.817556403693743e-05
scale: 359.0, score: 1.8606209778226912e-05
scale: 360.0, score: 1.9045854060095735e-05
scale: 361.0, score: 1.9494336811476387e-05
scale: 362.0, score: 1.995146340050269e-05
scale: 363.0, score: 2.041709922195878e-05
scale: 364.0, score: 2.0891067833872512e-05
scale: 365.0, score: 2.1373214622144587e-05
scale: 366.0, score: 2.186340316256974e-05
scale: 367.0, score: 2.2361442461260594e-05
scale: 368.0, score: 2.2867205188958906e-05
scale: 369.0, score: 2.3380547645501792e-05
scale: 370.0, score: 2.3901315216789953e-05
scale: 371.0, score: 2.442938057356514e-05
scale: 372.0, score: 2.4964580006781034e-05
scale: 373.0, score: 2.5506784368189983e-05
scale: 374.0, score: 2.6055880880448967e-05
scale: 375.0, score: 2.6611718567437492e-05
scale: 376.0, score: 2.7174157366971485e-05
scale: 377.0, score: 2.7743079044739716e-05
scale: 378.0, score: 2.8318359909462743e-05
scale: 379.0, score: 2.889985262299888e-05
scale: 380.0, score: 2.9487464416888542e-05
scale: 381.0, score: 3.0081087970756926e-05
scale: 382.0, score: 3.068055957555771e-05
scale: 383.0, score: 3.128579555777833e-05
self.delta: 325.0
17 tensor([-99999,      0,     10,     15,     20,     25,     30,     35,     40,
            45,     50,     55,     60,     65,     70,     75,     80],
       device='cuda:0', dtype=torch.int32)
17 tensor([  0.,   1.,   2.,   3.,   4.,   6.,   8.,  12.,  16.,  24.,  32.,  48.,
         64.,  96., 128., 192., 256.], device='cuda:0')
17 tensor([0.0000, 0.0031, 0.0062, 0.0092, 0.0123, 0.0185, 0.0246, 0.0369, 0.0492,
        0.0738, 0.0985, 0.1477, 0.1969, 0.2954, 0.3938, 0.5908, 0.7877],
       device='cuda:0')
scale: 256.0, score: 1.804583371267654e-05
scale: 257.0, score: 1.751621311996132e-05
scale: 258.0, score: 1.7000245861709118e-05
scale: 259.0, score: 1.649764999456238e-05
scale: 260.0, score: 1.600817449798342e-05
scale: 261.0, score: 1.5531550161540508e-05
scale: 262.0, score: 1.5067539607116487e-05
scale: 263.0, score: 1.461588908568956e-05
scale: 264.0, score: 1.4176360309647862e-05
scale: 265.0, score: 1.3748713172390126e-05
scale: 266.0, score: 1.3332723938219715e-05
scale: 267.0, score: 1.2928165233461186e-05
scale: 268.0, score: 1.2534813322417904e-05
scale: 269.0, score: 1.2152457202319056e-05
scale: 270.0, score: 1.178088041342562e-05
scale: 271.0, score: 1.1419885595387314e-05
scale: 272.0, score: 1.1069258107454516e-05
scale: 273.0, score: 1.0728803317761049e-05
scale: 274.0, score: 1.0398327503935434e-05
scale: 275.0, score: 1.0077641491079703e-05
scale: 276.0, score: 9.766561561264098e-06
scale: 277.0, score: 9.464897630095948e-06
scale: 278.0, score: 9.172476893581916e-06
scale: 279.0, score: 8.889120181265753e-06
scale: 280.0, score: 8.614660146122333e-06
scale: 281.0, score: 8.34892489365302e-06
scale: 282.0, score: 8.091749805316795e-06
scale: 283.0, score: 7.842980267014354e-06
scale: 284.0, score: 7.602449386467924e-06
scale: 285.0, score: 7.3700120992725715e-06
scale: 286.0, score: 7.145502877392573e-06
scale: 287.0, score: 6.928785296622664e-06
scale: 288.0, score: 6.719710199831752e-06
scale: 289.0, score: 6.518132067867555e-06
scale: 290.0, score: 6.3239117480407e-06
scale: 291.0, score: 6.136915999377379e-06
scale: 292.0, score: 5.957003395451466e-06
scale: 293.0, score: 5.784047061752062e-06
scale: 294.0, score: 5.617918759526219e-06
scale: 295.0, score: 5.4584897952736355e-06
scale: 296.0, score: 5.305637841956923e-06
scale: 297.0, score: 5.159235570317833e-06
scale: 298.0, score: 5.0191706577606965e-06
scale: 299.0, score: 4.885318958258722e-06
scale: 300.0, score: 4.757572696689749e-06
scale: 301.0, score: 4.6358150029846e-06
scale: 302.0, score: 4.519937647273764e-06
scale: 303.0, score: 4.409831490193028e-06
scale: 304.0, score: 4.305386028136127e-06
scale: 305.0, score: 4.206504854664672e-06
scale: 306.0, score: 4.113082468393259e-06
scale: 307.0, score: 4.025016096420586e-06
scale: 308.0, score: 3.94221115129767e-06
scale: 309.0, score: 3.86457031709142e-06
scale: 310.0, score: 3.791997414737125e-06
scale: 311.0, score: 3.7244003578962293e-06
scale: 312.0, score: 3.661689788714284e-06
scale: 313.0, score: 3.6037729387317086e-06
scale: 314.0, score: 3.5505661344359396e-06
scale: 315.0, score: 3.501980472719879e-06
scale: 316.0, score: 3.4579322800709633e-06
scale: 317.0, score: 3.418338565097656e-06
scale: 318.0, score: 3.3831183827714995e-06
scale: 319.0, score: 3.3521912428113865e-06
scale: 320.0, score: 3.3254807476623682e-06
scale: 321.0, score: 3.302907543911715e-06
scale: 322.0, score: 3.2843979624885833e-06
scale: 323.0, score: 3.2698769700800767e-06
scale: 324.0, score: 3.25927248923108e-06
scale: 325.0, score: 3.2525126698601525e-06
scale: 326.0, score: 3.2495281629962847e-06
scale: 327.0, score: 3.2502489375474397e-06
scale: 328.0, score: 3.2546086004003882e-06
scale: 329.0, score: 3.26254030369455e-06
scale: 330.0, score: 3.273979018558748e-06
scale: 331.0, score: 3.2888610803638585e-06
scale: 332.0, score: 3.3071239613491343e-06
scale: 333.0, score: 3.3287051337538287e-06
scale: 334.0, score: 3.3535445709276246e-06
scale: 335.0, score: 3.3815831557149068e-06
scale: 336.0, score: 3.412762225707411e-06
scale: 337.0, score: 3.447024937486276e-06
scale: 338.0, score: 3.4843139928852906e-06
scale: 339.0, score: 3.5245750495960237e-06
scale: 340.0, score: 3.5677528558153426e-06
scale: 341.0, score: 3.613795342971571e-06
scale: 342.0, score: 3.662649078250979e-06
scale: 343.0, score: 3.714263129950268e-06
scale: 344.0, score: 3.768587248487165e-06
scale: 345.0, score: 3.825570274784695e-06
scale: 346.0, score: 3.885166279360419e-06
scale: 347.0, score: 3.947324785258388e-06
scale: 348.0, score: 4.01199849875411e-06
scale: 349.0, score: 4.079141490365146e-06
scale: 350.0, score: 4.148711468587862e-06
scale: 351.0, score: 4.220659775455715e-06
scale: 352.0, score: 4.29494320997037e-06
scale: 353.0, score: 4.371521754364949e-06
scale: 354.0, score: 4.450348114914959e-06
scale: 355.0, score: 4.5313868213270325e-06
scale: 356.0, score: 4.6145896703819744e-06
scale: 357.0, score: 4.699921191786416e-06
scale: 358.0, score: 4.787343641510233e-06
scale: 359.0, score: 4.87681245431304e-06
scale: 360.0, score: 4.968291705154115e-06
scale: 361.0, score: 5.061749106971547e-06
scale: 362.0, score: 5.157138275535544e-06
scale: 363.0, score: 5.254430561763002e-06
scale: 364.0, score: 5.353587766876444e-06
scale: 365.0, score: 5.454574420582503e-06
scale: 366.0, score: 5.55736050955602e-06
scale: 367.0, score: 5.661904651788063e-06
scale: 368.0, score: 5.7681772887008265e-06
scale: 369.0, score: 5.876146587979747e-06
scale: 370.0, score: 5.985778898320859e-06
scale: 371.0, score: 6.097046480135759e-06
scale: 372.0, score: 6.209912953636376e-06
scale: 373.0, score: 6.324346941255499e-06
scale: 374.0, score: 6.440327524614986e-06
scale: 375.0, score: 6.5578178691794164e-06
scale: 376.0, score: 6.676788416370982e-06
scale: 377.0, score: 6.797213700338034e-06
scale: 378.0, score: 6.919064162502764e-06
scale: 379.0, score: 7.042308425297961e-06
scale: 380.0, score: 7.1669264798401855e-06
scale: 381.0, score: 7.2928937697724905e-06
scale: 382.0, score: 7.420173005812103e-06
scale: 383.0, score: 7.5487496360437945e-06
self.delta: 326.0
17 tensor([-99999,      0,     10,     15,     20,     25,     30,     35,     40,
            45,     50,     55,     60,     65,     70,     75,     80],
       device='cuda:0', dtype=torch.int32)
17 tensor([  0.,   1.,   2.,   3.,   4.,   6.,   8.,  12.,  16.,  24.,  32.,  48.,
         64.,  96., 128., 192., 256.], device='cuda:0')
17 tensor([0.0000, 0.0031, 0.0061, 0.0092, 0.0123, 0.0184, 0.0245, 0.0368, 0.0491,
        0.0736, 0.0982, 0.1472, 0.1963, 0.2945, 0.3926, 0.5890, 0.7853],
       device='cuda:0')
scale: 256.0, score: 2.875368772947695e-05
scale: 257.0, score: 2.7884627343155444e-05
scale: 258.0, score: 2.7037982363253832e-05
scale: 259.0, score: 2.6213307137368247e-05
scale: 260.0, score: 2.541017602197826e-05
scale: 261.0, score: 2.462815427861642e-05
scale: 262.0, score: 2.3866849005571567e-05
scale: 263.0, score: 2.3125840016291477e-05
scale: 264.0, score: 2.24047416850226e-05
scale: 265.0, score: 2.170315565308556e-05
scale: 266.0, score: 2.102071448462084e-05
scale: 267.0, score: 2.0357045286800712e-05
scale: 268.0, score: 1.971178426174447e-05
scale: 269.0, score: 1.908458216348663e-05
scale: 270.0, score: 1.847507883212529e-05
scale: 271.0, score: 1.7882955944514833e-05
scale: 272.0, score: 1.7307862435700372e-05
scale: 273.0, score: 1.6749474525568075e-05
scale: 274.0, score: 1.6207470252993517e-05
scale: 275.0, score: 1.568154948472511e-05
scale: 276.0, score: 1.5171398445090745e-05
scale: 277.0, score: 1.467671427235473e-05
scale: 278.0, score: 1.4197208656696603e-05
scale: 279.0, score: 1.3732589650317095e-05
scale: 280.0, score: 1.3282582585816272e-05
scale: 281.0, score: 1.2846900972363073e-05
scale: 282.0, score: 1.2425278328009881e-05
scale: 283.0, score: 1.2017458175250795e-05
scale: 284.0, score: 1.1623169484664686e-05
scale: 285.0, score: 1.1242171240155585e-05
scale: 286.0, score: 1.0874194231291767e-05
scale: 287.0, score: 1.0519011084397789e-05
scale: 288.0, score: 1.0176378054893576e-05
scale: 289.0, score: 9.846056855167262e-06
scale: 290.0, score: 9.527819202048704e-06
scale: 291.0, score: 9.221445907314774e-06
scale: 292.0, score: 8.926702321332414e-06
scale: 293.0, score: 8.643382898299024e-06
scale: 294.0, score: 8.371276635443792e-06
scale: 295.0, score: 8.110170711006504e-06
scale: 296.0, score: 7.859866855142172e-06
scale: 297.0, score: 7.6201522460905835e-06
scale: 298.0, score: 7.390844984911382e-06
scale: 299.0, score: 7.1717408900440205e-06
scale: 300.0, score: 6.962661700526951e-06
scale: 301.0, score: 6.763417786714854e-06
scale: 302.0, score: 6.573829068656778e-06
scale: 303.0, score: 6.393716830643825e-06
scale: 304.0, score: 6.2229009927250445e-06
scale: 305.0, score: 6.061221483832924e-06
scale: 306.0, score: 5.908505045226775e-06
scale: 307.0, score: 5.764583875134122e-06
scale: 308.0, score: 5.62930244996096e-06
scale: 309.0, score: 5.502500698639778e-06
scale: 310.0, score: 5.384019914345117e-06
scale: 311.0, score: 5.273710030451184e-06
scale: 312.0, score: 5.171423708816292e-06
scale: 313.0, score: 5.077010428067297e-06
scale: 314.0, score: 4.9903283070307225e-06
scale: 315.0, score: 4.9112350097857416e-06
scale: 316.0, score: 4.839592747885035e-06
scale: 317.0, score: 4.775263732881285e-06
scale: 318.0, score: 4.718115633295383e-06
scale: 319.0, score: 4.668017027142923e-06
scale: 320.0, score: 4.62484194940771e-06
scale: 321.0, score: 4.588460342347389e-06
scale: 322.0, score: 4.558750333671924e-06
scale: 323.0, score: 4.535589141596574e-06
scale: 324.0, score: 4.5188580770627595e-06
scale: 325.0, score: 4.5084407247486524e-06
scale: 326.0, score: 4.504220669332426e-06
scale: 327.0, score: 4.5060851334710605e-06
scale: 328.0, score: 4.513924068305641e-06
scale: 329.0, score: 4.527626970229903e-06
scale: 330.0, score: 4.547089247353142e-06
scale: 331.0, score: 4.572203579300549e-06
scale: 332.0, score: 4.602869012160227e-06
scale: 333.0, score: 4.6389818635361735e-06
scale: 334.0, score: 4.6804448174952995e-06
scale: 335.0, score: 4.727160558104515e-06
scale: 336.0, score: 4.7790317694307305e-06
scale: 337.0, score: 4.835964318772312e-06
scale: 338.0, score: 4.897866801911732e-06
scale: 339.0, score: 4.964648269378813e-06
scale: 340.0, score: 5.036218226450728e-06
scale: 341.0, score: 5.112491180625511e-06
scale: 342.0, score: 5.193379365664441e-06
scale: 343.0, score: 5.278797743812902e-06
scale: 344.0, score: 5.368666279537138e-06
scale: 345.0, score: 5.4628999350825325e-06
scale: 346.0, score: 5.561423222388839e-06
scale: 347.0, score: 5.664152922690846e-06
scale: 348.0, score: 5.771012183686253e-06
scale: 349.0, score: 5.88192460782011e-06
scale: 350.0, score: 5.996821073495084e-06
scale: 351.0, score: 6.11562199992477e-06
scale: 352.0, score: 6.238255537027726e-06
scale: 353.0, score: 6.364657565427478e-06
scale: 354.0, score: 6.4947498685796745e-06
scale: 355.0, score: 6.6284715103392955e-06
scale: 356.0, score: 6.765746547898743e-06
scale: 357.0, score: 6.906516318849754e-06
scale: 358.0, score: 7.050718068057904e-06
scale: 359.0, score: 7.198278581199702e-06
scale: 360.0, score: 7.349141014856286e-06
scale: 361.0, score: 7.503247161366744e-06
scale: 362.0, score: 7.660526534891687e-06
scale: 363.0, score: 7.82092956796987e-06
scale: 364.0, score: 7.984392141224816e-06
scale: 365.0, score: 8.150858775479719e-06
scale: 366.0, score: 8.320278539031278e-06
scale: 367.0, score: 8.492583219776861e-06
scale: 368.0, score: 8.667724614497274e-06
scale: 369.0, score: 8.84565270098392e-06
scale: 370.0, score: 9.026308362081181e-06
scale: 371.0, score: 9.209649761032779e-06
scale: 372.0, score: 9.395611414220184e-06
scale: 373.0, score: 9.584149665897712e-06
scale: 374.0, score: 9.775223588803783e-06
scale: 375.0, score: 9.968776794266887e-06
scale: 376.0, score: 1.0164759260078426e-05
scale: 377.0, score: 1.036312914948212e-05
scale: 378.0, score: 1.0563837349764071e-05
scale: 379.0, score: 1.0766832929220982e-05
scale: 380.0, score: 1.097208405553829e-05
scale: 381.0, score: 1.117954798246501e-05
scale: 382.0, score: 1.1389166502340231e-05
scale: 383.0, score: 1.1600910511333495e-05
self.delta: 326.0
17 tensor([-99999,      0,     10,     15,     20,     25,     30,     35,     40,
            45,     50,     55,     60,     65,     70,     75,     80],
       device='cuda:0', dtype=torch.int32)
17 tensor([  0.,   1.,   2.,   3.,   4.,   6.,   8.,  12.,  16.,  24.,  32.,  48.,
         64.,  96., 128., 192., 256.], device='cuda:0')
17 tensor([0.0000, 0.0031, 0.0061, 0.0092, 0.0123, 0.0184, 0.0245, 0.0368, 0.0491,
        0.0736, 0.0982, 0.1472, 0.1963, 0.2945, 0.3926, 0.5890, 0.7853],
       device='cuda:0')
scale: 256.0, score: 2.0402210793690756e-05
scale: 257.0, score: 1.9796436390606686e-05
scale: 258.0, score: 1.9206230717827566e-05
scale: 259.0, score: 1.86312881851336e-05
scale: 260.0, score: 1.8071310478262603e-05
scale: 261.0, score: 1.7525997463962995e-05
scale: 262.0, score: 1.699507629382424e-05
scale: 263.0, score: 1.6478255929541774e-05
scale: 264.0, score: 1.597526716068387e-05
scale: 265.0, score: 1.5485835319850594e-05
scale: 266.0, score: 1.5009703929536045e-05
scale: 267.0, score: 1.4546615602739621e-05
scale: 268.0, score: 1.4096313861955423e-05
scale: 269.0, score: 1.3658561329066288e-05
scale: 270.0, score: 1.3233103345555719e-05
scale: 271.0, score: 1.2819722542189993e-05
scale: 272.0, score: 1.2418170626915526e-05
scale: 273.0, score: 1.2028230230498593e-05
scale: 274.0, score: 1.1649671250779647e-05
scale: 275.0, score: 1.1282288141956087e-05
scale: 276.0, score: 1.0925862625299487e-05
scale: 277.0, score: 1.0580183698039036e-05
scale: 278.0, score: 1.0245052180835046e-05
scale: 279.0, score: 9.920264346874319e-06
scale: 280.0, score: 9.605629202269483e-06
scale: 281.0, score: 9.300950296164956e-06
scale: 282.0, score: 9.00603936315747e-06
scale: 283.0, score: 8.720721780264284e-06
scale: 284.0, score: 8.444806553598028e-06
scale: 285.0, score: 8.178125426638871e-06
scale: 286.0, score: 7.920494681457058e-06
scale: 287.0, score: 7.671755156479776e-06
scale: 288.0, score: 7.431737685692497e-06
scale: 289.0, score: 7.200275831564795e-06
scale: 290.0, score: 6.977211796765914e-06
scale: 291.0, score: 6.762393695680657e-06
scale: 292.0, score: 6.555659183504758e-06
scale: 293.0, score: 6.356863650580635e-06
scale: 294.0, score: 6.165862032503355e-06
scale: 295.0, score: 5.982505172141828e-06
scale: 296.0, score: 5.806657100038137e-06
scale: 297.0, score: 5.638169113808544e-06
scale: 298.0, score: 5.476915703184204e-06
scale: 299.0, score: 5.3227536227495875e-06
scale: 300.0, score: 5.175560545467306e-06
scale: 301.0, score: 5.0352036851109006e-06
scale: 302.0, score: 4.9015584409062285e-06
scale: 303.0, score: 4.774499757331796e-06
scale: 304.0, score: 4.653904852602864e-06
scale: 305.0, score: 4.539659585134359e-06
scale: 306.0, score: 4.4316466301097535e-06
scale: 307.0, score: 4.329748207965167e-06
scale: 308.0, score: 4.233855179336388e-06
scale: 309.0, score: 4.143857950111851e-06
scale: 310.0, score: 4.059646016685292e-06
scale: 311.0, score: 3.981114332418656e-06
scale: 312.0, score: 3.908161943400046e-06
scale: 313.0, score: 3.8406819840020034e-06
scale: 314.0, score: 3.7785785025334917e-06
scale: 315.0, score: 3.721751681950991e-06
scale: 316.0, score: 3.6701046610687627e-06
scale: 317.0, score: 3.6235439893061994e-06
scale: 318.0, score: 3.581976216082694e-06
scale: 319.0, score: 3.5453103919280693e-06
scale: 320.0, score: 3.5134589779772796e-06
scale: 321.0, score: 3.4863310247601476e-06
scale: 322.0, score: 3.4638435408851365e-06
scale: 323.0, score: 3.445910124355578e-06
scale: 324.0, score: 3.4324484659009613e-06
scale: 325.0, score: 3.423377165745478e-06
scale: 326.0, score: 3.418616643102723e-06
scale: 327.0, score: 3.4180875445599668e-06
scale: 328.0, score: 3.4217132451885846e-06
scale: 329.0, score: 3.4294187116756802e-06
scale: 330.0, score: 3.4411289107083576e-06
scale: 331.0, score: 3.45677131008415e-06
scale: 332.0, score: 3.4762742870952934e-06
scale: 333.0, score: 3.499566901155049e-06
scale: 334.0, score: 3.526581394908135e-06
scale: 335.0, score: 3.557249101504567e-06
scale: 336.0, score: 3.5915036278311163e-06
scale: 337.0, score: 3.6292799450166058e-06
scale: 338.0, score: 3.6705127968161833e-06
scale: 339.0, score: 3.715140337590128e-06
scale: 340.0, score: 3.7630993574566673e-06
scale: 341.0, score: 3.81433051188651e-06
scale: 342.0, score: 3.868773092108313e-06
scale: 343.0, score: 3.9263677535927854e-06
scale: 344.0, score: 3.987058789789444e-06
scale: 345.0, score: 4.050787083542673e-06
scale: 346.0, score: 4.117500338907121e-06
scale: 347.0, score: 4.187140802969225e-06
scale: 348.0, score: 4.2596543607942294e-06
scale: 349.0, score: 4.334989625931485e-06
scale: 350.0, score: 4.413097485667095e-06
scale: 351.0, score: 4.493922915571602e-06
scale: 352.0, score: 4.577414983941708e-06
scale: 353.0, score: 4.6635304897790775e-06
scale: 354.0, score: 4.752213953906903e-06
scale: 355.0, score: 4.843424449063605e-06
scale: 356.0, score: 4.93710922455648e-06
scale: 357.0, score: 5.033224169892492e-06
scale: 358.0, score: 5.131730631546816e-06
scale: 359.0, score: 5.232574494584696e-06
scale: 360.0, score: 5.335716195986606e-06
scale: 361.0, score: 5.441117536975071e-06
scale: 362.0, score: 5.548728040594142e-06
scale: 363.0, score: 5.658512691297801e-06
scale: 364.0, score: 5.770429197582416e-06
scale: 365.0, score: 5.884436632186407e-06
scale: 366.0, score: 6.000500434311107e-06
scale: 367.0, score: 6.118573310232023e-06
scale: 368.0, score: 6.238622972887242e-06
scale: 369.0, score: 6.36061076875194e-06
scale: 370.0, score: 6.4845003180380445e-06
scale: 371.0, score: 6.610259788430994e-06
scale: 372.0, score: 6.737845524185104e-06
scale: 373.0, score: 6.867223873996409e-06
scale: 374.0, score: 6.998371191002661e-06
scale: 375.0, score: 7.1312433647108264e-06
scale: 376.0, score: 7.265809017553693e-06
scale: 377.0, score: 7.4020385909534525e-06
scale: 378.0, score: 7.539896614616737e-06
scale: 379.0, score: 7.679348527744878e-06
scale: 380.0, score: 7.820372047717683e-06
scale: 381.0, score: 7.962937161209993e-06
scale: 382.0, score: 8.10700385045493e-06
scale: 383.0, score: 8.252553016063757e-06
self.delta: 327.0
17 tensor([-99999,      0,     10,     15,     20,     25,     30,     35,     40,
            45,     50,     55,     60,     65,     70,     75,     80],
       device='cuda:0', dtype=torch.int32)
17 tensor([  0.,   1.,   2.,   3.,   4.,   6.,   8.,  12.,  16.,  24.,  32.,  48.,
         64.,  96., 128., 192., 256.], device='cuda:0')
17 tensor([0.0000, 0.0031, 0.0061, 0.0092, 0.0122, 0.0183, 0.0245, 0.0367, 0.0489,
        0.0734, 0.0979, 0.1468, 0.1957, 0.2936, 0.3914, 0.5872, 0.7829],
       device='cuda:0')
scale: 256.0, score: 1.9514798623276874e-05
scale: 257.0, score: 1.892557156679686e-05
scale: 258.0, score: 1.835189323173836e-05
scale: 259.0, score: 1.7793459846870974e-05
scale: 260.0, score: 1.724997127894312e-05
scale: 261.0, score: 1.6721127394703217e-05
scale: 262.0, score: 1.620665170776192e-05
scale: 263.0, score: 1.5706253179814667e-05
scale: 264.0, score: 1.5219662600429729e-05
scale: 265.0, score: 1.4746605302207172e-05
scale: 266.0, score: 1.4286822079156991e-05
scale: 267.0, score: 1.3840054634783883e-05
scale: 268.0, score: 1.3406047401076648e-05
scale: 269.0, score: 1.298456027143402e-05
scale: 270.0, score: 1.2575341315823607e-05
scale: 271.0, score: 1.2178169527032878e-05
scale: 272.0, score: 1.179279661300825e-05
scale: 273.0, score: 1.1419002476031892e-05
scale: 274.0, score: 1.1056559742428362e-05
scale: 275.0, score: 1.0705261047405656e-05
scale: 276.0, score: 1.0364887202740647e-05
scale: 277.0, score: 1.0035227205662522e-05
scale: 278.0, score: 9.716080057842191e-06
scale: 279.0, score: 9.407242941961158e-06
scale: 280.0, score: 9.10852486413205e-06
scale: 281.0, score: 8.81972664501518e-06
scale: 282.0, score: 8.540662747691385e-06
scale: 283.0, score: 8.271153092209715e-06
scale: 284.0, score: 8.011011232156307e-06
scale: 285.0, score: 7.760067092021927e-06
scale: 286.0, score: 7.518135589634767e-06
scale: 287.0, score: 7.285057563422015e-06
scale: 288.0, score: 7.060663392621791e-06
scale: 289.0, score: 6.844787549198372e-06
scale: 290.0, score: 6.637270416831598e-06
scale: 291.0, score: 6.437960109906271e-06
scale: 292.0, score: 6.246694738365477e-06
scale: 293.0, score: 6.0633292378042825e-06
scale: 294.0, score: 5.887716724828351e-06
scale: 295.0, score: 5.719710316043347e-06
scale: 296.0, score: 5.559170858759899e-06
scale: 297.0, score: 5.405952833825722e-06
scale: 298.0, score: 5.259926638245815e-06
scale: 299.0, score: 5.120952664583456e-06
scale: 300.0, score: 4.988904947822448e-06
scale: 301.0, score: 4.863652975473087e-06
scale: 302.0, score: 4.7450707825191785e-06
scale: 303.0, score: 4.633035132428631e-06
scale: 304.0, score: 4.52742006018525e-06
scale: 305.0, score: 4.4281136979407165e-06
scale: 306.0, score: 4.334996447141748e-06
scale: 307.0, score: 4.247951437719166e-06
scale: 308.0, score: 4.166870439803461e-06
scale: 309.0, score: 4.091641585546313e-06
scale: 310.0, score: 4.022156645078212e-06
scale: 311.0, score: 3.958309207519051e-06
scale: 312.0, score: 3.89999740946223e-06
scale: 313.0, score: 3.847115749522345e-06
scale: 314.0, score: 3.7995678212610073e-06
scale: 315.0, score: 3.757253125513671e-06
scale: 316.0, score: 3.7200759379629744e-06
scale: 317.0, score: 3.6879416711599333e-06
scale: 318.0, score: 3.6607573292712914e-06
scale: 319.0, score: 3.6384315080795204e-06
scale: 320.0, score: 3.620876668719575e-06
scale: 321.0, score: 3.6080029985896545e-06
scale: 322.0, score: 3.5997254599351436e-06
scale: 323.0, score: 3.5959594697487773e-06
scale: 324.0, score: 3.5966218092653435e-06
scale: 325.0, score: 3.6016310787090333e-06
scale: 326.0, score: 3.6109081520407926e-06
scale: 327.0, score: 3.62437276635319e-06
scale: 328.0, score: 3.641949888333329e-06
scale: 329.0, score: 3.663562210931559e-06
scale: 330.0, score: 3.689137201945414e-06
scale: 331.0, score: 3.7186005101830233e-06
scale: 332.0, score: 3.751881649805e-06
scale: 333.0, score: 3.7889085433562286e-06
scale: 334.0, score: 3.8296147977234796e-06
scale: 335.0, score: 3.873930836562067e-06
scale: 336.0, score: 3.921790721506113e-06
scale: 337.0, score: 3.9731298784317914e-06
scale: 338.0, score: 4.027881914225873e-06
scale: 339.0, score: 4.085986347490689e-06
scale: 340.0, score: 4.147378604102414e-06
scale: 341.0, score: 4.212000931147486e-06
scale: 342.0, score: 4.279791482986184e-06
scale: 343.0, score: 4.3506911424628925e-06
scale: 344.0, score: 4.4246453398955055e-06
scale: 345.0, score: 4.501593139139004e-06
scale: 346.0, score: 4.581484972732142e-06
scale: 347.0, score: 4.664260814024601e-06
scale: 348.0, score: 4.74986791232368e-06
scale: 349.0, score: 4.838253062189324e-06
scale: 350.0, score: 4.929370334139094e-06
scale: 351.0, score: 5.023161975259427e-06
scale: 352.0, score: 5.119578872836428e-06
scale: 353.0, score: 5.218577371124411e-06
scale: 354.0, score: 5.320101536199218e-06
scale: 355.0, score: 5.42411135029397e-06
scale: 356.0, score: 5.530552698473912e-06
scale: 357.0, score: 5.639384653477464e-06
scale: 358.0, score: 5.7505658332956955e-06
scale: 359.0, score: 5.864043487235904e-06
scale: 360.0, score: 5.979777597531211e-06
scale: 361.0, score: 6.097729510656791e-06
scale: 362.0, score: 6.2178501138987485e-06
scale: 363.0, score: 6.340103936963715e-06
scale: 364.0, score: 6.464447778853355e-06
scale: 365.0, score: 6.590843440790195e-06
scale: 366.0, score: 6.719254088238813e-06
scale: 367.0, score: 6.8496333369694185e-06
scale: 368.0, score: 6.9819488999200985e-06
scale: 369.0, score: 7.1161630330607295e-06
scale: 370.0, score: 7.252237992361188e-06
scale: 371.0, score: 7.3901428550016135e-06
scale: 372.0, score: 7.529833965236321e-06
scale: 373.0, score: 7.671279490750749e-06
scale: 374.0, score: 7.814452146703843e-06
scale: 375.0, score: 7.959311005834024e-06
scale: 376.0, score: 8.10582423582673e-06
scale: 377.0, score: 8.253961823356804e-06
scale: 378.0, score: 8.403688298130874e-06
scale: 379.0, score: 8.554970008844975e-06
scale: 380.0, score: 8.707784218131565e-06
scale: 381.0, score: 8.862101822160184e-06
scale: 382.0, score: 9.017882803163957e-06
scale: 383.0, score: 9.17510533327004e-06
self.delta: 323.0
17 tensor([-99999,      0,     10,     15,     20,     25,     30,     35,     40,
            45,     50,     55,     60,     65,     70,     75,     80],
       device='cuda:0', dtype=torch.int32)
17 tensor([  0.,   1.,   2.,   3.,   4.,   6.,   8.,  12.,  16.,  24.,  32.,  48.,
         64.,  96., 128., 192., 256.], device='cuda:0')
17 tensor([0.0000, 0.0031, 0.0062, 0.0093, 0.0124, 0.0186, 0.0248, 0.0372, 0.0495,
        0.0743, 0.0991, 0.1486, 0.1981, 0.2972, 0.3963, 0.5944, 0.7926],
       device='cuda:0')
scale: 256.0, score: 2.0456069250940345e-05
scale: 257.0, score: 1.984480877581518e-05
scale: 258.0, score: 1.9249255274189636e-05
scale: 259.0, score: 1.8669097698875703e-05
scale: 260.0, score: 1.8104035916621797e-05
scale: 261.0, score: 1.7553769794176333e-05
scale: 262.0, score: 1.7018021026160568e-05
scale: 263.0, score: 1.649649493629113e-05
scale: 264.0, score: 1.5988925952115096e-05
scale: 265.0, score: 1.549503213027492e-05
scale: 266.0, score: 1.5014553355285898e-05
scale: 267.0, score: 1.4547234059136827e-05
scale: 268.0, score: 1.4092813216848299e-05
scale: 269.0, score: 1.3651050721819047e-05
scale: 270.0, score: 1.322169464401668e-05
scale: 271.0, score: 1.2804519428755157e-05
scale: 272.0, score: 1.2399277693475597e-05
scale: 273.0, score: 1.2005748430965468e-05
scale: 274.0, score: 1.1623702448559925e-05
scale: 275.0, score: 1.1252930562477559e-05
scale: 276.0, score: 1.0893212675000541e-05
scale: 277.0, score: 1.0544335964368656e-05
scale: 278.0, score: 1.0206099432252813e-05
scale: 279.0, score: 9.87829753285041e-06
scale: 280.0, score: 9.560737453284673e-06
scale: 281.0, score: 9.253220923710614e-06
scale: 282.0, score: 8.955560588219669e-06
scale: 283.0, score: 8.667576366860885e-06
scale: 284.0, score: 8.389077265746891e-06
scale: 285.0, score: 8.11989502835786e-06
scale: 286.0, score: 7.859842298785225e-06
scale: 287.0, score: 7.608758551214123e-06
scale: 288.0, score: 7.366474164882675e-06
scale: 289.0, score: 7.1328213380184025e-06
scale: 290.0, score: 6.907640454301145e-06
scale: 291.0, score: 6.690777354378952e-06
scale: 292.0, score: 6.482069693447556e-06
scale: 293.0, score: 6.281371042859973e-06
scale: 294.0, score: 6.088535883463919e-06
scale: 295.0, score: 5.903412329644198e-06
scale: 296.0, score: 5.725863047700841e-06
scale: 297.0, score: 5.555740244744811e-06
scale: 298.0, score: 5.3929147725284565e-06
scale: 299.0, score: 5.237243840383599e-06
scale: 300.0, score: 5.088603302283445e-06
scale: 301.0, score: 4.946859007759485e-06
scale: 302.0, score: 4.811885901290225e-06
scale: 303.0, score: 4.68355892735417e-06
scale: 304.0, score: 4.5617512114404235e-06
scale: 305.0, score: 4.446350885700667e-06
scale: 306.0, score: 4.337236077844864e-06
scale: 307.0, score: 4.234290372551186e-06
scale: 308.0, score: 4.13740417570807e-06
scale: 309.0, score: 4.046465619467199e-06
scale: 310.0, score: 3.961362835980253e-06
scale: 311.0, score: 3.881991688103881e-06
scale: 312.0, score: 3.8082478113210527e-06
scale: 313.0, score: 3.7400257042463636e-06
scale: 314.0, score: 3.6772275961993728e-06
scale: 315.0, score: 3.6197525332681835e-06
scale: 316.0, score: 3.5675041090144077e-06
scale: 317.0, score: 3.5203863717470085e-06
scale: 318.0, score: 3.4783056435117032e-06
scale: 319.0, score: 3.441170747464639e-06
scale: 320.0, score: 3.4088925531250425e-06
scale: 321.0, score: 3.3813803383964114e-06
scale: 322.0, score: 3.35854906552413e-06
scale: 323.0, score: 3.3403125598852057e-06
scale: 324.0, score: 3.326587602714426e-06
scale: 325.0, score: 3.3172916573676048e-06
scale: 326.0, score: 3.3123451430583373e-06
scale: 327.0, score: 3.311667342131841e-06
scale: 328.0, score: 3.3151816296594916e-06
scale: 329.0, score: 3.3228111533389892e-06
scale: 330.0, score: 3.3344817893521395e-06
scale: 331.0, score: 3.3501194138807477e-06
scale: 332.0, score: 3.369651722096023e-06
scale: 333.0, score: 3.393007546037552e-06
scale: 334.0, score: 3.4201182188553503e-06
scale: 335.0, score: 3.450914846325759e-06
scale: 336.0, score: 3.485329898467171e-06
scale: 337.0, score: 3.5232981190347346e-06
scale: 338.0, score: 3.5647537970362464e-06
scale: 339.0, score: 3.609634177337284e-06
scale: 340.0, score: 3.6578758226823993e-06
scale: 341.0, score: 3.7094187064212747e-06
scale: 342.0, score: 3.764201665035216e-06
scale: 343.0, score: 3.8221651266212575e-06
scale: 344.0, score: 3.883251793013187e-06
scale: 345.0, score: 3.9474034565500915e-06
scale: 346.0, score: 4.014566911791917e-06
scale: 347.0, score: 4.084683496330399e-06
scale: 348.0, score: 4.1576986404834315e-06
scale: 349.0, score: 4.233560503053013e-06
scale: 350.0, score: 4.312219516577898e-06
scale: 351.0, score: 4.393620656628627e-06
scale: 352.0, score: 4.477712991501903e-06
scale: 353.0, score: 4.564451501209987e-06
scale: 354.0, score: 4.6537811613234226e-06
scale: 355.0, score: 4.7456596803385764e-06
scale: 356.0, score: 4.840034762310097e-06
scale: 357.0, score: 4.93686320623965e-06
scale: 358.0, score: 5.036103630118305e-06
scale: 359.0, score: 5.137702373758657e-06
scale: 360.0, score: 5.24162032888853e-06
scale: 361.0, score: 5.347817477741046e-06
scale: 362.0, score: 5.456243343360256e-06
scale: 363.0, score: 5.566863364947494e-06
scale: 364.0, score: 5.679633432009723e-06
scale: 365.0, score: 5.794513526780065e-06
scale: 366.0, score: 5.911469088459853e-06
scale: 367.0, score: 6.030451004335191e-06
scale: 368.0, score: 6.151427896838868e-06
scale: 369.0, score: 6.2743611124460585e-06
scale: 370.0, score: 6.399211997631937e-06
scale: 371.0, score: 6.525949174829293e-06
scale: 372.0, score: 6.6545303525344934e-06
scale: 373.0, score: 6.78492051520152e-06
scale: 374.0, score: 6.917094196978724e-06
scale: 375.0, score: 7.051009561109822e-06
scale: 376.0, score: 7.18663295629085e-06
scale: 377.0, score: 7.32393436919665e-06
scale: 378.0, score: 7.462880603270605e-06
scale: 379.0, score: 7.603434823977295e-06
scale: 380.0, score: 7.745574293949176e-06
scale: 381.0, score: 7.889268999861088e-06
scale: 382.0, score: 8.034479833440855e-06
scale: 383.0, score: 8.181185876310337e-06
self.delta: 327.0
17 tensor([-99999,      0,     10,     15,     20,     25,     30,     35,     40,
            45,     50,     55,     60,     65,     70,     75,     80],
       device='cuda:0', dtype=torch.int32)
17 tensor([  0.,   1.,   2.,   3.,   4.,   6.,   8.,  12.,  16.,  24.,  32.,  48.,
         64.,  96., 128., 192., 256.], device='cuda:0')
17 tensor([0.0000, 0.0031, 0.0061, 0.0092, 0.0122, 0.0183, 0.0245, 0.0367, 0.0489,
        0.0734, 0.0979, 0.1468, 0.1957, 0.2936, 0.3914, 0.5872, 0.7829],
       device='cuda:0')
scale: 256.0, score: 1.76842058863258e-05
scale: 257.0, score: 1.7163514712592587e-05
scale: 258.0, score: 1.6656229490763508e-05
scale: 259.0, score: 1.6162086467375048e-05
scale: 260.0, score: 1.5680832802900113e-05
scale: 261.0, score: 1.5212205653369892e-05
scale: 262.0, score: 1.4755972188140731e-05
scale: 263.0, score: 1.4311880477180239e-05
scale: 264.0, score: 1.3879700418328866e-05
scale: 265.0, score: 1.3459192814480048e-05
scale: 266.0, score: 1.3050138477410655e-05
scale: 267.0, score: 1.2652315490413457e-05
scale: 268.0, score: 1.2265503755770624e-05
scale: 269.0, score: 1.188949590869015e-05
scale: 270.0, score: 1.1524076398927718e-05
scale: 271.0, score: 1.1169055142090656e-05
scale: 272.0, score: 1.0824221135408152e-05
scale: 273.0, score: 1.048938156600343e-05
scale: 274.0, score: 1.0164344530494418e-05
scale: 275.0, score: 9.848929948930163e-06
scale: 276.0, score: 9.5429504654021e-06
scale: 277.0, score: 9.246223271475174e-06
scale: 278.0, score: 8.958578291640151e-06
scale: 279.0, score: 8.67983908392489e-06
scale: 280.0, score: 8.409840120293666e-06
scale: 281.0, score: 8.148414963216055e-06
scale: 282.0, score: 7.895399903645739e-06
scale: 283.0, score: 7.650643965462223e-06
scale: 284.0, score: 7.413983439619187e-06
scale: 285.0, score: 7.1852732617117e-06
scale: 286.0, score: 6.964355179661652e-06
scale: 287.0, score: 6.751091405021725e-06
scale: 288.0, score: 6.5453373281343374e-06
scale: 289.0, score: 6.34695015833131e-06
scale: 290.0, score: 6.1557916524179745e-06
scale: 291.0, score: 5.971732662146678e-06
scale: 292.0, score: 5.7946322158386465e-06
scale: 293.0, score: 5.62436753170914e-06
scale: 294.0, score: 5.460812189994613e-06
scale: 295.0, score: 5.303838406689465e-06
scale: 296.0, score: 5.1533288569771685e-06
scale: 297.0, score: 5.009155756852124e-06
scale: 298.0, score: 4.8712099669501185e-06
scale: 299.0, score: 4.739368250739062e-06
scale: 300.0, score: 4.613526925822953e-06
scale: 301.0, score: 4.493570031627314e-06
scale: 302.0, score: 4.379390247777337e-06
scale: 303.0, score: 4.270881618140265e-06
scale: 304.0, score: 4.167935912846588e-06
scale: 305.0, score: 4.070457634952618e-06
scale: 306.0, score: 3.978342647315003e-06
scale: 307.0, score: 3.891491360263899e-06
scale: 308.0, score: 3.8098098684713477e-06
scale: 309.0, score: 3.7332029023673385e-06
scale: 310.0, score: 3.6615756471292116e-06
scale: 311.0, score: 3.5948380627814913e-06
scale: 312.0, score: 3.5329023830854567e-06
scale: 313.0, score: 3.4756767490762286e-06
scale: 314.0, score: 3.423079533604323e-06
scale: 315.0, score: 3.375023652552045e-06
scale: 316.0, score: 3.3314265692752087e-06
scale: 317.0, score: 3.29220665662433e-06
scale: 318.0, score: 3.2572841064393288e-06
scale: 319.0, score: 3.2265804748021765e-06
scale: 320.0, score: 3.2000209557736525e-06
scale: 321.0, score: 3.177526650688378e-06
scale: 322.0, score: 3.1590259368385887e-06
scale: 323.0, score: 3.1444440082850633e-06
scale: 324.0, score: 3.133711516056792e-06
scale: 325.0, score: 3.1267568374460097e-06
scale: 326.0, score: 3.123512215097435e-06
scale: 327.0, score: 3.1239092095347587e-06
scale: 328.0, score: 3.1278816550184274e-06
scale: 329.0, score: 3.1353647500509396e-06
scale: 330.0, score: 3.1462946026294958e-06
scale: 331.0, score: 3.1606077754986472e-06
scale: 332.0, score: 3.1782435598870507e-06
scale: 333.0, score: 3.1991401101549855e-06
scale: 334.0, score: 3.223239218641538e-06
scale: 335.0, score: 3.25048245031212e-06
scale: 336.0, score: 3.2808118248794926e-06
scale: 337.0, score: 3.314171181045822e-06
scale: 338.0, score: 3.3505050396342995e-06
scale: 339.0, score: 3.3897599678311963e-06
scale: 340.0, score: 3.4318811685807304e-06
scale: 341.0, score: 3.476817937553278e-06
scale: 342.0, score: 3.5245175240561366e-06
scale: 343.0, score: 3.5749289963860065e-06
scale: 344.0, score: 3.6280050608183956e-06
scale: 345.0, score: 3.683693876155303e-06
scale: 346.0, score: 3.741951104530017e-06
scale: 347.0, score: 3.8027264963602647e-06
scale: 348.0, score: 3.865974122163607e-06
scale: 349.0, score: 3.93164873457863e-06
scale: 350.0, score: 3.999708496849053e-06
scale: 351.0, score: 4.0701061152503826e-06
scale: 352.0, score: 4.142797934036935e-06
scale: 353.0, score: 4.2177462091785856e-06
scale: 354.0, score: 4.294904101698194e-06
scale: 355.0, score: 4.374235231807688e-06
scale: 356.0, score: 4.4556941247719806e-06
scale: 357.0, score: 4.539245765045052e-06
scale: 358.0, score: 4.624851953849429e-06
scale: 359.0, score: 4.712469490186777e-06
scale: 360.0, score: 4.802063813258428e-06
scale: 361.0, score: 4.893601271760417e-06
scale: 362.0, score: 4.98703866469441e-06
scale: 363.0, score: 5.0823464334825985e-06
scale: 364.0, score: 5.17948683409486e-06
scale: 365.0, score: 5.278426215227228e-06
scale: 366.0, score: 5.379133654059842e-06
scale: 367.0, score: 5.481569587573176e-06
scale: 368.0, score: 5.585704457189422e-06
scale: 369.0, score: 5.6915073400887195e-06
scale: 370.0, score: 5.798945039714454e-06
scale: 371.0, score: 5.907989816478221e-06
scale: 372.0, score: 6.0186057453393005e-06
scale: 373.0, score: 6.130763267719885e-06
scale: 374.0, score: 6.244441010494484e-06
scale: 375.0, score: 6.359603048622375e-06
scale: 376.0, score: 6.476220278273104e-06
scale: 377.0, score: 6.594267233595019e-06
scale: 378.0, score: 6.713715720252367e-06
scale: 379.0, score: 6.834533905930584e-06
scale: 380.0, score: 6.9567036007356364e-06
scale: 381.0, score: 7.080198884068523e-06
scale: 382.0, score: 7.204984285635874e-06
scale: 383.0, score: 7.331043889280409e-06
self.delta: 326.0
17 tensor([-99999,      0,     10,     15,     20,     25,     30,     35,     40,
            45,     50,     55,     60,     65,     70,     75,     80],
       device='cuda:0', dtype=torch.int32)
17 tensor([  0.,   1.,   2.,   3.,   4.,   6.,   8.,  12.,  16.,  24.,  32.,  48.,
         64.,  96., 128., 192., 256.], device='cuda:0')
17 tensor([0.0000, 0.0031, 0.0061, 0.0092, 0.0123, 0.0184, 0.0245, 0.0368, 0.0491,
        0.0736, 0.0982, 0.1472, 0.1963, 0.2945, 0.3926, 0.5890, 0.7853],
       device='cuda:0')
scale: 256.0, score: 1.9289453121018596e-05
scale: 257.0, score: 1.8720291336649098e-05
scale: 258.0, score: 1.8165761503041722e-05
scale: 259.0, score: 1.7625572581891902e-05
scale: 260.0, score: 1.7099449905799702e-05
scale: 261.0, score: 1.6587107893428765e-05
scale: 262.0, score: 1.608828824828379e-05
scale: 263.0, score: 1.560271812195424e-05
scale: 264.0, score: 1.5130147403397132e-05
scale: 265.0, score: 1.4670316886622459e-05
scale: 266.0, score: 1.422298464603955e-05
scale: 267.0, score: 1.3787908756057732e-05
scale: 268.0, score: 1.3364848200581037e-05
scale: 269.0, score: 1.295358106290223e-05
scale: 270.0, score: 1.2553868145914748e-05
scale: 271.0, score: 1.2165503903815988e-05
scale: 272.0, score: 1.1788254596467596e-05
scale: 273.0, score: 1.142191558756167e-05
scale: 274.0, score: 1.1066274055337999e-05
scale: 275.0, score: 1.07211344584357e-05
scale: 276.0, score: 1.0386291251052171e-05
scale: 277.0, score: 1.0061546163342427e-05
scale: 278.0, score: 9.746712748892605e-06
scale: 279.0, score: 9.44159910432063e-06
scale: 280.0, score: 9.146028787654359e-06
scale: 281.0, score: 8.859809895511717e-06
scale: 282.0, score: 8.582773261878174e-06
scale: 283.0, score: 8.314750630233902e-06
scale: 284.0, score: 8.055562830122653e-06
scale: 285.0, score: 7.805053428455722e-06
scale: 286.0, score: 7.5630482569977175e-06
scale: 287.0, score: 7.3293981586175505e-06
scale: 288.0, score: 7.10394397174241e-06
scale: 289.0, score: 6.886529718030943e-06
scale: 290.0, score: 6.677007149846759e-06
scale: 291.0, score: 6.475232567026978e-06
scale: 292.0, score: 6.281054538703756e-06
scale: 293.0, score: 6.094337095419178e-06
scale: 294.0, score: 5.914943358220626e-06
scale: 295.0, score: 5.742733264924027e-06
scale: 296.0, score: 5.577579486271134e-06
scale: 297.0, score: 5.419341050583171e-06
scale: 298.0, score: 5.267901542538311e-06
scale: 299.0, score: 5.123125447425991e-06
scale: 300.0, score: 4.984898623661138e-06
scale: 301.0, score: 4.853094651480205e-06
scale: 302.0, score: 4.727598025056068e-06
scale: 303.0, score: 4.608291419572197e-06
scale: 304.0, score: 4.495057964959415e-06
scale: 305.0, score: 4.3877921598323155e-06
scale: 306.0, score: 4.2863816815952305e-06
scale: 307.0, score: 4.190716936136596e-06
scale: 308.0, score: 4.100696060049813e-06
scale: 309.0, score: 4.0162149161915295e-06
scale: 310.0, score: 3.9371698221657425e-06
scale: 311.0, score: 3.863463007292012e-06
scale: 312.0, score: 3.7949982925056247e-06
scale: 313.0, score: 3.7316763155104127e-06
scale: 314.0, score: 3.6734065815835493e-06
scale: 315.0, score: 3.620094958023401e-06
scale: 316.0, score: 3.571651177480817e-06
scale: 317.0, score: 3.527986109475023e-06
scale: 318.0, score: 3.4890133520093514e-06
scale: 319.0, score: 3.454646503087133e-06
scale: 320.0, score: 3.424803708185209e-06
scale: 321.0, score: 3.399399474801612e-06
scale: 322.0, score: 3.3783558137656655e-06
scale: 323.0, score: 3.361591097927885e-06
scale: 324.0, score: 3.349028929733322e-06
scale: 325.0, score: 3.3405920021323254e-06
scale: 326.0, score: 3.33620573655935e-06
scale: 327.0, score: 3.3357955544488505e-06
scale: 328.0, score: 3.3392896057193866e-06
scale: 329.0, score: 3.3466171771578956e-06
scale: 330.0, score: 3.3577080102986656e-06
scale: 331.0, score: 3.3724932109180372e-06
scale: 332.0, score: 3.390906840650132e-06
scale: 333.0, score: 3.4128811421396676e-06
scale: 334.0, score: 3.438352223383845e-06
scale: 335.0, score: 3.4672568745008903e-06
scale: 336.0, score: 3.499530976114329e-06
scale: 337.0, score: 3.5351147289475193e-06
scale: 338.0, score: 3.5739467421080917e-06
scale: 339.0, score: 3.6159681258141063e-06
scale: 340.0, score: 3.6611202176572988e-06
scale: 341.0, score: 3.70934708371351e-06
scale: 342.0, score: 3.760590743695502e-06
scale: 343.0, score: 3.814797310042195e-06
scale: 344.0, score: 3.871912667818833e-06
scale: 345.0, score: 3.931882019969635e-06
scale: 346.0, score: 3.994656708528055e-06
scale: 347.0, score: 4.0601812543172855e-06
scale: 348.0, score: 4.12840608987608e-06
scale: 349.0, score: 4.1992816477431916e-06
scale: 350.0, score: 4.272762907930883e-06
scale: 351.0, score: 4.34879711974645e-06
scale: 352.0, score: 4.427337898960104e-06
scale: 353.0, score: 4.508342954068212e-06
scale: 354.0, score: 4.591761353367474e-06
scale: 355.0, score: 4.677553533838363e-06
scale: 356.0, score: 4.765670837514335e-06
scale: 357.0, score: 4.856072791881161e-06
scale: 358.0, score: 4.948719833919313e-06
scale: 359.0, score: 5.04356512465165e-06
scale: 360.0, score: 5.140568646311294e-06
scale: 361.0, score: 5.2396953833522275e-06
scale: 362.0, score: 5.340898496797308e-06
scale: 363.0, score: 5.4441429711005185e-06
scale: 364.0, score: 5.549391516979085e-06
scale: 365.0, score: 5.656604571413482e-06
scale: 366.0, score: 5.7657498473417945e-06
scale: 367.0, score: 5.876783234270988e-06
scale: 368.0, score: 5.989672445139149e-06
scale: 369.0, score: 6.104384738137014e-06
scale: 370.0, score: 6.22088282398181e-06
scale: 371.0, score: 6.339137598843081e-06
scale: 372.0, score: 6.459109044953948e-06
scale: 373.0, score: 6.580765329999849e-06
scale: 374.0, score: 6.704081442876486e-06
scale: 375.0, score: 6.829021003795788e-06
scale: 376.0, score: 6.955550816201139e-06
scale: 377.0, score: 7.083642231009435e-06
scale: 378.0, score: 7.213265689642867e-06
scale: 379.0, score: 7.344387086050119e-06
scale: 380.0, score: 7.476983228116296e-06
scale: 381.0, score: 7.611029104737099e-06
scale: 382.0, score: 7.746485607640352e-06
scale: 383.0, score: 7.88333454693202e-06
self.delta: 327.0
17 tensor([-99999,      0,     10,     15,     20,     25,     30,     35,     40,
            45,     50,     55,     60,     65,     70,     75,     80],
       device='cuda:0', dtype=torch.int32)
17 tensor([  0.,   1.,   2.,   3.,   4.,   6.,   8.,  12.,  16.,  24.,  32.,  48.,
         64.,  96., 128., 192., 256.], device='cuda:0')
17 tensor([0.0000, 0.0031, 0.0061, 0.0092, 0.0122, 0.0183, 0.0245, 0.0367, 0.0489,
        0.0734, 0.0979, 0.1468, 0.1957, 0.2936, 0.3914, 0.5872, 0.7829],
       device='cuda:0')
scale: 256.0, score: 2.5451632609474473e-05
scale: 257.0, score: 2.4686853066668846e-05
scale: 258.0, score: 2.394174225628376e-05
scale: 259.0, score: 2.3215905457618646e-05
scale: 260.0, score: 2.2508978872792795e-05
scale: 261.0, score: 2.1820575057063252e-05
scale: 262.0, score: 2.115034658345394e-05
scale: 263.0, score: 2.0497933292062953e-05
scale: 264.0, score: 1.9862991393893026e-05
scale: 265.0, score: 1.924517346196808e-05
scale: 266.0, score: 1.864415389718488e-05
scale: 267.0, score: 1.8059616195387207e-05
scale: 268.0, score: 1.7491225662524812e-05
scale: 269.0, score: 1.6938683984335512e-05
scale: 270.0, score: 1.6401676475652494e-05
scale: 271.0, score: 1.5879924831097014e-05
scale: 272.0, score: 1.537311436550226e-05
scale: 273.0, score: 1.488096677348949e-05
scale: 274.0, score: 1.440319829271175e-05
scale: 275.0, score: 1.3939546988694929e-05
scale: 276.0, score: 1.3489736375049688e-05
scale: 277.0, score: 1.305350087932311e-05
scale: 278.0, score: 1.26305867524934e-05
scale: 279.0, score: 1.222073842654936e-05
scale: 280.0, score: 1.182371488539502e-05
scale: 281.0, score: 1.1439266017987393e-05
scale: 282.0, score: 1.106715717469342e-05
scale: 283.0, score: 1.0707163710321765e-05
scale: 284.0, score: 1.0359046427765861e-05
scale: 285.0, score: 1.0022595233749598e-05
scale: 286.0, score: 9.69757547863992e-06
scale: 287.0, score: 9.383783435623627e-06
scale: 288.0, score: 9.081009011424612e-06
scale: 289.0, score: 8.789042112766765e-06
scale: 290.0, score: 8.507683560310397e-06
scale: 291.0, score: 8.23673872218933e-06
scale: 292.0, score: 7.976003871590365e-06
scale: 293.0, score: 7.725297109573148e-06
scale: 294.0, score: 7.484435172955273e-06
scale: 295.0, score: 7.2532293415861204e-06
scale: 296.0, score: 7.0315068114723545e-06
scale: 297.0, score: 6.81908022670541e-06
scale: 298.0, score: 6.615791789954528e-06
scale: 299.0, score: 6.4214605117740575e-06
scale: 300.0, score: 6.235930868569994e-06
scale: 301.0, score: 6.059036422811914e-06
scale: 302.0, score: 5.890618012927007e-06
scale: 303.0, score: 5.730521024815971e-06
scale: 304.0, score: 5.5785853874112945e-06
scale: 305.0, score: 5.434671948023606e-06
scale: 306.0, score: 5.29862882103771e-06
scale: 307.0, score: 5.170307758817216e-06
scale: 308.0, score: 5.049573246651562e-06
scale: 309.0, score: 4.9362843128619716e-06
scale: 310.0, score: 4.830302259506425e-06
scale: 311.0, score: 4.731495664600516e-06
scale: 312.0, score: 4.639733560907189e-06
scale: 313.0, score: 4.554884526442038e-06
scale: 314.0, score: 4.4768262341676746e-06
scale: 315.0, score: 4.4054318095732015e-06
scale: 316.0, score: 4.340580289863283e-06
scale: 317.0, score: 4.282151621737285e-06
scale: 318.0, score: 4.230028935126029e-06
scale: 319.0, score: 4.184098088444443e-06
scale: 320.0, score: 4.14424721384421e-06
scale: 321.0, score: 4.110362624487607e-06
scale: 322.0, score: 4.082337909494527e-06
scale: 323.0, score: 4.0600652937428094e-06
scale: 324.0, score: 4.043440185341751e-06
scale: 325.0, score: 4.0323602661374025e-06
scale: 326.0, score: 4.026723672723165e-06
scale: 327.0, score: 4.0264321796712466e-06
scale: 328.0, score: 4.031387561553856e-06
scale: 329.0, score: 4.041494776174659e-06
scale: 330.0, score: 4.056660145579372e-06
scale: 331.0, score: 4.076791810803115e-06
scale: 332.0, score: 4.101798822375713e-06
scale: 333.0, score: 4.1315920498163905e-06
scale: 334.0, score: 4.16608509112848e-06
scale: 335.0, score: 4.205192453810014e-06
scale: 336.0, score: 4.248829100106377e-06
scale: 337.0, score: 4.296913630241761e-06
scale: 338.0, score: 4.349363280198304e-06
scale: 339.0, score: 4.406099833431654e-06
scale: 340.0, score: 4.467043709155405e-06
scale: 341.0, score: 4.5321198740566615e-06
scale: 342.0, score: 4.6012514758331235e-06
scale: 343.0, score: 4.674363481171895e-06
scale: 344.0, score: 4.75138631372829e-06
scale: 345.0, score: 4.832244485442061e-06
scale: 346.0, score: 4.916872512694681e-06
scale: 347.0, score: 5.005196726415306e-06
scale: 348.0, score: 5.097149369248655e-06
scale: 349.0, score: 5.192664502828848e-06
scale: 350.0, score: 5.291681645758217e-06
scale: 351.0, score: 5.394130312197376e-06
scale: 352.0, score: 5.499946382769849e-06
scale: 353.0, score: 5.60907528779353e-06
scale: 354.0, score: 5.721448360418435e-06
scale: 355.0, score: 5.837009666720405e-06
scale: 356.0, score: 5.955696451565018e-06
scale: 357.0, score: 6.077453690522816e-06
scale: 358.0, score: 6.202229087648448e-06
scale: 359.0, score: 6.329956704576034e-06
scale: 360.0, score: 6.460585609602276e-06
scale: 361.0, score: 6.59406759950798e-06
scale: 362.0, score: 6.730339919158723e-06
scale: 363.0, score: 6.869357093819417e-06
scale: 364.0, score: 7.011065463302657e-06
scale: 365.0, score: 7.1554150053998455e-06
scale: 366.0, score: 7.302360700123245e-06
scale: 367.0, score: 7.451842975569889e-06
scale: 368.0, score: 7.603820904478198e-06
scale: 369.0, score: 7.758248102618381e-06
scale: 370.0, score: 7.915074093034491e-06
scale: 371.0, score: 8.074262041191105e-06
scale: 372.0, score: 8.235756467911415e-06
scale: 373.0, score: 8.399513717449736e-06
scale: 374.0, score: 8.56550377648091e-06
scale: 375.0, score: 8.733672984817531e-06
scale: 376.0, score: 8.903979505703319e-06
scale: 377.0, score: 9.076386959350202e-06
scale: 378.0, score: 9.250850780517794e-06
scale: 379.0, score: 9.427328222955111e-06
scale: 380.0, score: 9.60578654485289e-06
scale: 381.0, score: 9.786193913896568e-06
scale: 382.0, score: 9.968496669898741e-06
scale: 383.0, score: 1.0152671165997162e-05
self.delta: 327.0
17 tensor([-99999,      0,     10,     15,     20,     25,     30,     35,     40,
            45,     50,     55,     60,     65,     70,     75,     80],
       device='cuda:0', dtype=torch.int32)
17 tensor([  0.,   1.,   2.,   3.,   4.,   6.,   8.,  12.,  16.,  24.,  32.,  48.,
         64.,  96., 128., 192., 256.], device='cuda:0')
17 tensor([0.0000, 0.0031, 0.0061, 0.0092, 0.0122, 0.0183, 0.0245, 0.0367, 0.0489,
        0.0734, 0.0979, 0.1468, 0.1957, 0.2936, 0.3914, 0.5872, 0.7829],
       device='cuda:0')
scale: 256.0, score: 3.52185670635663e-05
scale: 257.0, score: 3.4148262784583494e-05
scale: 258.0, score: 3.31054579874035e-05
scale: 259.0, score: 3.2089617889141664e-05
scale: 260.0, score: 3.110021134489216e-05
scale: 261.0, score: 3.0136705390759744e-05
scale: 262.0, score: 2.919862345152069e-05
scale: 263.0, score: 2.828545075317379e-05
scale: 264.0, score: 2.7396707082516514e-05
scale: 265.0, score: 2.653191222634632e-05
scale: 266.0, score: 2.5690609618322924e-05
scale: 267.0, score: 2.4872346330084838e-05
scale: 268.0, score: 2.4076671252259985e-05
scale: 269.0, score: 2.330316237930674e-05
scale: 270.0, score: 2.2551372239831835e-05
scale: 271.0, score: 2.1820911570102908e-05
scale: 272.0, score: 2.111134926963132e-05
scale: 273.0, score: 2.0422294255695306e-05
scale: 274.0, score: 1.975334635062609e-05
scale: 275.0, score: 1.910413811856415e-05
scale: 276.0, score: 1.8474289390724152e-05
scale: 277.0, score: 1.7863418179331347e-05
scale: 278.0, score: 1.7271180695388466e-05
scale: 279.0, score: 1.6697214960004203e-05
scale: 280.0, score: 1.61411826411495e-05
scale: 281.0, score: 1.560273813083768e-05
scale: 282.0, score: 1.5081548554007895e-05
scale: 283.0, score: 1.4577302863472141e-05
scale: 284.0, score: 1.4089667274674866e-05
scale: 285.0, score: 1.3618343473353889e-05
scale: 286.0, score: 1.3163004950911272e-05
scale: 287.0, score: 1.2723374311462976e-05
scale: 288.0, score: 1.2299147783778608e-05
scale: 289.0, score: 1.189003887702711e-05
scale: 290.0, score: 1.149576019088272e-05
scale: 291.0, score: 1.111604979087133e-05
scale: 292.0, score: 1.075061663868837e-05
scale: 293.0, score: 1.0399208804301452e-05
scale: 294.0, score: 1.0061569810204674e-05
scale: 295.0, score: 9.737433174450416e-06
scale: 296.0, score: 9.426560609426815e-06
scale: 297.0, score: 9.128691090154462e-06
scale: 298.0, score: 8.843599061947316e-06
scale: 299.0, score: 8.57103441376239e-06
scale: 300.0, score: 8.310779776365962e-06
scale: 301.0, score: 8.062600500124972e-06
scale: 302.0, score: 7.826278306310996e-06
scale: 303.0, score: 7.601593097206205e-06
scale: 304.0, score: 7.388322501356015e-06
scale: 305.0, score: 7.186271432146896e-06
scale: 306.0, score: 6.995227977313334e-06
scale: 307.0, score: 6.814985226810677e-06
scale: 308.0, score: 6.645352186751552e-06
scale: 309.0, score: 6.486133770522429e-06
scale: 310.0, score: 6.337134436762426e-06
scale: 311.0, score: 6.198170467541786e-06
scale: 312.0, score: 6.0690604186675046e-06
scale: 313.0, score: 5.94961875322042e-06
scale: 314.0, score: 5.8396744861966e-06
scale: 315.0, score: 5.739051175623899e-06
scale: 316.0, score: 5.647579200740438e-06
scale: 317.0, score: 5.565090759773739e-06
scale: 318.0, score: 5.491423053172184e-06
scale: 319.0, score: 5.42641464562621e-06
scale: 320.0, score: 5.369910468289163e-06
scale: 321.0, score: 5.321751359588234e-06
scale: 322.0, score: 5.281789526634384e-06
scale: 323.0, score: 5.2498726290650666e-06
scale: 324.0, score: 5.225855147727998e-06
scale: 325.0, score: 5.209593837207649e-06
scale: 326.0, score: 5.200946816330543e-06
scale: 327.0, score: 5.199775387154659e-06
scale: 328.0, score: 5.205944034969434e-06
scale: 329.0, score: 5.219318609306356e-06
scale: 330.0, score: 5.239769052423071e-06
scale: 331.0, score: 5.267164851829875e-06
scale: 332.0, score: 5.3013814067526255e-06
scale: 333.0, score: 5.3422918426804245e-06
scale: 334.0, score: 5.389777470554691e-06
scale: 335.0, score: 5.443716872832738e-06
scale: 336.0, score: 5.503992724698037e-06
scale: 337.0, score: 5.570489975070814e-06
scale: 338.0, score: 5.643093572871294e-06
scale: 339.0, score: 5.721694378735265e-06
scale: 340.0, score: 5.806180070067057e-06
scale: 341.0, score: 5.89644696447067e-06
scale: 342.0, score: 5.99238637732924e-06
scale: 343.0, score: 6.093895080994116e-06
scale: 344.0, score: 6.200872576300753e-06
scale: 345.0, score: 6.3132169998425525e-06
scale: 346.0, score: 6.430833764170529e-06
scale: 347.0, score: 6.553622824867489e-06
scale: 348.0, score: 6.681486866000341e-06
scale: 349.0, score: 6.814335847593611e-06
scale: 350.0, score: 6.952082458155928e-06
scale: 351.0, score: 7.0946307459962554e-06
scale: 352.0, score: 7.2418902163917664e-06
scale: 353.0, score: 7.39378310754546e-06
scale: 354.0, score: 7.550214832008351e-06
scale: 355.0, score: 7.71110899222549e-06
scale: 356.0, score: 7.876374183979351e-06
scale: 357.0, score: 8.045935828704387e-06
scale: 358.0, score: 8.219718438340351e-06
scale: 359.0, score: 8.39763288240647e-06
scale: 360.0, score: 8.5796064013266e-06
scale: 361.0, score: 8.765572601987515e-06
scale: 362.0, score: 8.955440534919035e-06
scale: 363.0, score: 9.149149263976142e-06
scale: 364.0, score: 9.34662421059329e-06
scale: 365.0, score: 9.547793524689041e-06
scale: 366.0, score: 9.752597179613076e-06
scale: 367.0, score: 9.96094968286343e-06
scale: 368.0, score: 1.0172792826779187e-05
scale: 369.0, score: 1.0388062946731225e-05
scale: 370.0, score: 1.060669183061691e-05
scale: 371.0, score: 1.0828622180270031e-05
scale: 372.0, score: 1.1053780326619744e-05
scale: 373.0, score: 1.1282108971499838e-05
scale: 374.0, score: 1.1513559002196416e-05
scale: 375.0, score: 1.174805856862804e-05
scale: 376.0, score: 1.198554764414439e-05
scale: 377.0, score: 1.2225977116031572e-05
scale: 378.0, score: 1.2469286048144568e-05
scale: 379.0, score: 1.271540986635955e-05
scale: 380.0, score: 1.2964309462404344e-05
scale: 381.0, score: 1.321593390457565e-05
scale: 382.0, score: 1.3470211342792027e-05
scale: 383.0, score: 1.3727107216254808e-05
self.delta: 327.0
17 tensor([-99999,      0,     10,     15,     20,     25,     30,     35,     40,
            45,     50,     55,     60,     65,     70,     75,     80],
       device='cuda:0', dtype=torch.int32)
17 tensor([  0.,   1.,   2.,   3.,   4.,   6.,   8.,  12.,  16.,  24.,  32.,  48.,
         64.,  96., 128., 192., 256.], device='cuda:0')
17 tensor([0.0000, 0.0031, 0.0061, 0.0092, 0.0122, 0.0183, 0.0245, 0.0367, 0.0489,
        0.0734, 0.0979, 0.1468, 0.1957, 0.2936, 0.3914, 0.5872, 0.7829],
       device='cuda:0')
Performing scale reparameterization ...
Validating ...
Test: [0/250]	Time 3.315 (3.315)	Loss 0.7889 (0.7889)	Prec@1 80.500 (80.500)	Prec@5 95.000 (95.000)
Test: [100/250]	Time 0.840 (0.864)	Loss 1.3933 (1.1430)	Prec@1 60.500 (70.470)	Prec@5 90.000 (91.059)
Test: [200/250]	Time 0.840 (0.852)	Loss 0.8526 (1.3983)	Prec@1 81.500 (66.251)	Prec@5 95.500 (87.701)
 * Prec@1 65.874 Prec@5 87.406 Time 212.499
